2023-07-30 10:29:54,005 - mmdet - INFO - Environment info:
------------------------------------------------------------
sys.platform: linux
Python: 3.8.10 (default, May 26 2023, 14:05:08) [GCC 9.4.0]
CUDA available: True
GPU 0,1,2: NVIDIA RTX A6000
CUDA_HOME: /usr/local/cuda
NVCC: Cuda compilation tools, release 11.7, V11.7.99
GCC: x86_64-linux-gnu-gcc (Ubuntu 9.4.0-1ubuntu1~20.04.1) 9.4.0
PyTorch: 1.13.1+cu117
PyTorch compiling details: PyTorch built with:
  - GCC 9.3
  - C++ Version: 201402
  - Intel(R) Math Kernel Library Version 2020.0.0 Product Build 20191122 for Intel(R) 64 architecture applications
  - Intel(R) MKL-DNN v2.6.0 (Git Hash 52b5f107dd9cf10910aaa19cb47f3abf9b349815)
  - OpenMP 201511 (a.k.a. OpenMP 4.5)
  - LAPACK is enabled (usually provided by MKL)
  - NNPACK is enabled
  - CPU capability usage: AVX2
  - CUDA Runtime 11.7
  - NVCC architecture flags: -gencode;arch=compute_37,code=sm_37;-gencode;arch=compute_50,code=sm_50;-gencode;arch=compute_60,code=sm_60;-gencode;arch=compute_70,code=sm_70;-gencode;arch=compute_75,code=sm_75;-gencode;arch=compute_80,code=sm_80;-gencode;arch=compute_86,code=sm_86
  - CuDNN 8.5
  - Magma 2.6.1
  - Build settings: BLAS_INFO=mkl, BUILD_TYPE=Release, CUDA_VERSION=11.7, CUDNN_VERSION=8.5.0, CXX_COMPILER=/opt/rh/devtoolset-9/root/usr/bin/c++, CXX_FLAGS= -fabi-version=11 -Wno-deprecated -fvisibility-inlines-hidden -DUSE_PTHREADPOOL -fopenmp -DNDEBUG -DUSE_KINETO -DUSE_FBGEMM -DUSE_QNNPACK -DUSE_PYTORCH_QNNPACK -DUSE_XNNPACK -DSYMBOLICATE_MOBILE_DEBUG_HANDLE -DEDGE_PROFILER_USE_KINETO -O2 -fPIC -Wno-narrowing -Wall -Wextra -Werror=return-type -Werror=non-virtual-dtor -Wno-missing-field-initializers -Wno-type-limits -Wno-array-bounds -Wno-unknown-pragmas -Wunused-local-typedefs -Wno-unused-parameter -Wno-unused-function -Wno-unused-result -Wno-strict-overflow -Wno-strict-aliasing -Wno-error=deprecated-declarations -Wno-stringop-overflow -Wno-psabi -Wno-error=pedantic -Wno-error=redundant-decls -Wno-error=old-style-cast -fdiagnostics-color=always -faligned-new -Wno-unused-but-set-variable -Wno-maybe-uninitialized -fno-math-errno -fno-trapping-math -Werror=format -Werror=cast-function-type -Wno-stringop-overflow, LAPACK_INFO=mkl, PERF_WITH_AVX=1, PERF_WITH_AVX2=1, PERF_WITH_AVX512=1, TORCH_VERSION=1.13.1, USE_CUDA=ON, USE_CUDNN=ON, USE_EXCEPTION_PTR=1, USE_GFLAGS=OFF, USE_GLOG=OFF, USE_MKL=ON, USE_MKLDNN=ON, USE_MPI=OFF, USE_NCCL=ON, USE_NNPACK=ON, USE_OPENMP=ON, USE_ROCM=OFF, 

TorchVision: 0.14.1+cu117
OpenCV: 4.7.0
MMCV: 1.7.1
MMCV Compiler: GCC 9.4
MMCV CUDA Compiler: 11.7
MMDetection: 2.25.3+1317ff9
------------------------------------------------------------

2023-07-30 10:29:55,591 - mmdet - INFO - Distributed training: True
2023-07-30 10:29:57,165 - mmdet - INFO - Config:
NUM_CLASSES = 1
drop_path_rate = 0.0
model = dict(
    type='HybridTaskCascade',
    backbone=dict(
        type='BEiTAdapter',
        img_size=224,
        patch_size=16,
        embed_dim=1024,
        depth=24,
        num_heads=16,
        mlp_ratio=4,
        qkv_bias=True,
        use_abs_pos_emb=False,
        use_rel_pos_bias=True,
        init_values=1e-06,
        drop_path_rate=0.0,
        conv_inplane=64,
        n_points=4,
        deform_num_heads=16,
        cffn_ratio=0.25,
        deform_ratio=0.5,
        with_cp=True,
        window_attn=[
            True, True, True, True, True, True, True, True, True, True, True,
            True, True, True, True, True, True, True, True, True, True, True,
            True, True
        ],
        window_size=[
            14, 14, 14, 14, 14, 56, 14, 14, 14, 14, 14, 56, 14, 14, 14, 14, 14,
            56, 14, 14, 14, 14, 14, 56
        ],
        interaction_indexes=[[0, 5], [6, 11], [12, 17], [18, 23]],
        pretrained=None),
    neck=[
        dict(
            type='ExtraAttention',
            in_channels=[1024, 1024, 1024, 1024],
            num_head=32,
            with_ffn=True,
            with_cp=True,
            ffn_ratio=4.0,
            drop_path=0.0),
        dict(
            type='FPN',
            in_channels=[1024, 1024, 1024, 1024],
            norm_cfg=dict(type='GN', num_groups=32),
            out_channels=256,
            num_outs=5)
    ],
    rpn_head=dict(
        type='RPNHead',
        in_channels=256,
        feat_channels=256,
        anchor_generator=dict(
            type='AnchorGenerator',
            scales=[8],
            ratios=[0.5, 1.0, 2.0],
            strides=[4, 8, 16, 32, 64]),
        bbox_coder=dict(
            type='DeltaXYWHBBoxCoder',
            target_means=[0.0, 0.0, 0.0, 0.0],
            target_stds=[1.0, 1.0, 1.0, 1.0]),
        loss_cls=dict(
            type='CrossEntropyLoss', use_sigmoid=True, loss_weight=1.0),
        loss_bbox=dict(
            type='SmoothL1Loss', beta=0.1111111111111111, loss_weight=1.0)),
    roi_head=dict(
        type='HybridTaskCascadeRoIHead',
        interleaved=True,
        mask_info_flow=True,
        num_stages=3,
        stage_loss_weights=[1, 0.5, 0.25],
        bbox_roi_extractor=dict(
            type='SingleRoIExtractor',
            roi_layer=dict(type='RoIAlign', output_size=7, sampling_ratio=0),
            out_channels=256,
            featmap_strides=[4, 8, 16, 32]),
        bbox_head=[
            dict(
                type='Shared4Conv1FCBBoxHead',
                in_channels=256,
                fc_out_channels=1024,
                roi_feat_size=7,
                num_classes=1,
                bbox_coder=dict(
                    type='DeltaXYWHBBoxCoder',
                    target_means=[0.0, 0.0, 0.0, 0.0],
                    target_stds=[0.1, 0.1, 0.2, 0.2]),
                reg_class_agnostic=True,
                reg_decoded_bbox=True,
                norm_cfg=dict(type='SyncBN', requires_grad=True),
                loss_cls=dict(
                    type='CrossEntropyLoss',
                    use_sigmoid=False,
                    loss_weight=1.0),
                loss_bbox=dict(type='GIoULoss', loss_weight=10.0)),
            dict(
                type='Shared4Conv1FCBBoxHead',
                in_channels=256,
                fc_out_channels=1024,
                roi_feat_size=7,
                num_classes=1,
                bbox_coder=dict(
                    type='DeltaXYWHBBoxCoder',
                    target_means=[0.0, 0.0, 0.0, 0.0],
                    target_stds=[0.05, 0.05, 0.1, 0.1]),
                reg_class_agnostic=True,
                reg_decoded_bbox=True,
                norm_cfg=dict(type='SyncBN', requires_grad=True),
                loss_cls=dict(
                    type='CrossEntropyLoss',
                    use_sigmoid=False,
                    loss_weight=1.0),
                loss_bbox=dict(type='GIoULoss', loss_weight=10.0)),
            dict(
                type='Shared4Conv1FCBBoxHead',
                in_channels=256,
                fc_out_channels=1024,
                roi_feat_size=7,
                num_classes=1,
                bbox_coder=dict(
                    type='DeltaXYWHBBoxCoder',
                    target_means=[0.0, 0.0, 0.0, 0.0],
                    target_stds=[0.033, 0.033, 0.067, 0.067]),
                reg_class_agnostic=True,
                reg_decoded_bbox=True,
                norm_cfg=dict(type='SyncBN', requires_grad=True),
                loss_cls=dict(
                    type='CrossEntropyLoss',
                    use_sigmoid=False,
                    loss_weight=1.0),
                loss_bbox=dict(type='GIoULoss', loss_weight=10.0))
        ],
        mask_roi_extractor=dict(
            type='SingleRoIExtractor',
            roi_layer=dict(type='RoIAlign', output_size=14, sampling_ratio=0),
            out_channels=256,
            featmap_strides=[4, 8, 16, 32]),
        mask_head=[
            dict(
                type='HTCMaskHead',
                with_conv_res=False,
                num_convs=4,
                in_channels=256,
                conv_out_channels=256,
                num_classes=1,
                loss_mask=dict(
                    type='CrossEntropyLoss', use_mask=True, loss_weight=2.0)),
            dict(
                type='HTCMaskHead',
                num_convs=4,
                in_channels=256,
                conv_out_channels=256,
                num_classes=1,
                loss_mask=dict(
                    type='CrossEntropyLoss', use_mask=True, loss_weight=2.0)),
            dict(
                type='HTCMaskHead',
                num_convs=4,
                in_channels=256,
                conv_out_channels=256,
                num_classes=1,
                loss_mask=dict(
                    type='CrossEntropyLoss', use_mask=True, loss_weight=2.0))
        ]),
    train_cfg=dict(
        rpn=dict(
            assigner=dict(
                type='MaxIoUAssigner',
                pos_iou_thr=0.7,
                neg_iou_thr=0.3,
                min_pos_iou=0.3,
                ignore_iof_thr=-1),
            sampler=dict(
                type='RandomSampler',
                num=256,
                pos_fraction=0.5,
                neg_pos_ub=-1,
                add_gt_as_proposals=False),
            allowed_border=0,
            pos_weight=-1,
            debug=False),
        rpn_proposal=dict(
            nms_pre=2000,
            max_per_img=2000,
            nms=dict(type='nms', iou_threshold=0.7),
            min_bbox_size=0),
        rcnn=[
            dict(
                assigner=dict(
                    type='MaxIoUAssigner',
                    pos_iou_thr=0.5,
                    neg_iou_thr=0.5,
                    min_pos_iou=0.5,
                    ignore_iof_thr=-1),
                sampler=dict(
                    type='RandomSampler',
                    num=512,
                    pos_fraction=0.25,
                    neg_pos_ub=-1,
                    add_gt_as_proposals=True),
                mask_size=28,
                pos_weight=-1,
                debug=False),
            dict(
                assigner=dict(
                    type='MaxIoUAssigner',
                    pos_iou_thr=0.6,
                    neg_iou_thr=0.6,
                    min_pos_iou=0.6,
                    ignore_iof_thr=-1),
                sampler=dict(
                    type='RandomSampler',
                    num=512,
                    pos_fraction=0.25,
                    neg_pos_ub=-1,
                    add_gt_as_proposals=True),
                mask_size=28,
                pos_weight=-1,
                debug=False),
            dict(
                assigner=dict(
                    type='MaxIoUAssigner',
                    pos_iou_thr=0.7,
                    neg_iou_thr=0.7,
                    min_pos_iou=0.7,
                    ignore_iof_thr=-1),
                sampler=dict(
                    type='RandomSampler',
                    num=512,
                    pos_fraction=0.25,
                    neg_pos_ub=-1,
                    add_gt_as_proposals=True),
                mask_size=28,
                pos_weight=-1,
                debug=False)
        ]),
    test_cfg=dict(
        rpn=dict(
            nms_pre=1000,
            max_per_img=1000,
            nms=dict(type='nms', iou_threshold=0.7),
            min_bbox_size=0),
        rcnn=dict(
            score_thr=0.001,
            nms=dict(type='soft_nms', iou_threshold=0.5),
            max_per_img=100,
            mask_thr_binary=0.5)))
data_root = ''
metainfo = dict(classes=('blood_vessel', ), palette=[(220, 20, 60)])
img_norm_cfg = dict(
    mean=[123.675, 116.28, 103.53], std=[58.395, 57.12, 57.375], to_rgb=True)
albu_train_transforms = [
    dict(
        type='ShiftScaleRotate',
        shift_limit=0.0625,
        scale_limit=0.15,
        rotate_limit=15,
        p=0.4),
    dict(type='RandomRotate90', p=0.4)
]
img_size = 1400
data = dict(
    samples_per_gpu=2,
    workers_per_gpu=4,
    pin_memory=True,
    drop_last=False,
    train=dict(
        type='CocoDataset',
        classes=('blood_vessels', ),
        ann_file=
        '/home/nischay/hubmap/coco/ds1_coco_1024_train_full_fold1.json',
        img_prefix='/home/nischay/hubmap/Data/train/',
        pipeline=[
            dict(type='LoadImageFromFile'),
            dict(type='LoadAnnotations', with_bbox=True, with_mask=True),
            dict(type='Resize', img_scale=[(1400, 1400)], keep_ratio=True),
            dict(
                type='RandomFlip',
                direction=['horizontal', 'vertical'],
                flip_ratio=0.5),
            dict(
                type='AutoAugment',
                policies=[[{
                    'type': 'Shear',
                    'prob': 0.4,
                    'level': 0
                }], [{
                    'type': 'Translate',
                    'prob': 0.4,
                    'level': 5
                }],
                          [{
                              'type': 'ColorTransform',
                              'prob': 0.6,
                              'level': 10
                          }, {
                              'type': 'BrightnessTransform',
                              'prob': 0.6,
                              'level': 3
                          }],
                          [{
                              'type': 'ColorTransform',
                              'prob': 0.6,
                              'level': 10
                          }, {
                              'type': 'ContrastTransform',
                              'prob': 0.6,
                              'level': 5
                          }],
                          [{
                              'type': 'PhotoMetricDistortion',
                              'brightness_delta': 32,
                              'contrast_range': (0.5, 1.5),
                              'hue_delta': 15
                          }],
                          [{
                              'type': 'MinIoURandomCrop',
                              'min_ious': (0.4, 0.5, 0.6, 0.7, 0.8, 0.9),
                              'min_crop_size': 0.2
                          }],
                          [{
                              'type':
                              'CutOut',
                              'n_holes': (3, 8),
                              'cutout_shape': [(4, 4), (4, 8), (8, 4), (8, 8),
                                               (16, 32), (32, 16), (32, 32),
                                               (32, 48), (48, 32), (48, 48)]
                          }],
                          [{
                              'type': 'EqualizeTransform',
                              'prob': 0.6
                          }, {
                              'type': 'BrightnessTransform',
                              'prob': 0.6,
                              'level': 3
                          }],
                          [{
                              'type': 'PhotoMetricDistortion',
                              'brightness_delta': 32,
                              'contrast_range': (0.5, 1.5),
                              'hue_delta': 18
                          }],
                          [{
                              'type': 'MinIoURandomCrop',
                              'min_ious': (0.4, 0.5, 0.6, 0.7, 0.8, 0.9),
                              'min_crop_size': 0.3
                          }],
                          [{
                              'type':
                              'CutOut',
                              'n_holes': (5, 10),
                              'cutout_shape': [(4, 4), (4, 8), (8, 4), (8, 8),
                                               (16, 32), (32, 16), (32, 32),
                                               (32, 48), (48, 32), (48, 48)]
                          }],
                          [{
                              'type': 'BrightnessTransform',
                              'prob': 0.6,
                              'level': 4
                          }, {
                              'type': 'ContrastTransform',
                              'prob': 0.6,
                              'level': 6
                          }, {
                              'type': 'Rotate',
                              'prob': 0.6,
                              'level': 10
                          }],
                          [{
                              'type': 'ColorTransform',
                              'prob': 1.0,
                              'level': 6
                          }, {
                              'type': 'EqualizeTransform'
                          }]]),
            dict(
                type='Albu',
                transforms=[
                    dict(
                        type='ShiftScaleRotate',
                        shift_limit=0.0625,
                        scale_limit=0.15,
                        rotate_limit=15,
                        p=0.5),
                    dict(type='RandomRotate90', p=0.5),
                    dict(
                        type='OneOf',
                        transforms=[
                            dict(
                                type='ElasticTransform',
                                alpha=120,
                                sigma=6.0,
                                alpha_affine=3.5999999999999996,
                                p=1),
                            dict(type='GridDistortion', p=1),
                            dict(
                                type='OpticalDistortion',
                                distort_limit=2,
                                shift_limit=0.5,
                                p=1)
                        ],
                        p=0.3)
                ],
                bbox_params=dict(
                    type='BboxParams',
                    format='pascal_voc',
                    label_fields=['gt_labels'],
                    min_visibility=0.0,
                    filter_lost_elements=True),
                keymap=dict(img='image', gt_bboxes='bboxes', gt_masks='masks'),
                update_pad_shape=False,
                skip_img_without_anno=True),
            dict(
                type='Normalize',
                mean=[123.675, 116.28, 103.53],
                std=[58.395, 57.12, 57.375],
                to_rgb=True),
            dict(type='Pad', size_divisor=32),
            dict(type='DefaultFormatBundle'),
            dict(
                type='Collect',
                keys=['img', 'gt_bboxes', 'gt_labels', 'gt_masks'])
        ]),
    val=dict(
        type='CocoDataset',
        classes=('blood_vessels', ),
        ann_file='/home/nischay/hubmap/coco/ds1_coco_1024_valid_all_fold1.json',
        img_prefix='/home/nischay/hubmap/Data/train/',
        pipeline=[
            dict(type='LoadImageFromFile'),
            dict(
                type='MultiScaleFlipAug',
                img_scale=[(1400, 1400)],
                flip=True,
                flip_direction=['horizontal', 'vertical'],
                transforms=[
                    dict(type='Resize', keep_ratio=True),
                    dict(type='RandomFlip'),
                    dict(
                        type='Normalize',
                        mean=[123.675, 116.28, 103.53],
                        std=[58.395, 57.12, 57.375],
                        to_rgb=True),
                    dict(type='Pad', size_divisor=32),
                    dict(type='ImageToTensor', keys=['img']),
                    dict(type='Collect', keys=['img'])
                ])
        ]),
    test=dict(
        type='CocoDataset',
        classes=('blood_vessels', ),
        ann_file=
        '/home/nischay/hubmap/coco/ds12_coco_1024_valid_all_fold1.json',
        img_prefix='/home/nischay/hubmap/Data/train/',
        pipeline=[
            dict(type='LoadImageFromFile'),
            dict(
                type='MultiScaleFlipAug',
                img_scale=[(1400, 1400)],
                flip=True,
                flip_direction=['horizontal', 'vertical'],
                transforms=[
                    dict(type='Resize', keep_ratio=True),
                    dict(type='RandomFlip'),
                    dict(
                        type='Normalize',
                        mean=[123.675, 116.28, 103.53],
                        std=[58.395, 57.12, 57.375],
                        to_rgb=True),
                    dict(type='Pad', size_divisor=32),
                    dict(type='ImageToTensor', keys=['img']),
                    dict(type='Collect', keys=['img'])
                ])
        ]))
optimizer = dict(type='AdamW', lr=0.0001, weight_decay=0.05)
optimizer_config = dict(grad_clip=dict(max_norm=35, norm_type=2))
lr_config = dict(
    policy='CosineAnnealing',
    by_epoch=False,
    warmup='linear',
    warmup_iters=100,
    warmup_ratio=0.001,
    min_lr=1e-06)
evaluation = dict(interval=1, metric=['segm'], save_best='segm_mAP')
runner = dict(type='EpochBasedRunner', max_epochs=18)
checkpoint_config = dict(interval=-1, filename_tmpl='detectors_epoch_{}.pth')
log_config = dict(interval=20, hooks=[dict(type='TextLoggerHook')])
fp16 = None
gpu_ids = range(0, 3)
seed = 69
dist_params = dict(backend='nccl')
log_level = 'INFO'
load_from = '/home/nischay/hubmap/vitadap/detection/pret_dir/exp3_adaplargebeitv2lhtc_1200_ds2wsiall/detectors_epoch_10.pth'
work_dir = './work_dirs/pretexp4_adapbeitv2lhtc_1400_ds2wsiall_ps60exp2_lossw2_adamp2_leak/f0'
workflow = [('train', 1)]
auto_resume = False
resume_from = None
launcher = 'none'
device = 'cuda'

2023-07-30 10:29:57,165 - mmdet - INFO - Set random seed to 69, deterministic: False
2023-07-30 10:30:04,052 - mmdet - INFO - Automatic scaling of learning rate (LR) has been disabled.
2023-07-30 10:30:04,146 - mmdet - INFO - load checkpoint from local path: /home/nischay/hubmap/vitadap/detection/pret_dir/exp3_adaplargebeitv2lhtc_1200_ds2wsiall/detectors_epoch_10.pth
2023-07-30 10:30:06,228 - mmdet - INFO - Start running, host: root@mr-0xm20, work_dir: /home/nischay/hubmap/vitadap/detection/work_dirs/pretexp4_adapbeitv2lhtc_1400_ds2wsiall_ps60exp2_lossw2_adamp2_leak/f0
2023-07-30 10:30:06,228 - mmdet - INFO - Hooks will be executed in the following order:
before_run:
(VERY_HIGH   ) CosineAnnealingLrUpdaterHook       
(NORMAL      ) CheckpointHook                     
(LOW         ) DistEvalHook                       
(VERY_LOW    ) TextLoggerHook                     
 -------------------- 
before_train_epoch:
(VERY_HIGH   ) CosineAnnealingLrUpdaterHook       
(NORMAL      ) DistSamplerSeedHook                
(LOW         ) IterTimerHook                      
(LOW         ) DistEvalHook                       
(VERY_LOW    ) TextLoggerHook                     
 -------------------- 
before_train_iter:
(VERY_HIGH   ) CosineAnnealingLrUpdaterHook       
(LOW         ) IterTimerHook                      
(LOW         ) DistEvalHook                       
 -------------------- 
after_train_iter:
(ABOVE_NORMAL) OptimizerHook                      
(NORMAL      ) CheckpointHook                     
(LOW         ) IterTimerHook                      
(LOW         ) DistEvalHook                       
(VERY_LOW    ) TextLoggerHook                     
 -------------------- 
after_train_epoch:
(NORMAL      ) CheckpointHook                     
(LOW         ) DistEvalHook                       
(VERY_LOW    ) TextLoggerHook                     
 -------------------- 
before_val_epoch:
(NORMAL      ) DistSamplerSeedHook                
(LOW         ) IterTimerHook                      
(VERY_LOW    ) TextLoggerHook                     
 -------------------- 
before_val_iter:
(LOW         ) IterTimerHook                      
 -------------------- 
after_val_iter:
(LOW         ) IterTimerHook                      
 -------------------- 
after_val_epoch:
(VERY_LOW    ) TextLoggerHook                     
 -------------------- 
after_run:
(VERY_LOW    ) TextLoggerHook                     
 -------------------- 
2023-07-30 10:30:06,228 - mmdet - INFO - workflow: [('train', 1)], max: 18 epochs
2023-07-30 10:30:06,228 - mmdet - INFO - Checkpoints will be saved to /home/nischay/hubmap/vitadap/detection/work_dirs/pretexp4_adapbeitv2lhtc_1400_ds2wsiall_ps60exp2_lossw2_adamp2_leak/f0 by HardDiskBackend.
2023-07-30 10:32:13,938 - mmdet - INFO - Epoch [1][20/70]	lr: 1.907e-05, eta: 2:11:57, time: 6.385, data_time: 0.802, memory: 33734, loss_rpn_cls: 0.0634, loss_rpn_bbox: 0.0310, s0.loss_cls: 0.2167, s0.acc: 91.9271, s0.loss_bbox: 0.3349, s0.loss_mask: 0.5859, s1.loss_cls: 0.1082, s1.acc: 91.4497, s1.loss_bbox: 0.1392, s1.loss_mask: 0.2737, s2.loss_cls: 0.0537, s2.acc: 90.9156, s2.loss_bbox: 0.0452, s2.loss_mask: 0.1358, loss: 1.9876, grad_norm: 3.3695
2023-07-30 10:34:07,774 - mmdet - INFO - Epoch [1][40/70]	lr: 3.897e-05, eta: 2:02:47, time: 5.692, data_time: 0.063, memory: 33734, loss_rpn_cls: 0.0543, loss_rpn_bbox: 0.0289, s0.loss_cls: 0.1985, s0.acc: 92.2217, s0.loss_bbox: 0.3427, s0.loss_mask: 0.5346, s1.loss_cls: 0.1015, s1.acc: 92.0693, s1.loss_bbox: 0.1571, s1.loss_mask: 0.2604, s2.loss_cls: 0.0508, s2.acc: 91.3940, s2.loss_bbox: 0.0547, s2.loss_mask: 0.1261, loss: 1.9096, grad_norm: 2.2986
2023-07-30 10:36:01,965 - mmdet - INFO - Epoch [1][60/70]	lr: 5.873e-05, eta: 1:58:34, time: 5.710, data_time: 0.057, memory: 33734, loss_rpn_cls: 0.0443, loss_rpn_bbox: 0.0279, s0.loss_cls: 0.2107, s0.acc: 91.6406, s0.loss_bbox: 0.3707, s0.loss_mask: 0.5295, s1.loss_cls: 0.1074, s1.acc: 91.1979, s1.loss_bbox: 0.1621, s1.loss_mask: 0.2573, s2.loss_cls: 0.0512, s2.acc: 91.6227, s2.loss_bbox: 0.0547, s2.loss_mask: 0.1207, loss: 1.9365, grad_norm: 2.3780
2023-07-30 10:38:22,282 - mmdet - INFO - Evaluating segm...
2023-07-30 10:38:23,378 - mmdet - INFO - 
 Average Precision  (AP) @[ IoU=0.50:0.95 | area=   all | maxDets=100 ] = 0.406
 Average Precision  (AP) @[ IoU=0.50      | area=   all | maxDets=1000 ] = 0.732
 Average Precision  (AP) @[ IoU=0.75      | area=   all | maxDets=1000 ] = 0.400
 Average Precision  (AP) @[ IoU=0.50:0.95 | area= small | maxDets=1000 ] = 0.337
 Average Precision  (AP) @[ IoU=0.50:0.95 | area=medium | maxDets=1000 ] = 0.485
 Average Precision  (AP) @[ IoU=0.50:0.95 | area= large | maxDets=1000 ] = 0.646
 Average Recall     (AR) @[ IoU=0.50:0.95 | area=   all | maxDets=100 ] = 0.593
 Average Recall     (AR) @[ IoU=0.50:0.95 | area=   all | maxDets=300 ] = 0.593
 Average Recall     (AR) @[ IoU=0.50:0.95 | area=   all | maxDets=1000 ] = 0.593
 Average Recall     (AR) @[ IoU=0.50:0.95 | area= small | maxDets=1000 ] = 0.541
 Average Recall     (AR) @[ IoU=0.50:0.95 | area=medium | maxDets=1000 ] = 0.654
 Average Recall     (AR) @[ IoU=0.50:0.95 | area= large | maxDets=1000 ] = 0.741

2023-07-30 10:38:29,082 - mmdet - INFO - Now best checkpoint is saved as best_segm_mAP_epoch_1.pth.
2023-07-30 10:38:29,082 - mmdet - INFO - Best segm_mAP is 0.4057 at 1 epoch.
2023-07-30 10:38:29,082 - mmdet - INFO - Exp name: exp4_adapbeitv2l_withps50exp2.py
2023-07-30 10:38:29,082 - mmdet - INFO - Epoch(val) [1][29]	segm_mAP: 0.4057, segm_mAP_50: 0.7316, segm_mAP_75: 0.3999, segm_mAP_s: 0.3371, segm_mAP_m: 0.4854, segm_mAP_l: 0.6459, segm_mAP_copypaste: 0.4057 0.7316 0.3999 0.3371 0.4854 0.6459
2023-07-30 10:40:38,350 - mmdet - INFO - Epoch [2][20/70]	lr: 8.793e-05, eta: 1:45:04, time: 6.463, data_time: 0.827, memory: 33734, loss_rpn_cls: 0.0378, loss_rpn_bbox: 0.0266, s0.loss_cls: 0.2039, s0.acc: 91.9157, s0.loss_bbox: 0.3520, s0.loss_mask: 0.5058, s1.loss_cls: 0.1015, s1.acc: 91.7618, s1.loss_bbox: 0.1555, s1.loss_mask: 0.2458, s2.loss_cls: 0.0488, s2.acc: 91.5173, s2.loss_bbox: 0.0532, s2.loss_mask: 0.1155, loss: 1.8465, grad_norm: 2.2014
2023-07-30 10:42:32,131 - mmdet - INFO - Epoch [2][40/70]	lr: 9.818e-05, eta: 1:44:19, time: 5.689, data_time: 0.026, memory: 33734, loss_rpn_cls: 0.0281, loss_rpn_bbox: 0.0214, s0.loss_cls: 0.1756, s0.acc: 92.9655, s0.loss_bbox: 0.3292, s0.loss_mask: 0.5079, s1.loss_cls: 0.0884, s1.acc: 92.7018, s1.loss_bbox: 0.1500, s1.loss_mask: 0.2459, s2.loss_cls: 0.0432, s2.acc: 92.5613, s2.loss_bbox: 0.0543, s2.loss_mask: 0.1164, loss: 1.7605, grad_norm: 2.3049
2023-07-30 10:44:26,564 - mmdet - INFO - Epoch [2][60/70]	lr: 9.746e-05, eta: 1:43:19, time: 5.722, data_time: 0.045, memory: 33734, loss_rpn_cls: 0.0354, loss_rpn_bbox: 0.0294, s0.loss_cls: 0.2220, s0.acc: 90.8545, s0.loss_bbox: 0.4022, s0.loss_mask: 0.5299, s1.loss_cls: 0.1100, s1.acc: 90.9215, s1.loss_bbox: 0.1704, s1.loss_mask: 0.2544, s2.loss_cls: 0.0523, s2.acc: 91.0416, s2.loss_bbox: 0.0565, s2.loss_mask: 0.1222, loss: 1.9847, grad_norm: 2.5679
2023-07-30 10:46:47,036 - mmdet - INFO - Evaluating segm...
2023-07-30 10:46:48,005 - mmdet - INFO - 
 Average Precision  (AP) @[ IoU=0.50:0.95 | area=   all | maxDets=100 ] = 0.426
 Average Precision  (AP) @[ IoU=0.50      | area=   all | maxDets=1000 ] = 0.740
 Average Precision  (AP) @[ IoU=0.75      | area=   all | maxDets=1000 ] = 0.440
 Average Precision  (AP) @[ IoU=0.50:0.95 | area= small | maxDets=1000 ] = 0.352
 Average Precision  (AP) @[ IoU=0.50:0.95 | area=medium | maxDets=1000 ] = 0.517
 Average Precision  (AP) @[ IoU=0.50:0.95 | area= large | maxDets=1000 ] = 0.657
 Average Recall     (AR) @[ IoU=0.50:0.95 | area=   all | maxDets=100 ] = 0.612
 Average Recall     (AR) @[ IoU=0.50:0.95 | area=   all | maxDets=300 ] = 0.612
 Average Recall     (AR) @[ IoU=0.50:0.95 | area=   all | maxDets=1000 ] = 0.612
 Average Recall     (AR) @[ IoU=0.50:0.95 | area= small | maxDets=1000 ] = 0.554
 Average Recall     (AR) @[ IoU=0.50:0.95 | area=medium | maxDets=1000 ] = 0.680
 Average Recall     (AR) @[ IoU=0.50:0.95 | area= large | maxDets=1000 ] = 0.788

2023-07-30 10:46:48,380 - mmdet - INFO - The previous best checkpoint /home/nischay/hubmap/vitadap/detection/work_dirs/pretexp4_adapbeitv2lhtc_1400_ds2wsiall_ps60exp2_lossw2_adamp2_leak/f0/best_segm_mAP_epoch_1.pth was removed
2023-07-30 10:46:54,170 - mmdet - INFO - Now best checkpoint is saved as best_segm_mAP_epoch_2.pth.
2023-07-30 10:46:54,170 - mmdet - INFO - Best segm_mAP is 0.4263 at 2 epoch.
2023-07-30 10:46:54,171 - mmdet - INFO - Exp name: exp4_adapbeitv2l_withps50exp2.py
2023-07-30 10:46:54,171 - mmdet - INFO - Epoch(val) [2][29]	segm_mAP: 0.4263, segm_mAP_50: 0.7401, segm_mAP_75: 0.4399, segm_mAP_s: 0.3517, segm_mAP_m: 0.5171, segm_mAP_l: 0.6574, segm_mAP_copypaste: 0.4263 0.7401 0.4399 0.3517 0.5171 0.6574
2023-07-30 10:49:03,026 - mmdet - INFO - Epoch [3][20/70]	lr: 9.616e-05, eta: 1:36:29, time: 6.442, data_time: 0.808, memory: 33734, loss_rpn_cls: 0.0342, loss_rpn_bbox: 0.0301, s0.loss_cls: 0.1928, s0.acc: 92.1191, s0.loss_bbox: 0.3471, s0.loss_mask: 0.4857, s1.loss_cls: 0.0993, s1.acc: 91.5489, s1.loss_bbox: 0.1535, s1.loss_mask: 0.2341, s2.loss_cls: 0.0474, s2.acc: 91.5720, s2.loss_bbox: 0.0522, s2.loss_mask: 0.1114, loss: 1.7879, grad_norm: 2.0193
2023-07-30 10:50:57,414 - mmdet - INFO - Epoch [3][40/70]	lr: 9.515e-05, eta: 1:35:38, time: 5.719, data_time: 0.043, memory: 33734, loss_rpn_cls: 0.0319, loss_rpn_bbox: 0.0246, s0.loss_cls: 0.2016, s0.acc: 91.6553, s0.loss_bbox: 0.3627, s0.loss_mask: 0.5306, s1.loss_cls: 0.0995, s1.acc: 91.6481, s1.loss_bbox: 0.1608, s1.loss_mask: 0.2549, s2.loss_cls: 0.0482, s2.acc: 91.7612, s2.loss_bbox: 0.0562, s2.loss_mask: 0.1191, loss: 1.8902, grad_norm: 2.4194
2023-07-30 10:52:51,675 - mmdet - INFO - Epoch [3][60/70]	lr: 9.403e-05, eta: 1:34:34, time: 5.713, data_time: 0.033, memory: 33734, loss_rpn_cls: 0.0362, loss_rpn_bbox: 0.0306, s0.loss_cls: 0.1765, s0.acc: 92.8255, s0.loss_bbox: 0.3345, s0.loss_mask: 0.4759, s1.loss_cls: 0.0892, s1.acc: 92.6007, s1.loss_bbox: 0.1529, s1.loss_mask: 0.2306, s2.loss_cls: 0.0441, s2.acc: 92.2867, s2.loss_bbox: 0.0546, s2.loss_mask: 0.1130, loss: 1.7380, grad_norm: 2.2769
2023-07-30 10:55:12,312 - mmdet - INFO - Evaluating segm...
2023-07-30 10:55:13,275 - mmdet - INFO - 
 Average Precision  (AP) @[ IoU=0.50:0.95 | area=   all | maxDets=100 ] = 0.410
 Average Precision  (AP) @[ IoU=0.50      | area=   all | maxDets=1000 ] = 0.705
 Average Precision  (AP) @[ IoU=0.75      | area=   all | maxDets=1000 ] = 0.427
 Average Precision  (AP) @[ IoU=0.50:0.95 | area= small | maxDets=1000 ] = 0.343
 Average Precision  (AP) @[ IoU=0.50:0.95 | area=medium | maxDets=1000 ] = 0.496
 Average Precision  (AP) @[ IoU=0.50:0.95 | area= large | maxDets=1000 ] = 0.640
 Average Recall     (AR) @[ IoU=0.50:0.95 | area=   all | maxDets=100 ] = 0.610
 Average Recall     (AR) @[ IoU=0.50:0.95 | area=   all | maxDets=300 ] = 0.610
 Average Recall     (AR) @[ IoU=0.50:0.95 | area=   all | maxDets=1000 ] = 0.610
 Average Recall     (AR) @[ IoU=0.50:0.95 | area= small | maxDets=1000 ] = 0.558
 Average Recall     (AR) @[ IoU=0.50:0.95 | area=medium | maxDets=1000 ] = 0.668
 Average Recall     (AR) @[ IoU=0.50:0.95 | area= large | maxDets=1000 ] = 0.788

2023-07-30 10:55:13,283 - mmdet - INFO - Exp name: exp4_adapbeitv2l_withps50exp2.py
2023-07-30 10:55:13,283 - mmdet - INFO - Epoch(val) [3][29]	segm_mAP: 0.4099, segm_mAP_50: 0.7046, segm_mAP_75: 0.4268, segm_mAP_s: 0.3430, segm_mAP_m: 0.4962, segm_mAP_l: 0.6395, segm_mAP_copypaste: 0.4099 0.7046 0.4268 0.3430 0.4962 0.6395
2023-07-30 10:57:22,665 - mmdet - INFO - Epoch [4][20/70]	lr: 9.215e-05, eta: 1:29:34, time: 6.469, data_time: 0.812, memory: 33734, loss_rpn_cls: 0.0314, loss_rpn_bbox: 0.0274, s0.loss_cls: 0.1859, s0.acc: 92.5895, s0.loss_bbox: 0.3488, s0.loss_mask: 0.4742, s1.loss_cls: 0.0919, s1.acc: 92.5820, s1.loss_bbox: 0.1606, s1.loss_mask: 0.2278, s2.loss_cls: 0.0455, s2.acc: 92.1481, s2.loss_bbox: 0.0558, s2.loss_mask: 0.1097, loss: 1.7590, grad_norm: 2.4122
2023-07-30 10:59:16,914 - mmdet - INFO - Epoch [4][40/70]	lr: 9.076e-05, eta: 1:28:29, time: 5.712, data_time: 0.041, memory: 33734, loss_rpn_cls: 0.0345, loss_rpn_bbox: 0.0240, s0.loss_cls: 0.1833, s0.acc: 92.6660, s0.loss_bbox: 0.3422, s0.loss_mask: 0.4762, s1.loss_cls: 0.0904, s1.acc: 92.5120, s1.loss_bbox: 0.1593, s1.loss_mask: 0.2320, s2.loss_cls: 0.0464, s2.acc: 91.8489, s2.loss_bbox: 0.0577, s2.loss_mask: 0.1131, loss: 1.7592, grad_norm: 2.2422
2023-07-30 11:01:11,090 - mmdet - INFO - Epoch [4][60/70]	lr: 8.928e-05, eta: 1:27:17, time: 5.709, data_time: 0.036, memory: 33734, loss_rpn_cls: 0.0304, loss_rpn_bbox: 0.0261, s0.loss_cls: 0.1928, s0.acc: 92.0247, s0.loss_bbox: 0.3755, s0.loss_mask: 0.4878, s1.loss_cls: 0.0955, s1.acc: 91.9814, s1.loss_bbox: 0.1706, s1.loss_mask: 0.2330, s2.loss_cls: 0.0484, s2.acc: 91.6717, s2.loss_bbox: 0.0632, s2.loss_mask: 0.1117, loss: 1.8351, grad_norm: 2.0196
2023-07-30 11:03:31,427 - mmdet - INFO - Evaluating segm...
2023-07-30 11:03:32,387 - mmdet - INFO - 
 Average Precision  (AP) @[ IoU=0.50:0.95 | area=   all | maxDets=100 ] = 0.447
 Average Precision  (AP) @[ IoU=0.50      | area=   all | maxDets=1000 ] = 0.774
 Average Precision  (AP) @[ IoU=0.75      | area=   all | maxDets=1000 ] = 0.464
 Average Precision  (AP) @[ IoU=0.50:0.95 | area= small | maxDets=1000 ] = 0.365
 Average Precision  (AP) @[ IoU=0.50:0.95 | area=medium | maxDets=1000 ] = 0.534
 Average Precision  (AP) @[ IoU=0.50:0.95 | area= large | maxDets=1000 ] = 0.709
 Average Recall     (AR) @[ IoU=0.50:0.95 | area=   all | maxDets=100 ] = 0.622
 Average Recall     (AR) @[ IoU=0.50:0.95 | area=   all | maxDets=300 ] = 0.622
 Average Recall     (AR) @[ IoU=0.50:0.95 | area=   all | maxDets=1000 ] = 0.622
 Average Recall     (AR) @[ IoU=0.50:0.95 | area= small | maxDets=1000 ] = 0.572
 Average Recall     (AR) @[ IoU=0.50:0.95 | area=medium | maxDets=1000 ] = 0.678
 Average Recall     (AR) @[ IoU=0.50:0.95 | area= large | maxDets=1000 ] = 0.788

2023-07-30 11:03:32,785 - mmdet - INFO - The previous best checkpoint /home/nischay/hubmap/vitadap/detection/work_dirs/pretexp4_adapbeitv2lhtc_1400_ds2wsiall_ps60exp2_lossw2_adamp2_leak/f0/best_segm_mAP_epoch_2.pth was removed
2023-07-30 11:03:38,440 - mmdet - INFO - Now best checkpoint is saved as best_segm_mAP_epoch_4.pth.
2023-07-30 11:03:38,441 - mmdet - INFO - Best segm_mAP is 0.4474 at 4 epoch.
2023-07-30 11:03:38,441 - mmdet - INFO - Exp name: exp4_adapbeitv2l_withps50exp2.py
2023-07-30 11:03:38,441 - mmdet - INFO - Epoch(val) [4][29]	segm_mAP: 0.4474, segm_mAP_50: 0.7739, segm_mAP_75: 0.4636, segm_mAP_s: 0.3650, segm_mAP_m: 0.5340, segm_mAP_l: 0.7088, segm_mAP_copypaste: 0.4474 0.7739 0.4636 0.3650 0.5340 0.7088
2023-07-30 11:05:47,865 - mmdet - INFO - Epoch [5][20/70]	lr: 8.687e-05, eta: 1:23:05, time: 6.471, data_time: 0.809, memory: 33734, loss_rpn_cls: 0.0295, loss_rpn_bbox: 0.0241, s0.loss_cls: 0.1722, s0.acc: 92.9964, s0.loss_bbox: 0.3390, s0.loss_mask: 0.4614, s1.loss_cls: 0.0880, s1.acc: 92.5726, s1.loss_bbox: 0.1549, s1.loss_mask: 0.2238, s2.loss_cls: 0.0446, s2.acc: 92.0904, s2.loss_bbox: 0.0539, s2.loss_mask: 0.1071, loss: 1.6985, grad_norm: 2.0412
2023-07-30 11:07:42,603 - mmdet - INFO - Epoch [5][40/70]	lr: 8.515e-05, eta: 1:21:53, time: 5.737, data_time: 0.033, memory: 33734, loss_rpn_cls: 0.0312, loss_rpn_bbox: 0.0300, s0.loss_cls: 0.1908, s0.acc: 92.2428, s0.loss_bbox: 0.3663, s0.loss_mask: 0.5043, s1.loss_cls: 0.0953, s1.acc: 92.2063, s1.loss_bbox: 0.1678, s1.loss_mask: 0.2417, s2.loss_cls: 0.0478, s2.acc: 91.6137, s2.loss_bbox: 0.0593, s2.loss_mask: 0.1159, loss: 1.8504, grad_norm: 2.1017
2023-07-30 11:09:37,013 - mmdet - INFO - Epoch [5][60/70]	lr: 8.335e-05, eta: 1:20:35, time: 5.721, data_time: 0.034, memory: 33734, loss_rpn_cls: 0.0297, loss_rpn_bbox: 0.0258, s0.loss_cls: 0.1758, s0.acc: 93.0094, s0.loss_bbox: 0.3537, s0.loss_mask: 0.4754, s1.loss_cls: 0.0880, s1.acc: 92.7636, s1.loss_bbox: 0.1619, s1.loss_mask: 0.2270, s2.loss_cls: 0.0441, s2.acc: 92.1197, s2.loss_bbox: 0.0592, s2.loss_mask: 0.1088, loss: 1.7493, grad_norm: 2.1131
2023-07-30 11:11:57,189 - mmdet - INFO - Evaluating segm...
2023-07-30 11:11:58,151 - mmdet - INFO - 
 Average Precision  (AP) @[ IoU=0.50:0.95 | area=   all | maxDets=100 ] = 0.465
 Average Precision  (AP) @[ IoU=0.50      | area=   all | maxDets=1000 ] = 0.792
 Average Precision  (AP) @[ IoU=0.75      | area=   all | maxDets=1000 ] = 0.493
 Average Precision  (AP) @[ IoU=0.50:0.95 | area= small | maxDets=1000 ] = 0.383
 Average Precision  (AP) @[ IoU=0.50:0.95 | area=medium | maxDets=1000 ] = 0.554
 Average Precision  (AP) @[ IoU=0.50:0.95 | area= large | maxDets=1000 ] = 0.736
 Average Recall     (AR) @[ IoU=0.50:0.95 | area=   all | maxDets=100 ] = 0.635
 Average Recall     (AR) @[ IoU=0.50:0.95 | area=   all | maxDets=300 ] = 0.635
 Average Recall     (AR) @[ IoU=0.50:0.95 | area=   all | maxDets=1000 ] = 0.635
 Average Recall     (AR) @[ IoU=0.50:0.95 | area= small | maxDets=1000 ] = 0.583
 Average Recall     (AR) @[ IoU=0.50:0.95 | area=medium | maxDets=1000 ] = 0.695
 Average Recall     (AR) @[ IoU=0.50:0.95 | area= large | maxDets=1000 ] = 0.824

2023-07-30 11:11:58,546 - mmdet - INFO - The previous best checkpoint /home/nischay/hubmap/vitadap/detection/work_dirs/pretexp4_adapbeitv2lhtc_1400_ds2wsiall_ps60exp2_lossw2_adamp2_leak/f0/best_segm_mAP_epoch_4.pth was removed
2023-07-30 11:12:04,355 - mmdet - INFO - Now best checkpoint is saved as best_segm_mAP_epoch_5.pth.
2023-07-30 11:12:04,355 - mmdet - INFO - Best segm_mAP is 0.4650 at 5 epoch.
2023-07-30 11:12:04,355 - mmdet - INFO - Exp name: exp4_adapbeitv2l_withps50exp2.py
2023-07-30 11:12:04,355 - mmdet - INFO - Epoch(val) [5][29]	segm_mAP: 0.4650, segm_mAP_50: 0.7920, segm_mAP_75: 0.4928, segm_mAP_s: 0.3826, segm_mAP_m: 0.5535, segm_mAP_l: 0.7362, segm_mAP_copypaste: 0.4650 0.7920 0.4928 0.3826 0.5535 0.7362
2023-07-30 11:14:13,357 - mmdet - INFO - Epoch [6][20/70]	lr: 8.049e-05, eta: 1:16:48, time: 6.450, data_time: 0.793, memory: 33734, loss_rpn_cls: 0.0239, loss_rpn_bbox: 0.0231, s0.loss_cls: 0.1651, s0.acc: 93.2780, s0.loss_bbox: 0.3148, s0.loss_mask: 0.4674, s1.loss_cls: 0.0834, s1.acc: 93.1635, s1.loss_bbox: 0.1446, s1.loss_mask: 0.2212, s2.loss_cls: 0.0412, s2.acc: 93.0589, s2.loss_bbox: 0.0545, s2.loss_mask: 0.1049, loss: 1.6441, grad_norm: 2.0201
2023-07-30 11:16:08,010 - mmdet - INFO - Epoch [6][40/70]	lr: 7.849e-05, eta: 1:15:30, time: 5.733, data_time: 0.041, memory: 33734, loss_rpn_cls: 0.0318, loss_rpn_bbox: 0.0282, s0.loss_cls: 0.1897, s0.acc: 92.3079, s0.loss_bbox: 0.3806, s0.loss_mask: 0.4911, s1.loss_cls: 0.0962, s1.acc: 92.1125, s1.loss_bbox: 0.1777, s1.loss_mask: 0.2362, s2.loss_cls: 0.0488, s2.acc: 91.4303, s2.loss_bbox: 0.0644, s2.loss_mask: 0.1118, loss: 1.8564, grad_norm: 2.2241
2023-07-30 11:18:02,038 - mmdet - INFO - Epoch [6][60/70]	lr: 7.642e-05, eta: 1:14:06, time: 5.701, data_time: 0.032, memory: 33734, loss_rpn_cls: 0.0268, loss_rpn_bbox: 0.0245, s0.loss_cls: 0.1728, s0.acc: 93.0501, s0.loss_bbox: 0.3366, s0.loss_mask: 0.5010, s1.loss_cls: 0.0861, s1.acc: 93.0765, s1.loss_bbox: 0.1588, s1.loss_mask: 0.2421, s2.loss_cls: 0.0428, s2.acc: 92.5408, s2.loss_bbox: 0.0589, s2.loss_mask: 0.1154, loss: 1.7658, grad_norm: 2.3761
2023-07-30 11:20:22,368 - mmdet - INFO - Evaluating segm...
2023-07-30 11:20:23,320 - mmdet - INFO - 
 Average Precision  (AP) @[ IoU=0.50:0.95 | area=   all | maxDets=100 ] = 0.467
 Average Precision  (AP) @[ IoU=0.50      | area=   all | maxDets=1000 ] = 0.788
 Average Precision  (AP) @[ IoU=0.75      | area=   all | maxDets=1000 ] = 0.491
 Average Precision  (AP) @[ IoU=0.50:0.95 | area= small | maxDets=1000 ] = 0.386
 Average Precision  (AP) @[ IoU=0.50:0.95 | area=medium | maxDets=1000 ] = 0.555
 Average Precision  (AP) @[ IoU=0.50:0.95 | area= large | maxDets=1000 ] = 0.703
 Average Recall     (AR) @[ IoU=0.50:0.95 | area=   all | maxDets=100 ] = 0.635
 Average Recall     (AR) @[ IoU=0.50:0.95 | area=   all | maxDets=300 ] = 0.635
 Average Recall     (AR) @[ IoU=0.50:0.95 | area=   all | maxDets=1000 ] = 0.635
 Average Recall     (AR) @[ IoU=0.50:0.95 | area= small | maxDets=1000 ] = 0.581
 Average Recall     (AR) @[ IoU=0.50:0.95 | area=medium | maxDets=1000 ] = 0.697
 Average Recall     (AR) @[ IoU=0.50:0.95 | area= large | maxDets=1000 ] = 0.812

2023-07-30 11:20:23,715 - mmdet - INFO - The previous best checkpoint /home/nischay/hubmap/vitadap/detection/work_dirs/pretexp4_adapbeitv2lhtc_1400_ds2wsiall_ps60exp2_lossw2_adamp2_leak/f0/best_segm_mAP_epoch_5.pth was removed
2023-07-30 11:20:29,363 - mmdet - INFO - Now best checkpoint is saved as best_segm_mAP_epoch_6.pth.
2023-07-30 11:20:29,364 - mmdet - INFO - Best segm_mAP is 0.4667 at 6 epoch.
2023-07-30 11:20:29,364 - mmdet - INFO - Exp name: exp4_adapbeitv2l_withps50exp2.py
2023-07-30 11:20:29,364 - mmdet - INFO - Epoch(val) [6][29]	segm_mAP: 0.4667, segm_mAP_50: 0.7882, segm_mAP_75: 0.4907, segm_mAP_s: 0.3862, segm_mAP_m: 0.5553, segm_mAP_l: 0.7033, segm_mAP_copypaste: 0.4667 0.7882 0.4907 0.3862 0.5553 0.7033
2023-07-30 11:22:38,554 - mmdet - INFO - Epoch [7][20/70]	lr: 7.319e-05, eta: 1:10:37, time: 6.459, data_time: 0.804, memory: 33734, loss_rpn_cls: 0.0293, loss_rpn_bbox: 0.0259, s0.loss_cls: 0.1852, s0.acc: 92.1956, s0.loss_bbox: 0.3618, s0.loss_mask: 0.4730, s1.loss_cls: 0.0969, s1.acc: 91.7018, s1.loss_bbox: 0.1634, s1.loss_mask: 0.2280, s2.loss_cls: 0.0487, s2.acc: 91.3899, s2.loss_bbox: 0.0560, s2.loss_mask: 0.1089, loss: 1.7771, grad_norm: 2.4242
2023-07-30 11:24:32,520 - mmdet - INFO - Epoch [7][40/70]	lr: 7.097e-05, eta: 1:09:12, time: 5.698, data_time: 0.036, memory: 33734, loss_rpn_cls: 0.0235, loss_rpn_bbox: 0.0237, s0.loss_cls: 0.1736, s0.acc: 92.7295, s0.loss_bbox: 0.3280, s0.loss_mask: 0.4597, s1.loss_cls: 0.0872, s1.acc: 92.4748, s1.loss_bbox: 0.1506, s1.loss_mask: 0.2231, s2.loss_cls: 0.0436, s2.acc: 92.4340, s2.loss_bbox: 0.0541, s2.loss_mask: 0.1051, loss: 1.6723, grad_norm: 2.1154
2023-07-30 11:26:26,281 - mmdet - INFO - Epoch [7][60/70]	lr: 6.870e-05, eta: 1:07:45, time: 5.688, data_time: 0.034, memory: 33734, loss_rpn_cls: 0.0258, loss_rpn_bbox: 0.0212, s0.loss_cls: 0.1764, s0.acc: 92.9671, s0.loss_bbox: 0.3333, s0.loss_mask: 0.4432, s1.loss_cls: 0.0893, s1.acc: 92.8266, s1.loss_bbox: 0.1594, s1.loss_mask: 0.2113, s2.loss_cls: 0.0450, s2.acc: 92.2167, s2.loss_bbox: 0.0609, s2.loss_mask: 0.1026, loss: 1.6682, grad_norm: 1.9396
2023-07-30 11:28:46,424 - mmdet - INFO - Evaluating segm...
2023-07-30 11:28:47,380 - mmdet - INFO - 
 Average Precision  (AP) @[ IoU=0.50:0.95 | area=   all | maxDets=100 ] = 0.478
 Average Precision  (AP) @[ IoU=0.50      | area=   all | maxDets=1000 ] = 0.802
 Average Precision  (AP) @[ IoU=0.75      | area=   all | maxDets=1000 ] = 0.514
 Average Precision  (AP) @[ IoU=0.50:0.95 | area= small | maxDets=1000 ] = 0.398
 Average Precision  (AP) @[ IoU=0.50:0.95 | area=medium | maxDets=1000 ] = 0.566
 Average Precision  (AP) @[ IoU=0.50:0.95 | area= large | maxDets=1000 ] = 0.750
 Average Recall     (AR) @[ IoU=0.50:0.95 | area=   all | maxDets=100 ] = 0.639
 Average Recall     (AR) @[ IoU=0.50:0.95 | area=   all | maxDets=300 ] = 0.639
 Average Recall     (AR) @[ IoU=0.50:0.95 | area=   all | maxDets=1000 ] = 0.639
 Average Recall     (AR) @[ IoU=0.50:0.95 | area= small | maxDets=1000 ] = 0.586
 Average Recall     (AR) @[ IoU=0.50:0.95 | area=medium | maxDets=1000 ] = 0.701
 Average Recall     (AR) @[ IoU=0.50:0.95 | area= large | maxDets=1000 ] = 0.812

2023-07-30 11:28:47,777 - mmdet - INFO - The previous best checkpoint /home/nischay/hubmap/vitadap/detection/work_dirs/pretexp4_adapbeitv2lhtc_1400_ds2wsiall_ps60exp2_lossw2_adamp2_leak/f0/best_segm_mAP_epoch_6.pth was removed
2023-07-30 11:28:53,372 - mmdet - INFO - Now best checkpoint is saved as best_segm_mAP_epoch_7.pth.
2023-07-30 11:28:53,372 - mmdet - INFO - Best segm_mAP is 0.4780 at 7 epoch.
2023-07-30 11:28:53,372 - mmdet - INFO - Exp name: exp4_adapbeitv2l_withps50exp2.py
2023-07-30 11:28:53,372 - mmdet - INFO - Epoch(val) [7][29]	segm_mAP: 0.4780, segm_mAP_50: 0.8022, segm_mAP_75: 0.5140, segm_mAP_s: 0.3980, segm_mAP_m: 0.5664, segm_mAP_l: 0.7505, segm_mAP_copypaste: 0.4780 0.8022 0.5140 0.3980 0.5664 0.7505
2023-07-30 11:31:02,260 - mmdet - INFO - Epoch [8][20/70]	lr: 6.521e-05, eta: 1:04:28, time: 6.444, data_time: 0.808, memory: 33734, loss_rpn_cls: 0.0271, loss_rpn_bbox: 0.0233, s0.loss_cls: 0.1734, s0.acc: 93.0094, s0.loss_bbox: 0.3393, s0.loss_mask: 0.4451, s1.loss_cls: 0.0889, s1.acc: 92.6772, s1.loss_bbox: 0.1567, s1.loss_mask: 0.2128, s2.loss_cls: 0.0443, s2.acc: 92.3012, s2.loss_bbox: 0.0587, s2.loss_mask: 0.1025, loss: 1.6721, grad_norm: 2.4762
2023-07-30 11:32:56,617 - mmdet - INFO - Epoch [8][40/70]	lr: 6.283e-05, eta: 1:03:00, time: 5.718, data_time: 0.034, memory: 33734, loss_rpn_cls: 0.0259, loss_rpn_bbox: 0.0235, s0.loss_cls: 0.1707, s0.acc: 93.1152, s0.loss_bbox: 0.3433, s0.loss_mask: 0.4821, s1.loss_cls: 0.0854, s1.acc: 92.9354, s1.loss_bbox: 0.1652, s1.loss_mask: 0.2326, s2.loss_cls: 0.0441, s2.acc: 92.2714, s2.loss_bbox: 0.0607, s2.loss_mask: 0.1111, loss: 1.7446, grad_norm: 2.0508
2023-07-30 11:34:50,224 - mmdet - INFO - Epoch [8][60/70]	lr: 6.043e-05, eta: 1:01:30, time: 5.680, data_time: 0.035, memory: 33734, loss_rpn_cls: 0.0212, loss_rpn_bbox: 0.0252, s0.loss_cls: 0.1665, s0.acc: 93.0762, s0.loss_bbox: 0.3410, s0.loss_mask: 0.4804, s1.loss_cls: 0.0854, s1.acc: 92.9113, s1.loss_bbox: 0.1556, s1.loss_mask: 0.2340, s2.loss_cls: 0.0443, s2.acc: 91.9775, s2.loss_bbox: 0.0539, s2.loss_mask: 0.1114, loss: 1.7189, grad_norm: 2.1396
2023-07-30 11:37:10,222 - mmdet - INFO - Evaluating segm...
2023-07-30 11:37:11,171 - mmdet - INFO - 
 Average Precision  (AP) @[ IoU=0.50:0.95 | area=   all | maxDets=100 ] = 0.492
 Average Precision  (AP) @[ IoU=0.50      | area=   all | maxDets=1000 ] = 0.818
 Average Precision  (AP) @[ IoU=0.75      | area=   all | maxDets=1000 ] = 0.540
 Average Precision  (AP) @[ IoU=0.50:0.95 | area= small | maxDets=1000 ] = 0.405
 Average Precision  (AP) @[ IoU=0.50:0.95 | area=medium | maxDets=1000 ] = 0.583
 Average Precision  (AP) @[ IoU=0.50:0.95 | area= large | maxDets=1000 ] = 0.774
 Average Recall     (AR) @[ IoU=0.50:0.95 | area=   all | maxDets=100 ] = 0.648
 Average Recall     (AR) @[ IoU=0.50:0.95 | area=   all | maxDets=300 ] = 0.648
 Average Recall     (AR) @[ IoU=0.50:0.95 | area=   all | maxDets=1000 ] = 0.648
 Average Recall     (AR) @[ IoU=0.50:0.95 | area= small | maxDets=1000 ] = 0.602
 Average Recall     (AR) @[ IoU=0.50:0.95 | area=medium | maxDets=1000 ] = 0.698
 Average Recall     (AR) @[ IoU=0.50:0.95 | area= large | maxDets=1000 ] = 0.829

2023-07-30 11:37:11,572 - mmdet - INFO - The previous best checkpoint /home/nischay/hubmap/vitadap/detection/work_dirs/pretexp4_adapbeitv2lhtc_1400_ds2wsiall_ps60exp2_lossw2_adamp2_leak/f0/best_segm_mAP_epoch_7.pth was removed
2023-07-30 11:37:17,249 - mmdet - INFO - Now best checkpoint is saved as best_segm_mAP_epoch_8.pth.
2023-07-30 11:37:17,250 - mmdet - INFO - Best segm_mAP is 0.4921 at 8 epoch.
2023-07-30 11:37:17,250 - mmdet - INFO - Exp name: exp4_adapbeitv2l_withps50exp2.py
2023-07-30 11:37:17,250 - mmdet - INFO - Epoch(val) [8][29]	segm_mAP: 0.4921, segm_mAP_50: 0.8182, segm_mAP_75: 0.5396, segm_mAP_s: 0.4046, segm_mAP_m: 0.5825, segm_mAP_l: 0.7737, segm_mAP_copypaste: 0.4921 0.8182 0.5396 0.4046 0.5825 0.7737
2023-07-30 11:39:26,051 - mmdet - INFO - Epoch [9][20/70]	lr: 5.678e-05, eta: 0:58:22, time: 6.440, data_time: 0.804, memory: 33734, loss_rpn_cls: 0.0222, loss_rpn_bbox: 0.0211, s0.loss_cls: 0.1696, s0.acc: 93.1966, s0.loss_bbox: 0.3312, s0.loss_mask: 0.4350, s1.loss_cls: 0.0896, s1.acc: 92.3664, s1.loss_bbox: 0.1502, s1.loss_mask: 0.2105, s2.loss_cls: 0.0450, s2.acc: 91.9851, s2.loss_bbox: 0.0560, s2.loss_mask: 0.1012, loss: 1.6317, grad_norm: 2.1590
2023-07-30 11:41:19,814 - mmdet - INFO - Epoch [9][40/70]	lr: 5.432e-05, eta: 0:56:51, time: 5.688, data_time: 0.041, memory: 33734, loss_rpn_cls: 0.0233, loss_rpn_bbox: 0.0220, s0.loss_cls: 0.1794, s0.acc: 92.7686, s0.loss_bbox: 0.3509, s0.loss_mask: 0.4817, s1.loss_cls: 0.0885, s1.acc: 92.9265, s1.loss_bbox: 0.1626, s1.loss_mask: 0.2328, s2.loss_cls: 0.0450, s2.acc: 92.5862, s2.loss_bbox: 0.0617, s2.loss_mask: 0.1118, loss: 1.7598, grad_norm: 2.5409
2023-07-30 11:43:13,565 - mmdet - INFO - Epoch [9][60/70]	lr: 5.186e-05, eta: 0:55:18, time: 5.688, data_time: 0.038, memory: 33734, loss_rpn_cls: 0.0259, loss_rpn_bbox: 0.0235, s0.loss_cls: 0.1781, s0.acc: 92.8027, s0.loss_bbox: 0.3638, s0.loss_mask: 0.4578, s1.loss_cls: 0.0882, s1.acc: 92.7614, s1.loss_bbox: 0.1646, s1.loss_mask: 0.2185, s2.loss_cls: 0.0444, s2.acc: 92.4862, s2.loss_bbox: 0.0618, s2.loss_mask: 0.1044, loss: 1.7309, grad_norm: 2.0529
2023-07-30 11:45:33,655 - mmdet - INFO - Evaluating segm...
2023-07-30 11:45:34,597 - mmdet - INFO - 
 Average Precision  (AP) @[ IoU=0.50:0.95 | area=   all | maxDets=100 ] = 0.507
 Average Precision  (AP) @[ IoU=0.50      | area=   all | maxDets=1000 ] = 0.831
 Average Precision  (AP) @[ IoU=0.75      | area=   all | maxDets=1000 ] = 0.558
 Average Precision  (AP) @[ IoU=0.50:0.95 | area= small | maxDets=1000 ] = 0.414
 Average Precision  (AP) @[ IoU=0.50:0.95 | area=medium | maxDets=1000 ] = 0.602
 Average Precision  (AP) @[ IoU=0.50:0.95 | area= large | maxDets=1000 ] = 0.776
 Average Recall     (AR) @[ IoU=0.50:0.95 | area=   all | maxDets=100 ] = 0.653
 Average Recall     (AR) @[ IoU=0.50:0.95 | area=   all | maxDets=300 ] = 0.653
 Average Recall     (AR) @[ IoU=0.50:0.95 | area=   all | maxDets=1000 ] = 0.653
 Average Recall     (AR) @[ IoU=0.50:0.95 | area= small | maxDets=1000 ] = 0.601
 Average Recall     (AR) @[ IoU=0.50:0.95 | area=medium | maxDets=1000 ] = 0.713
 Average Recall     (AR) @[ IoU=0.50:0.95 | area= large | maxDets=1000 ] = 0.824

2023-07-30 11:45:34,991 - mmdet - INFO - The previous best checkpoint /home/nischay/hubmap/vitadap/detection/work_dirs/pretexp4_adapbeitv2lhtc_1400_ds2wsiall_ps60exp2_lossw2_adamp2_leak/f0/best_segm_mAP_epoch_8.pth was removed
2023-07-30 11:45:40,711 - mmdet - INFO - Now best checkpoint is saved as best_segm_mAP_epoch_9.pth.
2023-07-30 11:45:40,711 - mmdet - INFO - Best segm_mAP is 0.5066 at 9 epoch.
2023-07-30 11:45:40,712 - mmdet - INFO - Exp name: exp4_adapbeitv2l_withps50exp2.py
2023-07-30 11:45:40,712 - mmdet - INFO - Epoch(val) [9][29]	segm_mAP: 0.5066, segm_mAP_50: 0.8306, segm_mAP_75: 0.5579, segm_mAP_s: 0.4138, segm_mAP_m: 0.6017, segm_mAP_l: 0.7758, segm_mAP_copypaste: 0.5066 0.8306 0.5579 0.4138 0.6017 0.7758
2023-07-30 11:47:49,784 - mmdet - INFO - Epoch [10][20/70]	lr: 4.816e-05, eta: 0:52:17, time: 6.448, data_time: 0.799, memory: 33734, loss_rpn_cls: 0.0204, loss_rpn_bbox: 0.0212, s0.loss_cls: 0.1512, s0.acc: 93.8346, s0.loss_bbox: 0.3157, s0.loss_mask: 0.4444, s1.loss_cls: 0.0769, s1.acc: 93.6285, s1.loss_bbox: 0.1494, s1.loss_mask: 0.2158, s2.loss_cls: 0.0395, s2.acc: 92.9192, s2.loss_bbox: 0.0569, s2.loss_mask: 0.1034, loss: 1.5947, grad_norm: 2.0707
2023-07-30 11:49:44,293 - mmdet - INFO - Epoch [10][40/70]	lr: 4.569e-05, eta: 0:50:45, time: 5.731, data_time: 0.036, memory: 33734, loss_rpn_cls: 0.0228, loss_rpn_bbox: 0.0207, s0.loss_cls: 0.1695, s0.acc: 93.3171, s0.loss_bbox: 0.3360, s0.loss_mask: 0.4691, s1.loss_cls: 0.0852, s1.acc: 93.0766, s1.loss_bbox: 0.1578, s1.loss_mask: 0.2283, s2.loss_cls: 0.0441, s2.acc: 92.3659, s2.loss_bbox: 0.0599, s2.loss_mask: 0.1110, loss: 1.7043, grad_norm: 2.0098
2023-07-30 11:51:38,760 - mmdet - INFO - Epoch [10][60/70]	lr: 4.324e-05, eta: 0:49:11, time: 5.723, data_time: 0.035, memory: 33734, loss_rpn_cls: 0.0213, loss_rpn_bbox: 0.0237, s0.loss_cls: 0.1761, s0.acc: 92.9411, s0.loss_bbox: 0.3368, s0.loss_mask: 0.4514, s1.loss_cls: 0.0884, s1.acc: 92.7748, s1.loss_bbox: 0.1565, s1.loss_mask: 0.2155, s2.loss_cls: 0.0438, s2.acc: 92.5563, s2.loss_bbox: 0.0591, s2.loss_mask: 0.1024, loss: 1.6750, grad_norm: 2.0553
2023-07-30 11:53:59,213 - mmdet - INFO - Evaluating segm...
2023-07-30 11:54:00,148 - mmdet - INFO - 
 Average Precision  (AP) @[ IoU=0.50:0.95 | area=   all | maxDets=100 ] = 0.513
 Average Precision  (AP) @[ IoU=0.50      | area=   all | maxDets=1000 ] = 0.831
 Average Precision  (AP) @[ IoU=0.75      | area=   all | maxDets=1000 ] = 0.569
 Average Precision  (AP) @[ IoU=0.50:0.95 | area= small | maxDets=1000 ] = 0.434
 Average Precision  (AP) @[ IoU=0.50:0.95 | area=medium | maxDets=1000 ] = 0.598
 Average Precision  (AP) @[ IoU=0.50:0.95 | area= large | maxDets=1000 ] = 0.769
 Average Recall     (AR) @[ IoU=0.50:0.95 | area=   all | maxDets=100 ] = 0.654
 Average Recall     (AR) @[ IoU=0.50:0.95 | area=   all | maxDets=300 ] = 0.654
 Average Recall     (AR) @[ IoU=0.50:0.95 | area=   all | maxDets=1000 ] = 0.654
 Average Recall     (AR) @[ IoU=0.50:0.95 | area= small | maxDets=1000 ] = 0.602
 Average Recall     (AR) @[ IoU=0.50:0.95 | area=medium | maxDets=1000 ] = 0.714
 Average Recall     (AR) @[ IoU=0.50:0.95 | area= large | maxDets=1000 ] = 0.829

2023-07-30 11:54:00,543 - mmdet - INFO - The previous best checkpoint /home/nischay/hubmap/vitadap/detection/work_dirs/pretexp4_adapbeitv2lhtc_1400_ds2wsiall_ps60exp2_lossw2_adamp2_leak/f0/best_segm_mAP_epoch_9.pth was removed
2023-07-30 11:54:06,228 - mmdet - INFO - Now best checkpoint is saved as best_segm_mAP_epoch_10.pth.
2023-07-30 11:54:06,228 - mmdet - INFO - Best segm_mAP is 0.5128 at 10 epoch.
2023-07-30 11:54:06,228 - mmdet - INFO - Exp name: exp4_adapbeitv2l_withps50exp2.py
2023-07-30 11:54:06,228 - mmdet - INFO - Epoch(val) [10][29]	segm_mAP: 0.5128, segm_mAP_50: 0.8311, segm_mAP_75: 0.5694, segm_mAP_s: 0.4339, segm_mAP_m: 0.5976, segm_mAP_l: 0.7690, segm_mAP_copypaste: 0.5128 0.8311 0.5694 0.4339 0.5976 0.7690
2023-07-30 11:56:14,801 - mmdet - INFO - Epoch [11][20/70]	lr: 3.961e-05, eta: 0:46:16, time: 6.428, data_time: 0.812, memory: 33734, loss_rpn_cls: 0.0226, loss_rpn_bbox: 0.0203, s0.loss_cls: 0.1571, s0.acc: 93.7142, s0.loss_bbox: 0.3130, s0.loss_mask: 0.4351, s1.loss_cls: 0.0786, s1.acc: 93.6316, s1.loss_bbox: 0.1464, s1.loss_mask: 0.2084, s2.loss_cls: 0.0400, s2.acc: 93.1301, s2.loss_bbox: 0.0560, s2.loss_mask: 0.1001, loss: 1.5775, grad_norm: 2.2195
2023-07-30 11:58:08,856 - mmdet - INFO - Epoch [11][40/70]	lr: 3.721e-05, eta: 0:44:41, time: 5.703, data_time: 0.031, memory: 33734, loss_rpn_cls: 0.0201, loss_rpn_bbox: 0.0212, s0.loss_cls: 0.1562, s0.acc: 93.6361, s0.loss_bbox: 0.3144, s0.loss_mask: 0.4425, s1.loss_cls: 0.0786, s1.acc: 93.5387, s1.loss_bbox: 0.1510, s1.loss_mask: 0.2148, s2.loss_cls: 0.0403, s2.acc: 93.0630, s2.loss_bbox: 0.0605, s2.loss_mask: 0.1027, loss: 1.6024, grad_norm: 2.0896
2023-07-30 12:00:02,936 - mmdet - INFO - Epoch [11][60/70]	lr: 3.485e-05, eta: 0:43:05, time: 5.704, data_time: 0.041, memory: 33734, loss_rpn_cls: 0.0190, loss_rpn_bbox: 0.0225, s0.loss_cls: 0.1719, s0.acc: 92.9102, s0.loss_bbox: 0.3547, s0.loss_mask: 0.4537, s1.loss_cls: 0.0881, s1.acc: 92.6248, s1.loss_bbox: 0.1668, s1.loss_mask: 0.2207, s2.loss_cls: 0.0448, s2.acc: 92.2119, s2.loss_bbox: 0.0620, s2.loss_mask: 0.1057, loss: 1.7099, grad_norm: 2.1398
2023-07-30 12:02:23,524 - mmdet - INFO - Evaluating segm...
2023-07-30 12:02:24,452 - mmdet - INFO - 
 Average Precision  (AP) @[ IoU=0.50:0.95 | area=   all | maxDets=100 ] = 0.525
 Average Precision  (AP) @[ IoU=0.50      | area=   all | maxDets=1000 ] = 0.845
 Average Precision  (AP) @[ IoU=0.75      | area=   all | maxDets=1000 ] = 0.592
 Average Precision  (AP) @[ IoU=0.50:0.95 | area= small | maxDets=1000 ] = 0.439
 Average Precision  (AP) @[ IoU=0.50:0.95 | area=medium | maxDets=1000 ] = 0.614
 Average Precision  (AP) @[ IoU=0.50:0.95 | area= large | maxDets=1000 ] = 0.783
 Average Recall     (AR) @[ IoU=0.50:0.95 | area=   all | maxDets=100 ] = 0.658
 Average Recall     (AR) @[ IoU=0.50:0.95 | area=   all | maxDets=300 ] = 0.658
 Average Recall     (AR) @[ IoU=0.50:0.95 | area=   all | maxDets=1000 ] = 0.658
 Average Recall     (AR) @[ IoU=0.50:0.95 | area= small | maxDets=1000 ] = 0.605
 Average Recall     (AR) @[ IoU=0.50:0.95 | area=medium | maxDets=1000 ] = 0.721
 Average Recall     (AR) @[ IoU=0.50:0.95 | area= large | maxDets=1000 ] = 0.818

2023-07-30 12:02:24,852 - mmdet - INFO - The previous best checkpoint /home/nischay/hubmap/vitadap/detection/work_dirs/pretexp4_adapbeitv2lhtc_1400_ds2wsiall_ps60exp2_lossw2_adamp2_leak/f0/best_segm_mAP_epoch_10.pth was removed
2023-07-30 12:02:30,535 - mmdet - INFO - Now best checkpoint is saved as best_segm_mAP_epoch_11.pth.
2023-07-30 12:02:30,535 - mmdet - INFO - Best segm_mAP is 0.5254 at 11 epoch.
2023-07-30 12:02:30,535 - mmdet - INFO - Exp name: exp4_adapbeitv2l_withps50exp2.py
2023-07-30 12:02:30,535 - mmdet - INFO - Epoch(val) [11][29]	segm_mAP: 0.5254, segm_mAP_50: 0.8454, segm_mAP_75: 0.5922, segm_mAP_s: 0.4387, segm_mAP_m: 0.6145, segm_mAP_l: 0.7827, segm_mAP_copypaste: 0.5254 0.8454 0.5922 0.4387 0.6145 0.7827
2023-07-30 12:04:39,786 - mmdet - INFO - Epoch [12][20/70]	lr: 3.139e-05, eta: 0:40:14, time: 6.462, data_time: 0.805, memory: 33734, loss_rpn_cls: 0.0194, loss_rpn_bbox: 0.0188, s0.loss_cls: 0.1572, s0.acc: 93.7191, s0.loss_bbox: 0.3245, s0.loss_mask: 0.4234, s1.loss_cls: 0.0795, s1.acc: 93.4400, s1.loss_bbox: 0.1520, s1.loss_mask: 0.2054, s2.loss_cls: 0.0409, s2.acc: 93.0584, s2.loss_bbox: 0.0574, s2.loss_mask: 0.0979, loss: 1.5763, grad_norm: 1.9619
2023-07-30 12:06:34,161 - mmdet - INFO - Epoch [12][40/70]	lr: 2.913e-05, eta: 0:38:38, time: 5.719, data_time: 0.029, memory: 33734, loss_rpn_cls: 0.0220, loss_rpn_bbox: 0.0198, s0.loss_cls: 0.1547, s0.acc: 93.6849, s0.loss_bbox: 0.3184, s0.loss_mask: 0.4573, s1.loss_cls: 0.0779, s1.acc: 93.5806, s1.loss_bbox: 0.1548, s1.loss_mask: 0.2180, s2.loss_cls: 0.0403, s2.acc: 93.1532, s2.loss_bbox: 0.0597, s2.loss_mask: 0.1031, loss: 1.6260, grad_norm: 2.1212
2023-07-30 12:08:28,626 - mmdet - INFO - Epoch [12][60/70]	lr: 2.693e-05, eta: 0:37:01, time: 5.723, data_time: 0.030, memory: 33734, loss_rpn_cls: 0.0222, loss_rpn_bbox: 0.0228, s0.loss_cls: 0.1635, s0.acc: 93.2715, s0.loss_bbox: 0.3352, s0.loss_mask: 0.4526, s1.loss_cls: 0.0842, s1.acc: 93.1206, s1.loss_bbox: 0.1595, s1.loss_mask: 0.2186, s2.loss_cls: 0.0424, s2.acc: 92.3823, s2.loss_bbox: 0.0616, s2.loss_mask: 0.1055, loss: 1.6681, grad_norm: 2.1093
2023-07-30 12:10:49,008 - mmdet - INFO - Evaluating segm...
2023-07-30 12:10:49,944 - mmdet - INFO - 
 Average Precision  (AP) @[ IoU=0.50:0.95 | area=   all | maxDets=100 ] = 0.529
 Average Precision  (AP) @[ IoU=0.50      | area=   all | maxDets=1000 ] = 0.850
 Average Precision  (AP) @[ IoU=0.75      | area=   all | maxDets=1000 ] = 0.602
 Average Precision  (AP) @[ IoU=0.50:0.95 | area= small | maxDets=1000 ] = 0.443
 Average Precision  (AP) @[ IoU=0.50:0.95 | area=medium | maxDets=1000 ] = 0.618
 Average Precision  (AP) @[ IoU=0.50:0.95 | area= large | maxDets=1000 ] = 0.787
 Average Recall     (AR) @[ IoU=0.50:0.95 | area=   all | maxDets=100 ] = 0.661
 Average Recall     (AR) @[ IoU=0.50:0.95 | area=   all | maxDets=300 ] = 0.661
 Average Recall     (AR) @[ IoU=0.50:0.95 | area=   all | maxDets=1000 ] = 0.661
 Average Recall     (AR) @[ IoU=0.50:0.95 | area= small | maxDets=1000 ] = 0.611
 Average Recall     (AR) @[ IoU=0.50:0.95 | area=medium | maxDets=1000 ] = 0.719
 Average Recall     (AR) @[ IoU=0.50:0.95 | area= large | maxDets=1000 ] = 0.829

2023-07-30 12:10:50,339 - mmdet - INFO - The previous best checkpoint /home/nischay/hubmap/vitadap/detection/work_dirs/pretexp4_adapbeitv2lhtc_1400_ds2wsiall_ps60exp2_lossw2_adamp2_leak/f0/best_segm_mAP_epoch_11.pth was removed
2023-07-30 12:10:56,054 - mmdet - INFO - Now best checkpoint is saved as best_segm_mAP_epoch_12.pth.
2023-07-30 12:10:56,054 - mmdet - INFO - Best segm_mAP is 0.5294 at 12 epoch.
2023-07-30 12:10:56,054 - mmdet - INFO - Exp name: exp4_adapbeitv2l_withps50exp2.py
2023-07-30 12:10:56,055 - mmdet - INFO - Epoch(val) [12][29]	segm_mAP: 0.5294, segm_mAP_50: 0.8505, segm_mAP_75: 0.6017, segm_mAP_s: 0.4431, segm_mAP_m: 0.6183, segm_mAP_l: 0.7866, segm_mAP_copypaste: 0.5294 0.8505 0.6017 0.4431 0.6183 0.7866
2023-07-30 12:13:05,052 - mmdet - INFO - Epoch [13][20/70]	lr: 2.375e-05, eta: 0:34:14, time: 6.449, data_time: 0.809, memory: 33734, loss_rpn_cls: 0.0200, loss_rpn_bbox: 0.0238, s0.loss_cls: 0.1600, s0.acc: 93.4733, s0.loss_bbox: 0.3361, s0.loss_mask: 0.4329, s1.loss_cls: 0.0808, s1.acc: 93.3262, s1.loss_bbox: 0.1611, s1.loss_mask: 0.2078, s2.loss_cls: 0.0427, s2.acc: 92.5962, s2.loss_bbox: 0.0618, s2.loss_mask: 0.1005, loss: 1.6276, grad_norm: 2.0646
2023-07-30 12:14:58,992 - mmdet - INFO - Epoch [13][40/70]	lr: 2.170e-05, eta: 0:32:36, time: 5.697, data_time: 0.035, memory: 33734, loss_rpn_cls: 0.0145, loss_rpn_bbox: 0.0197, s0.loss_cls: 0.1504, s0.acc: 93.8493, s0.loss_bbox: 0.3103, s0.loss_mask: 0.4484, s1.loss_cls: 0.0775, s1.acc: 93.4251, s1.loss_bbox: 0.1515, s1.loss_mask: 0.2165, s2.loss_cls: 0.0415, s2.acc: 92.7827, s2.loss_bbox: 0.0579, s2.loss_mask: 0.1026, loss: 1.5908, grad_norm: 2.0981
2023-07-30 12:16:52,842 - mmdet - INFO - Epoch [13][60/70]	lr: 1.973e-05, eta: 0:30:57, time: 5.692, data_time: 0.042, memory: 33734, loss_rpn_cls: 0.0224, loss_rpn_bbox: 0.0187, s0.loss_cls: 0.1559, s0.acc: 93.5352, s0.loss_bbox: 0.3275, s0.loss_mask: 0.4472, s1.loss_cls: 0.0802, s1.acc: 93.2272, s1.loss_bbox: 0.1616, s1.loss_mask: 0.2174, s2.loss_cls: 0.0421, s2.acc: 92.5974, s2.loss_bbox: 0.0624, s2.loss_mask: 0.1045, loss: 1.6399, grad_norm: 2.1044
2023-07-30 12:19:13,272 - mmdet - INFO - Evaluating segm...
2023-07-30 12:19:14,208 - mmdet - INFO - 
 Average Precision  (AP) @[ IoU=0.50:0.95 | area=   all | maxDets=100 ] = 0.533
 Average Precision  (AP) @[ IoU=0.50      | area=   all | maxDets=1000 ] = 0.852
 Average Precision  (AP) @[ IoU=0.75      | area=   all | maxDets=1000 ] = 0.623
 Average Precision  (AP) @[ IoU=0.50:0.95 | area= small | maxDets=1000 ] = 0.452
 Average Precision  (AP) @[ IoU=0.50:0.95 | area=medium | maxDets=1000 ] = 0.617
 Average Precision  (AP) @[ IoU=0.50:0.95 | area= large | maxDets=1000 ] = 0.771
 Average Recall     (AR) @[ IoU=0.50:0.95 | area=   all | maxDets=100 ] = 0.663
 Average Recall     (AR) @[ IoU=0.50:0.95 | area=   all | maxDets=300 ] = 0.663
 Average Recall     (AR) @[ IoU=0.50:0.95 | area=   all | maxDets=1000 ] = 0.663
 Average Recall     (AR) @[ IoU=0.50:0.95 | area= small | maxDets=1000 ] = 0.616
 Average Recall     (AR) @[ IoU=0.50:0.95 | area=medium | maxDets=1000 ] = 0.716
 Average Recall     (AR) @[ IoU=0.50:0.95 | area= large | maxDets=1000 ] = 0.824

2023-07-30 12:19:14,603 - mmdet - INFO - The previous best checkpoint /home/nischay/hubmap/vitadap/detection/work_dirs/pretexp4_adapbeitv2lhtc_1400_ds2wsiall_ps60exp2_lossw2_adamp2_leak/f0/best_segm_mAP_epoch_12.pth was removed
2023-07-30 12:19:20,284 - mmdet - INFO - Now best checkpoint is saved as best_segm_mAP_epoch_13.pth.
2023-07-30 12:19:20,285 - mmdet - INFO - Best segm_mAP is 0.5326 at 13 epoch.
2023-07-30 12:19:20,285 - mmdet - INFO - Exp name: exp4_adapbeitv2l_withps50exp2.py
2023-07-30 12:19:20,285 - mmdet - INFO - Epoch(val) [13][29]	segm_mAP: 0.5326, segm_mAP_50: 0.8516, segm_mAP_75: 0.6226, segm_mAP_s: 0.4517, segm_mAP_m: 0.6166, segm_mAP_l: 0.7709, segm_mAP_copypaste: 0.5326 0.8516 0.6226 0.4517 0.6166 0.7709
2023-07-30 12:21:29,576 - mmdet - INFO - Epoch [14][20/70]	lr: 1.692e-05, eta: 0:28:13, time: 6.464, data_time: 0.805, memory: 33734, loss_rpn_cls: 0.0191, loss_rpn_bbox: 0.0213, s0.loss_cls: 0.1577, s0.acc: 93.2878, s0.loss_bbox: 0.3119, s0.loss_mask: 0.4294, s1.loss_cls: 0.0831, s1.acc: 92.7575, s1.loss_bbox: 0.1463, s1.loss_mask: 0.2064, s2.loss_cls: 0.0421, s2.acc: 92.7936, s2.loss_bbox: 0.0551, s2.loss_mask: 0.0983, loss: 1.5705, grad_norm: 2.0273
2023-07-30 12:23:24,083 - mmdet - INFO - Epoch [14][40/70]	lr: 1.515e-05, eta: 0:26:35, time: 5.725, data_time: 0.036, memory: 33734, loss_rpn_cls: 0.0198, loss_rpn_bbox: 0.0183, s0.loss_cls: 0.1489, s0.acc: 93.9518, s0.loss_bbox: 0.3082, s0.loss_mask: 0.4349, s1.loss_cls: 0.0753, s1.acc: 93.8532, s1.loss_bbox: 0.1518, s1.loss_mask: 0.2114, s2.loss_cls: 0.0384, s2.acc: 93.5609, s2.loss_bbox: 0.0624, s2.loss_mask: 0.1027, loss: 1.5721, grad_norm: 2.1600
2023-07-30 12:25:18,198 - mmdet - INFO - Epoch [14][60/70]	lr: 1.347e-05, eta: 0:24:55, time: 5.706, data_time: 0.031, memory: 33734, loss_rpn_cls: 0.0231, loss_rpn_bbox: 0.0195, s0.loss_cls: 0.1545, s0.acc: 93.7467, s0.loss_bbox: 0.3192, s0.loss_mask: 0.4339, s1.loss_cls: 0.0792, s1.acc: 93.3557, s1.loss_bbox: 0.1476, s1.loss_mask: 0.2057, s2.loss_cls: 0.0391, s2.acc: 93.4160, s2.loss_bbox: 0.0561, s2.loss_mask: 0.0999, loss: 1.5778, grad_norm: 1.9572
2023-07-30 12:27:38,722 - mmdet - INFO - Evaluating segm...
2023-07-30 12:27:39,669 - mmdet - INFO - 
 Average Precision  (AP) @[ IoU=0.50:0.95 | area=   all | maxDets=100 ] = 0.538
 Average Precision  (AP) @[ IoU=0.50      | area=   all | maxDets=1000 ] = 0.858
 Average Precision  (AP) @[ IoU=0.75      | area=   all | maxDets=1000 ] = 0.626
 Average Precision  (AP) @[ IoU=0.50:0.95 | area= small | maxDets=1000 ] = 0.451
 Average Precision  (AP) @[ IoU=0.50:0.95 | area=medium | maxDets=1000 ] = 0.627
 Average Precision  (AP) @[ IoU=0.50:0.95 | area= large | maxDets=1000 ] = 0.785
 Average Recall     (AR) @[ IoU=0.50:0.95 | area=   all | maxDets=100 ] = 0.670
 Average Recall     (AR) @[ IoU=0.50:0.95 | area=   all | maxDets=300 ] = 0.670
 Average Recall     (AR) @[ IoU=0.50:0.95 | area=   all | maxDets=1000 ] = 0.670
 Average Recall     (AR) @[ IoU=0.50:0.95 | area= small | maxDets=1000 ] = 0.618
 Average Recall     (AR) @[ IoU=0.50:0.95 | area=medium | maxDets=1000 ] = 0.730
 Average Recall     (AR) @[ IoU=0.50:0.95 | area= large | maxDets=1000 ] = 0.835

2023-07-30 12:27:40,064 - mmdet - INFO - The previous best checkpoint /home/nischay/hubmap/vitadap/detection/work_dirs/pretexp4_adapbeitv2lhtc_1400_ds2wsiall_ps60exp2_lossw2_adamp2_leak/f0/best_segm_mAP_epoch_13.pth was removed
2023-07-30 12:27:45,735 - mmdet - INFO - Now best checkpoint is saved as best_segm_mAP_epoch_14.pth.
2023-07-30 12:27:45,736 - mmdet - INFO - Best segm_mAP is 0.5379 at 14 epoch.
2023-07-30 12:27:45,736 - mmdet - INFO - Exp name: exp4_adapbeitv2l_withps50exp2.py
2023-07-30 12:27:45,736 - mmdet - INFO - Epoch(val) [14][29]	segm_mAP: 0.5379, segm_mAP_50: 0.8585, segm_mAP_75: 0.6258, segm_mAP_s: 0.4511, segm_mAP_m: 0.6273, segm_mAP_l: 0.7848, segm_mAP_copypaste: 0.5379 0.8585 0.6258 0.4511 0.6273 0.7848
2023-07-30 12:29:55,300 - mmdet - INFO - Exp name: exp4_adapbeitv2l_withps50exp2.py
2023-07-30 12:29:55,300 - mmdet - INFO - Epoch [15][20/70]	lr: 1.112e-05, eta: 0:22:14, time: 6.478, data_time: 0.805, memory: 33734, loss_rpn_cls: 0.0173, loss_rpn_bbox: 0.0189, s0.loss_cls: 0.1506, s0.acc: 93.8965, s0.loss_bbox: 0.3124, s0.loss_mask: 0.4228, s1.loss_cls: 0.0762, s1.acc: 93.6881, s1.loss_bbox: 0.1509, s1.loss_mask: 0.2045, s2.loss_cls: 0.0403, s2.acc: 93.0822, s2.loss_bbox: 0.0573, s2.loss_mask: 0.0981, loss: 1.5493, grad_norm: 1.9964
2023-07-30 12:31:49,896 - mmdet - INFO - Epoch [15][40/70]	lr: 9.671e-06, eta: 0:20:34, time: 5.730, data_time: 0.034, memory: 33734, loss_rpn_cls: 0.0200, loss_rpn_bbox: 0.0215, s0.loss_cls: 0.1612, s0.acc: 93.6637, s0.loss_bbox: 0.3326, s0.loss_mask: 0.4426, s1.loss_cls: 0.0819, s1.acc: 93.5754, s1.loss_bbox: 0.1569, s1.loss_mask: 0.2142, s2.loss_cls: 0.0416, s2.acc: 93.2584, s2.loss_bbox: 0.0620, s2.loss_mask: 0.1020, loss: 1.6366, grad_norm: 2.3919
2023-07-30 12:33:44,102 - mmdet - INFO - Epoch [15][60/70]	lr: 8.327e-06, eta: 0:18:53, time: 5.710, data_time: 0.044, memory: 33734, loss_rpn_cls: 0.0168, loss_rpn_bbox: 0.0199, s0.loss_cls: 0.1460, s0.acc: 94.0381, s0.loss_bbox: 0.3123, s0.loss_mask: 0.4266, s1.loss_cls: 0.0745, s1.acc: 93.7431, s1.loss_bbox: 0.1502, s1.loss_mask: 0.2067, s2.loss_cls: 0.0381, s2.acc: 93.4695, s2.loss_bbox: 0.0592, s2.loss_mask: 0.0990, loss: 1.5493, grad_norm: 1.9481
2023-07-30 12:36:04,215 - mmdet - INFO - Evaluating segm...
2023-07-30 12:36:05,142 - mmdet - INFO - 
 Average Precision  (AP) @[ IoU=0.50:0.95 | area=   all | maxDets=100 ] = 0.544
 Average Precision  (AP) @[ IoU=0.50      | area=   all | maxDets=1000 ] = 0.860
 Average Precision  (AP) @[ IoU=0.75      | area=   all | maxDets=1000 ] = 0.638
 Average Precision  (AP) @[ IoU=0.50:0.95 | area= small | maxDets=1000 ] = 0.459
 Average Precision  (AP) @[ IoU=0.50:0.95 | area=medium | maxDets=1000 ] = 0.630
 Average Precision  (AP) @[ IoU=0.50:0.95 | area= large | maxDets=1000 ] = 0.795
 Average Recall     (AR) @[ IoU=0.50:0.95 | area=   all | maxDets=100 ] = 0.672
 Average Recall     (AR) @[ IoU=0.50:0.95 | area=   all | maxDets=300 ] = 0.672
 Average Recall     (AR) @[ IoU=0.50:0.95 | area=   all | maxDets=1000 ] = 0.672
 Average Recall     (AR) @[ IoU=0.50:0.95 | area= small | maxDets=1000 ] = 0.625
 Average Recall     (AR) @[ IoU=0.50:0.95 | area=medium | maxDets=1000 ] = 0.727
 Average Recall     (AR) @[ IoU=0.50:0.95 | area= large | maxDets=1000 ] = 0.824

2023-07-30 12:36:05,540 - mmdet - INFO - The previous best checkpoint /home/nischay/hubmap/vitadap/detection/work_dirs/pretexp4_adapbeitv2lhtc_1400_ds2wsiall_ps60exp2_lossw2_adamp2_leak/f0/best_segm_mAP_epoch_14.pth was removed
2023-07-30 12:36:11,265 - mmdet - INFO - Now best checkpoint is saved as best_segm_mAP_epoch_15.pth.
2023-07-30 12:36:11,266 - mmdet - INFO - Best segm_mAP is 0.5437 at 15 epoch.
2023-07-30 12:36:11,266 - mmdet - INFO - Exp name: exp4_adapbeitv2l_withps50exp2.py
2023-07-30 12:36:11,266 - mmdet - INFO - Epoch(val) [15][29]	segm_mAP: 0.5437, segm_mAP_50: 0.8603, segm_mAP_75: 0.6377, segm_mAP_s: 0.4592, segm_mAP_m: 0.6296, segm_mAP_l: 0.7954, segm_mAP_copypaste: 0.5437 0.8603 0.6377 0.4592 0.6296 0.7954
2023-07-30 12:38:20,562 - mmdet - INFO - Epoch [16][20/70]	lr: 6.508e-06, eta: 0:16:14, time: 6.464, data_time: 0.808, memory: 33734, loss_rpn_cls: 0.0203, loss_rpn_bbox: 0.0208, s0.loss_cls: 0.1629, s0.acc: 93.2764, s0.loss_bbox: 0.3428, s0.loss_mask: 0.4488, s1.loss_cls: 0.0820, s1.acc: 93.2196, s1.loss_bbox: 0.1594, s1.loss_mask: 0.2158, s2.loss_cls: 0.0428, s2.acc: 92.7820, s2.loss_bbox: 0.0605, s2.loss_mask: 0.1039, loss: 1.6600, grad_norm: 2.1323
2023-07-30 12:40:14,509 - mmdet - INFO - Epoch [16][40/70]	lr: 5.431e-06, eta: 0:14:34, time: 5.697, data_time: 0.043, memory: 33734, loss_rpn_cls: 0.0181, loss_rpn_bbox: 0.0163, s0.loss_cls: 0.1391, s0.acc: 94.5671, s0.loss_bbox: 0.2855, s0.loss_mask: 0.4448, s1.loss_cls: 0.0699, s1.acc: 94.5042, s1.loss_bbox: 0.1400, s1.loss_mask: 0.2135, s2.loss_cls: 0.0363, s2.acc: 93.8322, s2.loss_bbox: 0.0539, s2.loss_mask: 0.1014, loss: 1.5188, grad_norm: 2.0051
2023-07-30 12:42:08,908 - mmdet - INFO - Epoch [16][60/70]	lr: 4.467e-06, eta: 0:12:52, time: 5.720, data_time: 0.033, memory: 33734, loss_rpn_cls: 0.0231, loss_rpn_bbox: 0.0195, s0.loss_cls: 0.1520, s0.acc: 93.7126, s0.loss_bbox: 0.3187, s0.loss_mask: 0.4142, s1.loss_cls: 0.0768, s1.acc: 93.6339, s1.loss_bbox: 0.1505, s1.loss_mask: 0.2022, s2.loss_cls: 0.0399, s2.acc: 93.0344, s2.loss_bbox: 0.0581, s2.loss_mask: 0.0960, loss: 1.5510, grad_norm: 1.9318
2023-07-30 12:44:29,274 - mmdet - INFO - Evaluating segm...
2023-07-30 12:44:30,215 - mmdet - INFO - 
 Average Precision  (AP) @[ IoU=0.50:0.95 | area=   all | maxDets=100 ] = 0.542
 Average Precision  (AP) @[ IoU=0.50      | area=   all | maxDets=1000 ] = 0.865
 Average Precision  (AP) @[ IoU=0.75      | area=   all | maxDets=1000 ] = 0.631
 Average Precision  (AP) @[ IoU=0.50:0.95 | area= small | maxDets=1000 ] = 0.457
 Average Precision  (AP) @[ IoU=0.50:0.95 | area=medium | maxDets=1000 ] = 0.629
 Average Precision  (AP) @[ IoU=0.50:0.95 | area= large | maxDets=1000 ] = 0.796
 Average Recall     (AR) @[ IoU=0.50:0.95 | area=   all | maxDets=100 ] = 0.670
 Average Recall     (AR) @[ IoU=0.50:0.95 | area=   all | maxDets=300 ] = 0.670
 Average Recall     (AR) @[ IoU=0.50:0.95 | area=   all | maxDets=1000 ] = 0.670
 Average Recall     (AR) @[ IoU=0.50:0.95 | area= small | maxDets=1000 ] = 0.621
 Average Recall     (AR) @[ IoU=0.50:0.95 | area=medium | maxDets=1000 ] = 0.727
 Average Recall     (AR) @[ IoU=0.50:0.95 | area= large | maxDets=1000 ] = 0.829

2023-07-30 12:44:30,223 - mmdet - INFO - Exp name: exp4_adapbeitv2l_withps50exp2.py
2023-07-30 12:44:30,223 - mmdet - INFO - Epoch(val) [16][29]	segm_mAP: 0.5420, segm_mAP_50: 0.8653, segm_mAP_75: 0.6307, segm_mAP_s: 0.4573, segm_mAP_m: 0.6288, segm_mAP_l: 0.7960, segm_mAP_copypaste: 0.5420 0.8653 0.6307 0.4573 0.6288 0.7960
2023-07-30 12:46:39,966 - mmdet - INFO - Epoch [17][20/70]	lr: 3.236e-06, eta: 0:10:15, time: 6.487, data_time: 0.813, memory: 33734, loss_rpn_cls: 0.0237, loss_rpn_bbox: 0.0239, s0.loss_cls: 0.1617, s0.acc: 93.3659, s0.loss_bbox: 0.3329, s0.loss_mask: 0.4165, s1.loss_cls: 0.0822, s1.acc: 93.1044, s1.loss_bbox: 0.1589, s1.loss_mask: 0.2024, s2.loss_cls: 0.0421, s2.acc: 92.7583, s2.loss_bbox: 0.0617, s2.loss_mask: 0.0977, loss: 1.6038, grad_norm: 2.0060
2023-07-30 12:48:34,115 - mmdet - INFO - Epoch [17][40/70]	lr: 2.561e-06, eta: 0:08:33, time: 5.707, data_time: 0.034, memory: 33734, loss_rpn_cls: 0.0180, loss_rpn_bbox: 0.0199, s0.loss_cls: 0.1400, s0.acc: 94.3343, s0.loss_bbox: 0.2921, s0.loss_mask: 0.4057, s1.loss_cls: 0.0714, s1.acc: 94.1903, s1.loss_bbox: 0.1426, s1.loss_mask: 0.1970, s2.loss_cls: 0.0371, s2.acc: 93.7346, s2.loss_bbox: 0.0558, s2.loss_mask: 0.0949, loss: 1.4745, grad_norm: 2.0749
2023-07-30 12:50:28,456 - mmdet - INFO - Epoch [17][60/70]	lr: 2.006e-06, eta: 0:06:51, time: 5.717, data_time: 0.037, memory: 33734, loss_rpn_cls: 0.0165, loss_rpn_bbox: 0.0231, s0.loss_cls: 0.1527, s0.acc: 93.8249, s0.loss_bbox: 0.3147, s0.loss_mask: 0.4365, s1.loss_cls: 0.0777, s1.acc: 93.6980, s1.loss_bbox: 0.1451, s1.loss_mask: 0.2093, s2.loss_cls: 0.0398, s2.acc: 93.4735, s2.loss_bbox: 0.0557, s2.loss_mask: 0.1003, loss: 1.5713, grad_norm: 2.1434
2023-07-30 12:52:48,821 - mmdet - INFO - Evaluating segm...
2023-07-30 12:52:49,748 - mmdet - INFO - 
 Average Precision  (AP) @[ IoU=0.50:0.95 | area=   all | maxDets=100 ] = 0.543
 Average Precision  (AP) @[ IoU=0.50      | area=   all | maxDets=1000 ] = 0.866
 Average Precision  (AP) @[ IoU=0.75      | area=   all | maxDets=1000 ] = 0.636
 Average Precision  (AP) @[ IoU=0.50:0.95 | area= small | maxDets=1000 ] = 0.456
 Average Precision  (AP) @[ IoU=0.50:0.95 | area=medium | maxDets=1000 ] = 0.632
 Average Precision  (AP) @[ IoU=0.50:0.95 | area= large | maxDets=1000 ] = 0.795
 Average Recall     (AR) @[ IoU=0.50:0.95 | area=   all | maxDets=100 ] = 0.668
 Average Recall     (AR) @[ IoU=0.50:0.95 | area=   all | maxDets=300 ] = 0.668
 Average Recall     (AR) @[ IoU=0.50:0.95 | area=   all | maxDets=1000 ] = 0.668
 Average Recall     (AR) @[ IoU=0.50:0.95 | area= small | maxDets=1000 ] = 0.615
 Average Recall     (AR) @[ IoU=0.50:0.95 | area=medium | maxDets=1000 ] = 0.730
 Average Recall     (AR) @[ IoU=0.50:0.95 | area= large | maxDets=1000 ] = 0.824

2023-07-30 12:52:49,756 - mmdet - INFO - Exp name: exp4_adapbeitv2l_withps50exp2.py
2023-07-30 12:52:49,756 - mmdet - INFO - Epoch(val) [17][29]	segm_mAP: 0.5426, segm_mAP_50: 0.8659, segm_mAP_75: 0.6356, segm_mAP_s: 0.4555, segm_mAP_m: 0.6323, segm_mAP_l: 0.7954, segm_mAP_copypaste: 0.5426 0.8659 0.6356 0.4555 0.6323 0.7954
2023-07-30 12:54:59,640 - mmdet - INFO - Epoch [18][20/70]	lr: 1.400e-06, eta: 0:04:16, time: 6.494, data_time: 0.818, memory: 33734, loss_rpn_cls: 0.0199, loss_rpn_bbox: 0.0222, s0.loss_cls: 0.1448, s0.acc: 94.2301, s0.loss_bbox: 0.3060, s0.loss_mask: 0.4126, s1.loss_cls: 0.0712, s1.acc: 94.2487, s1.loss_bbox: 0.1441, s1.loss_mask: 0.1998, s2.loss_cls: 0.0375, s2.acc: 93.5237, s2.loss_bbox: 0.0567, s2.loss_mask: 0.0962, loss: 1.5112, grad_norm: 1.8946
2023-07-30 12:56:53,781 - mmdet - INFO - Epoch [18][40/70]	lr: 1.148e-06, eta: 0:02:34, time: 5.707, data_time: 0.029, memory: 33734, loss_rpn_cls: 0.0144, loss_rpn_bbox: 0.0195, s0.loss_cls: 0.1492, s0.acc: 94.0804, s0.loss_bbox: 0.3128, s0.loss_mask: 0.4264, s1.loss_cls: 0.0726, s1.acc: 94.2946, s1.loss_bbox: 0.1518, s1.loss_mask: 0.2066, s2.loss_cls: 0.0369, s2.acc: 93.9557, s2.loss_bbox: 0.0612, s2.loss_mask: 0.1000, loss: 1.5515, grad_norm: 1.9756
2023-07-30 12:58:48,021 - mmdet - INFO - Epoch [18][60/70]	lr: 1.019e-06, eta: 0:00:51, time: 5.712, data_time: 0.043, memory: 33734, loss_rpn_cls: 0.0228, loss_rpn_bbox: 0.0252, s0.loss_cls: 0.1595, s0.acc: 93.4782, s0.loss_bbox: 0.3369, s0.loss_mask: 0.4255, s1.loss_cls: 0.0795, s1.acc: 93.3453, s1.loss_bbox: 0.1629, s1.loss_mask: 0.2058, s2.loss_cls: 0.0424, s2.acc: 92.8221, s2.loss_bbox: 0.0627, s2.loss_mask: 0.0986, loss: 1.6217, grad_norm: 2.2415
2023-07-30 12:59:45,421 - mmdet - INFO - Saving checkpoint at 18 epochs
2023-07-30 13:01:13,850 - mmdet - INFO - Evaluating segm...
2023-07-30 13:01:14,777 - mmdet - INFO - 
 Average Precision  (AP) @[ IoU=0.50:0.95 | area=   all | maxDets=100 ] = 0.544
 Average Precision  (AP) @[ IoU=0.50      | area=   all | maxDets=1000 ] = 0.866
 Average Precision  (AP) @[ IoU=0.75      | area=   all | maxDets=1000 ] = 0.639
 Average Precision  (AP) @[ IoU=0.50:0.95 | area= small | maxDets=1000 ] = 0.459
 Average Precision  (AP) @[ IoU=0.50:0.95 | area=medium | maxDets=1000 ] = 0.632
 Average Precision  (AP) @[ IoU=0.50:0.95 | area= large | maxDets=1000 ] = 0.795
 Average Recall     (AR) @[ IoU=0.50:0.95 | area=   all | maxDets=100 ] = 0.671
 Average Recall     (AR) @[ IoU=0.50:0.95 | area=   all | maxDets=300 ] = 0.671
 Average Recall     (AR) @[ IoU=0.50:0.95 | area=   all | maxDets=1000 ] = 0.671
 Average Recall     (AR) @[ IoU=0.50:0.95 | area= small | maxDets=1000 ] = 0.621
 Average Recall     (AR) @[ IoU=0.50:0.95 | area=medium | maxDets=1000 ] = 0.729
 Average Recall     (AR) @[ IoU=0.50:0.95 | area= large | maxDets=1000 ] = 0.824

2023-07-30 13:01:15,179 - mmdet - INFO - The previous best checkpoint /home/nischay/hubmap/vitadap/detection/work_dirs/pretexp4_adapbeitv2lhtc_1400_ds2wsiall_ps60exp2_lossw2_adamp2_leak/f0/best_segm_mAP_epoch_15.pth was removed
2023-07-30 13:01:20,902 - mmdet - INFO - Now best checkpoint is saved as best_segm_mAP_epoch_18.pth.
2023-07-30 13:01:20,903 - mmdet - INFO - Best segm_mAP is 0.5441 at 18 epoch.
2023-07-30 13:01:20,903 - mmdet - INFO - Exp name: exp4_adapbeitv2l_withps50exp2.py
2023-07-30 13:01:20,903 - mmdet - INFO - Epoch(val) [18][29]	segm_mAP: 0.5441, segm_mAP_50: 0.8664, segm_mAP_75: 0.6386, segm_mAP_s: 0.4594, segm_mAP_m: 0.6315, segm_mAP_l: 0.7954, segm_mAP_copypaste: 0.5441 0.8664 0.6386 0.4594 0.6315 0.7954
