2023-07-13 03:49:22,491 - mmdet - INFO - Environment info:
------------------------------------------------------------
sys.platform: linux
Python: 3.8.10 (default, May 26 2023, 14:05:08) [GCC 9.4.0]
CUDA available: True
GPU 0,1,2: NVIDIA RTX A6000
CUDA_HOME: /usr/local/cuda
NVCC: Cuda compilation tools, release 11.7, V11.7.99
GCC: x86_64-linux-gnu-gcc (Ubuntu 9.4.0-1ubuntu1~20.04.1) 9.4.0
PyTorch: 1.13.1+cu117
PyTorch compiling details: PyTorch built with:
  - GCC 9.3
  - C++ Version: 201402
  - Intel(R) Math Kernel Library Version 2020.0.0 Product Build 20191122 for Intel(R) 64 architecture applications
  - Intel(R) MKL-DNN v2.6.0 (Git Hash 52b5f107dd9cf10910aaa19cb47f3abf9b349815)
  - OpenMP 201511 (a.k.a. OpenMP 4.5)
  - LAPACK is enabled (usually provided by MKL)
  - NNPACK is enabled
  - CPU capability usage: AVX2
  - CUDA Runtime 11.7
  - NVCC architecture flags: -gencode;arch=compute_37,code=sm_37;-gencode;arch=compute_50,code=sm_50;-gencode;arch=compute_60,code=sm_60;-gencode;arch=compute_70,code=sm_70;-gencode;arch=compute_75,code=sm_75;-gencode;arch=compute_80,code=sm_80;-gencode;arch=compute_86,code=sm_86
  - CuDNN 8.5
  - Magma 2.6.1
  - Build settings: BLAS_INFO=mkl, BUILD_TYPE=Release, CUDA_VERSION=11.7, CUDNN_VERSION=8.5.0, CXX_COMPILER=/opt/rh/devtoolset-9/root/usr/bin/c++, CXX_FLAGS= -fabi-version=11 -Wno-deprecated -fvisibility-inlines-hidden -DUSE_PTHREADPOOL -fopenmp -DNDEBUG -DUSE_KINETO -DUSE_FBGEMM -DUSE_QNNPACK -DUSE_PYTORCH_QNNPACK -DUSE_XNNPACK -DSYMBOLICATE_MOBILE_DEBUG_HANDLE -DEDGE_PROFILER_USE_KINETO -O2 -fPIC -Wno-narrowing -Wall -Wextra -Werror=return-type -Werror=non-virtual-dtor -Wno-missing-field-initializers -Wno-type-limits -Wno-array-bounds -Wno-unknown-pragmas -Wunused-local-typedefs -Wno-unused-parameter -Wno-unused-function -Wno-unused-result -Wno-strict-overflow -Wno-strict-aliasing -Wno-error=deprecated-declarations -Wno-stringop-overflow -Wno-psabi -Wno-error=pedantic -Wno-error=redundant-decls -Wno-error=old-style-cast -fdiagnostics-color=always -faligned-new -Wno-unused-but-set-variable -Wno-maybe-uninitialized -fno-math-errno -fno-trapping-math -Werror=format -Werror=cast-function-type -Wno-stringop-overflow, LAPACK_INFO=mkl, PERF_WITH_AVX=1, PERF_WITH_AVX2=1, PERF_WITH_AVX512=1, TORCH_VERSION=1.13.1, USE_CUDA=ON, USE_CUDNN=ON, USE_EXCEPTION_PTR=1, USE_GFLAGS=OFF, USE_GLOG=OFF, USE_MKL=ON, USE_MKLDNN=ON, USE_MPI=OFF, USE_NCCL=ON, USE_NNPACK=ON, USE_OPENMP=ON, USE_ROCM=OFF, 

TorchVision: 0.14.1+cu117
OpenCV: 4.7.0
MMCV: 1.7.1
MMCV Compiler: GCC 9.4
MMCV CUDA Compiler: 11.7
MMDetection: 2.25.3+aac4634
------------------------------------------------------------

2023-07-13 03:49:23,292 - mmdet - INFO - Distributed training: True
2023-07-13 03:49:24,085 - mmdet - INFO - Config:
model = dict(
    type='HybridTaskCascade',
    backbone=dict(
        type='DetectoRS_ResNeXt',
        depth=101,
        num_stages=4,
        groups=32,
        base_width=4,
        out_indices=(0, 1, 2, 3),
        frozen_stages=1,
        norm_cfg=dict(type='BN', requires_grad=True),
        norm_eval=True,
        style='pytorch',
        conv_cfg=dict(type='ConvAWS'),
        sac=dict(type='SAC', use_deform=True),
        stage_with_sac=(False, True, True, True),
        output_img=True),
    neck=dict(
        type='RFP',
        rfp_steps=2,
        aspp_out_channels=64,
        aspp_dilations=(1, 3, 6, 1),
        in_channels=[256, 512, 1024, 2048],
        out_channels=256,
        num_outs=5,
        rfp_backbone=dict(
            rfp_inplanes=256,
            type='DetectoRS_ResNeXt',
            depth=101,
            groups=32,
            base_width=4,
            num_stages=4,
            out_indices=(0, 1, 2, 3),
            frozen_stages=1,
            norm_cfg=dict(type='BN', requires_grad=True),
            norm_eval=True,
            conv_cfg=dict(type='ConvAWS'),
            sac=dict(type='SAC', use_deform=True),
            stage_with_sac=(False, True, True, True),
            style='pytorch')),
    rpn_head=dict(
        type='RPNHead',
        in_channels=256,
        feat_channels=256,
        anchor_generator=dict(
            type='AnchorGenerator',
            scales=[8],
            ratios=[0.5, 1.0, 2.0],
            strides=[4, 8, 16, 32, 64]),
        bbox_coder=dict(
            type='DeltaXYWHBBoxCoder',
            target_means=[0.0, 0.0, 0.0, 0.0],
            target_stds=[1.0, 1.0, 1.0, 1.0]),
        loss_cls=dict(
            type='CrossEntropyLoss', use_sigmoid=True, loss_weight=1.0),
        loss_bbox=dict(
            type='SmoothL1Loss', beta=0.1111111111111111, loss_weight=1.0)),
    roi_head=dict(
        type='HybridTaskCascadeRoIHead',
        interleaved=True,
        mask_info_flow=True,
        num_stages=3,
        stage_loss_weights=[1, 0.5, 0.25],
        bbox_roi_extractor=dict(
            type='SingleRoIExtractor',
            roi_layer=dict(type='RoIAlign', output_size=7, sampling_ratio=0),
            out_channels=256,
            featmap_strides=[4, 8, 16, 32]),
        bbox_head=[
            dict(
                type='Shared2FCBBoxHead',
                in_channels=256,
                fc_out_channels=1024,
                roi_feat_size=7,
                num_classes=1,
                bbox_coder=dict(
                    type='DeltaXYWHBBoxCoder',
                    target_means=[0.0, 0.0, 0.0, 0.0],
                    target_stds=[0.1, 0.1, 0.2, 0.2]),
                reg_class_agnostic=True,
                loss_cls=dict(
                    type='CrossEntropyLoss',
                    use_sigmoid=False,
                    loss_weight=1.0),
                loss_bbox=dict(type='SmoothL1Loss', beta=1, loss_weight=1.0)),
            dict(
                type='Shared2FCBBoxHead',
                in_channels=256,
                fc_out_channels=1024,
                roi_feat_size=7,
                num_classes=1,
                bbox_coder=dict(
                    type='DeltaXYWHBBoxCoder',
                    target_means=[0.0, 0.0, 0.0, 0.0],
                    target_stds=[0.05, 0.05, 0.1, 0.1]),
                reg_class_agnostic=True,
                loss_cls=dict(
                    type='CrossEntropyLoss',
                    use_sigmoid=False,
                    loss_weight=1.0),
                loss_bbox=dict(type='SmoothL1Loss', beta=1, loss_weight=1.0)),
            dict(
                type='Shared2FCBBoxHead',
                in_channels=256,
                fc_out_channels=1024,
                roi_feat_size=7,
                num_classes=1,
                bbox_coder=dict(
                    type='DeltaXYWHBBoxCoder',
                    target_means=[0.0, 0.0, 0.0, 0.0],
                    target_stds=[0.033, 0.033, 0.067, 0.067]),
                reg_class_agnostic=True,
                loss_cls=dict(
                    type='CrossEntropyLoss',
                    use_sigmoid=False,
                    loss_weight=1.0),
                loss_bbox=dict(type='SmoothL1Loss', beta=1, loss_weight=1.0))
        ],
        mask_roi_extractor=dict(
            type='SingleRoIExtractor',
            roi_layer=dict(type='RoIAlign', output_size=14, sampling_ratio=0),
            out_channels=256,
            featmap_strides=[4, 8, 16, 32]),
        mask_head=[
            dict(
                type='HTCMaskHead',
                with_conv_res=False,
                num_convs=4,
                in_channels=256,
                conv_out_channels=256,
                num_classes=1,
                loss_mask=dict(
                    type='CrossEntropyLoss', use_mask=True, loss_weight=1.0)),
            dict(
                type='HTCMaskHead',
                num_convs=4,
                in_channels=256,
                conv_out_channels=256,
                num_classes=1,
                loss_mask=dict(
                    type='CrossEntropyLoss', use_mask=True, loss_weight=1.0)),
            dict(
                type='HTCMaskHead',
                num_convs=4,
                in_channels=256,
                conv_out_channels=256,
                num_classes=1,
                loss_mask=dict(
                    type='CrossEntropyLoss', use_mask=True, loss_weight=1.0))
        ]),
    train_cfg=dict(
        rpn=dict(
            assigner=dict(
                type='MaxIoUAssigner',
                pos_iou_thr=0.7,
                neg_iou_thr=0.3,
                min_pos_iou=0.3,
                ignore_iof_thr=-1),
            sampler=dict(
                type='RandomSampler',
                num=256,
                pos_fraction=0.5,
                neg_pos_ub=-1,
                add_gt_as_proposals=False),
            allowed_border=0,
            pos_weight=-1,
            debug=False),
        rpn_proposal=dict(
            nms_pre=2000,
            max_per_img=2000,
            nms=dict(type='nms', iou_threshold=0.7),
            min_bbox_size=0),
        rcnn=[
            dict(
                assigner=dict(
                    type='MaxIoUAssigner',
                    pos_iou_thr=0.5,
                    neg_iou_thr=0.5,
                    min_pos_iou=0.5,
                    ignore_iof_thr=-1),
                sampler=dict(
                    type='RandomSampler',
                    num=512,
                    pos_fraction=0.25,
                    neg_pos_ub=-1,
                    add_gt_as_proposals=True),
                mask_size=28,
                pos_weight=-1,
                debug=False),
            dict(
                assigner=dict(
                    type='MaxIoUAssigner',
                    pos_iou_thr=0.6,
                    neg_iou_thr=0.6,
                    min_pos_iou=0.6,
                    ignore_iof_thr=-1),
                sampler=dict(
                    type='RandomSampler',
                    num=512,
                    pos_fraction=0.25,
                    neg_pos_ub=-1,
                    add_gt_as_proposals=True),
                mask_size=28,
                pos_weight=-1,
                debug=False),
            dict(
                assigner=dict(
                    type='MaxIoUAssigner',
                    pos_iou_thr=0.7,
                    neg_iou_thr=0.7,
                    min_pos_iou=0.7,
                    ignore_iof_thr=-1),
                sampler=dict(
                    type='RandomSampler',
                    num=512,
                    pos_fraction=0.25,
                    neg_pos_ub=-1,
                    add_gt_as_proposals=True),
                mask_size=28,
                pos_weight=-1,
                debug=False)
        ]),
    test_cfg=dict(
        rpn=dict(
            nms_pre=1000,
            max_per_img=1000,
            nms=dict(type='nms', iou_threshold=0.7),
            min_bbox_size=0),
        rcnn=dict(
            score_thr=0.001,
            nms=dict(type='nms', iou_threshold=0.5),
            max_per_img=100,
            mask_thr_binary=0.5)))
data_root = ''
metainfo = dict(classes=('blood_vessel', ), palette=[(220, 20, 60)])
img_norm_cfg = dict(
    mean=[123.675, 116.28, 103.53], std=[58.395, 57.12, 57.375], to_rgb=True)
albu_train_transforms = [
    dict(
        type='ShiftScaleRotate',
        shift_limit=0.0625,
        scale_limit=0.15,
        rotate_limit=15,
        p=0.4),
    dict(type='RandomRotate90', p=0.4)
]
img_size = 2048
train_pipeline = [
    dict(type='LoadImageFromFile'),
    dict(type='LoadAnnotations', with_bbox=True, with_mask=True),
    dict(type='Resize', img_scale=[(2048, 2048)], keep_ratio=True),
    dict(
        type='RandomFlip',
        direction=['horizontal', 'vertical'],
        flip_ratio=0.5),
    dict(
        type='AutoAugment',
        policies=[[{
            'type': 'Shear',
            'prob': 0.4,
            'level': 0
        }], [{
            'type': 'Translate',
            'prob': 0.4,
            'level': 5
        }],
                  [{
                      'type': 'ColorTransform',
                      'prob': 1.0,
                      'level': 6
                  }, {
                      'type': 'EqualizeTransform'
                  }]]),
    dict(
        type='Albu',
        transforms=[
            dict(
                type='ShiftScaleRotate',
                shift_limit=0.0625,
                scale_limit=0.15,
                rotate_limit=15,
                p=0.4),
            dict(type='RandomRotate90', p=0.4)
        ],
        bbox_params=dict(
            type='BboxParams',
            format='pascal_voc',
            label_fields=['gt_labels'],
            min_visibility=0.0,
            filter_lost_elements=True),
        keymap=dict(img='image', gt_bboxes='bboxes', gt_masks='masks'),
        update_pad_shape=False,
        skip_img_without_anno=True),
    dict(
        type='Normalize',
        mean=[123.675, 116.28, 103.53],
        std=[58.395, 57.12, 57.375],
        to_rgb=True),
    dict(type='Pad', size_divisor=32),
    dict(type='DefaultFormatBundle'),
    dict(type='Collect', keys=['img', 'gt_bboxes', 'gt_labels', 'gt_masks'])
]
test_pipeline = [
    dict(type='LoadImageFromFile'),
    dict(
        type='MultiScaleFlipAug',
        img_scale=[(2048, 2048)],
        flip=True,
        flip_direction=['horizontal', 'vertical'],
        transforms=[
            dict(type='Resize', keep_ratio=True),
            dict(type='RandomFlip'),
            dict(
                type='Normalize',
                mean=[123.675, 116.28, 103.53],
                std=[58.395, 57.12, 57.375],
                to_rgb=True),
            dict(type='Pad', size_divisor=32),
            dict(type='ImageToTensor', keys=['img']),
            dict(type='Collect', keys=['img'])
        ])
]
data = dict(
    samples_per_gpu=2,
    workers_per_gpu=6,
    pin_memory=True,
    drop_last=False,
    train=dict(
        type='CocoDataset',
        classes=('blood_vessels', ),
        ann_file=
        '/home/nischay/hubmap/coco/ds2wsiall_coco_1024_train_fold1.json',
        img_prefix='/home/nischay/hubmap/Data/train/',
        pipeline=[
            dict(type='LoadImageFromFile'),
            dict(type='LoadAnnotations', with_bbox=True, with_mask=True),
            dict(type='Resize', img_scale=[(2048, 2048)], keep_ratio=True),
            dict(
                type='RandomFlip',
                direction=['horizontal', 'vertical'],
                flip_ratio=0.5),
            dict(
                type='AutoAugment',
                policies=[[{
                    'type': 'Shear',
                    'prob': 0.4,
                    'level': 0
                }], [{
                    'type': 'Translate',
                    'prob': 0.4,
                    'level': 5
                }],
                          [{
                              'type': 'ColorTransform',
                              'prob': 1.0,
                              'level': 6
                          }, {
                              'type': 'EqualizeTransform'
                          }]]),
            dict(
                type='Albu',
                transforms=[
                    dict(
                        type='ShiftScaleRotate',
                        shift_limit=0.0625,
                        scale_limit=0.15,
                        rotate_limit=15,
                        p=0.4),
                    dict(type='RandomRotate90', p=0.4)
                ],
                bbox_params=dict(
                    type='BboxParams',
                    format='pascal_voc',
                    label_fields=['gt_labels'],
                    min_visibility=0.0,
                    filter_lost_elements=True),
                keymap=dict(img='image', gt_bboxes='bboxes', gt_masks='masks'),
                update_pad_shape=False,
                skip_img_without_anno=True),
            dict(
                type='Normalize',
                mean=[123.675, 116.28, 103.53],
                std=[58.395, 57.12, 57.375],
                to_rgb=True),
            dict(type='Pad', size_divisor=32),
            dict(type='DefaultFormatBundle'),
            dict(
                type='Collect',
                keys=['img', 'gt_bboxes', 'gt_labels', 'gt_masks'])
        ]),
    val=dict(
        type='CocoDataset',
        classes=('blood_vessels', ),
        ann_file='/home/nischay/hubmap/coco/ds1_coco_1024_valid_all_fold1.json',
        img_prefix='/home/nischay/hubmap/Data/train/',
        pipeline=[
            dict(type='LoadImageFromFile'),
            dict(
                type='MultiScaleFlipAug',
                img_scale=[(2048, 2048)],
                flip=True,
                flip_direction=['horizontal', 'vertical'],
                transforms=[
                    dict(type='Resize', keep_ratio=True),
                    dict(type='RandomFlip'),
                    dict(
                        type='Normalize',
                        mean=[123.675, 116.28, 103.53],
                        std=[58.395, 57.12, 57.375],
                        to_rgb=True),
                    dict(type='Pad', size_divisor=32),
                    dict(type='ImageToTensor', keys=['img']),
                    dict(type='Collect', keys=['img'])
                ])
        ]),
    test=dict(
        type='CocoDataset',
        classes=('blood_vessels', ),
        ann_file=
        '/home/nischay/hubmap/coco/ds12_coco_1024_valid_all_fold1.json',
        img_prefix='/home/nischay/hubmap/Data/train/',
        pipeline=[
            dict(type='LoadImageFromFile'),
            dict(
                type='MultiScaleFlipAug',
                img_scale=[(2048, 2048)],
                flip=True,
                flip_direction=['horizontal', 'vertical'],
                transforms=[
                    dict(type='Resize', keep_ratio=True),
                    dict(type='RandomFlip'),
                    dict(
                        type='Normalize',
                        mean=[123.675, 116.28, 103.53],
                        std=[58.395, 57.12, 57.375],
                        to_rgb=True),
                    dict(type='Pad', size_divisor=32),
                    dict(type='ImageToTensor', keys=['img']),
                    dict(type='Collect', keys=['img'])
                ])
        ]))
optimizer = dict(type='SGD', lr=0.03, momentum=0.9, weight_decay=0.0001)
optimizer_config = dict(grad_clip=dict(max_norm=35, norm_type=2))
lr_config = dict(
    policy='CosineAnnealing',
    by_epoch=False,
    warmup='linear',
    warmup_iters=200,
    warmup_ratio=0.001,
    min_lr=0.02)
evaluation = dict(interval=1, metric=['segm'], save_best='segm_mAP')
runner = dict(type='EpochBasedRunner', max_epochs=8)
checkpoint_config = dict(interval=-1, filename_tmpl='detectors_epoch_{}.pth')
log_config = dict(interval=20, hooks=[dict(type='TextLoggerHook')])
fp16 = dict(loss_scale=dict(init_scale=512))
gpu_ids = range(0, 3)
seed = 69
dist_params = dict(backend='nccl')
log_level = 'INFO'
load_from = '/home/nischay/hubmap/try_mm/mmdetection/cbnet/detec_htcres101x32_pretcoco.pth'
work_dir = './work_dirs/hubmap/htc_resnext101_exp1pret_wsiall'
workflow = [('train', 1)]
auto_resume = False
resume_from = None
launcher = 'none'

2023-07-13 03:49:24,085 - mmdet - INFO - Set random seed to 69, deterministic: False
2023-07-13 03:49:28,471 - mmdet - INFO - Automatic scaling of learning rate (LR) has been disabled.
2023-07-13 03:49:28,483 - mmdet - INFO - load checkpoint from local path: /home/nischay/hubmap/try_mm/mmdetection/cbnet/detec_htcres101x32_pretcoco.pth
2023-07-13 03:49:29,055 - mmdet - WARNING - The model and loaded state dict do not match exactly

size mismatch for roi_head.bbox_head.0.fc_cls.weight: copying a param with shape torch.Size([81, 1024]) from checkpoint, the shape in current model is torch.Size([2, 1024]).
size mismatch for roi_head.bbox_head.0.fc_cls.bias: copying a param with shape torch.Size([81]) from checkpoint, the shape in current model is torch.Size([2]).
size mismatch for roi_head.bbox_head.1.fc_cls.weight: copying a param with shape torch.Size([81, 1024]) from checkpoint, the shape in current model is torch.Size([2, 1024]).
size mismatch for roi_head.bbox_head.1.fc_cls.bias: copying a param with shape torch.Size([81]) from checkpoint, the shape in current model is torch.Size([2]).
size mismatch for roi_head.bbox_head.2.fc_cls.weight: copying a param with shape torch.Size([81, 1024]) from checkpoint, the shape in current model is torch.Size([2, 1024]).
size mismatch for roi_head.bbox_head.2.fc_cls.bias: copying a param with shape torch.Size([81]) from checkpoint, the shape in current model is torch.Size([2]).
size mismatch for roi_head.mask_head.0.conv_logits.weight: copying a param with shape torch.Size([81, 256, 1, 1]) from checkpoint, the shape in current model is torch.Size([1, 256, 1, 1]).
size mismatch for roi_head.mask_head.0.conv_logits.bias: copying a param with shape torch.Size([81]) from checkpoint, the shape in current model is torch.Size([1]).
size mismatch for roi_head.mask_head.1.conv_logits.weight: copying a param with shape torch.Size([81, 256, 1, 1]) from checkpoint, the shape in current model is torch.Size([1, 256, 1, 1]).
size mismatch for roi_head.mask_head.1.conv_logits.bias: copying a param with shape torch.Size([81]) from checkpoint, the shape in current model is torch.Size([1]).
size mismatch for roi_head.mask_head.2.conv_logits.weight: copying a param with shape torch.Size([81, 256, 1, 1]) from checkpoint, the shape in current model is torch.Size([1, 256, 1, 1]).
size mismatch for roi_head.mask_head.2.conv_logits.bias: copying a param with shape torch.Size([81]) from checkpoint, the shape in current model is torch.Size([1]).
unexpected key in source state_dict: roi_head.semantic_head.lateral_convs.0.conv.weight, roi_head.semantic_head.lateral_convs.0.conv.bias, roi_head.semantic_head.lateral_convs.1.conv.weight, roi_head.semantic_head.lateral_convs.1.conv.bias, roi_head.semantic_head.lateral_convs.2.conv.weight, roi_head.semantic_head.lateral_convs.2.conv.bias, roi_head.semantic_head.lateral_convs.3.conv.weight, roi_head.semantic_head.lateral_convs.3.conv.bias, roi_head.semantic_head.lateral_convs.4.conv.weight, roi_head.semantic_head.lateral_convs.4.conv.bias, roi_head.semantic_head.convs.0.conv.weight, roi_head.semantic_head.convs.0.conv.bias, roi_head.semantic_head.convs.1.conv.weight, roi_head.semantic_head.convs.1.conv.bias, roi_head.semantic_head.convs.2.conv.weight, roi_head.semantic_head.convs.2.conv.bias, roi_head.semantic_head.convs.3.conv.weight, roi_head.semantic_head.convs.3.conv.bias, roi_head.semantic_head.conv_embedding.conv.weight, roi_head.semantic_head.conv_embedding.conv.bias, roi_head.semantic_head.conv_logits.weight, roi_head.semantic_head.conv_logits.bias

2023-07-13 03:49:29,071 - mmdet - INFO - Start running, host: root@mr-0xm20, work_dir: /home/nischay/hubmap/try_mm/mmdetection/cbnet/work_dirs/hubmap/htc_resnext101_exp1pret_wsiall
2023-07-13 03:49:29,071 - mmdet - INFO - Hooks will be executed in the following order:
before_run:
(VERY_HIGH   ) CosineAnnealingLrUpdaterHook       
(ABOVE_NORMAL) Fp16OptimizerHook                  
(NORMAL      ) CheckpointHook                     
(LOW         ) DistEvalHook                       
(VERY_LOW    ) TextLoggerHook                     
 -------------------- 
before_train_epoch:
(VERY_HIGH   ) CosineAnnealingLrUpdaterHook       
(NORMAL      ) DistSamplerSeedHook                
(LOW         ) IterTimerHook                      
(LOW         ) DistEvalHook                       
(VERY_LOW    ) TextLoggerHook                     
 -------------------- 
before_train_iter:
(VERY_HIGH   ) CosineAnnealingLrUpdaterHook       
(LOW         ) IterTimerHook                      
(LOW         ) DistEvalHook                       
 -------------------- 
after_train_iter:
(ABOVE_NORMAL) Fp16OptimizerHook                  
(NORMAL      ) CheckpointHook                     
(LOW         ) IterTimerHook                      
(LOW         ) DistEvalHook                       
(VERY_LOW    ) TextLoggerHook                     
 -------------------- 
after_train_epoch:
(NORMAL      ) CheckpointHook                     
(LOW         ) DistEvalHook                       
(VERY_LOW    ) TextLoggerHook                     
 -------------------- 
before_val_epoch:
(NORMAL      ) DistSamplerSeedHook                
(LOW         ) IterTimerHook                      
(VERY_LOW    ) TextLoggerHook                     
 -------------------- 
before_val_iter:
(LOW         ) IterTimerHook                      
 -------------------- 
after_val_iter:
(LOW         ) IterTimerHook                      
 -------------------- 
after_val_epoch:
(VERY_LOW    ) TextLoggerHook                     
 -------------------- 
after_run:
(VERY_LOW    ) TextLoggerHook                     
 -------------------- 
2023-07-13 03:49:29,071 - mmdet - INFO - workflow: [('train', 1)], max: 8 epochs
2023-07-13 03:49:29,074 - mmdet - INFO - Checkpoints will be saved to /home/nischay/hubmap/try_mm/mmdetection/cbnet/work_dirs/hubmap/htc_resnext101_exp1pret_wsiall by HardDiskBackend.
2023-07-13 03:51:19,622 - mmdet - INFO - Epoch [1][20/201]	lr: 2.877e-03, eta: 2:26:17, time: 5.527, data_time: 0.332, memory: 41770, loss_rpn_cls: 0.5925, loss_rpn_bbox: 0.0646, s0.loss_cls: 0.3073, s0.acc: 93.5726, s0.loss_bbox: 0.0726, s0.loss_mask: 0.6126, s1.loss_cls: 0.1490, s1.acc: 94.7054, s1.loss_bbox: 0.0447, s1.loss_mask: 0.3132, s2.loss_cls: 0.0714, s2.acc: 95.5566, s2.loss_bbox: 0.0144, s2.loss_mask: 0.2255, loss: 2.4678, grad_norm: 11.8170
2023-07-13 03:53:06,693 - mmdet - INFO - Epoch [1][40/201]	lr: 5.871e-03, eta: 2:22:10, time: 5.354, data_time: 0.117, memory: 43017, loss_rpn_cls: 0.0984, loss_rpn_bbox: 0.0467, s0.loss_cls: 0.2472, s0.acc: 90.4118, s0.loss_bbox: 0.1348, s0.loss_mask: 0.3838, s1.loss_cls: 0.1198, s1.acc: 90.6799, s1.loss_bbox: 0.1136, s1.loss_mask: 0.1791, s2.loss_cls: 0.0537, s2.acc: 93.1116, s2.loss_bbox: 0.0454, s2.loss_mask: 0.0846, loss: 1.5070, grad_norm: 3.9582
2023-07-13 03:54:55,172 - mmdet - INFO - Epoch [1][60/201]	lr: 8.861e-03, eta: 2:20:13, time: 5.424, data_time: 0.130, memory: 43574, loss_rpn_cls: 0.0527, loss_rpn_bbox: 0.0418, s0.loss_cls: 0.2713, s0.acc: 88.6198, s0.loss_bbox: 0.1878, s0.loss_mask: 0.3412, s1.loss_cls: 0.1356, s1.acc: 88.4365, s1.loss_bbox: 0.1836, s1.loss_mask: 0.1631, s2.loss_cls: 0.0653, s2.acc: 88.1705, s2.loss_bbox: 0.0864, s2.loss_mask: 0.0775, loss: 1.6062, grad_norm: 3.5845
2023-07-13 03:56:43,806 - mmdet - INFO - Epoch [1][80/201]	lr: 1.184e-02, eta: 2:18:22, time: 5.431, data_time: 0.152, memory: 43629, loss_rpn_cls: 0.0514, loss_rpn_bbox: 0.0412, s0.loss_cls: 0.2570, s0.acc: 88.8851, s0.loss_bbox: 0.1962, s0.loss_mask: 0.3370, s1.loss_cls: 0.1297, s1.acc: 88.6722, s1.loss_bbox: 0.2020, s1.loss_mask: 0.1626, s2.loss_cls: 0.0608, s2.acc: 89.3150, s2.loss_bbox: 0.0930, s2.loss_mask: 0.0778, loss: 1.6087, grad_norm: 3.3710
2023-07-13 03:58:30,948 - mmdet - INFO - Epoch [1][100/201]	lr: 1.482e-02, eta: 2:16:11, time: 5.358, data_time: 0.122, memory: 43629, loss_rpn_cls: 0.0448, loss_rpn_bbox: 0.0356, s0.loss_cls: 0.2483, s0.acc: 89.6875, s0.loss_bbox: 0.1921, s0.loss_mask: 0.3409, s1.loss_cls: 0.1222, s1.acc: 89.6969, s1.loss_bbox: 0.1931, s1.loss_mask: 0.1658, s2.loss_cls: 0.0576, s2.acc: 89.7425, s2.loss_bbox: 0.0912, s2.loss_mask: 0.0786, loss: 1.5701, grad_norm: 3.0259
2023-07-13 04:00:18,793 - mmdet - INFO - Epoch [1][120/201]	lr: 1.778e-02, eta: 2:14:16, time: 5.392, data_time: 0.132, memory: 43652, loss_rpn_cls: 0.0435, loss_rpn_bbox: 0.0432, s0.loss_cls: 0.2577, s0.acc: 89.1553, s0.loss_bbox: 0.2092, s0.loss_mask: 0.3317, s1.loss_cls: 0.1283, s1.acc: 88.9659, s1.loss_bbox: 0.2120, s1.loss_mask: 0.1600, s2.loss_cls: 0.0611, s2.acc: 88.7859, s2.loss_bbox: 0.0957, s2.loss_mask: 0.0761, loss: 1.6186, grad_norm: 2.7896
2023-07-13 04:02:07,690 - mmdet - INFO - Epoch [1][140/201]	lr: 2.073e-02, eta: 2:12:34, time: 5.445, data_time: 0.163, memory: 43652, loss_rpn_cls: 0.0382, loss_rpn_bbox: 0.0362, s0.loss_cls: 0.2518, s0.acc: 89.2741, s0.loss_bbox: 0.1939, s0.loss_mask: 0.3316, s1.loss_cls: 0.1272, s1.acc: 88.9415, s1.loss_bbox: 0.2079, s1.loss_mask: 0.1604, s2.loss_cls: 0.0609, s2.acc: 89.0154, s2.loss_bbox: 0.1038, s2.loss_mask: 0.0759, loss: 1.5878, grad_norm: 2.8487
2023-07-13 04:03:55,738 - mmdet - INFO - Epoch [1][160/201]	lr: 2.367e-02, eta: 2:10:43, time: 5.402, data_time: 0.107, memory: 43751, loss_rpn_cls: 0.0421, loss_rpn_bbox: 0.0397, s0.loss_cls: 0.2528, s0.acc: 88.9176, s0.loss_bbox: 0.1965, s0.loss_mask: 0.3364, s1.loss_cls: 0.1276, s1.acc: 88.7595, s1.loss_bbox: 0.2165, s1.loss_mask: 0.1619, s2.loss_cls: 0.0612, s2.acc: 88.7738, s2.loss_bbox: 0.1007, s2.loss_mask: 0.0760, loss: 1.6113, grad_norm: 2.5833
2023-07-13 04:05:43,729 - mmdet - INFO - Epoch [1][180/201]	lr: 2.658e-02, eta: 2:08:52, time: 5.400, data_time: 0.109, memory: 43751, loss_rpn_cls: 0.0338, loss_rpn_bbox: 0.0351, s0.loss_cls: 0.2609, s0.acc: 88.6849, s0.loss_bbox: 0.2064, s0.loss_mask: 0.3362, s1.loss_cls: 0.1327, s1.acc: 88.2589, s1.loss_bbox: 0.2168, s1.loss_mask: 0.1622, s2.loss_cls: 0.0626, s2.acc: 88.8525, s2.loss_bbox: 0.1025, s2.loss_mask: 0.0763, loss: 1.6257, grad_norm: 2.6784
2023-07-13 04:07:31,734 - mmdet - INFO - Epoch [1][200/201]	lr: 2.948e-02, eta: 2:07:01, time: 5.400, data_time: 0.143, memory: 43751, loss_rpn_cls: 0.0389, loss_rpn_bbox: 0.0436, s0.loss_cls: 0.2655, s0.acc: 88.5905, s0.loss_bbox: 0.2121, s0.loss_mask: 0.3292, s1.loss_cls: 0.1349, s1.acc: 88.1077, s1.loss_bbox: 0.2072, s1.loss_mask: 0.1598, s2.loss_cls: 0.0627, s2.acc: 88.5361, s2.loss_bbox: 0.0948, s2.loss_mask: 0.0750, loss: 1.6239, grad_norm: 2.7827
2023-07-13 04:08:20,718 - mmdet - INFO - Evaluating segm...
2023-07-13 04:08:21,757 - mmdet - INFO - 
 Average Precision  (AP) @[ IoU=0.50:0.95 | area=   all | maxDets=100 ] = 0.215
 Average Precision  (AP) @[ IoU=0.50      | area=   all | maxDets=1000 ] = 0.503
 Average Precision  (AP) @[ IoU=0.75      | area=   all | maxDets=1000 ] = 0.123
 Average Precision  (AP) @[ IoU=0.50:0.95 | area= small | maxDets=1000 ] = 0.188
 Average Precision  (AP) @[ IoU=0.50:0.95 | area=medium | maxDets=1000 ] = 0.259
 Average Precision  (AP) @[ IoU=0.50:0.95 | area= large | maxDets=1000 ] = 0.187
 Average Recall     (AR) @[ IoU=0.50:0.95 | area=   all | maxDets=100 ] = 0.460
 Average Recall     (AR) @[ IoU=0.50:0.95 | area=   all | maxDets=300 ] = 0.460
 Average Recall     (AR) @[ IoU=0.50:0.95 | area=   all | maxDets=1000 ] = 0.460
 Average Recall     (AR) @[ IoU=0.50:0.95 | area= small | maxDets=1000 ] = 0.420
 Average Recall     (AR) @[ IoU=0.50:0.95 | area=medium | maxDets=1000 ] = 0.515
 Average Recall     (AR) @[ IoU=0.50:0.95 | area= large | maxDets=1000 ] = 0.429

2023-07-13 04:08:23,933 - mmdet - INFO - Now best checkpoint is saved as best_segm_mAP_epoch_1.pth.
2023-07-13 04:08:23,933 - mmdet - INFO - Best segm_mAP is 0.2145 at 1 epoch.
2023-07-13 04:08:23,933 - mmdet - INFO - Exp name: pretdetec101next.py
2023-07-13 04:08:23,934 - mmdet - INFO - Epoch(val) [1][29]	segm_mAP: 0.2145, segm_mAP_50: 0.5026, segm_mAP_75: 0.1230, segm_mAP_s: 0.1883, segm_mAP_m: 0.2594, segm_mAP_l: 0.1870, segm_mAP_copypaste: 0.2145 0.5026 0.1230 0.1883 0.2594 0.1870
2023-07-13 04:10:13,514 - mmdet - INFO - Epoch [2][20/201]	lr: 2.955e-02, eta: 2:04:42, time: 5.478, data_time: 0.270, memory: 43751, loss_rpn_cls: 0.0358, loss_rpn_bbox: 0.0416, s0.loss_cls: 0.2602, s0.acc: 88.5335, s0.loss_bbox: 0.2044, s0.loss_mask: 0.3257, s1.loss_cls: 0.1311, s1.acc: 87.9062, s1.loss_bbox: 0.2104, s1.loss_mask: 0.1590, s2.loss_cls: 0.0625, s2.acc: 88.3076, s2.loss_bbox: 0.0990, s2.loss_mask: 0.0762, loss: 1.6059, grad_norm: 2.4068
2023-07-13 04:12:00,174 - mmdet - INFO - Epoch [2][40/201]	lr: 2.946e-02, eta: 2:02:47, time: 5.333, data_time: 0.105, memory: 43751, loss_rpn_cls: 0.0385, loss_rpn_bbox: 0.0378, s0.loss_cls: 0.2834, s0.acc: 87.7751, s0.loss_bbox: 0.2068, s0.loss_mask: 0.3247, s1.loss_cls: 0.1443, s1.acc: 87.2935, s1.loss_bbox: 0.2251, s1.loss_mask: 0.1587, s2.loss_cls: 0.0672, s2.acc: 88.1146, s2.loss_bbox: 0.1054, s2.loss_mask: 0.0765, loss: 1.6683, grad_norm: 2.6596
2023-07-13 04:13:46,811 - mmdet - INFO - Epoch [2][60/201]	lr: 2.937e-02, eta: 2:00:53, time: 5.332, data_time: 0.113, memory: 43751, loss_rpn_cls: 0.0348, loss_rpn_bbox: 0.0405, s0.loss_cls: 0.2572, s0.acc: 88.7809, s0.loss_bbox: 0.2054, s0.loss_mask: 0.3213, s1.loss_cls: 0.1311, s1.acc: 88.1732, s1.loss_bbox: 0.2388, s1.loss_mask: 0.1568, s2.loss_cls: 0.0652, s2.acc: 87.8590, s2.loss_bbox: 0.1157, s2.loss_mask: 0.0741, loss: 1.6410, grad_norm: 2.5560
2023-07-13 04:15:32,941 - mmdet - INFO - Epoch [2][80/201]	lr: 2.927e-02, eta: 1:58:58, time: 5.306, data_time: 0.118, memory: 43751, loss_rpn_cls: 0.0377, loss_rpn_bbox: 0.0447, s0.loss_cls: 0.2529, s0.acc: 88.9160, s0.loss_bbox: 0.2057, s0.loss_mask: 0.3121, s1.loss_cls: 0.1265, s1.acc: 88.7051, s1.loss_bbox: 0.2184, s1.loss_mask: 0.1514, s2.loss_cls: 0.0622, s2.acc: 88.3654, s2.loss_bbox: 0.1080, s2.loss_mask: 0.0722, loss: 1.5919, grad_norm: 2.4729
2023-07-13 04:17:19,021 - mmdet - INFO - Epoch [2][100/201]	lr: 2.917e-02, eta: 1:57:04, time: 5.304, data_time: 0.122, memory: 43751, loss_rpn_cls: 0.0347, loss_rpn_bbox: 0.0384, s0.loss_cls: 0.2547, s0.acc: 88.8981, s0.loss_bbox: 0.2007, s0.loss_mask: 0.3190, s1.loss_cls: 0.1281, s1.acc: 88.5579, s1.loss_bbox: 0.2270, s1.loss_mask: 0.1562, s2.loss_cls: 0.0636, s2.acc: 88.1253, s2.loss_bbox: 0.1113, s2.loss_mask: 0.0738, loss: 1.6075, grad_norm: 2.0561
2023-07-13 04:19:05,506 - mmdet - INFO - Epoch [2][120/201]	lr: 2.905e-02, eta: 1:55:12, time: 5.324, data_time: 0.120, memory: 43751, loss_rpn_cls: 0.0328, loss_rpn_bbox: 0.0389, s0.loss_cls: 0.2570, s0.acc: 89.0967, s0.loss_bbox: 0.2066, s0.loss_mask: 0.3241, s1.loss_cls: 0.1315, s1.acc: 88.2558, s1.loss_bbox: 0.2243, s1.loss_mask: 0.1585, s2.loss_cls: 0.0641, s2.acc: 88.3054, s2.loss_bbox: 0.1113, s2.loss_mask: 0.0761, loss: 1.6252, grad_norm: 2.1860
2023-07-13 04:20:52,430 - mmdet - INFO - Epoch [2][140/201]	lr: 2.894e-02, eta: 1:53:23, time: 5.346, data_time: 0.118, memory: 43751, loss_rpn_cls: 0.0394, loss_rpn_bbox: 0.0386, s0.loss_cls: 0.2517, s0.acc: 89.0479, s0.loss_bbox: 0.2029, s0.loss_mask: 0.3202, s1.loss_cls: 0.1272, s1.acc: 88.8948, s1.loss_bbox: 0.2329, s1.loss_mask: 0.1562, s2.loss_cls: 0.0630, s2.acc: 88.4022, s2.loss_bbox: 0.1144, s2.loss_mask: 0.0740, loss: 1.6204, grad_norm: 2.4869
2023-07-13 04:22:39,061 - mmdet - INFO - Epoch [2][160/201]	lr: 2.881e-02, eta: 1:51:33, time: 5.332, data_time: 0.111, memory: 43751, loss_rpn_cls: 0.0391, loss_rpn_bbox: 0.0413, s0.loss_cls: 0.2427, s0.acc: 89.7249, s0.loss_bbox: 0.2027, s0.loss_mask: 0.3244, s1.loss_cls: 0.1220, s1.acc: 89.2180, s1.loss_bbox: 0.2210, s1.loss_mask: 0.1583, s2.loss_cls: 0.0589, s2.acc: 89.0370, s2.loss_bbox: 0.1066, s2.loss_mask: 0.0747, loss: 1.5915, grad_norm: 2.1972
2023-07-13 04:24:25,918 - mmdet - INFO - Epoch [2][180/201]	lr: 2.868e-02, eta: 1:49:44, time: 5.343, data_time: 0.125, memory: 43751, loss_rpn_cls: 0.0357, loss_rpn_bbox: 0.0399, s0.loss_cls: 0.2612, s0.acc: 88.8477, s0.loss_bbox: 0.2119, s0.loss_mask: 0.3123, s1.loss_cls: 0.1347, s1.acc: 88.3047, s1.loss_bbox: 0.2379, s1.loss_mask: 0.1535, s2.loss_cls: 0.0657, s2.acc: 87.9400, s2.loss_bbox: 0.1124, s2.loss_mask: 0.0728, loss: 1.6381, grad_norm: 2.3690
2023-07-13 04:26:12,678 - mmdet - INFO - Epoch [2][200/201]	lr: 2.855e-02, eta: 1:47:55, time: 5.338, data_time: 0.102, memory: 43751, loss_rpn_cls: 0.0323, loss_rpn_bbox: 0.0405, s0.loss_cls: 0.2508, s0.acc: 89.0837, s0.loss_bbox: 0.2124, s0.loss_mask: 0.3165, s1.loss_cls: 0.1277, s1.acc: 88.9942, s1.loss_bbox: 0.2407, s1.loss_mask: 0.1554, s2.loss_cls: 0.0634, s2.acc: 88.2694, s2.loss_bbox: 0.1172, s2.loss_mask: 0.0748, loss: 1.6315, grad_norm: 2.4361
2023-07-13 04:27:01,559 - mmdet - INFO - Evaluating segm...
2023-07-13 04:27:02,617 - mmdet - INFO - 
 Average Precision  (AP) @[ IoU=0.50:0.95 | area=   all | maxDets=100 ] = 0.163
 Average Precision  (AP) @[ IoU=0.50      | area=   all | maxDets=1000 ] = 0.448
 Average Precision  (AP) @[ IoU=0.75      | area=   all | maxDets=1000 ] = 0.074
 Average Precision  (AP) @[ IoU=0.50:0.95 | area= small | maxDets=1000 ] = 0.139
 Average Precision  (AP) @[ IoU=0.50:0.95 | area=medium | maxDets=1000 ] = 0.212
 Average Precision  (AP) @[ IoU=0.50:0.95 | area= large | maxDets=1000 ] = 0.135
 Average Recall     (AR) @[ IoU=0.50:0.95 | area=   all | maxDets=100 ] = 0.395
 Average Recall     (AR) @[ IoU=0.50:0.95 | area=   all | maxDets=300 ] = 0.395
 Average Recall     (AR) @[ IoU=0.50:0.95 | area=   all | maxDets=1000 ] = 0.395
 Average Recall     (AR) @[ IoU=0.50:0.95 | area= small | maxDets=1000 ] = 0.365
 Average Recall     (AR) @[ IoU=0.50:0.95 | area=medium | maxDets=1000 ] = 0.446
 Average Recall     (AR) @[ IoU=0.50:0.95 | area= large | maxDets=1000 ] = 0.241

2023-07-13 04:27:02,625 - mmdet - INFO - Exp name: pretdetec101next.py
2023-07-13 04:27:02,625 - mmdet - INFO - Epoch(val) [2][29]	segm_mAP: 0.1634, segm_mAP_50: 0.4483, segm_mAP_75: 0.0737, segm_mAP_s: 0.1394, segm_mAP_m: 0.2123, segm_mAP_l: 0.1346, segm_mAP_copypaste: 0.1634 0.4483 0.0737 0.1394 0.2123 0.1346
2023-07-13 04:28:53,297 - mmdet - INFO - Epoch [3][20/201]	lr: 2.840e-02, eta: 1:45:57, time: 5.533, data_time: 0.301, memory: 43751, loss_rpn_cls: 0.0272, loss_rpn_bbox: 0.0354, s0.loss_cls: 0.2501, s0.acc: 89.2529, s0.loss_bbox: 0.2014, s0.loss_mask: 0.3147, s1.loss_cls: 0.1288, s1.acc: 88.6102, s1.loss_bbox: 0.2251, s1.loss_mask: 0.1546, s2.loss_cls: 0.0625, s2.acc: 88.6460, s2.loss_bbox: 0.1100, s2.loss_mask: 0.0744, loss: 1.5843, grad_norm: 2.1805
2023-07-13 04:30:40,624 - mmdet - INFO - Epoch [3][40/201]	lr: 2.826e-02, eta: 1:44:10, time: 5.366, data_time: 0.097, memory: 43752, loss_rpn_cls: 0.0293, loss_rpn_bbox: 0.0424, s0.loss_cls: 0.2610, s0.acc: 88.7028, s0.loss_bbox: 0.2108, s0.loss_mask: 0.3086, s1.loss_cls: 0.1363, s1.acc: 87.6614, s1.loss_bbox: 0.2479, s1.loss_mask: 0.1517, s2.loss_cls: 0.0685, s2.acc: 86.8210, s2.loss_bbox: 0.1260, s2.loss_mask: 0.0720, loss: 1.6545, grad_norm: 2.3597
2023-07-13 04:32:27,088 - mmdet - INFO - Epoch [3][60/201]	lr: 2.811e-02, eta: 1:42:21, time: 5.323, data_time: 0.126, memory: 43752, loss_rpn_cls: 0.0321, loss_rpn_bbox: 0.0370, s0.loss_cls: 0.2572, s0.acc: 89.1602, s0.loss_bbox: 0.2028, s0.loss_mask: 0.3180, s1.loss_cls: 0.1318, s1.acc: 88.4661, s1.loss_bbox: 0.2378, s1.loss_mask: 0.1557, s2.loss_cls: 0.0658, s2.acc: 87.8711, s2.loss_bbox: 0.1218, s2.loss_mask: 0.0737, loss: 1.6336, grad_norm: 2.4312
2023-07-13 04:34:13,556 - mmdet - INFO - Epoch [3][80/201]	lr: 2.795e-02, eta: 1:40:32, time: 5.323, data_time: 0.156, memory: 43752, loss_rpn_cls: 0.0250, loss_rpn_bbox: 0.0315, s0.loss_cls: 0.2290, s0.acc: 90.1335, s0.loss_bbox: 0.1776, s0.loss_mask: 0.3064, s1.loss_cls: 0.1179, s1.acc: 89.5306, s1.loss_bbox: 0.2076, s1.loss_mask: 0.1505, s2.loss_cls: 0.0591, s2.acc: 88.9187, s2.loss_bbox: 0.1054, s2.loss_mask: 0.0727, loss: 1.4827, grad_norm: 2.0501
2023-07-13 04:35:59,910 - mmdet - INFO - Epoch [3][100/201]	lr: 2.779e-02, eta: 1:38:43, time: 5.318, data_time: 0.102, memory: 43752, loss_rpn_cls: 0.0304, loss_rpn_bbox: 0.0365, s0.loss_cls: 0.2468, s0.acc: 89.1813, s0.loss_bbox: 0.2006, s0.loss_mask: 0.3030, s1.loss_cls: 0.1252, s1.acc: 89.0359, s1.loss_bbox: 0.2416, s1.loss_mask: 0.1490, s2.loss_cls: 0.0630, s2.acc: 87.9280, s2.loss_bbox: 0.1201, s2.loss_mask: 0.0720, loss: 1.5883, grad_norm: 2.1194
2023-07-13 04:37:46,110 - mmdet - INFO - Epoch [3][120/201]	lr: 2.763e-02, eta: 1:36:54, time: 5.309, data_time: 0.118, memory: 43753, loss_rpn_cls: 0.0299, loss_rpn_bbox: 0.0321, s0.loss_cls: 0.2412, s0.acc: 89.4059, s0.loss_bbox: 0.1988, s0.loss_mask: 0.3148, s1.loss_cls: 0.1244, s1.acc: 88.5528, s1.loss_bbox: 0.2225, s1.loss_mask: 0.1522, s2.loss_cls: 0.0601, s2.acc: 88.6650, s2.loss_bbox: 0.1107, s2.loss_mask: 0.0722, loss: 1.5588, grad_norm: 2.1384
2023-07-13 04:39:33,540 - mmdet - INFO - Epoch [3][140/201]	lr: 2.746e-02, eta: 1:35:08, time: 5.373, data_time: 0.183, memory: 43753, loss_rpn_cls: 0.0257, loss_rpn_bbox: 0.0362, s0.loss_cls: 0.2290, s0.acc: 90.2083, s0.loss_bbox: 0.1888, s0.loss_mask: 0.3085, s1.loss_cls: 0.1170, s1.acc: 89.9707, s1.loss_bbox: 0.2213, s1.loss_mask: 0.1505, s2.loss_cls: 0.0606, s2.acc: 88.7589, s2.loss_bbox: 0.1188, s2.loss_mask: 0.0719, loss: 1.5283, grad_norm: 2.0237
2023-07-13 04:41:20,298 - mmdet - INFO - Epoch [3][160/201]	lr: 2.729e-02, eta: 1:33:20, time: 5.338, data_time: 0.104, memory: 43753, loss_rpn_cls: 0.0320, loss_rpn_bbox: 0.0351, s0.loss_cls: 0.2466, s0.acc: 89.5980, s0.loss_bbox: 0.2054, s0.loss_mask: 0.3167, s1.loss_cls: 0.1267, s1.acc: 89.0403, s1.loss_bbox: 0.2361, s1.loss_mask: 0.1539, s2.loss_cls: 0.0638, s2.acc: 88.2903, s2.loss_bbox: 0.1181, s2.loss_mask: 0.0725, loss: 1.6068, grad_norm: 2.3512
2023-07-13 04:43:06,829 - mmdet - INFO - Epoch [3][180/201]	lr: 2.711e-02, eta: 1:31:32, time: 5.327, data_time: 0.117, memory: 43753, loss_rpn_cls: 0.0266, loss_rpn_bbox: 0.0355, s0.loss_cls: 0.2342, s0.acc: 90.1009, s0.loss_bbox: 0.1994, s0.loss_mask: 0.3079, s1.loss_cls: 0.1218, s1.acc: 89.4646, s1.loss_bbox: 0.2260, s1.loss_mask: 0.1499, s2.loss_cls: 0.0602, s2.acc: 88.7486, s2.loss_bbox: 0.1096, s2.loss_mask: 0.0711, loss: 1.5423, grad_norm: 2.0630
2023-07-13 04:44:53,685 - mmdet - INFO - Epoch [3][200/201]	lr: 2.693e-02, eta: 1:29:44, time: 5.343, data_time: 0.135, memory: 43753, loss_rpn_cls: 0.0194, loss_rpn_bbox: 0.0345, s0.loss_cls: 0.2344, s0.acc: 89.7070, s0.loss_bbox: 0.1918, s0.loss_mask: 0.3214, s1.loss_cls: 0.1201, s1.acc: 89.1746, s1.loss_bbox: 0.2238, s1.loss_mask: 0.1587, s2.loss_cls: 0.0594, s2.acc: 89.1357, s2.loss_bbox: 0.1096, s2.loss_mask: 0.0757, loss: 1.5490, grad_norm: 2.1739
2023-07-13 04:45:42,556 - mmdet - INFO - Evaluating segm...
2023-07-13 04:45:43,566 - mmdet - INFO - 
 Average Precision  (AP) @[ IoU=0.50:0.95 | area=   all | maxDets=100 ] = 0.263
 Average Precision  (AP) @[ IoU=0.50      | area=   all | maxDets=1000 ] = 0.597
 Average Precision  (AP) @[ IoU=0.75      | area=   all | maxDets=1000 ] = 0.176
 Average Precision  (AP) @[ IoU=0.50:0.95 | area= small | maxDets=1000 ] = 0.246
 Average Precision  (AP) @[ IoU=0.50:0.95 | area=medium | maxDets=1000 ] = 0.300
 Average Precision  (AP) @[ IoU=0.50:0.95 | area= large | maxDets=1000 ] = 0.193
 Average Recall     (AR) @[ IoU=0.50:0.95 | area=   all | maxDets=100 ] = 0.462
 Average Recall     (AR) @[ IoU=0.50:0.95 | area=   all | maxDets=300 ] = 0.462
 Average Recall     (AR) @[ IoU=0.50:0.95 | area=   all | maxDets=1000 ] = 0.462
 Average Recall     (AR) @[ IoU=0.50:0.95 | area= small | maxDets=1000 ] = 0.427
 Average Recall     (AR) @[ IoU=0.50:0.95 | area=medium | maxDets=1000 ] = 0.521
 Average Recall     (AR) @[ IoU=0.50:0.95 | area= large | maxDets=1000 ] = 0.271

2023-07-13 04:45:43,678 - mmdet - INFO - The previous best checkpoint /home/nischay/hubmap/try_mm/mmdetection/cbnet/work_dirs/hubmap/htc_resnext101_exp1pret_wsiall/best_segm_mAP_epoch_1.pth was removed
2023-07-13 04:45:45,875 - mmdet - INFO - Now best checkpoint is saved as best_segm_mAP_epoch_3.pth.
2023-07-13 04:45:45,876 - mmdet - INFO - Best segm_mAP is 0.2634 at 3 epoch.
2023-07-13 04:45:45,876 - mmdet - INFO - Exp name: pretdetec101next.py
2023-07-13 04:45:45,876 - mmdet - INFO - Epoch(val) [3][29]	segm_mAP: 0.2634, segm_mAP_50: 0.5971, segm_mAP_75: 0.1761, segm_mAP_s: 0.2463, segm_mAP_m: 0.3003, segm_mAP_l: 0.1929, segm_mAP_copypaste: 0.2634 0.5971 0.1761 0.2463 0.3003 0.1929
2023-07-13 04:47:37,040 - mmdet - INFO - Epoch [4][20/201]	lr: 2.674e-02, eta: 1:27:50, time: 5.558, data_time: 0.284, memory: 43753, loss_rpn_cls: 0.0286, loss_rpn_bbox: 0.0347, s0.loss_cls: 0.2336, s0.acc: 89.9740, s0.loss_bbox: 0.1921, s0.loss_mask: 0.3074, s1.loss_cls: 0.1200, s1.acc: 89.4506, s1.loss_bbox: 0.2335, s1.loss_mask: 0.1509, s2.loss_cls: 0.0604, s2.acc: 88.6113, s2.loss_bbox: 0.1167, s2.loss_mask: 0.0714, loss: 1.5492, grad_norm: 2.0861
2023-07-13 04:49:25,301 - mmdet - INFO - Epoch [4][40/201]	lr: 2.656e-02, eta: 1:26:05, time: 5.413, data_time: 0.106, memory: 43753, loss_rpn_cls: 0.0231, loss_rpn_bbox: 0.0301, s0.loss_cls: 0.2287, s0.acc: 90.1432, s0.loss_bbox: 0.1764, s0.loss_mask: 0.2985, s1.loss_cls: 0.1168, s1.acc: 89.9932, s1.loss_bbox: 0.2143, s1.loss_mask: 0.1469, s2.loss_cls: 0.0605, s2.acc: 88.7243, s2.loss_bbox: 0.1195, s2.loss_mask: 0.0702, loss: 1.4849, grad_norm: 1.9963
2023-07-13 04:51:13,292 - mmdet - INFO - Epoch [4][60/201]	lr: 2.637e-02, eta: 1:24:19, time: 5.400, data_time: 0.113, memory: 43753, loss_rpn_cls: 0.0225, loss_rpn_bbox: 0.0325, s0.loss_cls: 0.2475, s0.acc: 89.2025, s0.loss_bbox: 0.1940, s0.loss_mask: 0.2966, s1.loss_cls: 0.1281, s1.acc: 88.5182, s1.loss_bbox: 0.2427, s1.loss_mask: 0.1448, s2.loss_cls: 0.0652, s2.acc: 87.7623, s2.loss_bbox: 0.1235, s2.loss_mask: 0.0685, loss: 1.5658, grad_norm: 2.2113
2023-07-13 04:53:01,577 - mmdet - INFO - Epoch [4][80/201]	lr: 2.618e-02, eta: 1:22:34, time: 5.414, data_time: 0.133, memory: 43753, loss_rpn_cls: 0.0222, loss_rpn_bbox: 0.0300, s0.loss_cls: 0.2297, s0.acc: 90.3092, s0.loss_bbox: 0.1900, s0.loss_mask: 0.3025, s1.loss_cls: 0.1191, s1.acc: 89.5719, s1.loss_bbox: 0.2257, s1.loss_mask: 0.1483, s2.loss_cls: 0.0603, s2.acc: 88.5711, s2.loss_bbox: 0.1130, s2.loss_mask: 0.0706, loss: 1.5113, grad_norm: 2.0593
2023-07-13 04:54:49,731 - mmdet - INFO - Epoch [4][100/201]	lr: 2.599e-02, eta: 1:20:48, time: 5.408, data_time: 0.097, memory: 43753, loss_rpn_cls: 0.0250, loss_rpn_bbox: 0.0315, s0.loss_cls: 0.2340, s0.acc: 90.2523, s0.loss_bbox: 0.1947, s0.loss_mask: 0.3035, s1.loss_cls: 0.1194, s1.acc: 89.6271, s1.loss_bbox: 0.2222, s1.loss_mask: 0.1480, s2.loss_cls: 0.0606, s2.acc: 88.9961, s2.loss_bbox: 0.1143, s2.loss_mask: 0.0710, loss: 1.5243, grad_norm: 2.0645
2023-07-13 04:56:37,333 - mmdet - INFO - Epoch [4][120/201]	lr: 2.580e-02, eta: 1:19:01, time: 5.380, data_time: 0.104, memory: 43753, loss_rpn_cls: 0.0280, loss_rpn_bbox: 0.0331, s0.loss_cls: 0.2188, s0.acc: 90.7926, s0.loss_bbox: 0.1938, s0.loss_mask: 0.3016, s1.loss_cls: 0.1112, s1.acc: 90.3333, s1.loss_bbox: 0.2224, s1.loss_mask: 0.1466, s2.loss_cls: 0.0568, s2.acc: 89.4958, s2.loss_bbox: 0.1150, s2.loss_mask: 0.0697, loss: 1.4970, grad_norm: 2.0625
2023-07-13 04:58:25,797 - mmdet - INFO - Epoch [4][140/201]	lr: 2.560e-02, eta: 1:17:16, time: 5.423, data_time: 0.124, memory: 43753, loss_rpn_cls: 0.0176, loss_rpn_bbox: 0.0307, s0.loss_cls: 0.2284, s0.acc: 90.3630, s0.loss_bbox: 0.1892, s0.loss_mask: 0.3139, s1.loss_cls: 0.1160, s1.acc: 89.9699, s1.loss_bbox: 0.2268, s1.loss_mask: 0.1526, s2.loss_cls: 0.0591, s2.acc: 88.9141, s2.loss_bbox: 0.1150, s2.loss_mask: 0.0728, loss: 1.5222, grad_norm: 2.2883
2023-07-13 05:00:13,929 - mmdet - INFO - Epoch [4][160/201]	lr: 2.541e-02, eta: 1:15:30, time: 5.407, data_time: 0.087, memory: 43753, loss_rpn_cls: 0.0286, loss_rpn_bbox: 0.0322, s0.loss_cls: 0.2320, s0.acc: 90.3744, s0.loss_bbox: 0.1876, s0.loss_mask: 0.3030, s1.loss_cls: 0.1175, s1.acc: 89.9934, s1.loss_bbox: 0.2221, s1.loss_mask: 0.1487, s2.loss_cls: 0.0605, s2.acc: 88.9537, s2.loss_bbox: 0.1183, s2.loss_mask: 0.0701, loss: 1.5206, grad_norm: 2.0528
2023-07-13 05:02:01,059 - mmdet - INFO - Epoch [4][180/201]	lr: 2.521e-02, eta: 1:13:42, time: 5.357, data_time: 0.100, memory: 43753, loss_rpn_cls: 0.0286, loss_rpn_bbox: 0.0314, s0.loss_cls: 0.2349, s0.acc: 90.2083, s0.loss_bbox: 0.1856, s0.loss_mask: 0.3048, s1.loss_cls: 0.1184, s1.acc: 90.2532, s1.loss_bbox: 0.2162, s1.loss_mask: 0.1495, s2.loss_cls: 0.0583, s2.acc: 90.0272, s2.loss_bbox: 0.1127, s2.loss_mask: 0.0712, loss: 1.5116, grad_norm: 2.1003
2023-07-13 05:03:48,668 - mmdet - INFO - Epoch [4][200/201]	lr: 2.502e-02, eta: 1:11:55, time: 5.380, data_time: 0.100, memory: 43753, loss_rpn_cls: 0.0235, loss_rpn_bbox: 0.0290, s0.loss_cls: 0.2275, s0.acc: 90.1953, s0.loss_bbox: 0.1868, s0.loss_mask: 0.3006, s1.loss_cls: 0.1177, s1.acc: 89.6049, s1.loss_bbox: 0.2299, s1.loss_mask: 0.1480, s2.loss_cls: 0.0607, s2.acc: 88.6140, s2.loss_bbox: 0.1226, s2.loss_mask: 0.0706, loss: 1.5168, grad_norm: 2.1356
2023-07-13 05:04:37,790 - mmdet - INFO - Evaluating segm...
2023-07-13 05:04:38,797 - mmdet - INFO - 
 Average Precision  (AP) @[ IoU=0.50:0.95 | area=   all | maxDets=100 ] = 0.282
 Average Precision  (AP) @[ IoU=0.50      | area=   all | maxDets=1000 ] = 0.616
 Average Precision  (AP) @[ IoU=0.75      | area=   all | maxDets=1000 ] = 0.199
 Average Precision  (AP) @[ IoU=0.50:0.95 | area= small | maxDets=1000 ] = 0.266
 Average Precision  (AP) @[ IoU=0.50:0.95 | area=medium | maxDets=1000 ] = 0.319
 Average Precision  (AP) @[ IoU=0.50:0.95 | area= large | maxDets=1000 ] = 0.276
 Average Recall     (AR) @[ IoU=0.50:0.95 | area=   all | maxDets=100 ] = 0.500
 Average Recall     (AR) @[ IoU=0.50:0.95 | area=   all | maxDets=300 ] = 0.500
 Average Recall     (AR) @[ IoU=0.50:0.95 | area=   all | maxDets=1000 ] = 0.500
 Average Recall     (AR) @[ IoU=0.50:0.95 | area= small | maxDets=1000 ] = 0.464
 Average Recall     (AR) @[ IoU=0.50:0.95 | area=medium | maxDets=1000 ] = 0.553
 Average Recall     (AR) @[ IoU=0.50:0.95 | area= large | maxDets=1000 ] = 0.424

2023-07-13 05:04:38,909 - mmdet - INFO - The previous best checkpoint /home/nischay/hubmap/try_mm/mmdetection/cbnet/work_dirs/hubmap/htc_resnext101_exp1pret_wsiall/best_segm_mAP_epoch_3.pth was removed
2023-07-13 05:04:41,033 - mmdet - INFO - Now best checkpoint is saved as best_segm_mAP_epoch_4.pth.
2023-07-13 05:04:41,034 - mmdet - INFO - Best segm_mAP is 0.2821 at 4 epoch.
2023-07-13 05:04:41,034 - mmdet - INFO - Exp name: pretdetec101next.py
2023-07-13 05:04:41,034 - mmdet - INFO - Epoch(val) [4][29]	segm_mAP: 0.2821, segm_mAP_50: 0.6160, segm_mAP_75: 0.1993, segm_mAP_s: 0.2664, segm_mAP_m: 0.3187, segm_mAP_l: 0.2759, segm_mAP_copypaste: 0.2821 0.6160 0.1993 0.2664 0.3187 0.2759
2023-07-13 05:06:30,308 - mmdet - INFO - Epoch [5][20/201]	lr: 2.481e-02, eta: 1:10:00, time: 5.463, data_time: 0.259, memory: 43753, loss_rpn_cls: 0.0267, loss_rpn_bbox: 0.0326, s0.loss_cls: 0.2289, s0.acc: 90.1725, s0.loss_bbox: 0.1808, s0.loss_mask: 0.3050, s1.loss_cls: 0.1181, s1.acc: 89.6246, s1.loss_bbox: 0.2096, s1.loss_mask: 0.1469, s2.loss_cls: 0.0589, s2.acc: 89.0451, s2.loss_bbox: 0.1092, s2.loss_mask: 0.0698, loss: 1.4866, grad_norm: 2.3817
2023-07-13 05:08:18,490 - mmdet - INFO - Epoch [5][40/201]	lr: 2.462e-02, eta: 1:08:13, time: 5.409, data_time: 0.101, memory: 43753, loss_rpn_cls: 0.0250, loss_rpn_bbox: 0.0329, s0.loss_cls: 0.2437, s0.acc: 89.5247, s0.loss_bbox: 0.1889, s0.loss_mask: 0.3016, s1.loss_cls: 0.1257, s1.acc: 89.0397, s1.loss_bbox: 0.2303, s1.loss_mask: 0.1471, s2.loss_cls: 0.0645, s2.acc: 87.6319, s2.loss_bbox: 0.1240, s2.loss_mask: 0.0707, loss: 1.5545, grad_norm: 2.3502
2023-07-13 05:10:06,043 - mmdet - INFO - Epoch [5][60/201]	lr: 2.442e-02, eta: 1:06:27, time: 5.373, data_time: 0.118, memory: 43754, loss_rpn_cls: 0.0231, loss_rpn_bbox: 0.0356, s0.loss_cls: 0.2255, s0.acc: 90.4329, s0.loss_bbox: 0.1808, s0.loss_mask: 0.2934, s1.loss_cls: 0.1190, s1.acc: 89.5805, s1.loss_bbox: 0.2180, s1.loss_mask: 0.1433, s2.loss_cls: 0.0607, s2.acc: 88.8911, s2.loss_bbox: 0.1153, s2.loss_mask: 0.0683, loss: 1.4832, grad_norm: 2.0019
2023-07-13 05:11:53,653 - mmdet - INFO - Epoch [5][80/201]	lr: 2.423e-02, eta: 1:04:40, time: 5.385, data_time: 0.142, memory: 43754, loss_rpn_cls: 0.0225, loss_rpn_bbox: 0.0295, s0.loss_cls: 0.2296, s0.acc: 90.5827, s0.loss_bbox: 0.1778, s0.loss_mask: 0.2967, s1.loss_cls: 0.1188, s1.acc: 89.8553, s1.loss_bbox: 0.2199, s1.loss_mask: 0.1455, s2.loss_cls: 0.0608, s2.acc: 88.8863, s2.loss_bbox: 0.1152, s2.loss_mask: 0.0690, loss: 1.4853, grad_norm: 2.0626
2023-07-13 05:13:42,085 - mmdet - INFO - Epoch [5][100/201]	lr: 2.404e-02, eta: 1:02:54, time: 5.422, data_time: 0.130, memory: 43754, loss_rpn_cls: 0.0242, loss_rpn_bbox: 0.0329, s0.loss_cls: 0.2333, s0.acc: 89.9300, s0.loss_bbox: 0.1961, s0.loss_mask: 0.2936, s1.loss_cls: 0.1222, s1.acc: 89.2536, s1.loss_bbox: 0.2406, s1.loss_mask: 0.1441, s2.loss_cls: 0.0645, s2.acc: 87.8269, s2.loss_bbox: 0.1311, s2.loss_mask: 0.0695, loss: 1.5520, grad_norm: 2.1969
2023-07-13 05:15:28,727 - mmdet - INFO - Epoch [5][120/201]	lr: 2.385e-02, eta: 1:01:06, time: 5.332, data_time: 0.086, memory: 43754, loss_rpn_cls: 0.0200, loss_rpn_bbox: 0.0280, s0.loss_cls: 0.2233, s0.acc: 90.2767, s0.loss_bbox: 0.1948, s0.loss_mask: 0.2996, s1.loss_cls: 0.1169, s1.acc: 89.5829, s1.loss_bbox: 0.2293, s1.loss_mask: 0.1453, s2.loss_cls: 0.0605, s2.acc: 88.6147, s2.loss_bbox: 0.1231, s2.loss_mask: 0.0686, loss: 1.5094, grad_norm: 2.1148
2023-07-13 05:17:16,570 - mmdet - INFO - Epoch [5][140/201]	lr: 2.366e-02, eta: 0:59:19, time: 5.392, data_time: 0.137, memory: 43754, loss_rpn_cls: 0.0219, loss_rpn_bbox: 0.0334, s0.loss_cls: 0.2233, s0.acc: 90.6364, s0.loss_bbox: 0.1963, s0.loss_mask: 0.3090, s1.loss_cls: 0.1128, s1.acc: 90.3317, s1.loss_bbox: 0.2416, s1.loss_mask: 0.1513, s2.loss_cls: 0.0598, s2.acc: 88.8056, s2.loss_bbox: 0.1251, s2.loss_mask: 0.0720, loss: 1.5465, grad_norm: 2.1653
2023-07-13 05:19:03,126 - mmdet - INFO - Epoch [5][160/201]	lr: 2.347e-02, eta: 0:57:31, time: 5.327, data_time: 0.084, memory: 43755, loss_rpn_cls: 0.0199, loss_rpn_bbox: 0.0316, s0.loss_cls: 0.2212, s0.acc: 90.6869, s0.loss_bbox: 0.1839, s0.loss_mask: 0.3002, s1.loss_cls: 0.1146, s1.acc: 90.0048, s1.loss_bbox: 0.2220, s1.loss_mask: 0.1478, s2.loss_cls: 0.0596, s2.acc: 88.7696, s2.loss_bbox: 0.1123, s2.loss_mask: 0.0703, loss: 1.4834, grad_norm: 2.1236
2023-07-13 05:20:50,990 - mmdet - INFO - Epoch [5][180/201]	lr: 2.329e-02, eta: 0:55:45, time: 5.394, data_time: 0.120, memory: 43755, loss_rpn_cls: 0.0262, loss_rpn_bbox: 0.0307, s0.loss_cls: 0.2151, s0.acc: 91.0872, s0.loss_bbox: 0.1760, s0.loss_mask: 0.2958, s1.loss_cls: 0.1100, s1.acc: 90.5308, s1.loss_bbox: 0.2097, s1.loss_mask: 0.1431, s2.loss_cls: 0.0554, s2.acc: 89.7792, s2.loss_bbox: 0.1083, s2.loss_mask: 0.0681, loss: 1.4384, grad_norm: 1.9632
2023-07-13 05:22:38,749 - mmdet - INFO - Epoch [5][200/201]	lr: 2.310e-02, eta: 0:53:58, time: 5.388, data_time: 0.113, memory: 43756, loss_rpn_cls: 0.0236, loss_rpn_bbox: 0.0301, s0.loss_cls: 0.2450, s0.acc: 89.6436, s0.loss_bbox: 0.1845, s0.loss_mask: 0.2996, s1.loss_cls: 0.1257, s1.acc: 89.3199, s1.loss_bbox: 0.2301, s1.loss_mask: 0.1461, s2.loss_cls: 0.0634, s2.acc: 88.2111, s2.loss_bbox: 0.1258, s2.loss_mask: 0.0693, loss: 1.5431, grad_norm: 2.3730
2023-07-13 05:23:27,528 - mmdet - INFO - Evaluating segm...
2023-07-13 05:23:28,535 - mmdet - INFO - 
 Average Precision  (AP) @[ IoU=0.50:0.95 | area=   all | maxDets=100 ] = 0.263
 Average Precision  (AP) @[ IoU=0.50      | area=   all | maxDets=1000 ] = 0.595
 Average Precision  (AP) @[ IoU=0.75      | area=   all | maxDets=1000 ] = 0.181
 Average Precision  (AP) @[ IoU=0.50:0.95 | area= small | maxDets=1000 ] = 0.248
 Average Precision  (AP) @[ IoU=0.50:0.95 | area=medium | maxDets=1000 ] = 0.293
 Average Precision  (AP) @[ IoU=0.50:0.95 | area= large | maxDets=1000 ] = 0.229
 Average Recall     (AR) @[ IoU=0.50:0.95 | area=   all | maxDets=100 ] = 0.481
 Average Recall     (AR) @[ IoU=0.50:0.95 | area=   all | maxDets=300 ] = 0.481
 Average Recall     (AR) @[ IoU=0.50:0.95 | area=   all | maxDets=1000 ] = 0.481
 Average Recall     (AR) @[ IoU=0.50:0.95 | area= small | maxDets=1000 ] = 0.460
 Average Recall     (AR) @[ IoU=0.50:0.95 | area=medium | maxDets=1000 ] = 0.519
 Average Recall     (AR) @[ IoU=0.50:0.95 | area= large | maxDets=1000 ] = 0.318

2023-07-13 05:23:28,544 - mmdet - INFO - Exp name: pretdetec101next.py
2023-07-13 05:23:28,544 - mmdet - INFO - Epoch(val) [5][29]	segm_mAP: 0.2626, segm_mAP_50: 0.5954, segm_mAP_75: 0.1811, segm_mAP_s: 0.2477, segm_mAP_m: 0.2933, segm_mAP_l: 0.2289, segm_mAP_copypaste: 0.2626 0.5954 0.1811 0.2477 0.2933 0.2289
2023-07-13 05:25:19,370 - mmdet - INFO - Epoch [6][20/201]	lr: 2.292e-02, eta: 0:52:04, time: 5.540, data_time: 0.305, memory: 43756, loss_rpn_cls: 0.0230, loss_rpn_bbox: 0.0286, s0.loss_cls: 0.2261, s0.acc: 90.4395, s0.loss_bbox: 0.1787, s0.loss_mask: 0.2974, s1.loss_cls: 0.1178, s1.acc: 89.8257, s1.loss_bbox: 0.2205, s1.loss_mask: 0.1451, s2.loss_cls: 0.0612, s2.acc: 88.7422, s2.loss_bbox: 0.1211, s2.loss_mask: 0.0696, loss: 1.4893, grad_norm: 2.1914
2023-07-13 05:27:06,593 - mmdet - INFO - Epoch [6][40/201]	lr: 2.274e-02, eta: 0:50:17, time: 5.361, data_time: 0.108, memory: 43756, loss_rpn_cls: 0.0188, loss_rpn_bbox: 0.0321, s0.loss_cls: 0.2121, s0.acc: 91.0189, s0.loss_bbox: 0.1803, s0.loss_mask: 0.2944, s1.loss_cls: 0.1101, s1.acc: 90.5080, s1.loss_bbox: 0.2229, s1.loss_mask: 0.1435, s2.loss_cls: 0.0583, s2.acc: 89.2619, s2.loss_bbox: 0.1219, s2.loss_mask: 0.0687, loss: 1.4632, grad_norm: 2.1528
2023-07-13 05:28:53,962 - mmdet - INFO - Epoch [6][60/201]	lr: 2.257e-02, eta: 0:48:30, time: 5.368, data_time: 0.133, memory: 43756, loss_rpn_cls: 0.0208, loss_rpn_bbox: 0.0265, s0.loss_cls: 0.2061, s0.acc: 91.2077, s0.loss_bbox: 0.1658, s0.loss_mask: 0.2921, s1.loss_cls: 0.1040, s1.acc: 90.9330, s1.loss_bbox: 0.2049, s1.loss_mask: 0.1428, s2.loss_cls: 0.0543, s2.acc: 90.2409, s2.loss_bbox: 0.1136, s2.loss_mask: 0.0672, loss: 1.3981, grad_norm: 2.1644
2023-07-13 05:30:42,577 - mmdet - INFO - Epoch [6][80/201]	lr: 2.240e-02, eta: 0:46:43, time: 5.431, data_time: 0.149, memory: 43756, loss_rpn_cls: 0.0264, loss_rpn_bbox: 0.0298, s0.loss_cls: 0.2189, s0.acc: 90.7406, s0.loss_bbox: 0.1800, s0.loss_mask: 0.2885, s1.loss_cls: 0.1161, s1.acc: 90.0338, s1.loss_bbox: 0.2169, s1.loss_mask: 0.1412, s2.loss_cls: 0.0602, s2.acc: 88.7588, s2.loss_bbox: 0.1160, s2.loss_mask: 0.0667, loss: 1.4606, grad_norm: 2.1499
2023-07-13 05:32:30,026 - mmdet - INFO - Epoch [6][100/201]	lr: 2.223e-02, eta: 0:44:56, time: 5.372, data_time: 0.110, memory: 43756, loss_rpn_cls: 0.0224, loss_rpn_bbox: 0.0269, s0.loss_cls: 0.2263, s0.acc: 90.3369, s0.loss_bbox: 0.1854, s0.loss_mask: 0.2964, s1.loss_cls: 0.1189, s1.acc: 89.5001, s1.loss_bbox: 0.2324, s1.loss_mask: 0.1457, s2.loss_cls: 0.0623, s2.acc: 88.5507, s2.loss_bbox: 0.1267, s2.loss_mask: 0.0700, loss: 1.5135, grad_norm: 2.0771
2023-07-13 05:34:17,603 - mmdet - INFO - Epoch [6][120/201]	lr: 2.207e-02, eta: 0:43:09, time: 5.379, data_time: 0.116, memory: 43756, loss_rpn_cls: 0.0242, loss_rpn_bbox: 0.0336, s0.loss_cls: 0.2212, s0.acc: 90.6217, s0.loss_bbox: 0.1873, s0.loss_mask: 0.2939, s1.loss_cls: 0.1114, s1.acc: 90.3375, s1.loss_bbox: 0.2253, s1.loss_mask: 0.1430, s2.loss_cls: 0.0593, s2.acc: 89.1387, s2.loss_bbox: 0.1175, s2.loss_mask: 0.0684, loss: 1.4852, grad_norm: 2.2037
2023-07-13 05:36:05,102 - mmdet - INFO - Epoch [6][140/201]	lr: 2.192e-02, eta: 0:41:22, time: 5.375, data_time: 0.149, memory: 43756, loss_rpn_cls: 0.0173, loss_rpn_bbox: 0.0285, s0.loss_cls: 0.2228, s0.acc: 90.4883, s0.loss_bbox: 0.1736, s0.loss_mask: 0.3012, s1.loss_cls: 0.1148, s1.acc: 89.9118, s1.loss_bbox: 0.2152, s1.loss_mask: 0.1475, s2.loss_cls: 0.0582, s2.acc: 89.5420, s2.loss_bbox: 0.1169, s2.loss_mask: 0.0703, loss: 1.4664, grad_norm: 2.0637
2023-07-13 05:37:52,850 - mmdet - INFO - Epoch [6][160/201]	lr: 2.177e-02, eta: 0:39:35, time: 5.387, data_time: 0.120, memory: 43756, loss_rpn_cls: 0.0177, loss_rpn_bbox: 0.0302, s0.loss_cls: 0.2193, s0.acc: 90.5778, s0.loss_bbox: 0.1891, s0.loss_mask: 0.2994, s1.loss_cls: 0.1139, s1.acc: 89.6975, s1.loss_bbox: 0.2273, s1.loss_mask: 0.1462, s2.loss_cls: 0.0589, s2.acc: 89.0096, s2.loss_bbox: 0.1219, s2.loss_mask: 0.0695, loss: 1.4933, grad_norm: 2.2654
2023-07-13 05:39:40,226 - mmdet - INFO - Epoch [6][180/201]	lr: 2.162e-02, eta: 0:37:48, time: 5.369, data_time: 0.134, memory: 43756, loss_rpn_cls: 0.0198, loss_rpn_bbox: 0.0270, s0.loss_cls: 0.2147, s0.acc: 91.0563, s0.loss_bbox: 0.1806, s0.loss_mask: 0.3009, s1.loss_cls: 0.1092, s1.acc: 90.7536, s1.loss_bbox: 0.2223, s1.loss_mask: 0.1479, s2.loss_cls: 0.0575, s2.acc: 89.1643, s2.loss_bbox: 0.1199, s2.loss_mask: 0.0715, loss: 1.4714, grad_norm: 2.0626
2023-07-13 05:41:27,776 - mmdet - INFO - Epoch [6][200/201]	lr: 2.148e-02, eta: 0:36:01, time: 5.378, data_time: 0.127, memory: 43756, loss_rpn_cls: 0.0181, loss_rpn_bbox: 0.0298, s0.loss_cls: 0.2239, s0.acc: 90.5046, s0.loss_bbox: 0.1830, s0.loss_mask: 0.3042, s1.loss_cls: 0.1174, s1.acc: 89.7444, s1.loss_bbox: 0.2274, s1.loss_mask: 0.1482, s2.loss_cls: 0.0610, s2.acc: 88.5094, s2.loss_bbox: 0.1191, s2.loss_mask: 0.0703, loss: 1.5024, grad_norm: 2.2205
2023-07-13 05:42:16,420 - mmdet - INFO - Evaluating segm...
2023-07-13 05:42:17,549 - mmdet - INFO - 
 Average Precision  (AP) @[ IoU=0.50:0.95 | area=   all | maxDets=100 ] = 0.296
 Average Precision  (AP) @[ IoU=0.50      | area=   all | maxDets=1000 ] = 0.631
 Average Precision  (AP) @[ IoU=0.75      | area=   all | maxDets=1000 ] = 0.224
 Average Precision  (AP) @[ IoU=0.50:0.95 | area= small | maxDets=1000 ] = 0.276
 Average Precision  (AP) @[ IoU=0.50:0.95 | area=medium | maxDets=1000 ] = 0.333
 Average Precision  (AP) @[ IoU=0.50:0.95 | area= large | maxDets=1000 ] = 0.269
 Average Recall     (AR) @[ IoU=0.50:0.95 | area=   all | maxDets=100 ] = 0.507
 Average Recall     (AR) @[ IoU=0.50:0.95 | area=   all | maxDets=300 ] = 0.507
 Average Recall     (AR) @[ IoU=0.50:0.95 | area=   all | maxDets=1000 ] = 0.507
 Average Recall     (AR) @[ IoU=0.50:0.95 | area= small | maxDets=1000 ] = 0.469
 Average Recall     (AR) @[ IoU=0.50:0.95 | area=medium | maxDets=1000 ] = 0.558
 Average Recall     (AR) @[ IoU=0.50:0.95 | area= large | maxDets=1000 ] = 0.506

2023-07-13 05:42:17,663 - mmdet - INFO - The previous best checkpoint /home/nischay/hubmap/try_mm/mmdetection/cbnet/work_dirs/hubmap/htc_resnext101_exp1pret_wsiall/best_segm_mAP_epoch_4.pth was removed
2023-07-13 05:42:19,769 - mmdet - INFO - Now best checkpoint is saved as best_segm_mAP_epoch_6.pth.
2023-07-13 05:42:19,770 - mmdet - INFO - Best segm_mAP is 0.2958 at 6 epoch.
2023-07-13 05:42:19,770 - mmdet - INFO - Exp name: pretdetec101next.py
2023-07-13 05:42:19,770 - mmdet - INFO - Epoch(val) [6][29]	segm_mAP: 0.2958, segm_mAP_50: 0.6307, segm_mAP_75: 0.2237, segm_mAP_s: 0.2763, segm_mAP_m: 0.3325, segm_mAP_l: 0.2693, segm_mAP_copypaste: 0.2958 0.6307 0.2237 0.2763 0.3325 0.2693
2023-07-13 05:44:10,589 - mmdet - INFO - Epoch [7][20/201]	lr: 2.134e-02, eta: 0:34:08, time: 5.540, data_time: 0.256, memory: 43756, loss_rpn_cls: 0.0193, loss_rpn_bbox: 0.0291, s0.loss_cls: 0.1995, s0.acc: 91.8717, s0.loss_bbox: 0.1667, s0.loss_mask: 0.2956, s1.loss_cls: 0.1028, s1.acc: 91.7751, s1.loss_bbox: 0.2104, s1.loss_mask: 0.1438, s2.loss_cls: 0.0547, s2.acc: 89.9322, s2.loss_bbox: 0.1202, s2.loss_mask: 0.0679, loss: 1.4100, grad_norm: 2.1893
2023-07-13 05:45:58,622 - mmdet - INFO - Epoch [7][40/201]	lr: 2.121e-02, eta: 0:32:21, time: 5.402, data_time: 0.116, memory: 43756, loss_rpn_cls: 0.0214, loss_rpn_bbox: 0.0294, s0.loss_cls: 0.2102, s0.acc: 91.2109, s0.loss_bbox: 0.1808, s0.loss_mask: 0.2924, s1.loss_cls: 0.1073, s1.acc: 90.7496, s1.loss_bbox: 0.2201, s1.loss_mask: 0.1428, s2.loss_cls: 0.0563, s2.acc: 89.5999, s2.loss_bbox: 0.1188, s2.loss_mask: 0.0684, loss: 1.4480, grad_norm: 2.1541
2023-07-13 05:47:45,641 - mmdet - INFO - Epoch [7][60/201]	lr: 2.108e-02, eta: 0:30:33, time: 5.351, data_time: 0.082, memory: 43756, loss_rpn_cls: 0.0215, loss_rpn_bbox: 0.0297, s0.loss_cls: 0.2125, s0.acc: 91.0775, s0.loss_bbox: 0.1765, s0.loss_mask: 0.2943, s1.loss_cls: 0.1105, s1.acc: 90.6238, s1.loss_bbox: 0.2129, s1.loss_mask: 0.1447, s2.loss_cls: 0.0577, s2.acc: 89.4618, s2.loss_bbox: 0.1207, s2.loss_mask: 0.0694, loss: 1.4504, grad_norm: 2.1559
2023-07-13 05:49:33,440 - mmdet - INFO - Epoch [7][80/201]	lr: 2.096e-02, eta: 0:28:46, time: 5.390, data_time: 0.108, memory: 43756, loss_rpn_cls: 0.0172, loss_rpn_bbox: 0.0253, s0.loss_cls: 0.2147, s0.acc: 90.9147, s0.loss_bbox: 0.1708, s0.loss_mask: 0.2910, s1.loss_cls: 0.1097, s1.acc: 90.5405, s1.loss_bbox: 0.2182, s1.loss_mask: 0.1425, s2.loss_cls: 0.0576, s2.acc: 89.5046, s2.loss_bbox: 0.1209, s2.loss_mask: 0.0674, loss: 1.4354, grad_norm: 2.1873
2023-07-13 05:51:21,105 - mmdet - INFO - Epoch [7][100/201]	lr: 2.085e-02, eta: 0:26:59, time: 5.383, data_time: 0.090, memory: 43756, loss_rpn_cls: 0.0200, loss_rpn_bbox: 0.0254, s0.loss_cls: 0.2138, s0.acc: 90.8936, s0.loss_bbox: 0.1720, s0.loss_mask: 0.2997, s1.loss_cls: 0.1099, s1.acc: 90.3997, s1.loss_bbox: 0.2138, s1.loss_mask: 0.1471, s2.loss_cls: 0.0566, s2.acc: 89.7839, s2.loss_bbox: 0.1156, s2.loss_mask: 0.0704, loss: 1.4444, grad_norm: 2.2842
2023-07-13 05:53:08,726 - mmdet - INFO - Epoch [7][120/201]	lr: 2.074e-02, eta: 0:25:12, time: 5.381, data_time: 0.094, memory: 43756, loss_rpn_cls: 0.0183, loss_rpn_bbox: 0.0322, s0.loss_cls: 0.2122, s0.acc: 91.1800, s0.loss_bbox: 0.1698, s0.loss_mask: 0.2915, s1.loss_cls: 0.1074, s1.acc: 90.8688, s1.loss_bbox: 0.2087, s1.loss_mask: 0.1420, s2.loss_cls: 0.0553, s2.acc: 89.8581, s2.loss_bbox: 0.1182, s2.loss_mask: 0.0678, loss: 1.4234, grad_norm: 2.1545
2023-07-13 05:54:57,427 - mmdet - INFO - Epoch [7][140/201]	lr: 2.065e-02, eta: 0:23:25, time: 5.435, data_time: 0.141, memory: 43756, loss_rpn_cls: 0.0180, loss_rpn_bbox: 0.0293, s0.loss_cls: 0.2262, s0.acc: 90.2816, s0.loss_bbox: 0.1866, s0.loss_mask: 0.2889, s1.loss_cls: 0.1153, s1.acc: 89.9085, s1.loss_bbox: 0.2295, s1.loss_mask: 0.1396, s2.loss_cls: 0.0588, s2.acc: 89.0541, s2.loss_bbox: 0.1226, s2.loss_mask: 0.0661, loss: 1.4809, grad_norm: 2.1814
2023-07-13 05:56:45,765 - mmdet - INFO - Epoch [7][160/201]	lr: 2.055e-02, eta: 0:21:38, time: 5.417, data_time: 0.104, memory: 43756, loss_rpn_cls: 0.0193, loss_rpn_bbox: 0.0283, s0.loss_cls: 0.2141, s0.acc: 90.9310, s0.loss_bbox: 0.1787, s0.loss_mask: 0.2911, s1.loss_cls: 0.1107, s1.acc: 90.4445, s1.loss_bbox: 0.2248, s1.loss_mask: 0.1433, s2.loss_cls: 0.0593, s2.acc: 89.1337, s2.loss_bbox: 0.1258, s2.loss_mask: 0.0688, loss: 1.4644, grad_norm: 2.1367
2023-07-13 05:58:33,649 - mmdet - INFO - Epoch [7][180/201]	lr: 2.047e-02, eta: 0:19:51, time: 5.394, data_time: 0.100, memory: 43756, loss_rpn_cls: 0.0216, loss_rpn_bbox: 0.0278, s0.loss_cls: 0.2115, s0.acc: 90.9814, s0.loss_bbox: 0.1685, s0.loss_mask: 0.2921, s1.loss_cls: 0.1066, s1.acc: 90.9051, s1.loss_bbox: 0.2198, s1.loss_mask: 0.1433, s2.loss_cls: 0.0564, s2.acc: 89.7655, s2.loss_bbox: 0.1252, s2.loss_mask: 0.0683, loss: 1.4410, grad_norm: 2.1346
2023-07-13 06:00:20,933 - mmdet - INFO - Epoch [7][200/201]	lr: 2.039e-02, eta: 0:18:03, time: 5.364, data_time: 0.100, memory: 43756, loss_rpn_cls: 0.0161, loss_rpn_bbox: 0.0257, s0.loss_cls: 0.2101, s0.acc: 91.0824, s0.loss_bbox: 0.1766, s0.loss_mask: 0.2951, s1.loss_cls: 0.1098, s1.acc: 90.6860, s1.loss_bbox: 0.2214, s1.loss_mask: 0.1454, s2.loss_cls: 0.0579, s2.acc: 89.3268, s2.loss_bbox: 0.1233, s2.loss_mask: 0.0694, loss: 1.4509, grad_norm: 2.2664
2023-07-13 06:01:09,958 - mmdet - INFO - Evaluating segm...
2023-07-13 06:01:10,955 - mmdet - INFO - 
 Average Precision  (AP) @[ IoU=0.50:0.95 | area=   all | maxDets=100 ] = 0.301
 Average Precision  (AP) @[ IoU=0.50      | area=   all | maxDets=1000 ] = 0.636
 Average Precision  (AP) @[ IoU=0.75      | area=   all | maxDets=1000 ] = 0.224
 Average Precision  (AP) @[ IoU=0.50:0.95 | area= small | maxDets=1000 ] = 0.270
 Average Precision  (AP) @[ IoU=0.50:0.95 | area=medium | maxDets=1000 ] = 0.346
 Average Precision  (AP) @[ IoU=0.50:0.95 | area= large | maxDets=1000 ] = 0.395
 Average Recall     (AR) @[ IoU=0.50:0.95 | area=   all | maxDets=100 ] = 0.510
 Average Recall     (AR) @[ IoU=0.50:0.95 | area=   all | maxDets=300 ] = 0.510
 Average Recall     (AR) @[ IoU=0.50:0.95 | area=   all | maxDets=1000 ] = 0.510
 Average Recall     (AR) @[ IoU=0.50:0.95 | area= small | maxDets=1000 ] = 0.465
 Average Recall     (AR) @[ IoU=0.50:0.95 | area=medium | maxDets=1000 ] = 0.570
 Average Recall     (AR) @[ IoU=0.50:0.95 | area= large | maxDets=1000 ] = 0.518

2023-07-13 06:01:11,069 - mmdet - INFO - The previous best checkpoint /home/nischay/hubmap/try_mm/mmdetection/cbnet/work_dirs/hubmap/htc_resnext101_exp1pret_wsiall/best_segm_mAP_epoch_6.pth was removed
2023-07-13 06:01:13,141 - mmdet - INFO - Now best checkpoint is saved as best_segm_mAP_epoch_7.pth.
2023-07-13 06:01:13,142 - mmdet - INFO - Best segm_mAP is 0.3006 at 7 epoch.
2023-07-13 06:01:13,142 - mmdet - INFO - Exp name: pretdetec101next.py
2023-07-13 06:01:13,142 - mmdet - INFO - Epoch(val) [7][29]	segm_mAP: 0.3006, segm_mAP_50: 0.6356, segm_mAP_75: 0.2239, segm_mAP_s: 0.2702, segm_mAP_m: 0.3463, segm_mAP_l: 0.3949, segm_mAP_copypaste: 0.3006 0.6356 0.2239 0.2702 0.3463 0.3949
2023-07-13 06:03:04,453 - mmdet - INFO - Epoch [8][20/201]	lr: 2.031e-02, eta: 0:16:10, time: 5.565, data_time: 0.286, memory: 43756, loss_rpn_cls: 0.0170, loss_rpn_bbox: 0.0330, s0.loss_cls: 0.2148, s0.acc: 90.8936, s0.loss_bbox: 0.1841, s0.loss_mask: 0.2885, s1.loss_cls: 0.1121, s1.acc: 90.5138, s1.loss_bbox: 0.2338, s1.loss_mask: 0.1412, s2.loss_cls: 0.0598, s2.acc: 89.1892, s2.loss_bbox: 0.1326, s2.loss_mask: 0.0670, loss: 1.4839, grad_norm: 2.3602
2023-07-13 06:04:52,416 - mmdet - INFO - Epoch [8][40/201]	lr: 2.025e-02, eta: 0:14:23, time: 5.398, data_time: 0.105, memory: 43756, loss_rpn_cls: 0.0187, loss_rpn_bbox: 0.0291, s0.loss_cls: 0.2063, s0.acc: 91.3053, s0.loss_bbox: 0.1654, s0.loss_mask: 0.2970, s1.loss_cls: 0.1049, s1.acc: 91.1006, s1.loss_bbox: 0.2112, s1.loss_mask: 0.1475, s2.loss_cls: 0.0559, s2.acc: 89.9710, s2.loss_bbox: 0.1195, s2.loss_mask: 0.0709, loss: 1.4265, grad_norm: 2.2545
2023-07-13 06:06:39,737 - mmdet - INFO - Epoch [8][60/201]	lr: 2.019e-02, eta: 0:12:36, time: 5.366, data_time: 0.109, memory: 43756, loss_rpn_cls: 0.0156, loss_rpn_bbox: 0.0257, s0.loss_cls: 0.2169, s0.acc: 90.6901, s0.loss_bbox: 0.1713, s0.loss_mask: 0.2968, s1.loss_cls: 0.1109, s1.acc: 90.4595, s1.loss_bbox: 0.2166, s1.loss_mask: 0.1457, s2.loss_cls: 0.0571, s2.acc: 89.6045, s2.loss_bbox: 0.1198, s2.loss_mask: 0.0692, loss: 1.4458, grad_norm: 2.2839
2023-07-13 06:08:27,753 - mmdet - INFO - Epoch [8][80/201]	lr: 2.014e-02, eta: 0:10:49, time: 5.401, data_time: 0.124, memory: 43756, loss_rpn_cls: 0.0167, loss_rpn_bbox: 0.0253, s0.loss_cls: 0.2159, s0.acc: 90.5192, s0.loss_bbox: 0.1701, s0.loss_mask: 0.2872, s1.loss_cls: 0.1106, s1.acc: 90.1454, s1.loss_bbox: 0.2192, s1.loss_mask: 0.1404, s2.loss_cls: 0.0584, s2.acc: 88.8121, s2.loss_bbox: 0.1213, s2.loss_mask: 0.0668, loss: 1.4318, grad_norm: 2.2817
2023-07-13 06:10:14,722 - mmdet - INFO - Epoch [8][100/201]	lr: 2.010e-02, eta: 0:09:01, time: 5.348, data_time: 0.090, memory: 43756, loss_rpn_cls: 0.0206, loss_rpn_bbox: 0.0258, s0.loss_cls: 0.2013, s0.acc: 91.5169, s0.loss_bbox: 0.1672, s0.loss_mask: 0.2858, s1.loss_cls: 0.1045, s1.acc: 91.0039, s1.loss_bbox: 0.2144, s1.loss_mask: 0.1391, s2.loss_cls: 0.0557, s2.acc: 89.7462, s2.loss_bbox: 0.1187, s2.loss_mask: 0.0666, loss: 1.3996, grad_norm: 2.4042
2023-07-13 06:12:02,398 - mmdet - INFO - Epoch [8][120/201]	lr: 2.006e-02, eta: 0:07:14, time: 5.384, data_time: 0.104, memory: 43756, loss_rpn_cls: 0.0204, loss_rpn_bbox: 0.0282, s0.loss_cls: 0.2044, s0.acc: 91.3558, s0.loss_bbox: 0.1734, s0.loss_mask: 0.2944, s1.loss_cls: 0.1049, s1.acc: 90.9594, s1.loss_bbox: 0.2171, s1.loss_mask: 0.1450, s2.loss_cls: 0.0554, s2.acc: 89.7718, s2.loss_bbox: 0.1215, s2.loss_mask: 0.0689, loss: 1.4336, grad_norm: 2.2892
2023-07-13 06:13:50,364 - mmdet - INFO - Epoch [8][140/201]	lr: 2.004e-02, eta: 0:05:27, time: 5.398, data_time: 0.147, memory: 43756, loss_rpn_cls: 0.0188, loss_rpn_bbox: 0.0280, s0.loss_cls: 0.2002, s0.acc: 91.4290, s0.loss_bbox: 0.1636, s0.loss_mask: 0.2873, s1.loss_cls: 0.1019, s1.acc: 91.1657, s1.loss_bbox: 0.2043, s1.loss_mask: 0.1402, s2.loss_cls: 0.0530, s2.acc: 90.2698, s2.loss_bbox: 0.1192, s2.loss_mask: 0.0675, loss: 1.3838, grad_norm: 2.1566
2023-07-13 06:15:37,384 - mmdet - INFO - Epoch [8][160/201]	lr: 2.002e-02, eta: 0:03:39, time: 5.351, data_time: 0.089, memory: 43756, loss_rpn_cls: 0.0195, loss_rpn_bbox: 0.0238, s0.loss_cls: 0.1852, s0.acc: 92.0801, s0.loss_bbox: 0.1585, s0.loss_mask: 0.2897, s1.loss_cls: 0.0946, s1.acc: 91.8074, s1.loss_bbox: 0.1967, s1.loss_mask: 0.1410, s2.loss_cls: 0.0500, s2.acc: 90.9104, s2.loss_bbox: 0.1157, s2.loss_mask: 0.0675, loss: 1.3421, grad_norm: 2.2186
2023-07-13 06:17:24,297 - mmdet - INFO - Epoch [8][180/201]	lr: 2.000e-02, eta: 0:01:52, time: 5.346, data_time: 0.106, memory: 43756, loss_rpn_cls: 0.0180, loss_rpn_bbox: 0.0284, s0.loss_cls: 0.2020, s0.acc: 91.4779, s0.loss_bbox: 0.1613, s0.loss_mask: 0.2853, s1.loss_cls: 0.1006, s1.acc: 91.7039, s1.loss_bbox: 0.2075, s1.loss_mask: 0.1397, s2.loss_cls: 0.0537, s2.acc: 90.1148, s2.loss_bbox: 0.1127, s2.loss_mask: 0.0655, loss: 1.3745, grad_norm: 2.3506
2023-07-13 06:19:11,126 - mmdet - INFO - Epoch [8][200/201]	lr: 2.000e-02, eta: 0:00:05, time: 5.341, data_time: 0.101, memory: 43756, loss_rpn_cls: 0.0182, loss_rpn_bbox: 0.0233, s0.loss_cls: 0.1913, s0.acc: 91.8652, s0.loss_bbox: 0.1589, s0.loss_mask: 0.2974, s1.loss_cls: 0.0959, s1.acc: 91.8762, s1.loss_bbox: 0.2060, s1.loss_mask: 0.1454, s2.loss_cls: 0.0514, s2.acc: 90.8313, s2.loss_bbox: 0.1191, s2.loss_mask: 0.0684, loss: 1.3752, grad_norm: 2.1443
2023-07-13 06:19:16,480 - mmdet - INFO - Saving checkpoint at 8 epochs
2023-07-13 06:20:01,356 - mmdet - INFO - Evaluating segm...
2023-07-13 06:20:02,490 - mmdet - INFO - 
 Average Precision  (AP) @[ IoU=0.50:0.95 | area=   all | maxDets=100 ] = 0.307
 Average Precision  (AP) @[ IoU=0.50      | area=   all | maxDets=1000 ] = 0.652
 Average Precision  (AP) @[ IoU=0.75      | area=   all | maxDets=1000 ] = 0.250
 Average Precision  (AP) @[ IoU=0.50:0.95 | area= small | maxDets=1000 ] = 0.271
 Average Precision  (AP) @[ IoU=0.50:0.95 | area=medium | maxDets=1000 ] = 0.360
 Average Precision  (AP) @[ IoU=0.50:0.95 | area= large | maxDets=1000 ] = 0.305
 Average Recall     (AR) @[ IoU=0.50:0.95 | area=   all | maxDets=100 ] = 0.505
 Average Recall     (AR) @[ IoU=0.50:0.95 | area=   all | maxDets=300 ] = 0.505
 Average Recall     (AR) @[ IoU=0.50:0.95 | area=   all | maxDets=1000 ] = 0.505
 Average Recall     (AR) @[ IoU=0.50:0.95 | area= small | maxDets=1000 ] = 0.469
 Average Recall     (AR) @[ IoU=0.50:0.95 | area=medium | maxDets=1000 ] = 0.561
 Average Recall     (AR) @[ IoU=0.50:0.95 | area= large | maxDets=1000 ] = 0.400

2023-07-13 06:20:02,605 - mmdet - INFO - The previous best checkpoint /home/nischay/hubmap/try_mm/mmdetection/cbnet/work_dirs/hubmap/htc_resnext101_exp1pret_wsiall/best_segm_mAP_epoch_7.pth was removed
2023-07-13 06:20:04,467 - mmdet - INFO - Now best checkpoint is saved as best_segm_mAP_epoch_8.pth.
2023-07-13 06:20:04,468 - mmdet - INFO - Best segm_mAP is 0.3071 at 8 epoch.
2023-07-13 06:20:04,468 - mmdet - INFO - Exp name: pretdetec101next.py
2023-07-13 06:20:04,468 - mmdet - INFO - Epoch(val) [8][29]	segm_mAP: 0.3071, segm_mAP_50: 0.6519, segm_mAP_75: 0.2496, segm_mAP_s: 0.2708, segm_mAP_m: 0.3600, segm_mAP_l: 0.3054, segm_mAP_copypaste: 0.3071 0.6519 0.2496 0.2708 0.3600 0.3054
