2023-07-18 13:20:38,197 - mmdet - INFO - Environment info:
------------------------------------------------------------
sys.platform: linux
Python: 3.8.10 (default, May 26 2023, 14:05:08) [GCC 9.4.0]
CUDA available: True
GPU 0,1,2: NVIDIA RTX A6000
CUDA_HOME: /usr/local/cuda
NVCC: Cuda compilation tools, release 11.7, V11.7.99
GCC: x86_64-linux-gnu-gcc (Ubuntu 9.4.0-1ubuntu1~20.04.1) 9.4.0
PyTorch: 1.13.1+cu117
PyTorch compiling details: PyTorch built with:
  - GCC 9.3
  - C++ Version: 201402
  - Intel(R) Math Kernel Library Version 2020.0.0 Product Build 20191122 for Intel(R) 64 architecture applications
  - Intel(R) MKL-DNN v2.6.0 (Git Hash 52b5f107dd9cf10910aaa19cb47f3abf9b349815)
  - OpenMP 201511 (a.k.a. OpenMP 4.5)
  - LAPACK is enabled (usually provided by MKL)
  - NNPACK is enabled
  - CPU capability usage: AVX2
  - CUDA Runtime 11.7
  - NVCC architecture flags: -gencode;arch=compute_37,code=sm_37;-gencode;arch=compute_50,code=sm_50;-gencode;arch=compute_60,code=sm_60;-gencode;arch=compute_70,code=sm_70;-gencode;arch=compute_75,code=sm_75;-gencode;arch=compute_80,code=sm_80;-gencode;arch=compute_86,code=sm_86
  - CuDNN 8.5
  - Magma 2.6.1
  - Build settings: BLAS_INFO=mkl, BUILD_TYPE=Release, CUDA_VERSION=11.7, CUDNN_VERSION=8.5.0, CXX_COMPILER=/opt/rh/devtoolset-9/root/usr/bin/c++, CXX_FLAGS= -fabi-version=11 -Wno-deprecated -fvisibility-inlines-hidden -DUSE_PTHREADPOOL -fopenmp -DNDEBUG -DUSE_KINETO -DUSE_FBGEMM -DUSE_QNNPACK -DUSE_PYTORCH_QNNPACK -DUSE_XNNPACK -DSYMBOLICATE_MOBILE_DEBUG_HANDLE -DEDGE_PROFILER_USE_KINETO -O2 -fPIC -Wno-narrowing -Wall -Wextra -Werror=return-type -Werror=non-virtual-dtor -Wno-missing-field-initializers -Wno-type-limits -Wno-array-bounds -Wno-unknown-pragmas -Wunused-local-typedefs -Wno-unused-parameter -Wno-unused-function -Wno-unused-result -Wno-strict-overflow -Wno-strict-aliasing -Wno-error=deprecated-declarations -Wno-stringop-overflow -Wno-psabi -Wno-error=pedantic -Wno-error=redundant-decls -Wno-error=old-style-cast -fdiagnostics-color=always -faligned-new -Wno-unused-but-set-variable -Wno-maybe-uninitialized -fno-math-errno -fno-trapping-math -Werror=format -Werror=cast-function-type -Wno-stringop-overflow, LAPACK_INFO=mkl, PERF_WITH_AVX=1, PERF_WITH_AVX2=1, PERF_WITH_AVX512=1, TORCH_VERSION=1.13.1, USE_CUDA=ON, USE_CUDNN=ON, USE_EXCEPTION_PTR=1, USE_GFLAGS=OFF, USE_GLOG=OFF, USE_MKL=ON, USE_MKLDNN=ON, USE_MPI=OFF, USE_NCCL=ON, USE_NNPACK=ON, USE_OPENMP=ON, USE_ROCM=OFF, 

TorchVision: 0.14.1+cu117
OpenCV: 4.7.0
MMCV: 1.7.1
MMCV Compiler: GCC 9.4
MMCV CUDA Compiler: 11.7
MMDetection: 2.25.3+1317ff9
------------------------------------------------------------

2023-07-18 13:20:40,107 - mmdet - INFO - Distributed training: True
2023-07-18 13:20:42,006 - mmdet - INFO - Config:
NUM_CLASSES = 1
drop_path_rate = 0.2
model = dict(
    type='HybridTaskCascade',
    backbone=dict(
        type='BEiTAdapter',
        img_size=224,
        patch_size=16,
        embed_dim=1024,
        depth=24,
        num_heads=16,
        mlp_ratio=4,
        qkv_bias=True,
        use_abs_pos_emb=False,
        use_rel_pos_bias=True,
        init_values=1e-06,
        drop_path_rate=0.2,
        conv_inplane=64,
        n_points=4,
        deform_num_heads=16,
        cffn_ratio=0.25,
        deform_ratio=0.5,
        with_cp=True,
        window_attn=[
            True, True, True, True, True, True, True, True, True, True, True,
            True, True, True, True, True, True, True, True, True, True, True,
            True, True
        ],
        window_size=[
            14, 14, 14, 14, 14, 56, 14, 14, 14, 14, 14, 56, 14, 14, 14, 14, 14,
            56, 14, 14, 14, 14, 14, 56
        ],
        interaction_indexes=[[0, 5], [6, 11], [12, 17], [18, 23]],
        pretrained=None),
    neck=[
        dict(
            type='ExtraAttention',
            in_channels=[1024, 1024, 1024, 1024],
            num_head=32,
            with_ffn=True,
            with_cp=True,
            ffn_ratio=4.0,
            drop_path=0.2),
        dict(
            type='FPN',
            in_channels=[1024, 1024, 1024, 1024],
            norm_cfg=dict(type='GN', num_groups=32),
            out_channels=256,
            num_outs=5)
    ],
    rpn_head=dict(
        type='RPNHead',
        in_channels=256,
        feat_channels=256,
        anchor_generator=dict(
            type='AnchorGenerator',
            scales=[8],
            ratios=[0.5, 1.0, 2.0],
            strides=[4, 8, 16, 32, 64]),
        bbox_coder=dict(
            type='DeltaXYWHBBoxCoder',
            target_means=[0.0, 0.0, 0.0, 0.0],
            target_stds=[1.0, 1.0, 1.0, 1.0]),
        loss_cls=dict(
            type='CrossEntropyLoss', use_sigmoid=True, loss_weight=1.0),
        loss_bbox=dict(
            type='SmoothL1Loss', beta=0.1111111111111111, loss_weight=1.0)),
    roi_head=dict(
        type='HybridTaskCascadeRoIHead',
        interleaved=True,
        mask_info_flow=True,
        num_stages=3,
        stage_loss_weights=[1, 0.5, 0.25],
        bbox_roi_extractor=dict(
            type='SingleRoIExtractor',
            roi_layer=dict(type='RoIAlign', output_size=7, sampling_ratio=0),
            out_channels=256,
            featmap_strides=[4, 8, 16, 32]),
        bbox_head=[
            dict(
                type='Shared4Conv1FCBBoxHead',
                in_channels=256,
                fc_out_channels=1024,
                roi_feat_size=7,
                num_classes=1,
                bbox_coder=dict(
                    type='DeltaXYWHBBoxCoder',
                    target_means=[0.0, 0.0, 0.0, 0.0],
                    target_stds=[0.1, 0.1, 0.2, 0.2]),
                reg_class_agnostic=True,
                reg_decoded_bbox=True,
                norm_cfg=dict(type='SyncBN', requires_grad=True),
                loss_cls=dict(
                    type='CrossEntropyLoss',
                    use_sigmoid=False,
                    loss_weight=1.0),
                loss_bbox=dict(type='GIoULoss', loss_weight=10.0)),
            dict(
                type='Shared4Conv1FCBBoxHead',
                in_channels=256,
                fc_out_channels=1024,
                roi_feat_size=7,
                num_classes=1,
                bbox_coder=dict(
                    type='DeltaXYWHBBoxCoder',
                    target_means=[0.0, 0.0, 0.0, 0.0],
                    target_stds=[0.05, 0.05, 0.1, 0.1]),
                reg_class_agnostic=True,
                reg_decoded_bbox=True,
                norm_cfg=dict(type='SyncBN', requires_grad=True),
                loss_cls=dict(
                    type='CrossEntropyLoss',
                    use_sigmoid=False,
                    loss_weight=1.0),
                loss_bbox=dict(type='GIoULoss', loss_weight=10.0)),
            dict(
                type='Shared4Conv1FCBBoxHead',
                in_channels=256,
                fc_out_channels=1024,
                roi_feat_size=7,
                num_classes=1,
                bbox_coder=dict(
                    type='DeltaXYWHBBoxCoder',
                    target_means=[0.0, 0.0, 0.0, 0.0],
                    target_stds=[0.033, 0.033, 0.067, 0.067]),
                reg_class_agnostic=True,
                reg_decoded_bbox=True,
                norm_cfg=dict(type='SyncBN', requires_grad=True),
                loss_cls=dict(
                    type='CrossEntropyLoss',
                    use_sigmoid=False,
                    loss_weight=1.0),
                loss_bbox=dict(type='GIoULoss', loss_weight=10.0))
        ],
        mask_roi_extractor=dict(
            type='SingleRoIExtractor',
            roi_layer=dict(type='RoIAlign', output_size=14, sampling_ratio=0),
            out_channels=256,
            featmap_strides=[4, 8, 16, 32]),
        mask_head=[
            dict(
                type='HTCMaskHead',
                with_conv_res=False,
                num_convs=4,
                in_channels=256,
                conv_out_channels=256,
                num_classes=1,
                loss_mask=dict(
                    type='CrossEntropyLoss', use_mask=True, loss_weight=1.0)),
            dict(
                type='HTCMaskHead',
                num_convs=4,
                in_channels=256,
                conv_out_channels=256,
                num_classes=1,
                loss_mask=dict(
                    type='CrossEntropyLoss', use_mask=True, loss_weight=1.0)),
            dict(
                type='HTCMaskHead',
                num_convs=4,
                in_channels=256,
                conv_out_channels=256,
                num_classes=1,
                loss_mask=dict(
                    type='CrossEntropyLoss', use_mask=True, loss_weight=1.0))
        ]),
    train_cfg=dict(
        rpn=dict(
            assigner=dict(
                type='MaxIoUAssigner',
                pos_iou_thr=0.7,
                neg_iou_thr=0.3,
                min_pos_iou=0.3,
                ignore_iof_thr=-1),
            sampler=dict(
                type='RandomSampler',
                num=256,
                pos_fraction=0.5,
                neg_pos_ub=-1,
                add_gt_as_proposals=False),
            allowed_border=0,
            pos_weight=-1,
            debug=False),
        rpn_proposal=dict(
            nms_pre=2000,
            max_per_img=2000,
            nms=dict(type='nms', iou_threshold=0.7),
            min_bbox_size=0),
        rcnn=[
            dict(
                assigner=dict(
                    type='MaxIoUAssigner',
                    pos_iou_thr=0.5,
                    neg_iou_thr=0.5,
                    min_pos_iou=0.5,
                    ignore_iof_thr=-1),
                sampler=dict(
                    type='RandomSampler',
                    num=512,
                    pos_fraction=0.25,
                    neg_pos_ub=-1,
                    add_gt_as_proposals=True),
                mask_size=28,
                pos_weight=-1,
                debug=False),
            dict(
                assigner=dict(
                    type='MaxIoUAssigner',
                    pos_iou_thr=0.6,
                    neg_iou_thr=0.6,
                    min_pos_iou=0.6,
                    ignore_iof_thr=-1),
                sampler=dict(
                    type='RandomSampler',
                    num=512,
                    pos_fraction=0.25,
                    neg_pos_ub=-1,
                    add_gt_as_proposals=True),
                mask_size=28,
                pos_weight=-1,
                debug=False),
            dict(
                assigner=dict(
                    type='MaxIoUAssigner',
                    pos_iou_thr=0.7,
                    neg_iou_thr=0.7,
                    min_pos_iou=0.7,
                    ignore_iof_thr=-1),
                sampler=dict(
                    type='RandomSampler',
                    num=512,
                    pos_fraction=0.25,
                    neg_pos_ub=-1,
                    add_gt_as_proposals=True),
                mask_size=28,
                pos_weight=-1,
                debug=False)
        ]),
    test_cfg=dict(
        rpn=dict(
            nms_pre=1000,
            max_per_img=1000,
            nms=dict(type='nms', iou_threshold=0.7),
            min_bbox_size=0),
        rcnn=dict(
            score_thr=0.001,
            nms=dict(type='soft_nms', iou_threshold=0.5),
            max_per_img=100,
            mask_thr_binary=0.5)))
data_root = ''
metainfo = dict(classes=('blood_vessel', ), palette=[(220, 20, 60)])
img_norm_cfg = dict(
    mean=[123.675, 116.28, 103.53], std=[58.395, 57.12, 57.375], to_rgb=True)
albu_train_transforms = [
    dict(
        type='ShiftScaleRotate',
        shift_limit=0.0625,
        scale_limit=0.15,
        rotate_limit=15,
        p=0.4),
    dict(type='RandomRotate90', p=0.4)
]
img_size = 1400
train_pipeline = [
    dict(type='LoadImageFromFile'),
    dict(type='LoadAnnotations', with_bbox=True, with_mask=True),
    dict(type='Resize', img_scale=[(1400, 1400)], keep_ratio=True),
    dict(
        type='RandomFlip',
        direction=['horizontal', 'vertical'],
        flip_ratio=0.5),
    dict(
        type='AutoAugment',
        policies=[[{
            'type': 'Shear',
            'prob': 0.4,
            'level': 0
        }], [{
            'type': 'Translate',
            'prob': 0.4,
            'level': 5
        }],
                  [{
                      'type': 'PhotoMetricDistortion',
                      'brightness_delta': 32,
                      'contrast_range': (0.5, 1.5),
                      'hue_delta': 18
                  }],
                  [{
                      'type': 'MinIoURandomCrop',
                      'min_ious': (0.4, 0.5, 0.6, 0.7, 0.8, 0.9),
                      'min_crop_size': 0.3
                  }],
                  [{
                      'type':
                      'CutOut',
                      'n_holes': (5, 10),
                      'cutout_shape': [(4, 4), (4, 8), (8, 4), (8, 8),
                                       (16, 32), (32, 16), (32, 32), (32, 48),
                                       (48, 32), (48, 48)]
                  }],
                  [{
                      'type': 'BrightnessTransform',
                      'prob': 0.6,
                      'level': 4
                  }, {
                      'type': 'ContrastTransform',
                      'prob': 0.6,
                      'level': 6
                  }, {
                      'type': 'Rotate',
                      'prob': 0.6,
                      'level': 10
                  }],
                  [{
                      'type': 'ColorTransform',
                      'prob': 1.0,
                      'level': 6
                  }, {
                      'type': 'EqualizeTransform'
                  }]]),
    dict(
        type='Albu',
        transforms=[
            dict(
                type='ShiftScaleRotate',
                shift_limit=0.0625,
                scale_limit=0.15,
                rotate_limit=15,
                p=0.4),
            dict(type='RandomRotate90', p=0.4)
        ],
        bbox_params=dict(
            type='BboxParams',
            format='pascal_voc',
            label_fields=['gt_labels'],
            min_visibility=0.0,
            filter_lost_elements=True),
        keymap=dict(img='image', gt_bboxes='bboxes', gt_masks='masks'),
        update_pad_shape=False,
        skip_img_without_anno=True),
    dict(
        type='Normalize',
        mean=[123.675, 116.28, 103.53],
        std=[58.395, 57.12, 57.375],
        to_rgb=True),
    dict(type='Pad', size_divisor=32),
    dict(type='DefaultFormatBundle'),
    dict(type='Collect', keys=['img', 'gt_bboxes', 'gt_labels', 'gt_masks'])
]
test_pipeline = [
    dict(type='LoadImageFromFile'),
    dict(
        type='MultiScaleFlipAug',
        img_scale=[(1400, 1400)],
        flip=True,
        flip_direction=['horizontal', 'vertical'],
        transforms=[
            dict(type='Resize', keep_ratio=True),
            dict(type='RandomFlip'),
            dict(
                type='Normalize',
                mean=[123.675, 116.28, 103.53],
                std=[58.395, 57.12, 57.375],
                to_rgb=True),
            dict(type='Pad', size_divisor=32),
            dict(type='ImageToTensor', keys=['img']),
            dict(type='Collect', keys=['img'])
        ])
]
data = dict(
    samples_per_gpu=2,
    workers_per_gpu=4,
    pin_memory=True,
    drop_last=False,
    train=dict(
        type='CocoDataset',
        classes=('blood_vessels', ),
        ann_file='/home/nischay/hubmap/coco/ds1_coco_1024_train_all_fold1.json',
        img_prefix='/home/nischay/hubmap/Data/train/',
        pipeline=[
            dict(type='LoadImageFromFile'),
            dict(type='LoadAnnotations', with_bbox=True, with_mask=True),
            dict(type='Resize', img_scale=[(1400, 1400)], keep_ratio=True),
            dict(
                type='RandomFlip',
                direction=['horizontal', 'vertical'],
                flip_ratio=0.5),
            dict(
                type='AutoAugment',
                policies=[[{
                    'type': 'Shear',
                    'prob': 0.4,
                    'level': 0
                }], [{
                    'type': 'Translate',
                    'prob': 0.4,
                    'level': 5
                }],
                          [{
                              'type': 'PhotoMetricDistortion',
                              'brightness_delta': 32,
                              'contrast_range': (0.5, 1.5),
                              'hue_delta': 18
                          }],
                          [{
                              'type': 'MinIoURandomCrop',
                              'min_ious': (0.4, 0.5, 0.6, 0.7, 0.8, 0.9),
                              'min_crop_size': 0.3
                          }],
                          [{
                              'type':
                              'CutOut',
                              'n_holes': (5, 10),
                              'cutout_shape': [(4, 4), (4, 8), (8, 4), (8, 8),
                                               (16, 32), (32, 16), (32, 32),
                                               (32, 48), (48, 32), (48, 48)]
                          }],
                          [{
                              'type': 'BrightnessTransform',
                              'prob': 0.6,
                              'level': 4
                          }, {
                              'type': 'ContrastTransform',
                              'prob': 0.6,
                              'level': 6
                          }, {
                              'type': 'Rotate',
                              'prob': 0.6,
                              'level': 10
                          }],
                          [{
                              'type': 'ColorTransform',
                              'prob': 1.0,
                              'level': 6
                          }, {
                              'type': 'EqualizeTransform'
                          }]]),
            dict(
                type='Albu',
                transforms=[
                    dict(
                        type='ShiftScaleRotate',
                        shift_limit=0.0625,
                        scale_limit=0.15,
                        rotate_limit=15,
                        p=0.4),
                    dict(type='RandomRotate90', p=0.4)
                ],
                bbox_params=dict(
                    type='BboxParams',
                    format='pascal_voc',
                    label_fields=['gt_labels'],
                    min_visibility=0.0,
                    filter_lost_elements=True),
                keymap=dict(img='image', gt_bboxes='bboxes', gt_masks='masks'),
                update_pad_shape=False,
                skip_img_without_anno=True),
            dict(
                type='Normalize',
                mean=[123.675, 116.28, 103.53],
                std=[58.395, 57.12, 57.375],
                to_rgb=True),
            dict(type='Pad', size_divisor=32),
            dict(type='DefaultFormatBundle'),
            dict(
                type='Collect',
                keys=['img', 'gt_bboxes', 'gt_labels', 'gt_masks'])
        ]),
    val=dict(
        type='CocoDataset',
        classes=('blood_vessels', ),
        ann_file='/home/nischay/hubmap/coco/ds1_coco_1024_valid_all_fold1.json',
        img_prefix='/home/nischay/hubmap/Data/train/',
        pipeline=[
            dict(type='LoadImageFromFile'),
            dict(
                type='MultiScaleFlipAug',
                img_scale=[(1400, 1400)],
                flip=True,
                flip_direction=['horizontal', 'vertical'],
                transforms=[
                    dict(type='Resize', keep_ratio=True),
                    dict(type='RandomFlip'),
                    dict(
                        type='Normalize',
                        mean=[123.675, 116.28, 103.53],
                        std=[58.395, 57.12, 57.375],
                        to_rgb=True),
                    dict(type='Pad', size_divisor=32),
                    dict(type='ImageToTensor', keys=['img']),
                    dict(type='Collect', keys=['img'])
                ])
        ]),
    test=dict(
        type='CocoDataset',
        classes=('blood_vessels', ),
        ann_file=
        '/home/nischay/hubmap/coco/ds12_coco_1024_valid_all_fold1.json',
        img_prefix='/home/nischay/hubmap/Data/train/',
        pipeline=[
            dict(type='LoadImageFromFile'),
            dict(
                type='MultiScaleFlipAug',
                img_scale=[(1400, 1400)],
                flip=True,
                flip_direction=['horizontal', 'vertical'],
                transforms=[
                    dict(type='Resize', keep_ratio=True),
                    dict(type='RandomFlip'),
                    dict(
                        type='Normalize',
                        mean=[123.675, 116.28, 103.53],
                        std=[58.395, 57.12, 57.375],
                        to_rgb=True),
                    dict(type='Pad', size_divisor=32),
                    dict(type='ImageToTensor', keys=['img']),
                    dict(type='Collect', keys=['img'])
                ])
        ]))
optimizer = dict(type='SGD', lr=0.0125, momentum=0.9, weight_decay=0.001)
optimizer_config = dict(grad_clip=dict(max_norm=35, norm_type=2))
lr_config = dict(
    policy='CosineAnnealing',
    by_epoch=False,
    warmup='linear',
    warmup_iters=100,
    warmup_ratio=0.001,
    min_lr=1e-08)
evaluation = dict(interval=1, metric=['segm'], save_best='segm_mAP')
runner = dict(type='EpochBasedRunner', max_epochs=23)
checkpoint_config = dict(interval=-1, filename_tmpl='detectors_epoch_{}.pth')
log_config = dict(interval=20, hooks=[dict(type='TextLoggerHook')])
fp16 = None
gpu_ids = range(0, 3)
seed = 69
dist_params = dict(backend='nccl')
log_level = 'INFO'
load_from = '/home/nischay/hubmap/vitadap/detection/pret_dir/exp3_adaplargebeitv2lhtc_1200_ds2wsiall/best_segm_mAP_epoch_7.pth'
work_dir = './work_dirs/pretexp5_adapbeitv2lhtc_1400_ds2wsiall'
workflow = [('train', 1)]
auto_resume = False
resume_from = None
launcher = 'none'
device = 'cuda'

2023-07-18 13:20:42,006 - mmdet - INFO - Set random seed to 69, deterministic: False
2023-07-18 13:20:48,759 - mmdet - INFO - Automatic scaling of learning rate (LR) has been disabled.
2023-07-18 13:20:48,852 - mmdet - INFO - load checkpoint from local path: /home/nischay/hubmap/vitadap/detection/pret_dir/exp3_adaplargebeitv2lhtc_1200_ds2wsiall/best_segm_mAP_epoch_7.pth
2023-07-18 13:20:50,188 - mmdet - INFO - Start running, host: root@mr-0xm20, work_dir: /home/nischay/hubmap/vitadap/detection/work_dirs/pretexp5_adapbeitv2lhtc_1400_ds2wsiall
2023-07-18 13:20:50,188 - mmdet - INFO - Hooks will be executed in the following order:
before_run:
(VERY_HIGH   ) CosineAnnealingLrUpdaterHook       
(NORMAL      ) CheckpointHook                     
(LOW         ) DistEvalHook                       
(VERY_LOW    ) TextLoggerHook                     
 -------------------- 
before_train_epoch:
(VERY_HIGH   ) CosineAnnealingLrUpdaterHook       
(NORMAL      ) DistSamplerSeedHook                
(LOW         ) IterTimerHook                      
(LOW         ) DistEvalHook                       
(VERY_LOW    ) TextLoggerHook                     
 -------------------- 
before_train_iter:
(VERY_HIGH   ) CosineAnnealingLrUpdaterHook       
(LOW         ) IterTimerHook                      
(LOW         ) DistEvalHook                       
 -------------------- 
after_train_iter:
(ABOVE_NORMAL) OptimizerHook                      
(NORMAL      ) CheckpointHook                     
(LOW         ) IterTimerHook                      
(LOW         ) DistEvalHook                       
(VERY_LOW    ) TextLoggerHook                     
 -------------------- 
after_train_epoch:
(NORMAL      ) CheckpointHook                     
(LOW         ) DistEvalHook                       
(VERY_LOW    ) TextLoggerHook                     
 -------------------- 
before_val_epoch:
(NORMAL      ) DistSamplerSeedHook                
(LOW         ) IterTimerHook                      
(VERY_LOW    ) TextLoggerHook                     
 -------------------- 
before_val_iter:
(LOW         ) IterTimerHook                      
 -------------------- 
after_val_iter:
(LOW         ) IterTimerHook                      
 -------------------- 
after_val_epoch:
(VERY_LOW    ) TextLoggerHook                     
 -------------------- 
after_run:
(VERY_LOW    ) TextLoggerHook                     
 -------------------- 
2023-07-18 13:20:50,189 - mmdet - INFO - workflow: [('train', 1)], max: 23 epochs
2023-07-18 13:20:50,189 - mmdet - INFO - Checkpoints will be saved to /home/nischay/hubmap/vitadap/detection/work_dirs/pretexp5_adapbeitv2lhtc_1400_ds2wsiall by HardDiskBackend.
2023-07-18 13:22:57,201 - mmdet - INFO - Epoch [1][20/56]	lr: 2.384e-03, eta: 2:14:12, time: 6.350, data_time: 0.796, memory: 32214, loss_rpn_cls: 0.0653, loss_rpn_bbox: 0.0299, s0.loss_cls: 0.2368, s0.acc: 90.4883, s0.loss_bbox: 0.3936, s0.loss_mask: 0.3115, s1.loss_cls: 0.1252, s1.acc: 89.4141, s1.loss_bbox: 0.1575, s1.loss_mask: 0.1459, s2.loss_cls: 0.0584, s2.acc: 89.8505, s2.loss_bbox: 0.0471, s2.loss_mask: 0.0681, loss: 1.6392, grad_norm: 3.1460
2023-07-18 13:24:50,732 - mmdet - INFO - Epoch [1][40/56]	lr: 4.872e-03, eta: 2:05:04, time: 5.677, data_time: 0.058, memory: 32214, loss_rpn_cls: 0.0312, loss_rpn_bbox: 0.0310, s0.loss_cls: 0.1934, s0.acc: 92.0752, s0.loss_bbox: 0.3754, s0.loss_mask: 0.2701, s1.loss_cls: 0.0993, s1.acc: 91.6443, s1.loss_bbox: 0.1590, s1.loss_mask: 0.1302, s2.loss_cls: 0.0487, s2.acc: 91.5249, s2.loss_bbox: 0.0524, s2.loss_mask: 0.0616, loss: 1.4521, grad_norm: 2.1046
2023-07-18 13:27:44,872 - mmdet - INFO - Evaluating segm...
2023-07-18 13:27:45,848 - mmdet - INFO - 
 Average Precision  (AP) @[ IoU=0.50:0.95 | area=   all | maxDets=100 ] = 0.371
 Average Precision  (AP) @[ IoU=0.50      | area=   all | maxDets=1000 ] = 0.712
 Average Precision  (AP) @[ IoU=0.75      | area=   all | maxDets=1000 ] = 0.326
 Average Precision  (AP) @[ IoU=0.50:0.95 | area= small | maxDets=1000 ] = 0.302
 Average Precision  (AP) @[ IoU=0.50:0.95 | area=medium | maxDets=1000 ] = 0.451
 Average Precision  (AP) @[ IoU=0.50:0.95 | area= large | maxDets=1000 ] = 0.637
 Average Recall     (AR) @[ IoU=0.50:0.95 | area=   all | maxDets=100 ] = 0.582
 Average Recall     (AR) @[ IoU=0.50:0.95 | area=   all | maxDets=300 ] = 0.582
 Average Recall     (AR) @[ IoU=0.50:0.95 | area=   all | maxDets=1000 ] = 0.582
 Average Recall     (AR) @[ IoU=0.50:0.95 | area= small | maxDets=1000 ] = 0.522
 Average Recall     (AR) @[ IoU=0.50:0.95 | area=medium | maxDets=1000 ] = 0.653
 Average Recall     (AR) @[ IoU=0.50:0.95 | area= large | maxDets=1000 ] = 0.741

2023-07-18 13:27:49,837 - mmdet - INFO - Now best checkpoint is saved as best_segm_mAP_epoch_1.pth.
2023-07-18 13:27:49,837 - mmdet - INFO - Best segm_mAP is 0.3712 at 1 epoch.
2023-07-18 13:27:49,837 - mmdet - INFO - Exp name: exp4_adapbeitv2l.py
2023-07-18 13:27:49,837 - mmdet - INFO - Epoch(val) [1][29]	segm_mAP: 0.3712, segm_mAP_50: 0.7123, segm_mAP_75: 0.3261, segm_mAP_s: 0.3023, segm_mAP_m: 0.4515, segm_mAP_l: 0.6368, segm_mAP_copypaste: 0.3712 0.7123 0.3261 0.3023 0.4515 0.6368
2023-07-18 13:29:58,503 - mmdet - INFO - Epoch [2][20/56]	lr: 9.300e-03, eta: 1:38:07, time: 6.433, data_time: 0.806, memory: 32214, loss_rpn_cls: 0.0322, loss_rpn_bbox: 0.0267, s0.loss_cls: 0.1915, s0.acc: 92.0850, s0.loss_bbox: 0.3656, s0.loss_mask: 0.2646, s1.loss_cls: 0.0994, s1.acc: 91.6791, s1.loss_bbox: 0.1613, s1.loss_mask: 0.1279, s2.loss_cls: 0.0491, s2.acc: 91.0055, s2.loss_bbox: 0.0532, s2.loss_mask: 0.0615, loss: 1.4331, grad_norm: 2.0085
2023-07-18 13:31:52,372 - mmdet - INFO - Epoch [2][40/56]	lr: 1.172e-02, eta: 1:39:57, time: 5.693, data_time: 0.037, memory: 32214, loss_rpn_cls: 0.0291, loss_rpn_bbox: 0.0237, s0.loss_cls: 0.1950, s0.acc: 91.9596, s0.loss_bbox: 0.3868, s0.loss_mask: 0.2657, s1.loss_cls: 0.1008, s1.acc: 91.4152, s1.loss_bbox: 0.1669, s1.loss_mask: 0.1277, s2.loss_cls: 0.0496, s2.acc: 91.2244, s2.loss_bbox: 0.0557, s2.loss_mask: 0.0599, loss: 1.4609, grad_norm: 2.0799
2023-07-18 13:34:47,644 - mmdet - INFO - Evaluating segm...
2023-07-18 13:34:48,617 - mmdet - INFO - 
 Average Precision  (AP) @[ IoU=0.50:0.95 | area=   all | maxDets=100 ] = 0.388
 Average Precision  (AP) @[ IoU=0.50      | area=   all | maxDets=1000 ] = 0.719
 Average Precision  (AP) @[ IoU=0.75      | area=   all | maxDets=1000 ] = 0.361
 Average Precision  (AP) @[ IoU=0.50:0.95 | area= small | maxDets=1000 ] = 0.319
 Average Precision  (AP) @[ IoU=0.50:0.95 | area=medium | maxDets=1000 ] = 0.469
 Average Precision  (AP) @[ IoU=0.50:0.95 | area= large | maxDets=1000 ] = 0.638
 Average Recall     (AR) @[ IoU=0.50:0.95 | area=   all | maxDets=100 ] = 0.587
 Average Recall     (AR) @[ IoU=0.50:0.95 | area=   all | maxDets=300 ] = 0.587
 Average Recall     (AR) @[ IoU=0.50:0.95 | area=   all | maxDets=1000 ] = 0.587
 Average Recall     (AR) @[ IoU=0.50:0.95 | area= small | maxDets=1000 ] = 0.530
 Average Recall     (AR) @[ IoU=0.50:0.95 | area=medium | maxDets=1000 ] = 0.656
 Average Recall     (AR) @[ IoU=0.50:0.95 | area= large | maxDets=1000 ] = 0.747

2023-07-18 13:34:48,852 - mmdet - INFO - The previous best checkpoint /home/nischay/hubmap/vitadap/detection/work_dirs/pretexp5_adapbeitv2lhtc_1400_ds2wsiall/best_segm_mAP_epoch_1.pth was removed
2023-07-18 13:34:52,683 - mmdet - INFO - Now best checkpoint is saved as best_segm_mAP_epoch_2.pth.
2023-07-18 13:34:52,683 - mmdet - INFO - Best segm_mAP is 0.3877 at 2 epoch.
2023-07-18 13:34:52,683 - mmdet - INFO - Exp name: exp4_adapbeitv2l.py
2023-07-18 13:34:52,683 - mmdet - INFO - Epoch(val) [2][29]	segm_mAP: 0.3877, segm_mAP_50: 0.7190, segm_mAP_75: 0.3609, segm_mAP_s: 0.3193, segm_mAP_m: 0.4689, segm_mAP_l: 0.6376, segm_mAP_copypaste: 0.3877 0.7190 0.3609 0.3193 0.4689 0.6376
2023-07-18 13:37:01,013 - mmdet - INFO - Epoch [3][20/56]	lr: 1.218e-02, eta: 1:29:14, time: 6.416, data_time: 0.793, memory: 32214, loss_rpn_cls: 0.0253, loss_rpn_bbox: 0.0224, s0.loss_cls: 0.1831, s0.acc: 92.5407, s0.loss_bbox: 0.3521, s0.loss_mask: 0.2538, s1.loss_cls: 0.0932, s1.acc: 92.2933, s1.loss_bbox: 0.1578, s1.loss_mask: 0.1244, s2.loss_cls: 0.0470, s2.acc: 91.6989, s2.loss_bbox: 0.0549, s2.loss_mask: 0.0589, loss: 1.3729, grad_norm: 1.9903
2023-07-18 13:38:55,334 - mmdet - INFO - Epoch [3][40/56]	lr: 1.208e-02, eta: 1:30:23, time: 5.716, data_time: 0.039, memory: 32214, loss_rpn_cls: 0.0305, loss_rpn_bbox: 0.0290, s0.loss_cls: 0.2021, s0.acc: 91.3363, s0.loss_bbox: 0.3954, s0.loss_mask: 0.2637, s1.loss_cls: 0.1017, s1.acc: 91.1625, s1.loss_bbox: 0.1734, s1.loss_mask: 0.1277, s2.loss_cls: 0.0502, s2.acc: 91.1976, s2.loss_bbox: 0.0593, s2.loss_mask: 0.0609, loss: 1.4940, grad_norm: 2.0075
2023-07-18 13:41:49,644 - mmdet - INFO - Evaluating segm...
2023-07-18 13:41:50,735 - mmdet - INFO - 
 Average Precision  (AP) @[ IoU=0.50:0.95 | area=   all | maxDets=100 ] = 0.411
 Average Precision  (AP) @[ IoU=0.50      | area=   all | maxDets=1000 ] = 0.740
 Average Precision  (AP) @[ IoU=0.75      | area=   all | maxDets=1000 ] = 0.401
 Average Precision  (AP) @[ IoU=0.50:0.95 | area= small | maxDets=1000 ] = 0.339
 Average Precision  (AP) @[ IoU=0.50:0.95 | area=medium | maxDets=1000 ] = 0.490
 Average Precision  (AP) @[ IoU=0.50:0.95 | area= large | maxDets=1000 ] = 0.659
 Average Recall     (AR) @[ IoU=0.50:0.95 | area=   all | maxDets=100 ] = 0.601
 Average Recall     (AR) @[ IoU=0.50:0.95 | area=   all | maxDets=300 ] = 0.601
 Average Recall     (AR) @[ IoU=0.50:0.95 | area=   all | maxDets=1000 ] = 0.601
 Average Recall     (AR) @[ IoU=0.50:0.95 | area= small | maxDets=1000 ] = 0.546
 Average Recall     (AR) @[ IoU=0.50:0.95 | area=medium | maxDets=1000 ] = 0.667
 Average Recall     (AR) @[ IoU=0.50:0.95 | area= large | maxDets=1000 ] = 0.741

2023-07-18 13:41:50,973 - mmdet - INFO - The previous best checkpoint /home/nischay/hubmap/vitadap/detection/work_dirs/pretexp5_adapbeitv2lhtc_1400_ds2wsiall/best_segm_mAP_epoch_2.pth was removed
2023-07-18 13:41:54,814 - mmdet - INFO - Now best checkpoint is saved as best_segm_mAP_epoch_3.pth.
2023-07-18 13:41:54,814 - mmdet - INFO - Best segm_mAP is 0.4109 at 3 epoch.
2023-07-18 13:41:54,814 - mmdet - INFO - Exp name: exp4_adapbeitv2l.py
2023-07-18 13:41:54,814 - mmdet - INFO - Epoch(val) [3][29]	segm_mAP: 0.4109, segm_mAP_50: 0.7396, segm_mAP_75: 0.4013, segm_mAP_s: 0.3393, segm_mAP_m: 0.4903, segm_mAP_l: 0.6595, segm_mAP_copypaste: 0.4109 0.7396 0.4013 0.3393 0.4903 0.6595
2023-07-18 13:44:03,499 - mmdet - INFO - Epoch [4][20/56]	lr: 1.186e-02, eta: 1:23:18, time: 6.434, data_time: 0.797, memory: 32214, loss_rpn_cls: 0.0255, loss_rpn_bbox: 0.0234, s0.loss_cls: 0.1756, s0.acc: 92.7702, s0.loss_bbox: 0.3394, s0.loss_mask: 0.2479, s1.loss_cls: 0.0896, s1.acc: 92.4528, s1.loss_bbox: 0.1572, s1.loss_mask: 0.1193, s2.loss_cls: 0.0457, s2.acc: 91.6860, s2.loss_bbox: 0.0555, s2.loss_mask: 0.0567, loss: 1.3359, grad_norm: 2.1570
2023-07-18 13:45:57,720 - mmdet - INFO - Epoch [4][40/56]	lr: 1.172e-02, eta: 1:23:49, time: 5.711, data_time: 0.032, memory: 32214, loss_rpn_cls: 0.0249, loss_rpn_bbox: 0.0219, s0.loss_cls: 0.1912, s0.acc: 92.0492, s0.loss_bbox: 0.3931, s0.loss_mask: 0.2661, s1.loss_cls: 0.1003, s1.acc: 91.5131, s1.loss_bbox: 0.1762, s1.loss_mask: 0.1281, s2.loss_cls: 0.0507, s2.acc: 90.8630, s2.loss_bbox: 0.0579, s2.loss_mask: 0.0617, loss: 1.4721, grad_norm: 1.9663
2023-07-18 13:48:52,607 - mmdet - INFO - Evaluating segm...
2023-07-18 13:48:53,691 - mmdet - INFO - 
 Average Precision  (AP) @[ IoU=0.50:0.95 | area=   all | maxDets=100 ] = 0.412
 Average Precision  (AP) @[ IoU=0.50      | area=   all | maxDets=1000 ] = 0.740
 Average Precision  (AP) @[ IoU=0.75      | area=   all | maxDets=1000 ] = 0.405
 Average Precision  (AP) @[ IoU=0.50:0.95 | area= small | maxDets=1000 ] = 0.337
 Average Precision  (AP) @[ IoU=0.50:0.95 | area=medium | maxDets=1000 ] = 0.498
 Average Precision  (AP) @[ IoU=0.50:0.95 | area= large | maxDets=1000 ] = 0.663
 Average Recall     (AR) @[ IoU=0.50:0.95 | area=   all | maxDets=100 ] = 0.598
 Average Recall     (AR) @[ IoU=0.50:0.95 | area=   all | maxDets=300 ] = 0.598
 Average Recall     (AR) @[ IoU=0.50:0.95 | area=   all | maxDets=1000 ] = 0.598
 Average Recall     (AR) @[ IoU=0.50:0.95 | area= small | maxDets=1000 ] = 0.539
 Average Recall     (AR) @[ IoU=0.50:0.95 | area=medium | maxDets=1000 ] = 0.668
 Average Recall     (AR) @[ IoU=0.50:0.95 | area= large | maxDets=1000 ] = 0.753

2023-07-18 13:48:53,931 - mmdet - INFO - The previous best checkpoint /home/nischay/hubmap/vitadap/detection/work_dirs/pretexp5_adapbeitv2lhtc_1400_ds2wsiall/best_segm_mAP_epoch_3.pth was removed
2023-07-18 13:48:57,783 - mmdet - INFO - Now best checkpoint is saved as best_segm_mAP_epoch_4.pth.
2023-07-18 13:48:57,784 - mmdet - INFO - Best segm_mAP is 0.4125 at 4 epoch.
2023-07-18 13:48:57,784 - mmdet - INFO - Exp name: exp4_adapbeitv2l.py
2023-07-18 13:48:57,784 - mmdet - INFO - Epoch(val) [4][29]	segm_mAP: 0.4125, segm_mAP_50: 0.7400, segm_mAP_75: 0.4046, segm_mAP_s: 0.3369, segm_mAP_m: 0.4975, segm_mAP_l: 0.6625, segm_mAP_copypaste: 0.4125 0.7400 0.4046 0.3369 0.4975 0.6625
2023-07-18 13:51:06,553 - mmdet - INFO - Epoch [5][20/56]	lr: 1.143e-02, eta: 1:18:15, time: 6.438, data_time: 0.783, memory: 32214, loss_rpn_cls: 0.0246, loss_rpn_bbox: 0.0232, s0.loss_cls: 0.1743, s0.acc: 93.0029, s0.loss_bbox: 0.3485, s0.loss_mask: 0.2465, s1.loss_cls: 0.0906, s1.acc: 92.6171, s1.loss_bbox: 0.1604, s1.loss_mask: 0.1209, s2.loss_cls: 0.0457, s2.acc: 92.0281, s2.loss_bbox: 0.0566, s2.loss_mask: 0.0584, loss: 1.3497, grad_norm: 2.0370
2023-07-18 13:53:01,171 - mmdet - INFO - Epoch [5][40/56]	lr: 1.126e-02, eta: 1:18:20, time: 5.731, data_time: 0.035, memory: 32214, loss_rpn_cls: 0.0237, loss_rpn_bbox: 0.0281, s0.loss_cls: 0.1941, s0.acc: 91.8311, s0.loss_bbox: 0.3807, s0.loss_mask: 0.2485, s1.loss_cls: 0.1007, s1.acc: 91.1826, s1.loss_bbox: 0.1687, s1.loss_mask: 0.1204, s2.loss_cls: 0.0505, s2.acc: 91.0422, s2.loss_bbox: 0.0576, s2.loss_mask: 0.0589, loss: 1.4318, grad_norm: 1.8992
2023-07-18 13:55:55,885 - mmdet - INFO - Evaluating segm...
2023-07-18 13:55:56,850 - mmdet - INFO - 
 Average Precision  (AP) @[ IoU=0.50:0.95 | area=   all | maxDets=100 ] = 0.405
 Average Precision  (AP) @[ IoU=0.50      | area=   all | maxDets=1000 ] = 0.733
 Average Precision  (AP) @[ IoU=0.75      | area=   all | maxDets=1000 ] = 0.396
 Average Precision  (AP) @[ IoU=0.50:0.95 | area= small | maxDets=1000 ] = 0.340
 Average Precision  (AP) @[ IoU=0.50:0.95 | area=medium | maxDets=1000 ] = 0.483
 Average Precision  (AP) @[ IoU=0.50:0.95 | area= large | maxDets=1000 ] = 0.653
 Average Recall     (AR) @[ IoU=0.50:0.95 | area=   all | maxDets=100 ] = 0.587
 Average Recall     (AR) @[ IoU=0.50:0.95 | area=   all | maxDets=300 ] = 0.587
 Average Recall     (AR) @[ IoU=0.50:0.95 | area=   all | maxDets=1000 ] = 0.587
 Average Recall     (AR) @[ IoU=0.50:0.95 | area= small | maxDets=1000 ] = 0.528
 Average Recall     (AR) @[ IoU=0.50:0.95 | area=medium | maxDets=1000 ] = 0.657
 Average Recall     (AR) @[ IoU=0.50:0.95 | area= large | maxDets=1000 ] = 0.765

2023-07-18 13:55:56,858 - mmdet - INFO - Exp name: exp4_adapbeitv2l.py
2023-07-18 13:55:56,858 - mmdet - INFO - Epoch(val) [5][29]	segm_mAP: 0.4049, segm_mAP_50: 0.7332, segm_mAP_75: 0.3961, segm_mAP_s: 0.3404, segm_mAP_m: 0.4827, segm_mAP_l: 0.6529, segm_mAP_copypaste: 0.4049 0.7332 0.3961 0.3404 0.4827 0.6529
2023-07-18 13:58:05,644 - mmdet - INFO - Epoch [6][20/56]	lr: 1.091e-02, eta: 1:13:35, time: 6.439, data_time: 0.802, memory: 32214, loss_rpn_cls: 0.0225, loss_rpn_bbox: 0.0251, s0.loss_cls: 0.1974, s0.acc: 91.5413, s0.loss_bbox: 0.3941, s0.loss_mask: 0.2486, s1.loss_cls: 0.1056, s1.acc: 90.9071, s1.loss_bbox: 0.1774, s1.loss_mask: 0.1225, s2.loss_cls: 0.0524, s2.acc: 90.3655, s2.loss_bbox: 0.0588, s2.loss_mask: 0.0584, loss: 1.4628, grad_norm: 1.9354
2023-07-18 13:59:59,826 - mmdet - INFO - Epoch [6][40/56]	lr: 1.070e-02, eta: 1:13:21, time: 5.709, data_time: 0.048, memory: 32214, loss_rpn_cls: 0.0242, loss_rpn_bbox: 0.0262, s0.loss_cls: 0.2017, s0.acc: 91.4616, s0.loss_bbox: 0.4141, s0.loss_mask: 0.2517, s1.loss_cls: 0.1054, s1.acc: 90.9863, s1.loss_bbox: 0.1876, s1.loss_mask: 0.1213, s2.loss_cls: 0.0531, s2.acc: 90.4753, s2.loss_bbox: 0.0594, s2.loss_mask: 0.0581, loss: 1.5027, grad_norm: 2.0086
2023-07-18 14:02:54,334 - mmdet - INFO - Evaluating segm...
2023-07-18 14:02:55,298 - mmdet - INFO - 
 Average Precision  (AP) @[ IoU=0.50:0.95 | area=   all | maxDets=100 ] = 0.406
 Average Precision  (AP) @[ IoU=0.50      | area=   all | maxDets=1000 ] = 0.743
 Average Precision  (AP) @[ IoU=0.75      | area=   all | maxDets=1000 ] = 0.380
 Average Precision  (AP) @[ IoU=0.50:0.95 | area= small | maxDets=1000 ] = 0.338
 Average Precision  (AP) @[ IoU=0.50:0.95 | area=medium | maxDets=1000 ] = 0.483
 Average Precision  (AP) @[ IoU=0.50:0.95 | area= large | maxDets=1000 ] = 0.678
 Average Recall     (AR) @[ IoU=0.50:0.95 | area=   all | maxDets=100 ] = 0.594
 Average Recall     (AR) @[ IoU=0.50:0.95 | area=   all | maxDets=300 ] = 0.594
 Average Recall     (AR) @[ IoU=0.50:0.95 | area=   all | maxDets=1000 ] = 0.594
 Average Recall     (AR) @[ IoU=0.50:0.95 | area= small | maxDets=1000 ] = 0.535
 Average Recall     (AR) @[ IoU=0.50:0.95 | area=medium | maxDets=1000 ] = 0.664
 Average Recall     (AR) @[ IoU=0.50:0.95 | area= large | maxDets=1000 ] = 0.782

2023-07-18 14:02:55,305 - mmdet - INFO - Exp name: exp4_adapbeitv2l.py
2023-07-18 14:02:55,306 - mmdet - INFO - Epoch(val) [6][29]	segm_mAP: 0.4060, segm_mAP_50: 0.7433, segm_mAP_75: 0.3800, segm_mAP_s: 0.3380, segm_mAP_m: 0.4834, segm_mAP_l: 0.6782, segm_mAP_copypaste: 0.4060 0.7433 0.3800 0.3380 0.4834 0.6782
2023-07-18 14:05:04,061 - mmdet - INFO - Epoch [7][20/56]	lr: 1.030e-02, eta: 1:09:06, time: 6.437, data_time: 0.793, memory: 32214, loss_rpn_cls: 0.0256, loss_rpn_bbox: 0.0248, s0.loss_cls: 0.1878, s0.acc: 92.2201, s0.loss_bbox: 0.3691, s0.loss_mask: 0.2536, s1.loss_cls: 0.0986, s1.acc: 91.5472, s1.loss_bbox: 0.1636, s1.loss_mask: 0.1206, s2.loss_cls: 0.0489, s2.acc: 91.2312, s2.loss_bbox: 0.0543, s2.loss_mask: 0.0572, loss: 1.4041, grad_norm: 1.9718
2023-07-18 14:06:58,477 - mmdet - INFO - Epoch [7][40/56]	lr: 1.006e-02, eta: 1:08:38, time: 5.721, data_time: 0.044, memory: 32214, loss_rpn_cls: 0.0278, loss_rpn_bbox: 0.0293, s0.loss_cls: 0.1892, s0.acc: 91.9564, s0.loss_bbox: 0.3823, s0.loss_mask: 0.2559, s1.loss_cls: 0.0970, s1.acc: 91.6098, s1.loss_bbox: 0.1745, s1.loss_mask: 0.1259, s2.loss_cls: 0.0493, s2.acc: 90.9013, s2.loss_bbox: 0.0584, s2.loss_mask: 0.0605, loss: 1.4500, grad_norm: 2.0718
2023-07-18 14:09:53,056 - mmdet - INFO - Evaluating segm...
2023-07-18 14:09:54,021 - mmdet - INFO - 
 Average Precision  (AP) @[ IoU=0.50:0.95 | area=   all | maxDets=100 ] = 0.410
 Average Precision  (AP) @[ IoU=0.50      | area=   all | maxDets=1000 ] = 0.744
 Average Precision  (AP) @[ IoU=0.75      | area=   all | maxDets=1000 ] = 0.390
 Average Precision  (AP) @[ IoU=0.50:0.95 | area= small | maxDets=1000 ] = 0.344
 Average Precision  (AP) @[ IoU=0.50:0.95 | area=medium | maxDets=1000 ] = 0.485
 Average Precision  (AP) @[ IoU=0.50:0.95 | area= large | maxDets=1000 ] = 0.672
 Average Recall     (AR) @[ IoU=0.50:0.95 | area=   all | maxDets=100 ] = 0.597
 Average Recall     (AR) @[ IoU=0.50:0.95 | area=   all | maxDets=300 ] = 0.597
 Average Recall     (AR) @[ IoU=0.50:0.95 | area=   all | maxDets=1000 ] = 0.597
 Average Recall     (AR) @[ IoU=0.50:0.95 | area= small | maxDets=1000 ] = 0.541
 Average Recall     (AR) @[ IoU=0.50:0.95 | area=medium | maxDets=1000 ] = 0.664
 Average Recall     (AR) @[ IoU=0.50:0.95 | area= large | maxDets=1000 ] = 0.747

2023-07-18 14:09:54,028 - mmdet - INFO - Exp name: exp4_adapbeitv2l.py
2023-07-18 14:09:54,029 - mmdet - INFO - Epoch(val) [7][29]	segm_mAP: 0.4104, segm_mAP_50: 0.7440, segm_mAP_75: 0.3901, segm_mAP_s: 0.3440, segm_mAP_m: 0.4854, segm_mAP_l: 0.6716, segm_mAP_copypaste: 0.4104 0.7440 0.3901 0.3440 0.4854 0.6716
2023-07-18 14:12:03,475 - mmdet - INFO - Epoch [8][20/56]	lr: 9.614e-03, eta: 1:04:45, time: 6.472, data_time: 0.797, memory: 32214, loss_rpn_cls: 0.0200, loss_rpn_bbox: 0.0235, s0.loss_cls: 0.1838, s0.acc: 92.4219, s0.loss_bbox: 0.3821, s0.loss_mask: 0.2488, s1.loss_cls: 0.0947, s1.acc: 92.1682, s1.loss_bbox: 0.1795, s1.loss_mask: 0.1223, s2.loss_cls: 0.0490, s2.acc: 91.1787, s2.loss_bbox: 0.0622, s2.loss_mask: 0.0584, loss: 1.4243, grad_norm: 1.9335
2023-07-18 14:13:57,858 - mmdet - INFO - Epoch [8][40/56]	lr: 9.353e-03, eta: 1:04:07, time: 5.719, data_time: 0.040, memory: 32214, loss_rpn_cls: 0.0261, loss_rpn_bbox: 0.0246, s0.loss_cls: 0.1904, s0.acc: 92.0085, s0.loss_bbox: 0.3841, s0.loss_mask: 0.2525, s1.loss_cls: 0.0979, s1.acc: 91.6013, s1.loss_bbox: 0.1728, s1.loss_mask: 0.1224, s2.loss_cls: 0.0494, s2.acc: 91.3142, s2.loss_bbox: 0.0596, s2.loss_mask: 0.0594, loss: 1.4392, grad_norm: 2.0523
2023-07-18 14:16:52,463 - mmdet - INFO - Evaluating segm...
2023-07-18 14:16:53,433 - mmdet - INFO - 
 Average Precision  (AP) @[ IoU=0.50:0.95 | area=   all | maxDets=100 ] = 0.412
 Average Precision  (AP) @[ IoU=0.50      | area=   all | maxDets=1000 ] = 0.748
 Average Precision  (AP) @[ IoU=0.75      | area=   all | maxDets=1000 ] = 0.386
 Average Precision  (AP) @[ IoU=0.50:0.95 | area= small | maxDets=1000 ] = 0.344
 Average Precision  (AP) @[ IoU=0.50:0.95 | area=medium | maxDets=1000 ] = 0.492
 Average Precision  (AP) @[ IoU=0.50:0.95 | area= large | maxDets=1000 ] = 0.680
 Average Recall     (AR) @[ IoU=0.50:0.95 | area=   all | maxDets=100 ] = 0.603
 Average Recall     (AR) @[ IoU=0.50:0.95 | area=   all | maxDets=300 ] = 0.603
 Average Recall     (AR) @[ IoU=0.50:0.95 | area=   all | maxDets=1000 ] = 0.603
 Average Recall     (AR) @[ IoU=0.50:0.95 | area= small | maxDets=1000 ] = 0.542
 Average Recall     (AR) @[ IoU=0.50:0.95 | area=medium | maxDets=1000 ] = 0.675
 Average Recall     (AR) @[ IoU=0.50:0.95 | area= large | maxDets=1000 ] = 0.776

2023-07-18 14:16:53,441 - mmdet - INFO - Exp name: exp4_adapbeitv2l.py
2023-07-18 14:16:53,441 - mmdet - INFO - Epoch(val) [8][29]	segm_mAP: 0.4121, segm_mAP_50: 0.7480, segm_mAP_75: 0.3863, segm_mAP_s: 0.3443, segm_mAP_m: 0.4917, segm_mAP_l: 0.6804, segm_mAP_copypaste: 0.4121 0.7480 0.3863 0.3443 0.4917 0.6804
2023-07-18 14:19:02,339 - mmdet - INFO - Epoch [9][20/56]	lr: 8.865e-03, eta: 1:00:28, time: 6.444, data_time: 0.795, memory: 32214, loss_rpn_cls: 0.0258, loss_rpn_bbox: 0.0224, s0.loss_cls: 0.1884, s0.acc: 92.1175, s0.loss_bbox: 0.3571, s0.loss_mask: 0.2403, s1.loss_cls: 0.0969, s1.acc: 91.6980, s1.loss_bbox: 0.1607, s1.loss_mask: 0.1167, s2.loss_cls: 0.0478, s2.acc: 91.4051, s2.loss_bbox: 0.0558, s2.loss_mask: 0.0559, loss: 1.3678, grad_norm: 2.0942
2023-07-18 14:20:56,889 - mmdet - INFO - Epoch [9][40/56]	lr: 8.585e-03, eta: 0:59:42, time: 5.727, data_time: 0.036, memory: 32214, loss_rpn_cls: 0.0231, loss_rpn_bbox: 0.0250, s0.loss_cls: 0.1948, s0.acc: 91.9401, s0.loss_bbox: 0.4081, s0.loss_mask: 0.2432, s1.loss_cls: 0.1012, s1.acc: 91.4969, s1.loss_bbox: 0.1836, s1.loss_mask: 0.1209, s2.loss_cls: 0.0502, s2.acc: 90.9781, s2.loss_bbox: 0.0636, s2.loss_mask: 0.0582, loss: 1.4719, grad_norm: 2.0386
2023-07-18 14:23:51,513 - mmdet - INFO - Evaluating segm...
2023-07-18 14:23:52,602 - mmdet - INFO - 
 Average Precision  (AP) @[ IoU=0.50:0.95 | area=   all | maxDets=100 ] = 0.414
 Average Precision  (AP) @[ IoU=0.50      | area=   all | maxDets=1000 ] = 0.755
 Average Precision  (AP) @[ IoU=0.75      | area=   all | maxDets=1000 ] = 0.407
 Average Precision  (AP) @[ IoU=0.50:0.95 | area= small | maxDets=1000 ] = 0.353
 Average Precision  (AP) @[ IoU=0.50:0.95 | area=medium | maxDets=1000 ] = 0.484
 Average Precision  (AP) @[ IoU=0.50:0.95 | area= large | maxDets=1000 ] = 0.652
 Average Recall     (AR) @[ IoU=0.50:0.95 | area=   all | maxDets=100 ] = 0.603
 Average Recall     (AR) @[ IoU=0.50:0.95 | area=   all | maxDets=300 ] = 0.603
 Average Recall     (AR) @[ IoU=0.50:0.95 | area=   all | maxDets=1000 ] = 0.603
 Average Recall     (AR) @[ IoU=0.50:0.95 | area= small | maxDets=1000 ] = 0.558
 Average Recall     (AR) @[ IoU=0.50:0.95 | area=medium | maxDets=1000 ] = 0.658
 Average Recall     (AR) @[ IoU=0.50:0.95 | area= large | maxDets=1000 ] = 0.718

2023-07-18 14:23:52,840 - mmdet - INFO - The previous best checkpoint /home/nischay/hubmap/vitadap/detection/work_dirs/pretexp5_adapbeitv2lhtc_1400_ds2wsiall/best_segm_mAP_epoch_4.pth was removed
2023-07-18 14:23:56,683 - mmdet - INFO - Now best checkpoint is saved as best_segm_mAP_epoch_9.pth.
2023-07-18 14:23:56,684 - mmdet - INFO - Best segm_mAP is 0.4145 at 9 epoch.
2023-07-18 14:23:56,684 - mmdet - INFO - Exp name: exp4_adapbeitv2l.py
2023-07-18 14:23:56,684 - mmdet - INFO - Epoch(val) [9][29]	segm_mAP: 0.4145, segm_mAP_50: 0.7550, segm_mAP_75: 0.4073, segm_mAP_s: 0.3526, segm_mAP_m: 0.4839, segm_mAP_l: 0.6523, segm_mAP_copypaste: 0.4145 0.7550 0.4073 0.3526 0.4839 0.6523
2023-07-18 14:26:05,869 - mmdet - INFO - Epoch [10][20/56]	lr: 8.068e-03, eta: 0:56:14, time: 6.459, data_time: 0.794, memory: 32214, loss_rpn_cls: 0.0214, loss_rpn_bbox: 0.0227, s0.loss_cls: 0.1695, s0.acc: 92.9053, s0.loss_bbox: 0.3434, s0.loss_mask: 0.2378, s1.loss_cls: 0.0860, s1.acc: 92.9556, s1.loss_bbox: 0.1609, s1.loss_mask: 0.1168, s2.loss_cls: 0.0441, s2.acc: 92.1032, s2.loss_bbox: 0.0568, s2.loss_mask: 0.0556, loss: 1.3149, grad_norm: 2.0976
2023-07-18 14:28:00,571 - mmdet - INFO - Epoch [10][40/56]	lr: 7.774e-03, eta: 0:55:22, time: 5.735, data_time: 0.040, memory: 32214, loss_rpn_cls: 0.0251, loss_rpn_bbox: 0.0280, s0.loss_cls: 0.2025, s0.acc: 91.3363, s0.loss_bbox: 0.4121, s0.loss_mask: 0.2487, s1.loss_cls: 0.1074, s1.acc: 90.4825, s1.loss_bbox: 0.1868, s1.loss_mask: 0.1215, s2.loss_cls: 0.0537, s2.acc: 90.2156, s2.loss_bbox: 0.0625, s2.loss_mask: 0.0587, loss: 1.5070, grad_norm: 2.0152
2023-07-18 14:30:54,872 - mmdet - INFO - Evaluating segm...
2023-07-18 14:30:55,835 - mmdet - INFO - 
 Average Precision  (AP) @[ IoU=0.50:0.95 | area=   all | maxDets=100 ] = 0.413
 Average Precision  (AP) @[ IoU=0.50      | area=   all | maxDets=1000 ] = 0.748
 Average Precision  (AP) @[ IoU=0.75      | area=   all | maxDets=1000 ] = 0.395
 Average Precision  (AP) @[ IoU=0.50:0.95 | area= small | maxDets=1000 ] = 0.343
 Average Precision  (AP) @[ IoU=0.50:0.95 | area=medium | maxDets=1000 ] = 0.488
 Average Precision  (AP) @[ IoU=0.50:0.95 | area= large | maxDets=1000 ] = 0.695
 Average Recall     (AR) @[ IoU=0.50:0.95 | area=   all | maxDets=100 ] = 0.600
 Average Recall     (AR) @[ IoU=0.50:0.95 | area=   all | maxDets=300 ] = 0.600
 Average Recall     (AR) @[ IoU=0.50:0.95 | area=   all | maxDets=1000 ] = 0.600
 Average Recall     (AR) @[ IoU=0.50:0.95 | area= small | maxDets=1000 ] = 0.544
 Average Recall     (AR) @[ IoU=0.50:0.95 | area=medium | maxDets=1000 ] = 0.666
 Average Recall     (AR) @[ IoU=0.50:0.95 | area= large | maxDets=1000 ] = 0.753

2023-07-18 14:30:55,842 - mmdet - INFO - Exp name: exp4_adapbeitv2l.py
2023-07-18 14:30:55,842 - mmdet - INFO - Epoch(val) [10][29]	segm_mAP: 0.4130, segm_mAP_50: 0.7485, segm_mAP_75: 0.3953, segm_mAP_s: 0.3426, segm_mAP_m: 0.4884, segm_mAP_l: 0.6946, segm_mAP_copypaste: 0.4130 0.7485 0.3953 0.3426 0.4884 0.6946
2023-07-18 14:33:04,788 - mmdet - INFO - Epoch [11][20/56]	lr: 7.237e-03, eta: 0:52:02, time: 6.447, data_time: 0.794, memory: 32214, loss_rpn_cls: 0.0243, loss_rpn_bbox: 0.0231, s0.loss_cls: 0.1637, s0.acc: 93.2568, s0.loss_bbox: 0.3569, s0.loss_mask: 0.2355, s1.loss_cls: 0.0842, s1.acc: 92.9875, s1.loss_bbox: 0.1672, s1.loss_mask: 0.1142, s2.loss_cls: 0.0434, s2.acc: 92.3331, s2.loss_bbox: 0.0574, s2.loss_mask: 0.0548, loss: 1.3248, grad_norm: 2.0707
2023-07-18 14:34:58,715 - mmdet - INFO - Epoch [11][40/56]	lr: 6.935e-03, eta: 0:51:03, time: 5.696, data_time: 0.040, memory: 32214, loss_rpn_cls: 0.0214, loss_rpn_bbox: 0.0244, s0.loss_cls: 0.1957, s0.acc: 91.8799, s0.loss_bbox: 0.4152, s0.loss_mask: 0.2476, s1.loss_cls: 0.1006, s1.acc: 91.5825, s1.loss_bbox: 0.1848, s1.loss_mask: 0.1198, s2.loss_cls: 0.0512, s2.acc: 90.7399, s2.loss_bbox: 0.0608, s2.loss_mask: 0.0577, loss: 1.4793, grad_norm: 2.1933
2023-07-18 14:37:53,118 - mmdet - INFO - Evaluating segm...
2023-07-18 14:37:54,083 - mmdet - INFO - 
 Average Precision  (AP) @[ IoU=0.50:0.95 | area=   all | maxDets=100 ] = 0.418
 Average Precision  (AP) @[ IoU=0.50      | area=   all | maxDets=1000 ] = 0.754
 Average Precision  (AP) @[ IoU=0.75      | area=   all | maxDets=1000 ] = 0.414
 Average Precision  (AP) @[ IoU=0.50:0.95 | area= small | maxDets=1000 ] = 0.352
 Average Precision  (AP) @[ IoU=0.50:0.95 | area=medium | maxDets=1000 ] = 0.493
 Average Precision  (AP) @[ IoU=0.50:0.95 | area= large | maxDets=1000 ] = 0.677
 Average Recall     (AR) @[ IoU=0.50:0.95 | area=   all | maxDets=100 ] = 0.602
 Average Recall     (AR) @[ IoU=0.50:0.95 | area=   all | maxDets=300 ] = 0.602
 Average Recall     (AR) @[ IoU=0.50:0.95 | area=   all | maxDets=1000 ] = 0.602
 Average Recall     (AR) @[ IoU=0.50:0.95 | area= small | maxDets=1000 ] = 0.550
 Average Recall     (AR) @[ IoU=0.50:0.95 | area=medium | maxDets=1000 ] = 0.665
 Average Recall     (AR) @[ IoU=0.50:0.95 | area= large | maxDets=1000 ] = 0.747

2023-07-18 14:37:54,320 - mmdet - INFO - The previous best checkpoint /home/nischay/hubmap/vitadap/detection/work_dirs/pretexp5_adapbeitv2lhtc_1400_ds2wsiall/best_segm_mAP_epoch_9.pth was removed
2023-07-18 14:37:58,144 - mmdet - INFO - Now best checkpoint is saved as best_segm_mAP_epoch_11.pth.
2023-07-18 14:37:58,144 - mmdet - INFO - Best segm_mAP is 0.4184 at 11 epoch.
2023-07-18 14:37:58,144 - mmdet - INFO - Exp name: exp4_adapbeitv2l.py
2023-07-18 14:37:58,144 - mmdet - INFO - Epoch(val) [11][29]	segm_mAP: 0.4184, segm_mAP_50: 0.7535, segm_mAP_75: 0.4145, segm_mAP_s: 0.3522, segm_mAP_m: 0.4932, segm_mAP_l: 0.6770, segm_mAP_copypaste: 0.4184 0.7535 0.4145 0.3522 0.4932 0.6770
2023-07-18 14:40:07,262 - mmdet - INFO - Epoch [12][20/56]	lr: 6.387e-03, eta: 0:47:51, time: 6.455, data_time: 0.797, memory: 32214, loss_rpn_cls: 0.0192, loss_rpn_bbox: 0.0222, s0.loss_cls: 0.1791, s0.acc: 92.5065, s0.loss_bbox: 0.3738, s0.loss_mask: 0.2490, s1.loss_cls: 0.0931, s1.acc: 92.1239, s1.loss_bbox: 0.1741, s1.loss_mask: 0.1217, s2.loss_cls: 0.0498, s2.acc: 91.1528, s2.loss_bbox: 0.0607, s2.loss_mask: 0.0585, loss: 1.4012, grad_norm: 2.2498
2023-07-18 14:42:01,007 - mmdet - INFO - Epoch [12][40/56]	lr: 6.082e-03, eta: 0:46:48, time: 5.687, data_time: 0.032, memory: 32214, loss_rpn_cls: 0.0188, loss_rpn_bbox: 0.0198, s0.loss_cls: 0.1708, s0.acc: 92.9216, s0.loss_bbox: 0.3526, s0.loss_mask: 0.2354, s1.loss_cls: 0.0908, s1.acc: 92.3029, s1.loss_bbox: 0.1638, s1.loss_mask: 0.1156, s2.loss_cls: 0.0471, s2.acc: 91.4536, s2.loss_bbox: 0.0572, s2.loss_mask: 0.0562, loss: 1.3280, grad_norm: 2.0619
2023-07-18 14:44:55,633 - mmdet - INFO - Evaluating segm...
2023-07-18 14:44:56,598 - mmdet - INFO - 
 Average Precision  (AP) @[ IoU=0.50:0.95 | area=   all | maxDets=100 ] = 0.416
 Average Precision  (AP) @[ IoU=0.50      | area=   all | maxDets=1000 ] = 0.752
 Average Precision  (AP) @[ IoU=0.75      | area=   all | maxDets=1000 ] = 0.403
 Average Precision  (AP) @[ IoU=0.50:0.95 | area= small | maxDets=1000 ] = 0.346
 Average Precision  (AP) @[ IoU=0.50:0.95 | area=medium | maxDets=1000 ] = 0.493
 Average Precision  (AP) @[ IoU=0.50:0.95 | area= large | maxDets=1000 ] = 0.678
 Average Recall     (AR) @[ IoU=0.50:0.95 | area=   all | maxDets=100 ] = 0.604
 Average Recall     (AR) @[ IoU=0.50:0.95 | area=   all | maxDets=300 ] = 0.604
 Average Recall     (AR) @[ IoU=0.50:0.95 | area=   all | maxDets=1000 ] = 0.604
 Average Recall     (AR) @[ IoU=0.50:0.95 | area= small | maxDets=1000 ] = 0.550
 Average Recall     (AR) @[ IoU=0.50:0.95 | area=medium | maxDets=1000 ] = 0.669
 Average Recall     (AR) @[ IoU=0.50:0.95 | area= large | maxDets=1000 ] = 0.741

2023-07-18 14:44:56,606 - mmdet - INFO - Exp name: exp4_adapbeitv2l.py
2023-07-18 14:44:56,606 - mmdet - INFO - Epoch(val) [12][29]	segm_mAP: 0.4157, segm_mAP_50: 0.7516, segm_mAP_75: 0.4034, segm_mAP_s: 0.3455, segm_mAP_m: 0.4929, segm_mAP_l: 0.6783, segm_mAP_copypaste: 0.4157 0.7516 0.4034 0.3455 0.4929 0.6783
2023-07-18 14:47:05,929 - mmdet - INFO - Epoch [13][20/56]	lr: 5.535e-03, eta: 0:43:41, time: 6.466, data_time: 0.808, memory: 32214, loss_rpn_cls: 0.0207, loss_rpn_bbox: 0.0212, s0.loss_cls: 0.1644, s0.acc: 93.2227, s0.loss_bbox: 0.3478, s0.loss_mask: 0.2374, s1.loss_cls: 0.0844, s1.acc: 92.9360, s1.loss_bbox: 0.1628, s1.loss_mask: 0.1163, s2.loss_cls: 0.0431, s2.acc: 92.4934, s2.loss_bbox: 0.0601, s2.loss_mask: 0.0559, loss: 1.3141, grad_norm: 2.1942
2023-07-18 14:49:00,074 - mmdet - INFO - Epoch [13][40/56]	lr: 5.233e-03, eta: 0:42:35, time: 5.707, data_time: 0.035, memory: 32214, loss_rpn_cls: 0.0195, loss_rpn_bbox: 0.0228, s0.loss_cls: 0.1841, s0.acc: 92.3145, s0.loss_bbox: 0.3731, s0.loss_mask: 0.2309, s1.loss_cls: 0.0957, s1.acc: 91.7952, s1.loss_bbox: 0.1772, s1.loss_mask: 0.1132, s2.loss_cls: 0.0490, s2.acc: 91.1967, s2.loss_bbox: 0.0606, s2.loss_mask: 0.0555, loss: 1.3817, grad_norm: 2.3298
2023-07-18 14:51:54,771 - mmdet - INFO - Evaluating segm...
2023-07-18 14:51:55,729 - mmdet - INFO - 
 Average Precision  (AP) @[ IoU=0.50:0.95 | area=   all | maxDets=100 ] = 0.428
 Average Precision  (AP) @[ IoU=0.50      | area=   all | maxDets=1000 ] = 0.754
 Average Precision  (AP) @[ IoU=0.75      | area=   all | maxDets=1000 ] = 0.437
 Average Precision  (AP) @[ IoU=0.50:0.95 | area= small | maxDets=1000 ] = 0.357
 Average Precision  (AP) @[ IoU=0.50:0.95 | area=medium | maxDets=1000 ] = 0.506
 Average Precision  (AP) @[ IoU=0.50:0.95 | area= large | maxDets=1000 ] = 0.689
 Average Recall     (AR) @[ IoU=0.50:0.95 | area=   all | maxDets=100 ] = 0.612
 Average Recall     (AR) @[ IoU=0.50:0.95 | area=   all | maxDets=300 ] = 0.612
 Average Recall     (AR) @[ IoU=0.50:0.95 | area=   all | maxDets=1000 ] = 0.612
 Average Recall     (AR) @[ IoU=0.50:0.95 | area= small | maxDets=1000 ] = 0.554
 Average Recall     (AR) @[ IoU=0.50:0.95 | area=medium | maxDets=1000 ] = 0.682
 Average Recall     (AR) @[ IoU=0.50:0.95 | area= large | maxDets=1000 ] = 0.747

2023-07-18 14:51:55,967 - mmdet - INFO - The previous best checkpoint /home/nischay/hubmap/vitadap/detection/work_dirs/pretexp5_adapbeitv2lhtc_1400_ds2wsiall/best_segm_mAP_epoch_11.pth was removed
2023-07-18 14:51:59,805 - mmdet - INFO - Now best checkpoint is saved as best_segm_mAP_epoch_13.pth.
2023-07-18 14:51:59,805 - mmdet - INFO - Best segm_mAP is 0.4277 at 13 epoch.
2023-07-18 14:51:59,805 - mmdet - INFO - Exp name: exp4_adapbeitv2l.py
2023-07-18 14:51:59,805 - mmdet - INFO - Epoch(val) [13][29]	segm_mAP: 0.4277, segm_mAP_50: 0.7542, segm_mAP_75: 0.4368, segm_mAP_s: 0.3568, segm_mAP_m: 0.5064, segm_mAP_l: 0.6892, segm_mAP_copypaste: 0.4277 0.7542 0.4368 0.3568 0.5064 0.6892
2023-07-18 14:54:09,188 - mmdet - INFO - Epoch [14][20/56]	lr: 4.696e-03, eta: 0:39:33, time: 6.469, data_time: 0.802, memory: 32214, loss_rpn_cls: 0.0233, loss_rpn_bbox: 0.0224, s0.loss_cls: 0.1775, s0.acc: 92.5928, s0.loss_bbox: 0.3703, s0.loss_mask: 0.2341, s1.loss_cls: 0.0941, s1.acc: 91.9603, s1.loss_bbox: 0.1744, s1.loss_mask: 0.1141, s2.loss_cls: 0.0478, s2.acc: 91.4194, s2.loss_bbox: 0.0608, s2.loss_mask: 0.0554, loss: 1.3742, grad_norm: 2.3028
2023-07-18 14:56:03,359 - mmdet - INFO - Epoch [14][40/56]	lr: 4.403e-03, eta: 0:38:23, time: 5.709, data_time: 0.037, memory: 32214, loss_rpn_cls: 0.0187, loss_rpn_bbox: 0.0217, s0.loss_cls: 0.1759, s0.acc: 92.6156, s0.loss_bbox: 0.3684, s0.loss_mask: 0.2370, s1.loss_cls: 0.0922, s1.acc: 92.1709, s1.loss_bbox: 0.1739, s1.loss_mask: 0.1173, s2.loss_cls: 0.0466, s2.acc: 91.6420, s2.loss_bbox: 0.0641, s2.loss_mask: 0.0565, loss: 1.3722, grad_norm: 2.2987
2023-07-18 14:58:57,846 - mmdet - INFO - Evaluating segm...
2023-07-18 14:58:58,925 - mmdet - INFO - 
 Average Precision  (AP) @[ IoU=0.50:0.95 | area=   all | maxDets=100 ] = 0.415
 Average Precision  (AP) @[ IoU=0.50      | area=   all | maxDets=1000 ] = 0.750
 Average Precision  (AP) @[ IoU=0.75      | area=   all | maxDets=1000 ] = 0.411
 Average Precision  (AP) @[ IoU=0.50:0.95 | area= small | maxDets=1000 ] = 0.346
 Average Precision  (AP) @[ IoU=0.50:0.95 | area=medium | maxDets=1000 ] = 0.491
 Average Precision  (AP) @[ IoU=0.50:0.95 | area= large | maxDets=1000 ] = 0.664
 Average Recall     (AR) @[ IoU=0.50:0.95 | area=   all | maxDets=100 ] = 0.607
 Average Recall     (AR) @[ IoU=0.50:0.95 | area=   all | maxDets=300 ] = 0.607
 Average Recall     (AR) @[ IoU=0.50:0.95 | area=   all | maxDets=1000 ] = 0.607
 Average Recall     (AR) @[ IoU=0.50:0.95 | area= small | maxDets=1000 ] = 0.555
 Average Recall     (AR) @[ IoU=0.50:0.95 | area=medium | maxDets=1000 ] = 0.670
 Average Recall     (AR) @[ IoU=0.50:0.95 | area= large | maxDets=1000 ] = 0.735

2023-07-18 14:58:58,932 - mmdet - INFO - Exp name: exp4_adapbeitv2l.py
2023-07-18 14:58:58,932 - mmdet - INFO - Epoch(val) [14][29]	segm_mAP: 0.4151, segm_mAP_50: 0.7500, segm_mAP_75: 0.4108, segm_mAP_s: 0.3457, segm_mAP_m: 0.4912, segm_mAP_l: 0.6641, segm_mAP_copypaste: 0.4151 0.7500 0.4108 0.3457 0.4912 0.6641
2023-07-18 15:01:07,978 - mmdet - INFO - Epoch [15][20/56]	lr: 3.886e-03, eta: 0:35:25, time: 6.452, data_time: 0.805, memory: 32214, loss_rpn_cls: 0.0213, loss_rpn_bbox: 0.0217, s0.loss_cls: 0.1748, s0.acc: 92.7393, s0.loss_bbox: 0.3612, s0.loss_mask: 0.2413, s1.loss_cls: 0.0909, s1.acc: 92.2893, s1.loss_bbox: 0.1740, s1.loss_mask: 0.1186, s2.loss_cls: 0.0465, s2.acc: 91.9226, s2.loss_bbox: 0.0625, s2.loss_mask: 0.0566, loss: 1.3695, grad_norm: 2.5954
2023-07-18 15:03:01,699 - mmdet - INFO - Epoch [15][40/56]	lr: 3.607e-03, eta: 0:34:12, time: 5.686, data_time: 0.043, memory: 32214, loss_rpn_cls: 0.0189, loss_rpn_bbox: 0.0171, s0.loss_cls: 0.1602, s0.acc: 93.1836, s0.loss_bbox: 0.3449, s0.loss_mask: 0.2387, s1.loss_cls: 0.0848, s1.acc: 92.6177, s1.loss_bbox: 0.1653, s1.loss_mask: 0.1177, s2.loss_cls: 0.0438, s2.acc: 91.8759, s2.loss_bbox: 0.0585, s2.loss_mask: 0.0571, loss: 1.3071, grad_norm: 2.4283
2023-07-18 15:05:56,461 - mmdet - INFO - Evaluating segm...
2023-07-18 15:05:57,440 - mmdet - INFO - 
 Average Precision  (AP) @[ IoU=0.50:0.95 | area=   all | maxDets=100 ] = 0.418
 Average Precision  (AP) @[ IoU=0.50      | area=   all | maxDets=1000 ] = 0.751
 Average Precision  (AP) @[ IoU=0.75      | area=   all | maxDets=1000 ] = 0.417
 Average Precision  (AP) @[ IoU=0.50:0.95 | area= small | maxDets=1000 ] = 0.348
 Average Precision  (AP) @[ IoU=0.50:0.95 | area=medium | maxDets=1000 ] = 0.494
 Average Precision  (AP) @[ IoU=0.50:0.95 | area= large | maxDets=1000 ] = 0.680
 Average Recall     (AR) @[ IoU=0.50:0.95 | area=   all | maxDets=100 ] = 0.605
 Average Recall     (AR) @[ IoU=0.50:0.95 | area=   all | maxDets=300 ] = 0.605
 Average Recall     (AR) @[ IoU=0.50:0.95 | area=   all | maxDets=1000 ] = 0.605
 Average Recall     (AR) @[ IoU=0.50:0.95 | area= small | maxDets=1000 ] = 0.550
 Average Recall     (AR) @[ IoU=0.50:0.95 | area=medium | maxDets=1000 ] = 0.670
 Average Recall     (AR) @[ IoU=0.50:0.95 | area= large | maxDets=1000 ] = 0.747

2023-07-18 15:05:57,448 - mmdet - INFO - Exp name: exp4_adapbeitv2l.py
2023-07-18 15:05:57,448 - mmdet - INFO - Epoch(val) [15][29]	segm_mAP: 0.4176, segm_mAP_50: 0.7509, segm_mAP_75: 0.4167, segm_mAP_s: 0.3484, segm_mAP_m: 0.4940, segm_mAP_l: 0.6802, segm_mAP_copypaste: 0.4176 0.7509 0.4167 0.3484 0.4940 0.6802
2023-07-18 15:08:14,176 - mmdet - INFO - Epoch [16][20/56]	lr: 3.121e-03, eta: 0:31:21, time: 6.836, data_time: 0.806, memory: 32214, loss_rpn_cls: 0.0191, loss_rpn_bbox: 0.0174, s0.loss_cls: 0.1601, s0.acc: 93.3984, s0.loss_bbox: 0.3317, s0.loss_mask: 0.2266, s1.loss_cls: 0.0837, s1.acc: 93.0949, s1.loss_bbox: 0.1636, s1.loss_mask: 0.1122, s2.loss_cls: 0.0437, s2.acc: 92.3099, s2.loss_bbox: 0.0575, s2.loss_mask: 0.0546, loss: 1.2701, grad_norm: 2.4304
2023-07-18 15:10:27,961 - mmdet - INFO - Epoch [16][40/56]	lr: 2.861e-03, eta: 0:30:15, time: 6.689, data_time: 0.042, memory: 32214, loss_rpn_cls: 0.0254, loss_rpn_bbox: 0.0241, s0.loss_cls: 0.1796, s0.acc: 92.6611, s0.loss_bbox: 0.3808, s0.loss_mask: 0.2336, s1.loss_cls: 0.0953, s1.acc: 92.2082, s1.loss_bbox: 0.1811, s1.loss_mask: 0.1154, s2.loss_cls: 0.0489, s2.acc: 91.3774, s2.loss_bbox: 0.0630, s2.loss_mask: 0.0558, loss: 1.4029, grad_norm: 2.4631
2023-07-18 15:13:52,823 - mmdet - INFO - Evaluating segm...
2023-07-18 15:13:53,787 - mmdet - INFO - 
 Average Precision  (AP) @[ IoU=0.50:0.95 | area=   all | maxDets=100 ] = 0.422
 Average Precision  (AP) @[ IoU=0.50      | area=   all | maxDets=1000 ] = 0.753
 Average Precision  (AP) @[ IoU=0.75      | area=   all | maxDets=1000 ] = 0.416
 Average Precision  (AP) @[ IoU=0.50:0.95 | area= small | maxDets=1000 ] = 0.353
 Average Precision  (AP) @[ IoU=0.50:0.95 | area=medium | maxDets=1000 ] = 0.500
 Average Precision  (AP) @[ IoU=0.50:0.95 | area= large | maxDets=1000 ] = 0.682
 Average Recall     (AR) @[ IoU=0.50:0.95 | area=   all | maxDets=100 ] = 0.604
 Average Recall     (AR) @[ IoU=0.50:0.95 | area=   all | maxDets=300 ] = 0.604
 Average Recall     (AR) @[ IoU=0.50:0.95 | area=   all | maxDets=1000 ] = 0.604
 Average Recall     (AR) @[ IoU=0.50:0.95 | area= small | maxDets=1000 ] = 0.549
 Average Recall     (AR) @[ IoU=0.50:0.95 | area=medium | maxDets=1000 ] = 0.670
 Average Recall     (AR) @[ IoU=0.50:0.95 | area= large | maxDets=1000 ] = 0.747

2023-07-18 15:13:53,795 - mmdet - INFO - Exp name: exp4_adapbeitv2l.py
2023-07-18 15:13:53,795 - mmdet - INFO - Epoch(val) [16][29]	segm_mAP: 0.4223, segm_mAP_50: 0.7530, segm_mAP_75: 0.4165, segm_mAP_s: 0.3530, segm_mAP_m: 0.5004, segm_mAP_l: 0.6818, segm_mAP_copypaste: 0.4223 0.7530 0.4165 0.3530 0.5004 0.6818
2023-07-18 15:16:02,456 - mmdet - INFO - Epoch [17][20/56]	lr: 2.413e-03, eta: 0:27:22, time: 6.432, data_time: 0.810, memory: 32214, loss_rpn_cls: 0.0186, loss_rpn_bbox: 0.0191, s0.loss_cls: 0.1635, s0.acc: 93.2633, s0.loss_bbox: 0.3503, s0.loss_mask: 0.2335, s1.loss_cls: 0.0876, s1.acc: 92.6615, s1.loss_bbox: 0.1688, s1.loss_mask: 0.1134, s2.loss_cls: 0.0455, s2.acc: 91.7878, s2.loss_bbox: 0.0624, s2.loss_mask: 0.0546, loss: 1.3173, grad_norm: 2.4462
2023-07-18 15:17:56,765 - mmdet - INFO - Epoch [17][40/56]	lr: 2.177e-03, eta: 0:26:03, time: 5.715, data_time: 0.042, memory: 32214, loss_rpn_cls: 0.0149, loss_rpn_bbox: 0.0220, s0.loss_cls: 0.1647, s0.acc: 93.1120, s0.loss_bbox: 0.3529, s0.loss_mask: 0.2260, s1.loss_cls: 0.0862, s1.acc: 92.7458, s1.loss_bbox: 0.1691, s1.loss_mask: 0.1114, s2.loss_cls: 0.0448, s2.acc: 92.0523, s2.loss_bbox: 0.0622, s2.loss_mask: 0.0534, loss: 1.3076, grad_norm: 2.2916
2023-07-18 15:20:51,636 - mmdet - INFO - Evaluating segm...
2023-07-18 15:20:52,601 - mmdet - INFO - 
 Average Precision  (AP) @[ IoU=0.50:0.95 | area=   all | maxDets=100 ] = 0.424
 Average Precision  (AP) @[ IoU=0.50      | area=   all | maxDets=1000 ] = 0.760
 Average Precision  (AP) @[ IoU=0.75      | area=   all | maxDets=1000 ] = 0.426
 Average Precision  (AP) @[ IoU=0.50:0.95 | area= small | maxDets=1000 ] = 0.355
 Average Precision  (AP) @[ IoU=0.50:0.95 | area=medium | maxDets=1000 ] = 0.501
 Average Precision  (AP) @[ IoU=0.50:0.95 | area= large | maxDets=1000 ] = 0.687
 Average Recall     (AR) @[ IoU=0.50:0.95 | area=   all | maxDets=100 ] = 0.605
 Average Recall     (AR) @[ IoU=0.50:0.95 | area=   all | maxDets=300 ] = 0.605
 Average Recall     (AR) @[ IoU=0.50:0.95 | area=   all | maxDets=1000 ] = 0.605
 Average Recall     (AR) @[ IoU=0.50:0.95 | area= small | maxDets=1000 ] = 0.546
 Average Recall     (AR) @[ IoU=0.50:0.95 | area=medium | maxDets=1000 ] = 0.676
 Average Recall     (AR) @[ IoU=0.50:0.95 | area= large | maxDets=1000 ] = 0.759

2023-07-18 15:20:52,609 - mmdet - INFO - Exp name: exp4_adapbeitv2l.py
2023-07-18 15:20:52,609 - mmdet - INFO - Epoch(val) [17][29]	segm_mAP: 0.4236, segm_mAP_50: 0.7595, segm_mAP_75: 0.4260, segm_mAP_s: 0.3553, segm_mAP_m: 0.5012, segm_mAP_l: 0.6874, segm_mAP_copypaste: 0.4236 0.7595 0.4260 0.3553 0.5012 0.6874
2023-07-18 15:23:01,932 - mmdet - INFO - Epoch [18][20/56]	lr: 1.777e-03, eta: 0:23:13, time: 6.466, data_time: 0.803, memory: 32214, loss_rpn_cls: 0.0173, loss_rpn_bbox: 0.0201, s0.loss_cls: 0.1650, s0.acc: 93.1885, s0.loss_bbox: 0.3541, s0.loss_mask: 0.2262, s1.loss_cls: 0.0886, s1.acc: 92.5831, s1.loss_bbox: 0.1709, s1.loss_mask: 0.1108, s2.loss_cls: 0.0457, s2.acc: 92.0425, s2.loss_bbox: 0.0629, s2.loss_mask: 0.0536, loss: 1.3153, grad_norm: 2.5024
2023-07-18 15:24:56,065 - mmdet - INFO - Epoch [18][40/56]	lr: 1.569e-03, eta: 0:21:53, time: 5.707, data_time: 0.034, memory: 32214, loss_rpn_cls: 0.0214, loss_rpn_bbox: 0.0207, s0.loss_cls: 0.1658, s0.acc: 93.2829, s0.loss_bbox: 0.3517, s0.loss_mask: 0.2365, s1.loss_cls: 0.0847, s1.acc: 93.0978, s1.loss_bbox: 0.1694, s1.loss_mask: 0.1168, s2.loss_cls: 0.0441, s2.acc: 92.4536, s2.loss_bbox: 0.0623, s2.loss_mask: 0.0566, loss: 1.3300, grad_norm: 2.5849
2023-07-18 15:27:51,172 - mmdet - INFO - Evaluating segm...
2023-07-18 15:27:52,137 - mmdet - INFO - 
 Average Precision  (AP) @[ IoU=0.50:0.95 | area=   all | maxDets=100 ] = 0.419
 Average Precision  (AP) @[ IoU=0.50      | area=   all | maxDets=1000 ] = 0.758
 Average Precision  (AP) @[ IoU=0.75      | area=   all | maxDets=1000 ] = 0.422
 Average Precision  (AP) @[ IoU=0.50:0.95 | area= small | maxDets=1000 ] = 0.350
 Average Precision  (AP) @[ IoU=0.50:0.95 | area=medium | maxDets=1000 ] = 0.498
 Average Precision  (AP) @[ IoU=0.50:0.95 | area= large | maxDets=1000 ] = 0.666
 Average Recall     (AR) @[ IoU=0.50:0.95 | area=   all | maxDets=100 ] = 0.608
 Average Recall     (AR) @[ IoU=0.50:0.95 | area=   all | maxDets=300 ] = 0.608
 Average Recall     (AR) @[ IoU=0.50:0.95 | area=   all | maxDets=1000 ] = 0.608
 Average Recall     (AR) @[ IoU=0.50:0.95 | area= small | maxDets=1000 ] = 0.558
 Average Recall     (AR) @[ IoU=0.50:0.95 | area=medium | maxDets=1000 ] = 0.668
 Average Recall     (AR) @[ IoU=0.50:0.95 | area= large | maxDets=1000 ] = 0.741

2023-07-18 15:27:52,145 - mmdet - INFO - Exp name: exp4_adapbeitv2l.py
2023-07-18 15:27:52,145 - mmdet - INFO - Epoch(val) [18][29]	segm_mAP: 0.4193, segm_mAP_50: 0.7575, segm_mAP_75: 0.4216, segm_mAP_s: 0.3500, segm_mAP_m: 0.4985, segm_mAP_l: 0.6664, segm_mAP_copypaste: 0.4193 0.7575 0.4216 0.3500 0.4985 0.6664
2023-07-18 15:30:01,065 - mmdet - INFO - Epoch [19][20/56]	lr: 1.224e-03, eta: 0:19:05, time: 6.445, data_time: 0.807, memory: 32214, loss_rpn_cls: 0.0201, loss_rpn_bbox: 0.0206, s0.loss_cls: 0.1694, s0.acc: 93.0062, s0.loss_bbox: 0.3683, s0.loss_mask: 0.2309, s1.loss_cls: 0.0888, s1.acc: 92.4652, s1.loss_bbox: 0.1759, s1.loss_mask: 0.1132, s2.loss_cls: 0.0474, s2.acc: 91.5927, s2.loss_bbox: 0.0642, s2.loss_mask: 0.0546, loss: 1.3534, grad_norm: 2.6019
2023-07-18 15:31:55,251 - mmdet - INFO - Epoch [19][40/56]	lr: 1.049e-03, eta: 0:17:43, time: 5.709, data_time: 0.035, memory: 32214, loss_rpn_cls: 0.0214, loss_rpn_bbox: 0.0213, s0.loss_cls: 0.1604, s0.acc: 93.4619, s0.loss_bbox: 0.3593, s0.loss_mask: 0.2260, s1.loss_cls: 0.0812, s1.acc: 93.6094, s1.loss_bbox: 0.1779, s1.loss_mask: 0.1130, s2.loss_cls: 0.0451, s2.acc: 92.1648, s2.loss_bbox: 0.0670, s2.loss_mask: 0.0547, loss: 1.3273, grad_norm: 2.3922
2023-07-18 15:34:49,757 - mmdet - INFO - Evaluating segm...
2023-07-18 15:34:50,836 - mmdet - INFO - 
 Average Precision  (AP) @[ IoU=0.50:0.95 | area=   all | maxDets=100 ] = 0.419
 Average Precision  (AP) @[ IoU=0.50      | area=   all | maxDets=1000 ] = 0.754
 Average Precision  (AP) @[ IoU=0.75      | area=   all | maxDets=1000 ] = 0.421
 Average Precision  (AP) @[ IoU=0.50:0.95 | area= small | maxDets=1000 ] = 0.351
 Average Precision  (AP) @[ IoU=0.50:0.95 | area=medium | maxDets=1000 ] = 0.495
 Average Precision  (AP) @[ IoU=0.50:0.95 | area= large | maxDets=1000 ] = 0.685
 Average Recall     (AR) @[ IoU=0.50:0.95 | area=   all | maxDets=100 ] = 0.606
 Average Recall     (AR) @[ IoU=0.50:0.95 | area=   all | maxDets=300 ] = 0.606
 Average Recall     (AR) @[ IoU=0.50:0.95 | area=   all | maxDets=1000 ] = 0.606
 Average Recall     (AR) @[ IoU=0.50:0.95 | area= small | maxDets=1000 ] = 0.552
 Average Recall     (AR) @[ IoU=0.50:0.95 | area=medium | maxDets=1000 ] = 0.670
 Average Recall     (AR) @[ IoU=0.50:0.95 | area= large | maxDets=1000 ] = 0.747

2023-07-18 15:34:50,843 - mmdet - INFO - Exp name: exp4_adapbeitv2l.py
2023-07-18 15:34:50,844 - mmdet - INFO - Epoch(val) [19][29]	segm_mAP: 0.4193, segm_mAP_50: 0.7541, segm_mAP_75: 0.4213, segm_mAP_s: 0.3507, segm_mAP_m: 0.4955, segm_mAP_l: 0.6850, segm_mAP_copypaste: 0.4193 0.7541 0.4213 0.3507 0.4955 0.6850
2023-07-18 15:37:00,425 - mmdet - INFO - Epoch [20][20/56]	lr: 7.652e-04, eta: 0:14:58, time: 6.478, data_time: 0.812, memory: 32214, loss_rpn_cls: 0.0222, loss_rpn_bbox: 0.0216, s0.loss_cls: 0.1662, s0.acc: 93.2471, s0.loss_bbox: 0.3383, s0.loss_mask: 0.2333, s1.loss_cls: 0.0854, s1.acc: 92.9710, s1.loss_bbox: 0.1608, s1.loss_mask: 0.1142, s2.loss_cls: 0.0436, s2.acc: 92.3183, s2.loss_bbox: 0.0578, s2.loss_mask: 0.0552, loss: 1.2985, grad_norm: 2.6974
2023-07-18 15:38:54,362 - mmdet - INFO - Epoch [20][40/56]	lr: 6.256e-04, eta: 0:13:34, time: 5.697, data_time: 0.036, memory: 32214, loss_rpn_cls: 0.0129, loss_rpn_bbox: 0.0174, s0.loss_cls: 0.1602, s0.acc: 93.1429, s0.loss_bbox: 0.3424, s0.loss_mask: 0.2206, s1.loss_cls: 0.0827, s1.acc: 92.6976, s1.loss_bbox: 0.1708, s1.loss_mask: 0.1088, s2.loss_cls: 0.0443, s2.acc: 91.9940, s2.loss_bbox: 0.0628, s2.loss_mask: 0.0530, loss: 1.2759, grad_norm: 2.5746
2023-07-18 15:41:49,483 - mmdet - INFO - Evaluating segm...
2023-07-18 15:41:50,438 - mmdet - INFO - 
 Average Precision  (AP) @[ IoU=0.50:0.95 | area=   all | maxDets=100 ] = 0.428
 Average Precision  (AP) @[ IoU=0.50      | area=   all | maxDets=1000 ] = 0.759
 Average Precision  (AP) @[ IoU=0.75      | area=   all | maxDets=1000 ] = 0.435
 Average Precision  (AP) @[ IoU=0.50:0.95 | area= small | maxDets=1000 ] = 0.357
 Average Precision  (AP) @[ IoU=0.50:0.95 | area=medium | maxDets=1000 ] = 0.506
 Average Precision  (AP) @[ IoU=0.50:0.95 | area= large | maxDets=1000 ] = 0.682
 Average Recall     (AR) @[ IoU=0.50:0.95 | area=   all | maxDets=100 ] = 0.610
 Average Recall     (AR) @[ IoU=0.50:0.95 | area=   all | maxDets=300 ] = 0.610
 Average Recall     (AR) @[ IoU=0.50:0.95 | area=   all | maxDets=1000 ] = 0.610
 Average Recall     (AR) @[ IoU=0.50:0.95 | area= small | maxDets=1000 ] = 0.557
 Average Recall     (AR) @[ IoU=0.50:0.95 | area=medium | maxDets=1000 ] = 0.672
 Average Recall     (AR) @[ IoU=0.50:0.95 | area= large | maxDets=1000 ] = 0.747

2023-07-18 15:41:50,445 - mmdet - INFO - Exp name: exp4_adapbeitv2l.py
2023-07-18 15:41:50,445 - mmdet - INFO - Epoch(val) [20][29]	segm_mAP: 0.4275, segm_mAP_50: 0.7593, segm_mAP_75: 0.4354, segm_mAP_s: 0.3566, segm_mAP_m: 0.5059, segm_mAP_l: 0.6822, segm_mAP_copypaste: 0.4275 0.7593 0.4354 0.3566 0.5059 0.6822
2023-07-18 15:44:00,168 - mmdet - INFO - Epoch [21][20/56]	lr: 4.082e-04, eta: 0:10:51, time: 6.486, data_time: 0.800, memory: 32214, loss_rpn_cls: 0.0254, loss_rpn_bbox: 0.0220, s0.loss_cls: 0.1680, s0.acc: 93.1576, s0.loss_bbox: 0.3594, s0.loss_mask: 0.2425, s1.loss_cls: 0.0855, s1.acc: 92.8051, s1.loss_bbox: 0.1732, s1.loss_mask: 0.1194, s2.loss_cls: 0.0439, s2.acc: 92.2591, s2.loss_bbox: 0.0620, s2.loss_mask: 0.0574, loss: 1.3587, grad_norm: 2.9170
2023-07-18 15:45:54,587 - mmdet - INFO - Epoch [21][40/56]	lr: 3.068e-04, eta: 0:09:26, time: 5.721, data_time: 0.033, memory: 32214, loss_rpn_cls: 0.0179, loss_rpn_bbox: 0.0203, s0.loss_cls: 0.1654, s0.acc: 93.1104, s0.loss_bbox: 0.3590, s0.loss_mask: 0.2241, s1.loss_cls: 0.0837, s1.acc: 93.2116, s1.loss_bbox: 0.1742, s1.loss_mask: 0.1101, s2.loss_cls: 0.0452, s2.acc: 91.8638, s2.loss_bbox: 0.0656, s2.loss_mask: 0.0527, loss: 1.3182, grad_norm: 2.5982
2023-07-18 15:48:48,986 - mmdet - INFO - Evaluating segm...
2023-07-18 15:48:49,940 - mmdet - INFO - 
 Average Precision  (AP) @[ IoU=0.50:0.95 | area=   all | maxDets=100 ] = 0.423
 Average Precision  (AP) @[ IoU=0.50      | area=   all | maxDets=1000 ] = 0.757
 Average Precision  (AP) @[ IoU=0.75      | area=   all | maxDets=1000 ] = 0.424
 Average Precision  (AP) @[ IoU=0.50:0.95 | area= small | maxDets=1000 ] = 0.351
 Average Precision  (AP) @[ IoU=0.50:0.95 | area=medium | maxDets=1000 ] = 0.503
 Average Precision  (AP) @[ IoU=0.50:0.95 | area= large | maxDets=1000 ] = 0.671
 Average Recall     (AR) @[ IoU=0.50:0.95 | area=   all | maxDets=100 ] = 0.609
 Average Recall     (AR) @[ IoU=0.50:0.95 | area=   all | maxDets=300 ] = 0.609
 Average Recall     (AR) @[ IoU=0.50:0.95 | area=   all | maxDets=1000 ] = 0.609
 Average Recall     (AR) @[ IoU=0.50:0.95 | area= small | maxDets=1000 ] = 0.555
 Average Recall     (AR) @[ IoU=0.50:0.95 | area=medium | maxDets=1000 ] = 0.673
 Average Recall     (AR) @[ IoU=0.50:0.95 | area= large | maxDets=1000 ] = 0.753

2023-07-18 15:48:49,948 - mmdet - INFO - Exp name: exp4_adapbeitv2l.py
2023-07-18 15:48:49,948 - mmdet - INFO - Epoch(val) [21][29]	segm_mAP: 0.4229, segm_mAP_50: 0.7568, segm_mAP_75: 0.4238, segm_mAP_s: 0.3512, segm_mAP_m: 0.5026, segm_mAP_l: 0.6705, segm_mAP_copypaste: 0.4229 0.7568 0.4238 0.3512 0.5026 0.6705
2023-07-18 15:50:58,634 - mmdet - INFO - Epoch [22][20/56]	lr: 1.601e-04, eta: 0:06:44, time: 6.434, data_time: 0.801, memory: 32214, loss_rpn_cls: 0.0210, loss_rpn_bbox: 0.0196, s0.loss_cls: 0.1576, s0.acc: 93.4798, s0.loss_bbox: 0.3421, s0.loss_mask: 0.2332, s1.loss_cls: 0.0815, s1.acc: 93.1835, s1.loss_bbox: 0.1665, s1.loss_mask: 0.1153, s2.loss_cls: 0.0430, s2.acc: 92.4848, s2.loss_bbox: 0.0626, s2.loss_mask: 0.0571, loss: 1.2996, grad_norm: 2.4277
2023-07-18 15:52:52,185 - mmdet - INFO - Epoch [22][40/56]	lr: 9.882e-05, eta: 0:05:18, time: 5.678, data_time: 0.037, memory: 32214, loss_rpn_cls: 0.0210, loss_rpn_bbox: 0.0206, s0.loss_cls: 0.1606, s0.acc: 93.3789, s0.loss_bbox: 0.3403, s0.loss_mask: 0.2289, s1.loss_cls: 0.0843, s1.acc: 92.9631, s1.loss_bbox: 0.1648, s1.loss_mask: 0.1126, s2.loss_cls: 0.0434, s2.acc: 92.1763, s2.loss_bbox: 0.0606, s2.loss_mask: 0.0545, loss: 1.2916, grad_norm: 3.2436
2023-07-18 15:55:46,947 - mmdet - INFO - Evaluating segm...
2023-07-18 15:55:47,915 - mmdet - INFO - 
 Average Precision  (AP) @[ IoU=0.50:0.95 | area=   all | maxDets=100 ] = 0.424
 Average Precision  (AP) @[ IoU=0.50      | area=   all | maxDets=1000 ] = 0.758
 Average Precision  (AP) @[ IoU=0.75      | area=   all | maxDets=1000 ] = 0.428
 Average Precision  (AP) @[ IoU=0.50:0.95 | area= small | maxDets=1000 ] = 0.352
 Average Precision  (AP) @[ IoU=0.50:0.95 | area=medium | maxDets=1000 ] = 0.503
 Average Precision  (AP) @[ IoU=0.50:0.95 | area= large | maxDets=1000 ] = 0.671
 Average Recall     (AR) @[ IoU=0.50:0.95 | area=   all | maxDets=100 ] = 0.608
 Average Recall     (AR) @[ IoU=0.50:0.95 | area=   all | maxDets=300 ] = 0.608
 Average Recall     (AR) @[ IoU=0.50:0.95 | area=   all | maxDets=1000 ] = 0.608
 Average Recall     (AR) @[ IoU=0.50:0.95 | area= small | maxDets=1000 ] = 0.555
 Average Recall     (AR) @[ IoU=0.50:0.95 | area=medium | maxDets=1000 ] = 0.671
 Average Recall     (AR) @[ IoU=0.50:0.95 | area= large | maxDets=1000 ] = 0.753

2023-07-18 15:55:47,922 - mmdet - INFO - Exp name: exp4_adapbeitv2l.py
2023-07-18 15:55:47,922 - mmdet - INFO - Epoch(val) [22][29]	segm_mAP: 0.4236, segm_mAP_50: 0.7582, segm_mAP_75: 0.4277, segm_mAP_s: 0.3524, segm_mAP_m: 0.5027, segm_mAP_l: 0.6708, segm_mAP_copypaste: 0.4236 0.7582 0.4277 0.3524 0.5027 0.6708
2023-07-18 15:57:57,080 - mmdet - INFO - Epoch [23][20/56]	lr: 2.544e-05, eta: 0:02:38, time: 6.457, data_time: 0.806, memory: 32214, loss_rpn_cls: 0.0248, loss_rpn_bbox: 0.0232, s0.loss_cls: 0.1582, s0.acc: 93.5531, s0.loss_bbox: 0.3465, s0.loss_mask: 0.2227, s1.loss_cls: 0.0802, s1.acc: 93.3293, s1.loss_bbox: 0.1711, s1.loss_mask: 0.1097, s2.loss_cls: 0.0431, s2.acc: 92.3702, s2.loss_bbox: 0.0639, s2.loss_mask: 0.0533, loss: 1.2968, grad_norm: 2.7423
2023-07-18 15:59:51,227 - mmdet - INFO - Epoch [23][40/56]	lr: 5.382e-06, eta: 0:01:10, time: 5.707, data_time: 0.033, memory: 32214, loss_rpn_cls: 0.0189, loss_rpn_bbox: 0.0195, s0.loss_cls: 0.1717, s0.acc: 92.7327, s0.loss_bbox: 0.3666, s0.loss_mask: 0.2371, s1.loss_cls: 0.0884, s1.acc: 92.5970, s1.loss_bbox: 0.1820, s1.loss_mask: 0.1152, s2.loss_cls: 0.0468, s2.acc: 91.8967, s2.loss_bbox: 0.0662, s2.loss_mask: 0.0555, loss: 1.3677, grad_norm: 2.8530
2023-07-18 16:01:22,732 - mmdet - INFO - Saving checkpoint at 23 epochs
2023-07-18 16:02:49,696 - mmdet - INFO - Evaluating segm...
2023-07-18 16:02:50,653 - mmdet - INFO - 
 Average Precision  (AP) @[ IoU=0.50:0.95 | area=   all | maxDets=100 ] = 0.424
 Average Precision  (AP) @[ IoU=0.50      | area=   all | maxDets=1000 ] = 0.757
 Average Precision  (AP) @[ IoU=0.75      | area=   all | maxDets=1000 ] = 0.427
 Average Precision  (AP) @[ IoU=0.50:0.95 | area= small | maxDets=1000 ] = 0.354
 Average Precision  (AP) @[ IoU=0.50:0.95 | area=medium | maxDets=1000 ] = 0.504
 Average Precision  (AP) @[ IoU=0.50:0.95 | area= large | maxDets=1000 ] = 0.671
 Average Recall     (AR) @[ IoU=0.50:0.95 | area=   all | maxDets=100 ] = 0.605
 Average Recall     (AR) @[ IoU=0.50:0.95 | area=   all | maxDets=300 ] = 0.605
 Average Recall     (AR) @[ IoU=0.50:0.95 | area=   all | maxDets=1000 ] = 0.605
 Average Recall     (AR) @[ IoU=0.50:0.95 | area= small | maxDets=1000 ] = 0.551
 Average Recall     (AR) @[ IoU=0.50:0.95 | area=medium | maxDets=1000 ] = 0.670
 Average Recall     (AR) @[ IoU=0.50:0.95 | area= large | maxDets=1000 ] = 0.747

2023-07-18 16:02:50,660 - mmdet - INFO - Exp name: exp4_adapbeitv2l.py
2023-07-18 16:02:50,661 - mmdet - INFO - Epoch(val) [23][29]	segm_mAP: 0.4244, segm_mAP_50: 0.7573, segm_mAP_75: 0.4269, segm_mAP_s: 0.3538, segm_mAP_m: 0.5039, segm_mAP_l: 0.6706, segm_mAP_copypaste: 0.4244 0.7573 0.4269 0.3538 0.5039 0.6706
