2023-07-14 16:31:20,958 - mmdet - INFO - Environment info:
------------------------------------------------------------
sys.platform: linux
Python: 3.8.10 (default, May 26 2023, 14:05:08) [GCC 9.4.0]
CUDA available: True
GPU 0,1,2: NVIDIA RTX A6000
CUDA_HOME: /usr/local/cuda
NVCC: Cuda compilation tools, release 11.7, V11.7.99
GCC: x86_64-linux-gnu-gcc (Ubuntu 9.4.0-1ubuntu1~20.04.1) 9.4.0
PyTorch: 1.13.1+cu117
PyTorch compiling details: PyTorch built with:
  - GCC 9.3
  - C++ Version: 201402
  - Intel(R) Math Kernel Library Version 2020.0.0 Product Build 20191122 for Intel(R) 64 architecture applications
  - Intel(R) MKL-DNN v2.6.0 (Git Hash 52b5f107dd9cf10910aaa19cb47f3abf9b349815)
  - OpenMP 201511 (a.k.a. OpenMP 4.5)
  - LAPACK is enabled (usually provided by MKL)
  - NNPACK is enabled
  - CPU capability usage: AVX2
  - CUDA Runtime 11.7
  - NVCC architecture flags: -gencode;arch=compute_37,code=sm_37;-gencode;arch=compute_50,code=sm_50;-gencode;arch=compute_60,code=sm_60;-gencode;arch=compute_70,code=sm_70;-gencode;arch=compute_75,code=sm_75;-gencode;arch=compute_80,code=sm_80;-gencode;arch=compute_86,code=sm_86
  - CuDNN 8.5
  - Magma 2.6.1
  - Build settings: BLAS_INFO=mkl, BUILD_TYPE=Release, CUDA_VERSION=11.7, CUDNN_VERSION=8.5.0, CXX_COMPILER=/opt/rh/devtoolset-9/root/usr/bin/c++, CXX_FLAGS= -fabi-version=11 -Wno-deprecated -fvisibility-inlines-hidden -DUSE_PTHREADPOOL -fopenmp -DNDEBUG -DUSE_KINETO -DUSE_FBGEMM -DUSE_QNNPACK -DUSE_PYTORCH_QNNPACK -DUSE_XNNPACK -DSYMBOLICATE_MOBILE_DEBUG_HANDLE -DEDGE_PROFILER_USE_KINETO -O2 -fPIC -Wno-narrowing -Wall -Wextra -Werror=return-type -Werror=non-virtual-dtor -Wno-missing-field-initializers -Wno-type-limits -Wno-array-bounds -Wno-unknown-pragmas -Wunused-local-typedefs -Wno-unused-parameter -Wno-unused-function -Wno-unused-result -Wno-strict-overflow -Wno-strict-aliasing -Wno-error=deprecated-declarations -Wno-stringop-overflow -Wno-psabi -Wno-error=pedantic -Wno-error=redundant-decls -Wno-error=old-style-cast -fdiagnostics-color=always -faligned-new -Wno-unused-but-set-variable -Wno-maybe-uninitialized -fno-math-errno -fno-trapping-math -Werror=format -Werror=cast-function-type -Wno-stringop-overflow, LAPACK_INFO=mkl, PERF_WITH_AVX=1, PERF_WITH_AVX2=1, PERF_WITH_AVX512=1, TORCH_VERSION=1.13.1, USE_CUDA=ON, USE_CUDNN=ON, USE_EXCEPTION_PTR=1, USE_GFLAGS=OFF, USE_GLOG=OFF, USE_MKL=ON, USE_MKLDNN=ON, USE_MPI=OFF, USE_NCCL=ON, USE_NNPACK=ON, USE_OPENMP=ON, USE_ROCM=OFF, 

TorchVision: 0.14.1+cu117
OpenCV: 4.7.0
MMCV: 1.7.1
MMCV Compiler: GCC 9.4
MMCV CUDA Compiler: 11.7
MMDetection: 2.25.3+aac4634
------------------------------------------------------------

2023-07-14 16:31:22,643 - mmdet - INFO - Distributed training: True
2023-07-14 16:31:24,312 - mmdet - INFO - Config:
model = dict(
    type='HybridTaskCascade',
    pretrained=None,
    backbone=dict(
        type='CBSwinTransformer',
        embed_dim=128,
        depths=[2, 2, 18, 2],
        num_heads=[4, 8, 16, 32],
        window_size=7,
        mlp_ratio=4.0,
        qkv_bias=True,
        qk_scale=None,
        drop_rate=0.0,
        attn_drop_rate=0.0,
        drop_path_rate=0.3,
        ape=False,
        patch_norm=True,
        out_indices=(0, 1, 2, 3),
        use_checkpoint=False),
    neck=dict(
        type='CBFPN',
        in_channels=[128, 256, 512, 1024],
        out_channels=256,
        num_outs=5),
    rpn_head=dict(
        type='RPNHead',
        in_channels=256,
        feat_channels=256,
        anchor_generator=dict(
            type='AnchorGenerator',
            scales=[8],
            ratios=[0.5, 1.0, 2.0],
            strides=[4, 8, 16, 32, 64]),
        bbox_coder=dict(
            type='DeltaXYWHBBoxCoder',
            target_means=[0.0, 0.0, 0.0, 0.0],
            target_stds=[1.0, 1.0, 1.0, 1.0]),
        loss_cls=dict(
            type='CrossEntropyLoss', use_sigmoid=True, loss_weight=1.0),
        loss_bbox=dict(
            type='SmoothL1Loss', beta=0.1111111111111111, loss_weight=1.0)),
    roi_head=dict(
        type='HybridTaskCascadeRoIHead',
        interleaved=True,
        mask_info_flow=True,
        num_stages=3,
        stage_loss_weights=[1, 0.5, 0.25],
        bbox_roi_extractor=dict(
            type='SingleRoIExtractor',
            roi_layer=dict(type='RoIAlign', output_size=7, sampling_ratio=0),
            out_channels=256,
            featmap_strides=[4, 8, 16, 32]),
        bbox_head=[
            dict(
                type='ConvFCBBoxHead',
                num_shared_convs=4,
                num_shared_fcs=1,
                in_channels=256,
                conv_out_channels=256,
                fc_out_channels=1024,
                roi_feat_size=7,
                num_classes=1,
                bbox_coder=dict(
                    type='DeltaXYWHBBoxCoder',
                    target_means=[0.0, 0.0, 0.0, 0.0],
                    target_stds=[0.1, 0.1, 0.2, 0.2]),
                reg_class_agnostic=True,
                reg_decoded_bbox=True,
                norm_cfg=dict(type='SyncBN', requires_grad=True),
                loss_cls=dict(
                    type='CrossEntropyLoss',
                    use_sigmoid=False,
                    loss_weight=1.0),
                loss_bbox=dict(type='GIoULoss', loss_weight=10.0)),
            dict(
                type='ConvFCBBoxHead',
                num_shared_convs=4,
                num_shared_fcs=1,
                in_channels=256,
                conv_out_channels=256,
                fc_out_channels=1024,
                roi_feat_size=7,
                num_classes=1,
                bbox_coder=dict(
                    type='DeltaXYWHBBoxCoder',
                    target_means=[0.0, 0.0, 0.0, 0.0],
                    target_stds=[0.05, 0.05, 0.1, 0.1]),
                reg_class_agnostic=True,
                reg_decoded_bbox=True,
                norm_cfg=dict(type='SyncBN', requires_grad=True),
                loss_cls=dict(
                    type='CrossEntropyLoss',
                    use_sigmoid=False,
                    loss_weight=1.0),
                loss_bbox=dict(type='GIoULoss', loss_weight=10.0)),
            dict(
                type='ConvFCBBoxHead',
                num_shared_convs=4,
                num_shared_fcs=1,
                in_channels=256,
                conv_out_channels=256,
                fc_out_channels=1024,
                roi_feat_size=7,
                num_classes=1,
                bbox_coder=dict(
                    type='DeltaXYWHBBoxCoder',
                    target_means=[0.0, 0.0, 0.0, 0.0],
                    target_stds=[0.033, 0.033, 0.067, 0.067]),
                reg_class_agnostic=True,
                reg_decoded_bbox=True,
                norm_cfg=dict(type='SyncBN', requires_grad=True),
                loss_cls=dict(
                    type='CrossEntropyLoss',
                    use_sigmoid=False,
                    loss_weight=1.0),
                loss_bbox=dict(type='GIoULoss', loss_weight=10.0))
        ],
        mask_roi_extractor=dict(
            type='SingleRoIExtractor',
            roi_layer=dict(type='RoIAlign', output_size=14, sampling_ratio=0),
            out_channels=256,
            featmap_strides=[4, 8, 16, 32]),
        mask_head=[
            dict(
                type='HTCMaskHead',
                with_conv_res=False,
                num_convs=4,
                in_channels=256,
                conv_out_channels=256,
                num_classes=1,
                loss_mask=dict(
                    type='CrossEntropyLoss', use_mask=True, loss_weight=1.0)),
            dict(
                type='HTCMaskHead',
                num_convs=4,
                in_channels=256,
                conv_out_channels=256,
                num_classes=1,
                loss_mask=dict(
                    type='CrossEntropyLoss', use_mask=True, loss_weight=1.0)),
            dict(
                type='HTCMaskHead',
                num_convs=4,
                in_channels=256,
                conv_out_channels=256,
                num_classes=1,
                loss_mask=dict(
                    type='CrossEntropyLoss', use_mask=True, loss_weight=1.0))
        ]),
    train_cfg=dict(
        rpn=dict(
            assigner=dict(
                type='MaxIoUAssigner',
                pos_iou_thr=0.7,
                neg_iou_thr=0.3,
                min_pos_iou=0.3,
                ignore_iof_thr=-1),
            sampler=dict(
                type='RandomSampler',
                num=256,
                pos_fraction=0.5,
                neg_pos_ub=-1,
                add_gt_as_proposals=False),
            allowed_border=0,
            pos_weight=-1,
            debug=False),
        rpn_proposal=dict(
            nms_pre=2000,
            max_per_img=2000,
            nms=dict(type='nms', iou_threshold=0.7),
            min_bbox_size=0),
        rcnn=[
            dict(
                assigner=dict(
                    type='MaxIoUAssigner',
                    pos_iou_thr=0.5,
                    neg_iou_thr=0.5,
                    min_pos_iou=0.5,
                    ignore_iof_thr=-1),
                sampler=dict(
                    type='RandomSampler',
                    num=512,
                    pos_fraction=0.25,
                    neg_pos_ub=-1,
                    add_gt_as_proposals=True),
                mask_size=28,
                pos_weight=-1,
                debug=False),
            dict(
                assigner=dict(
                    type='MaxIoUAssigner',
                    pos_iou_thr=0.6,
                    neg_iou_thr=0.6,
                    min_pos_iou=0.6,
                    ignore_iof_thr=-1),
                sampler=dict(
                    type='RandomSampler',
                    num=512,
                    pos_fraction=0.25,
                    neg_pos_ub=-1,
                    add_gt_as_proposals=True),
                mask_size=28,
                pos_weight=-1,
                debug=False),
            dict(
                assigner=dict(
                    type='MaxIoUAssigner',
                    pos_iou_thr=0.7,
                    neg_iou_thr=0.7,
                    min_pos_iou=0.7,
                    ignore_iof_thr=-1),
                sampler=dict(
                    type='RandomSampler',
                    num=512,
                    pos_fraction=0.25,
                    neg_pos_ub=-1,
                    add_gt_as_proposals=True),
                mask_size=28,
                pos_weight=-1,
                debug=False)
        ]),
    test_cfg=dict(
        rpn=dict(
            nms_pre=1000,
            max_per_img=1000,
            nms=dict(type='nms', iou_threshold=0.7),
            min_bbox_size=0),
        rcnn=dict(
            score_thr=0.001,
            nms=dict(type='nms', iou_threshold=0.5),
            max_per_img=100,
            mask_thr_binary=0.5)))
data_root = ''
metainfo = dict(classes=('blood_vessel', ), palette=[(220, 20, 60)])
img_norm_cfg = dict(
    mean=[123.675, 116.28, 103.53], std=[58.395, 57.12, 57.375], to_rgb=True)
albu_train_transforms = [
    dict(
        type='ShiftScaleRotate',
        shift_limit=0.0625,
        scale_limit=0.15,
        rotate_limit=15,
        p=0.4),
    dict(type='RandomRotate90', p=0.4)
]
img_size = 1600
train_pipeline = [
    dict(type='LoadImageFromFile'),
    dict(type='LoadAnnotations', with_bbox=True, with_mask=True),
    dict(type='Resize', img_scale=[(1600, 1600)], keep_ratio=True),
    dict(
        type='RandomFlip',
        direction=['horizontal', 'vertical'],
        flip_ratio=0.5),
    dict(
        type='AutoAugment',
        policies=[[{
            'type': 'Shear',
            'prob': 0.4,
            'level': 0
        }], [{
            'type': 'Translate',
            'prob': 0.4,
            'level': 5
        }],
                  [{
                      'type': 'MinIoURandomCrop',
                      'min_ious': (0.4, 0.5, 0.6, 0.7, 0.8, 0.9),
                      'min_crop_size': 0.3
                  }],
                  [{
                      'type':
                      'CutOut',
                      'n_holes': (5, 10),
                      'cutout_shape': [(4, 4), (4, 8), (8, 4), (8, 8),
                                       (16, 32), (32, 16), (32, 32), (32, 48),
                                       (48, 32), (48, 48)]
                  }], [{
                      'type': 'BrightnessTransform',
                      'prob': 0.6,
                      'level': 4
                  }],
                  [{
                      'type': 'ColorTransform',
                      'prob': 1.0,
                      'level': 6
                  }, {
                      'type': 'EqualizeTransform'
                  }]]),
    dict(
        type='Albu',
        transforms=[
            dict(
                type='ShiftScaleRotate',
                shift_limit=0.0625,
                scale_limit=0.15,
                rotate_limit=15,
                p=0.4),
            dict(type='RandomRotate90', p=0.4)
        ],
        bbox_params=dict(
            type='BboxParams',
            format='pascal_voc',
            label_fields=['gt_labels'],
            min_visibility=0.0,
            filter_lost_elements=True),
        keymap=dict(img='image', gt_bboxes='bboxes', gt_masks='masks'),
        update_pad_shape=False,
        skip_img_without_anno=True),
    dict(
        type='Normalize',
        mean=[123.675, 116.28, 103.53],
        std=[58.395, 57.12, 57.375],
        to_rgb=True),
    dict(type='Pad', size_divisor=32),
    dict(type='DefaultFormatBundle'),
    dict(type='Collect', keys=['img', 'gt_bboxes', 'gt_labels', 'gt_masks'])
]
test_pipeline = [
    dict(type='LoadImageFromFile'),
    dict(
        type='MultiScaleFlipAug',
        img_scale=[(1600, 1600)],
        flip=True,
        flip_direction=['horizontal', 'vertical'],
        transforms=[
            dict(type='Resize', keep_ratio=True),
            dict(type='RandomFlip'),
            dict(
                type='Normalize',
                mean=[123.675, 116.28, 103.53],
                std=[58.395, 57.12, 57.375],
                to_rgb=True),
            dict(type='Pad', size_divisor=32),
            dict(type='ImageToTensor', keys=['img']),
            dict(type='Collect', keys=['img'])
        ])
]
data = dict(
    samples_per_gpu=2,
    workers_per_gpu=6,
    pin_memory=True,
    drop_last=False,
    train=dict(
        type='CocoDataset',
        classes=('blood_vessels', ),
        ann_file='/home/nischay/hubmap/coco/ds1_coco_1024_train_all_fold5.json',
        img_prefix='/home/nischay/hubmap/Data/train/',
        pipeline=[
            dict(type='LoadImageFromFile'),
            dict(type='LoadAnnotations', with_bbox=True, with_mask=True),
            dict(type='Resize', img_scale=[(1600, 1600)], keep_ratio=True),
            dict(
                type='RandomFlip',
                direction=['horizontal', 'vertical'],
                flip_ratio=0.5),
            dict(
                type='AutoAugment',
                policies=[[{
                    'type': 'Shear',
                    'prob': 0.4,
                    'level': 0
                }], [{
                    'type': 'Translate',
                    'prob': 0.4,
                    'level': 5
                }],
                          [{
                              'type': 'MinIoURandomCrop',
                              'min_ious': (0.4, 0.5, 0.6, 0.7, 0.8, 0.9),
                              'min_crop_size': 0.3
                          }],
                          [{
                              'type':
                              'CutOut',
                              'n_holes': (5, 10),
                              'cutout_shape': [(4, 4), (4, 8), (8, 4), (8, 8),
                                               (16, 32), (32, 16), (32, 32),
                                               (32, 48), (48, 32), (48, 48),
                                               (48, 72), (72, 48), (72, 72)]
                          }],
                          [{
                              'type': 'BrightnessTransform',
                              'prob': 0.5,
                              'level': 4
                          }],
                          [{
                              'type': 'ColorTransform',
                              'prob': 1.0,
                              'level': 6
                          }, {
                              'type': 'EqualizeTransform'
                          }]]),
            dict(
                type='Albu',
                transforms=[
                    dict(
                        type='ShiftScaleRotate',
                        shift_limit=0.0625,
                        scale_limit=0.15,
                        rotate_limit=15,
                        p=0.4),
                    dict(type='RandomRotate90', p=0.4)
                ],
                bbox_params=dict(
                    type='BboxParams',
                    format='pascal_voc',
                    label_fields=['gt_labels'],
                    min_visibility=0.0,
                    filter_lost_elements=True),
                keymap=dict(img='image', gt_bboxes='bboxes', gt_masks='masks'),
                update_pad_shape=False,
                skip_img_without_anno=True),
            dict(
                type='Normalize',
                mean=[123.675, 116.28, 103.53],
                std=[58.395, 57.12, 57.375],
                to_rgb=True),
            dict(type='Pad', size_divisor=32),
            dict(type='DefaultFormatBundle'),
            dict(
                type='Collect',
                keys=['img', 'gt_bboxes', 'gt_labels', 'gt_masks'])
        ]),
    val=dict(
        type='CocoDataset',
        classes=('blood_vessels', ),
        ann_file='/home/nischay/hubmap/coco/ds1_coco_1024_valid_all_fold5.json',
        img_prefix='/home/nischay/hubmap/Data/train/',
        pipeline=[
            dict(type='LoadImageFromFile'),
            dict(
                type='MultiScaleFlipAug',
                img_scale=[(1600, 1600)],
                flip=True,
                flip_direction=['horizontal', 'vertical'],
                transforms=[
                    dict(type='Resize', keep_ratio=True),
                    dict(type='RandomFlip'),
                    dict(
                        type='Normalize',
                        mean=[123.675, 116.28, 103.53],
                        std=[58.395, 57.12, 57.375],
                        to_rgb=True),
                    dict(type='Pad', size_divisor=32),
                    dict(type='ImageToTensor', keys=['img']),
                    dict(type='Collect', keys=['img'])
                ])
        ]),
    test=dict(
        type='CocoDataset',
        classes=('blood_vessels', ),
        ann_file=
        '/home/nischay/hubmap/coco/ds12_coco_1024_valid_all_fold5.json',
        img_prefix='/home/nischay/hubmap/Data/train/',
        pipeline=[
            dict(type='LoadImageFromFile'),
            dict(
                type='MultiScaleFlipAug',
                img_scale=[(1600, 1600)],
                flip=True,
                flip_direction=['horizontal', 'vertical'],
                transforms=[
                    dict(type='Resize', keep_ratio=True),
                    dict(type='RandomFlip'),
                    dict(
                        type='Normalize',
                        mean=[123.675, 116.28, 103.53],
                        std=[58.395, 57.12, 57.375],
                        to_rgb=True),
                    dict(type='Pad', size_divisor=32),
                    dict(type='ImageToTensor', keys=['img']),
                    dict(type='Collect', keys=['img'])
                ])
        ]))
optimizer = dict(type='SGD', lr=0.01, momentum=0.9, weight_decay=0.0001)
optimizer_config = dict(grad_clip=dict(max_norm=35, norm_type=2))
lr_config = dict(
    policy='CosineAnnealing',
    by_epoch=False,
    warmup='linear',
    warmup_iters=250,
    warmup_ratio=0.001,
    min_lr=1e-08)
evaluation = dict(interval=1, metric=['segm'], save_best='segm_mAP')
runner = dict(type='EpochBasedRunner', max_epochs=22)
checkpoint_config = dict(interval=-1, filename_tmpl='detectors_epoch_{}.pth')
log_config = dict(interval=20, hooks=[dict(type='TextLoggerHook')])
fp16 = dict(loss_scale=dict(init_scale=512))
gpu_ids = range(0, 3)
seed = 69
dist_params = dict(backend='nccl')
log_level = 'INFO'
load_from = '/home/nischay/hubmap/try_mm/mmdetection/cbnet/work_dirs/hubmap/pretexp1_cbnetbase_1600_10e/detectors_epoch_10.pth'
work_dir = './work_dirs/hubmap/exp1_withpret_cbbase_1600_morepretep/fold5'
workflow = [('train', 1)]
auto_resume = False
resume_from = None
launcher = 'none'

2023-07-14 16:31:24,313 - mmdet - INFO - Set random seed to 69, deterministic: False
2023-07-14 16:31:28,086 - mmdet - INFO - Automatic scaling of learning rate (LR) has been disabled.
2023-07-14 16:31:28,127 - mmdet - INFO - load checkpoint from local path: /home/nischay/hubmap/try_mm/mmdetection/cbnet/work_dirs/hubmap/pretexp1_cbnetbase_1600_10e/detectors_epoch_10.pth
2023-07-14 16:31:28,903 - mmdet - INFO - Start running, host: root@mr-0xm20, work_dir: /home/nischay/hubmap/try_mm/mmdetection/cbnet/work_dirs/hubmap/exp1_withpret_cbbase_1600_morepretep/fold5
2023-07-14 16:31:28,903 - mmdet - INFO - Hooks will be executed in the following order:
before_run:
(VERY_HIGH   ) CosineAnnealingLrUpdaterHook       
(ABOVE_NORMAL) Fp16OptimizerHook                  
(NORMAL      ) CheckpointHook                     
(LOW         ) DistEvalHook                       
(VERY_LOW    ) TextLoggerHook                     
 -------------------- 
before_train_epoch:
(VERY_HIGH   ) CosineAnnealingLrUpdaterHook       
(NORMAL      ) DistSamplerSeedHook                
(LOW         ) IterTimerHook                      
(LOW         ) DistEvalHook                       
(VERY_LOW    ) TextLoggerHook                     
 -------------------- 
before_train_iter:
(VERY_HIGH   ) CosineAnnealingLrUpdaterHook       
(LOW         ) IterTimerHook                      
(LOW         ) DistEvalHook                       
 -------------------- 
after_train_iter:
(ABOVE_NORMAL) Fp16OptimizerHook                  
(NORMAL      ) CheckpointHook                     
(LOW         ) IterTimerHook                      
(LOW         ) DistEvalHook                       
(VERY_LOW    ) TextLoggerHook                     
 -------------------- 
after_train_epoch:
(NORMAL      ) CheckpointHook                     
(LOW         ) DistEvalHook                       
(VERY_LOW    ) TextLoggerHook                     
 -------------------- 
before_val_epoch:
(NORMAL      ) DistSamplerSeedHook                
(LOW         ) IterTimerHook                      
(VERY_LOW    ) TextLoggerHook                     
 -------------------- 
before_val_iter:
(LOW         ) IterTimerHook                      
 -------------------- 
after_val_iter:
(LOW         ) IterTimerHook                      
 -------------------- 
after_val_epoch:
(VERY_LOW    ) TextLoggerHook                     
 -------------------- 
after_run:
(VERY_LOW    ) TextLoggerHook                     
 -------------------- 
2023-07-14 16:31:28,903 - mmdet - INFO - workflow: [('train', 1)], max: 22 epochs
2023-07-14 16:31:28,906 - mmdet - INFO - Checkpoints will be saved to /home/nischay/hubmap/try_mm/mmdetection/cbnet/work_dirs/hubmap/exp1_withpret_cbbase_1600_morepretep/fold5 by HardDiskBackend.
2023-07-14 16:32:07,703 - mmdet - INFO - Epoch [1][20/56]	lr: 7.688e-04, eta: 0:39:10, time: 1.940, data_time: 0.216, memory: 40952, loss_rpn_cls0_w0.5: 0.0273, loss_rpn_bbox0_w0.5: 0.0181, loss_rpn_cls1: 0.0535, loss_rpn_bbox1: 0.0335, s0.loss_cls0_w0.5: 0.1301, s0.acc0: 44.6444, s0.loss_bbox0_w0.5: 0.2096, s0.loss_mask0_w0.5: 0.1620, s1.loss_cls0_w0.5: 0.0684, s1.acc0: 44.3088, s1.loss_bbox0_w0.5: 0.0842, s1.loss_mask0_w0.5: 0.0750, s2.loss_cls0_w0.5: 0.0302, s2.acc0: 44.6425, s2.loss_bbox0_w0.5: 0.0248, s2.loss_mask0_w0.5: 0.0353, s0.loss_cls1: 0.2551, s0.acc1: 89.5394, s0.loss_bbox1: 0.4021, s0.loss_mask1: 0.3142, s1.loss_cls1: 0.1358, s1.acc1: 88.6072, s1.loss_bbox1: 0.1660, s1.loss_mask1: 0.1472, s2.loss_cls1: 0.0608, s2.acc1: 89.3588, s2.loss_bbox1: 0.0506, s2.loss_mask1: 0.0687, loss: 2.5523, grad_norm: 3.8341
2023-07-14 16:32:41,953 - mmdet - INFO - Epoch [1][40/56]	lr: 1.565e-03, eta: 0:36:16, time: 1.713, data_time: 0.052, memory: 40964, loss_rpn_cls0_w0.5: 0.0216, loss_rpn_bbox0_w0.5: 0.0165, loss_rpn_cls1: 0.0388, loss_rpn_bbox1: 0.0303, s0.loss_cls0_w0.5: 0.1145, s0.acc0: 45.3239, s0.loss_bbox0_w0.5: 0.1982, s0.loss_mask0_w0.5: 0.1465, s1.loss_cls0_w0.5: 0.0587, s1.acc0: 45.1518, s1.loss_bbox0_w0.5: 0.0851, s1.loss_mask0_w0.5: 0.0696, s2.loss_cls0_w0.5: 0.0276, s2.acc0: 45.2377, s2.loss_bbox0_w0.5: 0.0264, s2.loss_mask0_w0.5: 0.0326, s0.loss_cls1: 0.2235, s0.acc1: 91.0303, s0.loss_bbox1: 0.3808, s0.loss_mask1: 0.2799, s1.loss_cls1: 0.1170, s1.acc1: 90.3731, s1.loss_bbox1: 0.1658, s1.loss_mask1: 0.1356, s2.loss_cls1: 0.0554, s2.acc1: 90.2581, s2.loss_bbox1: 0.0521, s2.loss_mask1: 0.0629, loss: 2.3393, grad_norm: 2.9783
2023-07-14 16:33:30,949 - mmdet - INFO - Evaluating segm...
2023-07-14 16:33:31,978 - mmdet - INFO - 
 Average Precision  (AP) @[ IoU=0.50:0.95 | area=   all | maxDets=100 ] = 0.355
 Average Precision  (AP) @[ IoU=0.50      | area=   all | maxDets=1000 ] = 0.677
 Average Precision  (AP) @[ IoU=0.75      | area=   all | maxDets=1000 ] = 0.329
 Average Precision  (AP) @[ IoU=0.50:0.95 | area= small | maxDets=1000 ] = 0.233
 Average Precision  (AP) @[ IoU=0.50:0.95 | area=medium | maxDets=1000 ] = 0.453
 Average Precision  (AP) @[ IoU=0.50:0.95 | area= large | maxDets=1000 ] = 0.624
 Average Recall     (AR) @[ IoU=0.50:0.95 | area=   all | maxDets=100 ] = 0.543
 Average Recall     (AR) @[ IoU=0.50:0.95 | area=   all | maxDets=300 ] = 0.543
 Average Recall     (AR) @[ IoU=0.50:0.95 | area=   all | maxDets=1000 ] = 0.543
 Average Recall     (AR) @[ IoU=0.50:0.95 | area= small | maxDets=1000 ] = 0.453
 Average Recall     (AR) @[ IoU=0.50:0.95 | area=medium | maxDets=1000 ] = 0.616
 Average Recall     (AR) @[ IoU=0.50:0.95 | area= large | maxDets=1000 ] = 0.752

2023-07-14 16:33:34,303 - mmdet - INFO - Now best checkpoint is saved as best_segm_mAP_epoch_1.pth.
2023-07-14 16:33:34,303 - mmdet - INFO - Best segm_mAP is 0.3549 at 1 epoch.
2023-07-14 16:33:34,303 - mmdet - INFO - Exp name: exp1_cbnet_swinb2.py
2023-07-14 16:33:34,303 - mmdet - INFO - Epoch(val) [1][28]	segm_mAP: 0.3549, segm_mAP_50: 0.6774, segm_mAP_75: 0.3293, segm_mAP_s: 0.2329, segm_mAP_m: 0.4529, segm_mAP_l: 0.6240, segm_mAP_copypaste: 0.3549 0.6774 0.3293 0.2329 0.4529 0.6240
2023-07-14 16:34:11,966 - mmdet - INFO - Epoch [2][20/56]	lr: 2.980e-03, eta: 0:28:03, time: 1.883, data_time: 0.180, memory: 40978, loss_rpn_cls0_w0.5: 0.0170, loss_rpn_bbox0_w0.5: 0.0164, loss_rpn_cls1: 0.0298, loss_rpn_bbox1: 0.0288, s0.loss_cls0_w0.5: 0.1106, s0.acc0: 45.4395, s0.loss_bbox0_w0.5: 0.1967, s0.loss_mask0_w0.5: 0.1417, s1.loss_cls0_w0.5: 0.0563, s1.acc0: 45.2975, s1.loss_bbox0_w0.5: 0.0867, s1.loss_mask0_w0.5: 0.0676, s2.loss_cls0_w0.5: 0.0270, s2.acc0: 45.1957, s2.loss_bbox0_w0.5: 0.0278, s2.loss_mask0_w0.5: 0.0322, s0.loss_cls1: 0.2113, s0.acc1: 91.2760, s0.loss_bbox1: 0.3718, s0.loss_mask1: 0.2735, s1.loss_cls1: 0.1096, s1.acc1: 90.8341, s1.loss_bbox1: 0.1705, s1.loss_mask1: 0.1309, s2.loss_cls1: 0.0532, s2.acc1: 90.6672, s2.loss_bbox1: 0.0570, s2.loss_mask1: 0.0620, loss: 2.2782, grad_norm: 2.8424
2023-07-14 16:34:46,786 - mmdet - INFO - Epoch [2][40/56]	lr: 3.751e-03, eta: 0:28:41, time: 1.741, data_time: 0.028, memory: 41005, loss_rpn_cls0_w0.5: 0.0156, loss_rpn_bbox0_w0.5: 0.0142, loss_rpn_cls1: 0.0291, loss_rpn_bbox1: 0.0254, s0.loss_cls0_w0.5: 0.1127, s0.acc0: 45.3695, s0.loss_bbox0_w0.5: 0.2011, s0.loss_mask0_w0.5: 0.1404, s1.loss_cls0_w0.5: 0.0568, s1.acc0: 45.2415, s1.loss_bbox0_w0.5: 0.0886, s1.loss_mask0_w0.5: 0.0672, s2.loss_cls0_w0.5: 0.0270, s2.acc0: 45.2136, s2.loss_bbox0_w0.5: 0.0287, s2.loss_mask0_w0.5: 0.0315, s0.loss_cls1: 0.2146, s0.acc1: 91.1214, s0.loss_bbox1: 0.3819, s0.loss_mask1: 0.2672, s1.loss_cls1: 0.1103, s1.acc1: 90.7064, s1.loss_bbox1: 0.1730, s1.loss_mask1: 0.1291, s2.loss_cls1: 0.0530, s2.acc1: 90.6828, s2.loss_bbox1: 0.0563, s2.loss_mask1: 0.0604, loss: 2.2841, grad_norm: 2.7375
2023-07-14 16:35:36,368 - mmdet - INFO - Evaluating segm...
2023-07-14 16:35:37,509 - mmdet - INFO - 
 Average Precision  (AP) @[ IoU=0.50:0.95 | area=   all | maxDets=100 ] = 0.374
 Average Precision  (AP) @[ IoU=0.50      | area=   all | maxDets=1000 ] = 0.728
 Average Precision  (AP) @[ IoU=0.75      | area=   all | maxDets=1000 ] = 0.338
 Average Precision  (AP) @[ IoU=0.50:0.95 | area= small | maxDets=1000 ] = 0.268
 Average Precision  (AP) @[ IoU=0.50:0.95 | area=medium | maxDets=1000 ] = 0.459
 Average Precision  (AP) @[ IoU=0.50:0.95 | area= large | maxDets=1000 ] = 0.641
 Average Recall     (AR) @[ IoU=0.50:0.95 | area=   all | maxDets=100 ] = 0.558
 Average Recall     (AR) @[ IoU=0.50:0.95 | area=   all | maxDets=300 ] = 0.558
 Average Recall     (AR) @[ IoU=0.50:0.95 | area=   all | maxDets=1000 ] = 0.558
 Average Recall     (AR) @[ IoU=0.50:0.95 | area= small | maxDets=1000 ] = 0.475
 Average Recall     (AR) @[ IoU=0.50:0.95 | area=medium | maxDets=1000 ] = 0.628
 Average Recall     (AR) @[ IoU=0.50:0.95 | area= large | maxDets=1000 ] = 0.734

2023-07-14 16:35:37,633 - mmdet - INFO - The previous best checkpoint /home/nischay/hubmap/try_mm/mmdetection/cbnet/work_dirs/hubmap/exp1_withpret_cbbase_1600_morepretep/fold5/best_segm_mAP_epoch_1.pth was removed
2023-07-14 16:35:39,964 - mmdet - INFO - Now best checkpoint is saved as best_segm_mAP_epoch_2.pth.
2023-07-14 16:35:39,964 - mmdet - INFO - Best segm_mAP is 0.3742 at 2 epoch.
2023-07-14 16:35:39,964 - mmdet - INFO - Exp name: exp1_cbnet_swinb2.py
2023-07-14 16:35:39,964 - mmdet - INFO - Epoch(val) [2][28]	segm_mAP: 0.3742, segm_mAP_50: 0.7281, segm_mAP_75: 0.3385, segm_mAP_s: 0.2679, segm_mAP_m: 0.4589, segm_mAP_l: 0.6414, segm_mAP_copypaste: 0.3742 0.7281 0.3385 0.2679 0.4589 0.6414
2023-07-14 16:36:17,610 - mmdet - INFO - Epoch [3][20/56]	lr: 5.100e-03, eta: 0:25:26, time: 1.881, data_time: 0.177, memory: 41005, loss_rpn_cls0_w0.5: 0.0167, loss_rpn_bbox0_w0.5: 0.0153, loss_rpn_cls1: 0.0294, loss_rpn_bbox1: 0.0267, s0.loss_cls0_w0.5: 0.1069, s0.acc0: 45.4826, s0.loss_bbox0_w0.5: 0.1962, s0.loss_mask0_w0.5: 0.1386, s1.loss_cls0_w0.5: 0.0554, s1.acc0: 45.2790, s1.loss_bbox0_w0.5: 0.0867, s1.loss_mask0_w0.5: 0.0662, s2.loss_cls0_w0.5: 0.0268, s2.acc0: 45.3695, s2.loss_bbox0_w0.5: 0.0279, s2.loss_mask0_w0.5: 0.0317, s0.loss_cls1: 0.2016, s0.acc1: 91.6960, s0.loss_bbox1: 0.3742, s0.loss_mask1: 0.2653, s1.loss_cls1: 0.1067, s1.acc1: 90.8127, s1.loss_bbox1: 0.1687, s1.loss_mask1: 0.1286, s2.loss_cls1: 0.0523, s2.acc1: 90.7812, s2.loss_bbox1: 0.0566, s2.loss_mask1: 0.0623, loss: 2.2408, grad_norm: 2.5086
2023-07-14 16:36:53,273 - mmdet - INFO - Epoch [3][40/56]	lr: 5.823e-03, eta: 0:25:54, time: 1.783, data_time: 0.044, memory: 41005, loss_rpn_cls0_w0.5: 0.0166, loss_rpn_bbox0_w0.5: 0.0143, loss_rpn_cls1: 0.0286, loss_rpn_bbox1: 0.0258, s0.loss_cls0_w0.5: 0.1080, s0.acc0: 45.5143, s0.loss_bbox0_w0.5: 0.1968, s0.loss_mask0_w0.5: 0.1399, s1.loss_cls0_w0.5: 0.0549, s1.acc0: 45.3213, s1.loss_bbox0_w0.5: 0.0867, s1.loss_mask0_w0.5: 0.0662, s2.loss_cls0_w0.5: 0.0267, s2.acc0: 45.2985, s2.loss_bbox0_w0.5: 0.0291, s2.loss_mask0_w0.5: 0.0312, s0.loss_cls1: 0.2008, s0.acc1: 91.6178, s0.loss_bbox1: 0.3736, s0.loss_mask1: 0.2684, s1.loss_cls1: 0.1039, s1.acc1: 91.1317, s1.loss_bbox1: 0.1682, s1.loss_mask1: 0.1274, s2.loss_cls1: 0.0519, s2.acc1: 90.7487, s2.loss_bbox1: 0.0569, s2.loss_mask1: 0.0599, loss: 2.2358, grad_norm: 2.5867
2023-07-14 16:37:42,564 - mmdet - INFO - Evaluating segm...
2023-07-14 16:37:43,700 - mmdet - INFO - 
 Average Precision  (AP) @[ IoU=0.50:0.95 | area=   all | maxDets=100 ] = 0.390
 Average Precision  (AP) @[ IoU=0.50      | area=   all | maxDets=1000 ] = 0.744
 Average Precision  (AP) @[ IoU=0.75      | area=   all | maxDets=1000 ] = 0.367
 Average Precision  (AP) @[ IoU=0.50:0.95 | area= small | maxDets=1000 ] = 0.284
 Average Precision  (AP) @[ IoU=0.50:0.95 | area=medium | maxDets=1000 ] = 0.471
 Average Precision  (AP) @[ IoU=0.50:0.95 | area= large | maxDets=1000 ] = 0.670
 Average Recall     (AR) @[ IoU=0.50:0.95 | area=   all | maxDets=100 ] = 0.565
 Average Recall     (AR) @[ IoU=0.50:0.95 | area=   all | maxDets=300 ] = 0.565
 Average Recall     (AR) @[ IoU=0.50:0.95 | area=   all | maxDets=1000 ] = 0.565
 Average Recall     (AR) @[ IoU=0.50:0.95 | area= small | maxDets=1000 ] = 0.480
 Average Recall     (AR) @[ IoU=0.50:0.95 | area=medium | maxDets=1000 ] = 0.635
 Average Recall     (AR) @[ IoU=0.50:0.95 | area= large | maxDets=1000 ] = 0.752

2023-07-14 16:37:43,825 - mmdet - INFO - The previous best checkpoint /home/nischay/hubmap/try_mm/mmdetection/cbnet/work_dirs/hubmap/exp1_withpret_cbbase_1600_morepretep/fold5/best_segm_mAP_epoch_2.pth was removed
2023-07-14 16:37:46,103 - mmdet - INFO - Now best checkpoint is saved as best_segm_mAP_epoch_3.pth.
2023-07-14 16:37:46,104 - mmdet - INFO - Best segm_mAP is 0.3896 at 3 epoch.
2023-07-14 16:37:46,104 - mmdet - INFO - Exp name: exp1_cbnet_swinb2.py
2023-07-14 16:37:46,104 - mmdet - INFO - Epoch(val) [3][28]	segm_mAP: 0.3896, segm_mAP_50: 0.7437, segm_mAP_75: 0.3670, segm_mAP_s: 0.2840, segm_mAP_m: 0.4712, segm_mAP_l: 0.6697, segm_mAP_copypaste: 0.3896 0.7437 0.3670 0.2840 0.4712 0.6697
2023-07-14 16:38:24,098 - mmdet - INFO - Epoch [4][20/56]	lr: 7.065e-03, eta: 0:23:46, time: 1.899, data_time: 0.192, memory: 41005, loss_rpn_cls0_w0.5: 0.0168, loss_rpn_bbox0_w0.5: 0.0153, loss_rpn_cls1: 0.0277, loss_rpn_bbox1: 0.0270, s0.loss_cls0_w0.5: 0.1093, s0.acc0: 45.4354, s0.loss_bbox0_w0.5: 0.2045, s0.loss_mask0_w0.5: 0.1371, s1.loss_cls0_w0.5: 0.0554, s1.acc0: 45.2672, s1.loss_bbox0_w0.5: 0.0908, s1.loss_mask0_w0.5: 0.0652, s2.loss_cls0_w0.5: 0.0268, s2.acc0: 45.4379, s2.loss_bbox0_w0.5: 0.0311, s2.loss_mask0_w0.5: 0.0310, s0.loss_cls1: 0.2074, s0.acc1: 91.3184, s0.loss_bbox1: 0.3908, s0.loss_mask1: 0.2617, s1.loss_cls1: 0.1069, s1.acc1: 90.9978, s1.loss_bbox1: 0.1802, s1.loss_mask1: 0.1275, s2.loss_cls1: 0.0526, s2.acc1: 90.9334, s2.loss_bbox1: 0.0635, s2.loss_mask1: 0.0604, loss: 2.2890, grad_norm: 2.8201
2023-07-14 16:38:59,586 - mmdet - INFO - Epoch [4][40/56]	lr: 7.718e-03, eta: 0:23:58, time: 1.774, data_time: 0.053, memory: 41005, loss_rpn_cls0_w0.5: 0.0152, loss_rpn_bbox0_w0.5: 0.0160, loss_rpn_cls1: 0.0253, loss_rpn_bbox1: 0.0285, s0.loss_cls0_w0.5: 0.1070, s0.acc0: 45.5754, s0.loss_bbox0_w0.5: 0.1994, s0.loss_mask0_w0.5: 0.1330, s1.loss_cls0_w0.5: 0.0533, s1.acc0: 45.4536, s1.loss_bbox0_w0.5: 0.0906, s1.loss_mask0_w0.5: 0.0644, s2.loss_cls0_w0.5: 0.0265, s2.acc0: 45.5081, s2.loss_bbox0_w0.5: 0.0304, s2.loss_mask0_w0.5: 0.0309, s0.loss_cls1: 0.2016, s0.acc1: 91.7415, s0.loss_bbox1: 0.3788, s0.loss_mask1: 0.2583, s1.loss_cls1: 0.1031, s1.acc1: 91.4064, s1.loss_bbox1: 0.1754, s1.loss_mask1: 0.1256, s2.loss_cls1: 0.0525, s2.acc1: 90.9653, s2.loss_bbox1: 0.0601, s2.loss_mask1: 0.0602, loss: 2.2363, grad_norm: 2.5189
2023-07-14 16:39:49,139 - mmdet - INFO - Evaluating segm...
2023-07-14 16:39:50,263 - mmdet - INFO - 
 Average Precision  (AP) @[ IoU=0.50:0.95 | area=   all | maxDets=100 ] = 0.399
 Average Precision  (AP) @[ IoU=0.50      | area=   all | maxDets=1000 ] = 0.759
 Average Precision  (AP) @[ IoU=0.75      | area=   all | maxDets=1000 ] = 0.377
 Average Precision  (AP) @[ IoU=0.50:0.95 | area= small | maxDets=1000 ] = 0.302
 Average Precision  (AP) @[ IoU=0.50:0.95 | area=medium | maxDets=1000 ] = 0.474
 Average Precision  (AP) @[ IoU=0.50:0.95 | area= large | maxDets=1000 ] = 0.692
 Average Recall     (AR) @[ IoU=0.50:0.95 | area=   all | maxDets=100 ] = 0.571
 Average Recall     (AR) @[ IoU=0.50:0.95 | area=   all | maxDets=300 ] = 0.571
 Average Recall     (AR) @[ IoU=0.50:0.95 | area=   all | maxDets=1000 ] = 0.571
 Average Recall     (AR) @[ IoU=0.50:0.95 | area= small | maxDets=1000 ] = 0.491
 Average Recall     (AR) @[ IoU=0.50:0.95 | area=medium | maxDets=1000 ] = 0.634
 Average Recall     (AR) @[ IoU=0.50:0.95 | area= large | maxDets=1000 ] = 0.769

2023-07-14 16:39:50,386 - mmdet - INFO - The previous best checkpoint /home/nischay/hubmap/try_mm/mmdetection/cbnet/work_dirs/hubmap/exp1_withpret_cbbase_1600_morepretep/fold5/best_segm_mAP_epoch_3.pth was removed
2023-07-14 16:39:52,733 - mmdet - INFO - Now best checkpoint is saved as best_segm_mAP_epoch_4.pth.
2023-07-14 16:39:52,734 - mmdet - INFO - Best segm_mAP is 0.3989 at 4 epoch.
2023-07-14 16:39:52,734 - mmdet - INFO - Exp name: exp1_cbnet_swinb2.py
2023-07-14 16:39:52,734 - mmdet - INFO - Epoch(val) [4][28]	segm_mAP: 0.3989, segm_mAP_50: 0.7588, segm_mAP_75: 0.3775, segm_mAP_s: 0.3016, segm_mAP_m: 0.4744, segm_mAP_l: 0.6918, segm_mAP_copypaste: 0.3989 0.7588 0.3775 0.3016 0.4744 0.6918
2023-07-14 16:40:31,223 - mmdet - INFO - Epoch [5][20/56]	lr: 8.817e-03, eta: 0:22:19, time: 1.924, data_time: 0.177, memory: 41005, loss_rpn_cls0_w0.5: 0.0162, loss_rpn_bbox0_w0.5: 0.0148, loss_rpn_cls1: 0.0286, loss_rpn_bbox1: 0.0260, s0.loss_cls0_w0.5: 0.1014, s0.acc0: 45.6730, s0.loss_bbox0_w0.5: 0.1968, s0.loss_mask0_w0.5: 0.1382, s1.loss_cls0_w0.5: 0.0517, s1.acc0: 45.5645, s1.loss_bbox0_w0.5: 0.0862, s1.loss_mask0_w0.5: 0.0659, s2.loss_cls0_w0.5: 0.0254, s2.acc0: 45.5316, s2.loss_bbox0_w0.5: 0.0289, s2.loss_mask0_w0.5: 0.0310, s0.loss_cls1: 0.1918, s0.acc1: 91.8050, s0.loss_bbox1: 0.3721, s0.loss_mask1: 0.2609, s1.loss_cls1: 0.0984, s1.acc1: 91.4520, s1.loss_bbox1: 0.1689, s1.loss_mask1: 0.1252, s2.loss_cls1: 0.0491, s2.acc1: 90.9781, s2.loss_bbox1: 0.0577, s2.loss_mask1: 0.0593, loss: 2.1947, grad_norm: 2.6310
2023-07-14 16:41:07,023 - mmdet - INFO - Epoch [5][40/56]	lr: 8.917e-03, eta: 0:22:24, time: 1.790, data_time: 0.068, memory: 41005, loss_rpn_cls0_w0.5: 0.0159, loss_rpn_bbox0_w0.5: 0.0166, loss_rpn_cls1: 0.0273, loss_rpn_bbox1: 0.0290, s0.loss_cls0_w0.5: 0.1068, s0.acc0: 45.3540, s0.loss_bbox0_w0.5: 0.2084, s0.loss_mask0_w0.5: 0.1412, s1.loss_cls0_w0.5: 0.0534, s1.acc0: 45.3449, s1.loss_bbox0_w0.5: 0.0944, s1.loss_mask0_w0.5: 0.0679, s2.loss_cls0_w0.5: 0.0270, s2.acc0: 45.1504, s2.loss_bbox0_w0.5: 0.0313, s2.loss_mask0_w0.5: 0.0320, s0.loss_cls1: 0.2017, s0.acc1: 91.2109, s0.loss_bbox1: 0.3992, s0.loss_mask1: 0.2722, s1.loss_cls1: 0.1034, s1.acc1: 90.9287, s1.loss_bbox1: 0.1853, s1.loss_mask1: 0.1317, s2.loss_cls1: 0.0529, s2.acc1: 90.4220, s2.loss_bbox1: 0.0629, s2.loss_mask1: 0.0620, loss: 2.3226, grad_norm: 2.6671
2023-07-14 16:41:56,874 - mmdet - INFO - Evaluating segm...
2023-07-14 16:41:57,887 - mmdet - INFO - 
 Average Precision  (AP) @[ IoU=0.50:0.95 | area=   all | maxDets=100 ] = 0.409
 Average Precision  (AP) @[ IoU=0.50      | area=   all | maxDets=1000 ] = 0.762
 Average Precision  (AP) @[ IoU=0.75      | area=   all | maxDets=1000 ] = 0.402
 Average Precision  (AP) @[ IoU=0.50:0.95 | area= small | maxDets=1000 ] = 0.303
 Average Precision  (AP) @[ IoU=0.50:0.95 | area=medium | maxDets=1000 ] = 0.485
 Average Precision  (AP) @[ IoU=0.50:0.95 | area= large | maxDets=1000 ] = 0.718
 Average Recall     (AR) @[ IoU=0.50:0.95 | area=   all | maxDets=100 ] = 0.572
 Average Recall     (AR) @[ IoU=0.50:0.95 | area=   all | maxDets=300 ] = 0.572
 Average Recall     (AR) @[ IoU=0.50:0.95 | area=   all | maxDets=1000 ] = 0.572
 Average Recall     (AR) @[ IoU=0.50:0.95 | area= small | maxDets=1000 ] = 0.494
 Average Recall     (AR) @[ IoU=0.50:0.95 | area=medium | maxDets=1000 ] = 0.634
 Average Recall     (AR) @[ IoU=0.50:0.95 | area= large | maxDets=1000 ] = 0.772

2023-07-14 16:41:58,010 - mmdet - INFO - The previous best checkpoint /home/nischay/hubmap/try_mm/mmdetection/cbnet/work_dirs/hubmap/exp1_withpret_cbbase_1600_morepretep/fold5/best_segm_mAP_epoch_4.pth was removed
2023-07-14 16:42:00,388 - mmdet - INFO - Now best checkpoint is saved as best_segm_mAP_epoch_5.pth.
2023-07-14 16:42:00,388 - mmdet - INFO - Best segm_mAP is 0.4085 at 5 epoch.
2023-07-14 16:42:00,388 - mmdet - INFO - Exp name: exp1_cbnet_swinb2.py
2023-07-14 16:42:00,388 - mmdet - INFO - Epoch(val) [5][28]	segm_mAP: 0.4085, segm_mAP_50: 0.7622, segm_mAP_75: 0.4017, segm_mAP_s: 0.3031, segm_mAP_m: 0.4850, segm_mAP_l: 0.7184, segm_mAP_copypaste: 0.4085 0.7622 0.4017 0.3031 0.4850 0.7184
2023-07-14 16:42:38,521 - mmdet - INFO - Epoch [6][20/56]	lr: 8.616e-03, eta: 0:20:57, time: 1.906, data_time: 0.182, memory: 41005, loss_rpn_cls0_w0.5: 0.0128, loss_rpn_bbox0_w0.5: 0.0141, loss_rpn_cls1: 0.0222, loss_rpn_bbox1: 0.0245, s0.loss_cls0_w0.5: 0.1017, s0.acc0: 45.7495, s0.loss_bbox0_w0.5: 0.1945, s0.loss_mask0_w0.5: 0.1345, s1.loss_cls0_w0.5: 0.0515, s1.acc0: 45.5667, s1.loss_bbox0_w0.5: 0.0878, s1.loss_mask0_w0.5: 0.0650, s2.loss_cls0_w0.5: 0.0254, s2.acc0: 45.4503, s2.loss_bbox0_w0.5: 0.0306, s2.loss_mask0_w0.5: 0.0311, s0.loss_cls1: 0.1945, s0.acc1: 91.9841, s0.loss_bbox1: 0.3730, s0.loss_mask1: 0.2611, s1.loss_cls1: 0.0992, s1.acc1: 91.8303, s1.loss_bbox1: 0.1721, s1.loss_mask1: 0.1262, s2.loss_cls1: 0.0498, s2.acc1: 91.3657, s2.loss_bbox1: 0.0609, s2.loss_mask1: 0.0607, loss: 2.1929, grad_norm: 2.5688
2023-07-14 16:43:13,469 - mmdet - INFO - Epoch [6][40/56]	lr: 8.435e-03, eta: 0:20:52, time: 1.747, data_time: 0.050, memory: 41005, loss_rpn_cls0_w0.5: 0.0127, loss_rpn_bbox0_w0.5: 0.0160, loss_rpn_cls1: 0.0228, loss_rpn_bbox1: 0.0275, s0.loss_cls0_w0.5: 0.1016, s0.acc0: 45.6779, s0.loss_bbox0_w0.5: 0.2017, s0.loss_mask0_w0.5: 0.1369, s1.loss_cls0_w0.5: 0.0518, s1.acc0: 45.6020, s1.loss_bbox0_w0.5: 0.0886, s1.loss_mask0_w0.5: 0.0653, s2.loss_cls0_w0.5: 0.0256, s2.acc0: 45.4441, s2.loss_bbox0_w0.5: 0.0298, s2.loss_mask0_w0.5: 0.0314, s0.loss_cls1: 0.1915, s0.acc1: 91.9238, s0.loss_bbox1: 0.3802, s0.loss_mask1: 0.2657, s1.loss_cls1: 0.0993, s1.acc1: 91.2199, s1.loss_bbox1: 0.1693, s1.loss_mask1: 0.1277, s2.loss_cls1: 0.0496, s2.acc1: 91.4773, s2.loss_bbox1: 0.0591, s2.loss_mask1: 0.0614, loss: 2.2154, grad_norm: 2.4906
2023-07-14 16:44:02,662 - mmdet - INFO - Evaluating segm...
2023-07-14 16:44:03,666 - mmdet - INFO - 
 Average Precision  (AP) @[ IoU=0.50:0.95 | area=   all | maxDets=100 ] = 0.420
 Average Precision  (AP) @[ IoU=0.50      | area=   all | maxDets=1000 ] = 0.775
 Average Precision  (AP) @[ IoU=0.75      | area=   all | maxDets=1000 ] = 0.409
 Average Precision  (AP) @[ IoU=0.50:0.95 | area= small | maxDets=1000 ] = 0.308
 Average Precision  (AP) @[ IoU=0.50:0.95 | area=medium | maxDets=1000 ] = 0.503
 Average Precision  (AP) @[ IoU=0.50:0.95 | area= large | maxDets=1000 ] = 0.718
 Average Recall     (AR) @[ IoU=0.50:0.95 | area=   all | maxDets=100 ] = 0.576
 Average Recall     (AR) @[ IoU=0.50:0.95 | area=   all | maxDets=300 ] = 0.576
 Average Recall     (AR) @[ IoU=0.50:0.95 | area=   all | maxDets=1000 ] = 0.576
 Average Recall     (AR) @[ IoU=0.50:0.95 | area= small | maxDets=1000 ] = 0.486
 Average Recall     (AR) @[ IoU=0.50:0.95 | area=medium | maxDets=1000 ] = 0.649
 Average Recall     (AR) @[ IoU=0.50:0.95 | area= large | maxDets=1000 ] = 0.783

2023-07-14 16:44:03,788 - mmdet - INFO - The previous best checkpoint /home/nischay/hubmap/try_mm/mmdetection/cbnet/work_dirs/hubmap/exp1_withpret_cbbase_1600_morepretep/fold5/best_segm_mAP_epoch_5.pth was removed
2023-07-14 16:44:06,232 - mmdet - INFO - Now best checkpoint is saved as best_segm_mAP_epoch_6.pth.
2023-07-14 16:44:06,233 - mmdet - INFO - Best segm_mAP is 0.4202 at 6 epoch.
2023-07-14 16:44:06,233 - mmdet - INFO - Exp name: exp1_cbnet_swinb2.py
2023-07-14 16:44:06,233 - mmdet - INFO - Epoch(val) [6][28]	segm_mAP: 0.4202, segm_mAP_50: 0.7754, segm_mAP_75: 0.4093, segm_mAP_s: 0.3084, segm_mAP_m: 0.5035, segm_mAP_l: 0.7176, segm_mAP_copypaste: 0.4202 0.7754 0.4093 0.3084 0.5035 0.7176
2023-07-14 16:44:44,280 - mmdet - INFO - Epoch [7][20/56]	lr: 8.087e-03, eta: 0:19:35, time: 1.902, data_time: 0.175, memory: 41053, loss_rpn_cls0_w0.5: 0.0135, loss_rpn_bbox0_w0.5: 0.0138, loss_rpn_cls1: 0.0245, loss_rpn_bbox1: 0.0240, s0.loss_cls0_w0.5: 0.0966, s0.acc0: 45.9595, s0.loss_bbox0_w0.5: 0.1898, s0.loss_mask0_w0.5: 0.1270, s1.loss_cls0_w0.5: 0.0493, s1.acc0: 45.7912, s1.loss_bbox0_w0.5: 0.0885, s1.loss_mask0_w0.5: 0.0615, s2.loss_cls0_w0.5: 0.0246, s2.acc0: 45.6485, s2.loss_bbox0_w0.5: 0.0304, s2.loss_mask0_w0.5: 0.0288, s0.loss_cls1: 0.1837, s0.acc1: 92.3047, s0.loss_bbox1: 0.3615, s0.loss_mask1: 0.2450, s1.loss_cls1: 0.0950, s1.acc1: 91.8324, s1.loss_bbox1: 0.1733, s1.loss_mask1: 0.1191, s2.loss_cls1: 0.0485, s2.acc1: 91.2269, s2.loss_bbox1: 0.0610, s2.loss_mask1: 0.0563, loss: 2.1157, grad_norm: 2.5574
2023-07-14 16:45:20,168 - mmdet - INFO - Epoch [7][40/56]	lr: 7.883e-03, eta: 0:19:29, time: 1.794, data_time: 0.056, memory: 41053, loss_rpn_cls0_w0.5: 0.0142, loss_rpn_bbox0_w0.5: 0.0167, loss_rpn_cls1: 0.0222, loss_rpn_bbox1: 0.0285, s0.loss_cls0_w0.5: 0.0983, s0.acc0: 45.9237, s0.loss_bbox0_w0.5: 0.1883, s0.loss_mask0_w0.5: 0.1380, s1.loss_cls0_w0.5: 0.0511, s1.acc0: 45.6629, s1.loss_bbox0_w0.5: 0.0855, s1.loss_mask0_w0.5: 0.0667, s2.loss_cls0_w0.5: 0.0259, s2.acc0: 45.3375, s2.loss_bbox0_w0.5: 0.0280, s2.loss_mask0_w0.5: 0.0321, s0.loss_cls1: 0.1878, s0.acc1: 92.1924, s0.loss_bbox1: 0.3622, s0.loss_mask1: 0.2649, s1.loss_cls1: 0.0981, s1.acc1: 91.5107, s1.loss_bbox1: 0.1685, s1.loss_mask1: 0.1299, s2.loss_cls1: 0.0508, s2.acc1: 90.7946, s2.loss_bbox1: 0.0555, s2.loss_mask1: 0.0621, loss: 2.1754, grad_norm: 2.6969
2023-07-14 16:46:10,175 - mmdet - INFO - Evaluating segm...
2023-07-14 16:46:11,185 - mmdet - INFO - 
 Average Precision  (AP) @[ IoU=0.50:0.95 | area=   all | maxDets=100 ] = 0.420
 Average Precision  (AP) @[ IoU=0.50      | area=   all | maxDets=1000 ] = 0.777
 Average Precision  (AP) @[ IoU=0.75      | area=   all | maxDets=1000 ] = 0.418
 Average Precision  (AP) @[ IoU=0.50:0.95 | area= small | maxDets=1000 ] = 0.317
 Average Precision  (AP) @[ IoU=0.50:0.95 | area=medium | maxDets=1000 ] = 0.497
 Average Precision  (AP) @[ IoU=0.50:0.95 | area= large | maxDets=1000 ] = 0.708
 Average Recall     (AR) @[ IoU=0.50:0.95 | area=   all | maxDets=100 ] = 0.580
 Average Recall     (AR) @[ IoU=0.50:0.95 | area=   all | maxDets=300 ] = 0.580
 Average Recall     (AR) @[ IoU=0.50:0.95 | area=   all | maxDets=1000 ] = 0.580
 Average Recall     (AR) @[ IoU=0.50:0.95 | area= small | maxDets=1000 ] = 0.503
 Average Recall     (AR) @[ IoU=0.50:0.95 | area=medium | maxDets=1000 ] = 0.640
 Average Recall     (AR) @[ IoU=0.50:0.95 | area= large | maxDets=1000 ] = 0.783

2023-07-14 16:46:11,193 - mmdet - INFO - Exp name: exp1_cbnet_swinb2.py
2023-07-14 16:46:11,194 - mmdet - INFO - Epoch(val) [7][28]	segm_mAP: 0.4197, segm_mAP_50: 0.7769, segm_mAP_75: 0.4184, segm_mAP_s: 0.3169, segm_mAP_m: 0.4967, segm_mAP_l: 0.7085, segm_mAP_copypaste: 0.4197 0.7769 0.4184 0.3169 0.4967 0.7085
2023-07-14 16:46:49,339 - mmdet - INFO - Epoch [8][20/56]	lr: 7.496e-03, eta: 0:18:18, time: 1.907, data_time: 0.198, memory: 41053, loss_rpn_cls0_w0.5: 0.0154, loss_rpn_bbox0_w0.5: 0.0154, loss_rpn_cls1: 0.0240, loss_rpn_bbox1: 0.0270, s0.loss_cls0_w0.5: 0.1006, s0.acc0: 45.8317, s0.loss_bbox0_w0.5: 0.1923, s0.loss_mask0_w0.5: 0.1398, s1.loss_cls0_w0.5: 0.0504, s1.acc0: 45.7369, s1.loss_bbox0_w0.5: 0.0867, s1.loss_mask0_w0.5: 0.0665, s2.loss_cls0_w0.5: 0.0250, s2.acc0: 45.6119, s2.loss_bbox0_w0.5: 0.0294, s2.loss_mask0_w0.5: 0.0317, s0.loss_cls1: 0.1901, s0.acc1: 92.2298, s0.loss_bbox1: 0.3669, s0.loss_mask1: 0.2716, s1.loss_cls1: 0.0972, s1.acc1: 92.0172, s1.loss_bbox1: 0.1690, s1.loss_mask1: 0.1307, s2.loss_cls1: 0.0488, s2.acc1: 91.7157, s2.loss_bbox1: 0.0584, s2.loss_mask1: 0.0622, loss: 2.1991, grad_norm: 2.3687
2023-07-14 16:47:25,745 - mmdet - INFO - Epoch [8][40/56]	lr: 7.272e-03, eta: 0:18:09, time: 1.820, data_time: 0.058, memory: 41053, loss_rpn_cls0_w0.5: 0.0126, loss_rpn_bbox0_w0.5: 0.0140, loss_rpn_cls1: 0.0221, loss_rpn_bbox1: 0.0247, s0.loss_cls0_w0.5: 0.0967, s0.acc0: 45.9155, s0.loss_bbox0_w0.5: 0.1928, s0.loss_mask0_w0.5: 0.1310, s1.loss_cls0_w0.5: 0.0499, s1.acc0: 45.8176, s1.loss_bbox0_w0.5: 0.0906, s1.loss_mask0_w0.5: 0.0633, s2.loss_cls0_w0.5: 0.0250, s2.acc0: 45.6020, s2.loss_bbox0_w0.5: 0.0314, s2.loss_mask0_w0.5: 0.0303, s0.loss_cls1: 0.1842, s0.acc1: 92.2591, s0.loss_bbox1: 0.3703, s0.loss_mask1: 0.2531, s1.loss_cls1: 0.0959, s1.acc1: 91.8901, s1.loss_bbox1: 0.1786, s1.loss_mask1: 0.1229, s2.loss_cls1: 0.0489, s2.acc1: 91.4613, s2.loss_bbox1: 0.0628, s2.loss_mask1: 0.0589, loss: 2.1600, grad_norm: 2.5682
2023-07-14 16:48:15,298 - mmdet - INFO - Evaluating segm...
2023-07-14 16:48:16,310 - mmdet - INFO - 
 Average Precision  (AP) @[ IoU=0.50:0.95 | area=   all | maxDets=100 ] = 0.412
 Average Precision  (AP) @[ IoU=0.50      | area=   all | maxDets=1000 ] = 0.770
 Average Precision  (AP) @[ IoU=0.75      | area=   all | maxDets=1000 ] = 0.394
 Average Precision  (AP) @[ IoU=0.50:0.95 | area= small | maxDets=1000 ] = 0.299
 Average Precision  (AP) @[ IoU=0.50:0.95 | area=medium | maxDets=1000 ] = 0.497
 Average Precision  (AP) @[ IoU=0.50:0.95 | area= large | maxDets=1000 ] = 0.674
 Average Recall     (AR) @[ IoU=0.50:0.95 | area=   all | maxDets=100 ] = 0.575
 Average Recall     (AR) @[ IoU=0.50:0.95 | area=   all | maxDets=300 ] = 0.575
 Average Recall     (AR) @[ IoU=0.50:0.95 | area=   all | maxDets=1000 ] = 0.575
 Average Recall     (AR) @[ IoU=0.50:0.95 | area= small | maxDets=1000 ] = 0.489
 Average Recall     (AR) @[ IoU=0.50:0.95 | area=medium | maxDets=1000 ] = 0.646
 Average Recall     (AR) @[ IoU=0.50:0.95 | area= large | maxDets=1000 ] = 0.745

2023-07-14 16:48:16,318 - mmdet - INFO - Exp name: exp1_cbnet_swinb2.py
2023-07-14 16:48:16,318 - mmdet - INFO - Epoch(val) [8][28]	segm_mAP: 0.4117, segm_mAP_50: 0.7699, segm_mAP_75: 0.3936, segm_mAP_s: 0.2986, segm_mAP_m: 0.4972, segm_mAP_l: 0.6743, segm_mAP_copypaste: 0.4117 0.7699 0.3936 0.2986 0.4972 0.6743
2023-07-14 16:48:55,213 - mmdet - INFO - Epoch [9][20/56]	lr: 6.854e-03, eta: 0:17:03, time: 1.944, data_time: 0.203, memory: 41053, loss_rpn_cls0_w0.5: 0.0103, loss_rpn_bbox0_w0.5: 0.0150, loss_rpn_cls1: 0.0180, loss_rpn_bbox1: 0.0262, s0.loss_cls0_w0.5: 0.0998, s0.acc0: 45.8293, s0.loss_bbox0_w0.5: 0.2037, s0.loss_mask0_w0.5: 0.1296, s1.loss_cls0_w0.5: 0.0500, s1.acc0: 45.7253, s1.loss_bbox0_w0.5: 0.0932, s1.loss_mask0_w0.5: 0.0622, s2.loss_cls0_w0.5: 0.0256, s2.acc0: 45.4853, s2.loss_bbox0_w0.5: 0.0324, s2.loss_mask0_w0.5: 0.0298, s0.loss_cls1: 0.1903, s0.acc1: 91.9824, s0.loss_bbox1: 0.3911, s0.loss_mask1: 0.2534, s1.loss_cls1: 0.0962, s1.acc1: 92.0644, s1.loss_bbox1: 0.1837, s1.loss_mask1: 0.1219, s2.loss_cls1: 0.0504, s2.acc1: 91.2696, s2.loss_bbox1: 0.0651, s2.loss_mask1: 0.0586, loss: 2.2065, grad_norm: 2.2753
2023-07-14 16:49:31,142 - mmdet - INFO - Epoch [9][40/56]	lr: 6.615e-03, eta: 0:16:50, time: 1.796, data_time: 0.046, memory: 41053, loss_rpn_cls0_w0.5: 0.0122, loss_rpn_bbox0_w0.5: 0.0150, loss_rpn_cls1: 0.0209, loss_rpn_bbox1: 0.0259, s0.loss_cls0_w0.5: 0.0924, s0.acc0: 46.1646, s0.loss_bbox0_w0.5: 0.1942, s0.loss_mask0_w0.5: 0.1323, s1.loss_cls0_w0.5: 0.0473, s1.acc0: 46.0029, s1.loss_bbox0_w0.5: 0.0902, s1.loss_mask0_w0.5: 0.0632, s2.loss_cls0_w0.5: 0.0240, s2.acc0: 45.6901, s2.loss_bbox0_w0.5: 0.0303, s2.loss_mask0_w0.5: 0.0295, s0.loss_cls1: 0.1763, s0.acc1: 92.7002, s0.loss_bbox1: 0.3671, s0.loss_mask1: 0.2547, s1.loss_cls1: 0.0893, s1.acc1: 92.4679, s1.loss_bbox1: 0.1753, s1.loss_mask1: 0.1225, s2.loss_cls1: 0.0466, s2.acc1: 91.7476, s2.loss_bbox1: 0.0617, s2.loss_mask1: 0.0577, loss: 2.1284, grad_norm: 2.4897
2023-07-14 16:50:20,960 - mmdet - INFO - Evaluating segm...
2023-07-14 16:50:21,979 - mmdet - INFO - 
 Average Precision  (AP) @[ IoU=0.50:0.95 | area=   all | maxDets=100 ] = 0.435
 Average Precision  (AP) @[ IoU=0.50      | area=   all | maxDets=1000 ] = 0.789
 Average Precision  (AP) @[ IoU=0.75      | area=   all | maxDets=1000 ] = 0.428
 Average Precision  (AP) @[ IoU=0.50:0.95 | area= small | maxDets=1000 ] = 0.324
 Average Precision  (AP) @[ IoU=0.50:0.95 | area=medium | maxDets=1000 ] = 0.513
 Average Precision  (AP) @[ IoU=0.50:0.95 | area= large | maxDets=1000 ] = 0.735
 Average Recall     (AR) @[ IoU=0.50:0.95 | area=   all | maxDets=100 ] = 0.581
 Average Recall     (AR) @[ IoU=0.50:0.95 | area=   all | maxDets=300 ] = 0.581
 Average Recall     (AR) @[ IoU=0.50:0.95 | area=   all | maxDets=1000 ] = 0.581
 Average Recall     (AR) @[ IoU=0.50:0.95 | area= small | maxDets=1000 ] = 0.499
 Average Recall     (AR) @[ IoU=0.50:0.95 | area=medium | maxDets=1000 ] = 0.646
 Average Recall     (AR) @[ IoU=0.50:0.95 | area= large | maxDets=1000 ] = 0.786

2023-07-14 16:50:22,102 - mmdet - INFO - The previous best checkpoint /home/nischay/hubmap/try_mm/mmdetection/cbnet/work_dirs/hubmap/exp1_withpret_cbbase_1600_morepretep/fold5/best_segm_mAP_epoch_6.pth was removed
2023-07-14 16:50:24,437 - mmdet - INFO - Now best checkpoint is saved as best_segm_mAP_epoch_9.pth.
2023-07-14 16:50:24,437 - mmdet - INFO - Best segm_mAP is 0.4345 at 9 epoch.
2023-07-14 16:50:24,437 - mmdet - INFO - Exp name: exp1_cbnet_swinb2.py
2023-07-14 16:50:24,437 - mmdet - INFO - Epoch(val) [9][28]	segm_mAP: 0.4345, segm_mAP_50: 0.7891, segm_mAP_75: 0.4283, segm_mAP_s: 0.3244, segm_mAP_m: 0.5132, segm_mAP_l: 0.7353, segm_mAP_copypaste: 0.4345 0.7891 0.4283 0.3244 0.5132 0.7353
2023-07-14 16:51:02,926 - mmdet - INFO - Epoch [10][20/56]	lr: 6.175e-03, eta: 0:15:47, time: 1.924, data_time: 0.190, memory: 41053, loss_rpn_cls0_w0.5: 0.0141, loss_rpn_bbox0_w0.5: 0.0151, loss_rpn_cls1: 0.0244, loss_rpn_bbox1: 0.0260, s0.loss_cls0_w0.5: 0.0977, s0.acc0: 45.7682, s0.loss_bbox0_w0.5: 0.1957, s0.loss_mask0_w0.5: 0.1317, s1.loss_cls0_w0.5: 0.0507, s1.acc0: 45.5774, s1.loss_bbox0_w0.5: 0.0872, s1.loss_mask0_w0.5: 0.0627, s2.loss_cls0_w0.5: 0.0255, s2.acc0: 45.3929, s2.loss_bbox0_w0.5: 0.0292, s2.loss_mask0_w0.5: 0.0297, s0.loss_cls1: 0.1840, s0.acc1: 92.2917, s0.loss_bbox1: 0.3736, s0.loss_mask1: 0.2535, s1.loss_cls1: 0.0967, s1.acc1: 91.8772, s1.loss_bbox1: 0.1713, s1.loss_mask1: 0.1221, s2.loss_cls1: 0.0485, s2.acc1: 91.4404, s2.loss_bbox1: 0.0577, s2.loss_mask1: 0.0581, loss: 2.1551, grad_norm: 2.4199
2023-07-14 16:51:38,499 - mmdet - INFO - Epoch [10][40/56]	lr: 5.925e-03, eta: 0:15:32, time: 1.779, data_time: 0.048, memory: 41053, loss_rpn_cls0_w0.5: 0.0114, loss_rpn_bbox0_w0.5: 0.0136, loss_rpn_cls1: 0.0191, loss_rpn_bbox1: 0.0234, s0.loss_cls0_w0.5: 0.0970, s0.acc0: 45.9277, s0.loss_bbox0_w0.5: 0.1894, s0.loss_mask0_w0.5: 0.1307, s1.loss_cls0_w0.5: 0.0493, s1.acc0: 45.8265, s1.loss_bbox0_w0.5: 0.0902, s1.loss_mask0_w0.5: 0.0637, s2.loss_cls0_w0.5: 0.0250, s2.acc0: 45.6677, s2.loss_bbox0_w0.5: 0.0309, s2.loss_mask0_w0.5: 0.0305, s0.loss_cls1: 0.1809, s0.acc1: 92.5195, s0.loss_bbox1: 0.3587, s0.loss_mask1: 0.2537, s1.loss_cls1: 0.0935, s1.acc1: 92.1694, s1.loss_bbox1: 0.1714, s1.loss_mask1: 0.1244, s2.loss_cls1: 0.0491, s2.acc1: 91.2323, s2.loss_bbox1: 0.0595, s2.loss_mask1: 0.0596, loss: 2.1248, grad_norm: 2.4207
2023-07-14 16:52:28,424 - mmdet - INFO - Evaluating segm...
2023-07-14 16:52:29,421 - mmdet - INFO - 
 Average Precision  (AP) @[ IoU=0.50:0.95 | area=   all | maxDets=100 ] = 0.432
 Average Precision  (AP) @[ IoU=0.50      | area=   all | maxDets=1000 ] = 0.776
 Average Precision  (AP) @[ IoU=0.75      | area=   all | maxDets=1000 ] = 0.437
 Average Precision  (AP) @[ IoU=0.50:0.95 | area= small | maxDets=1000 ] = 0.317
 Average Precision  (AP) @[ IoU=0.50:0.95 | area=medium | maxDets=1000 ] = 0.515
 Average Precision  (AP) @[ IoU=0.50:0.95 | area= large | maxDets=1000 ] = 0.740
 Average Recall     (AR) @[ IoU=0.50:0.95 | area=   all | maxDets=100 ] = 0.586
 Average Recall     (AR) @[ IoU=0.50:0.95 | area=   all | maxDets=300 ] = 0.586
 Average Recall     (AR) @[ IoU=0.50:0.95 | area=   all | maxDets=1000 ] = 0.586
 Average Recall     (AR) @[ IoU=0.50:0.95 | area= small | maxDets=1000 ] = 0.506
 Average Recall     (AR) @[ IoU=0.50:0.95 | area=medium | maxDets=1000 ] = 0.649
 Average Recall     (AR) @[ IoU=0.50:0.95 | area= large | maxDets=1000 ] = 0.800

2023-07-14 16:52:29,430 - mmdet - INFO - Exp name: exp1_cbnet_swinb2.py
2023-07-14 16:52:29,430 - mmdet - INFO - Epoch(val) [10][28]	segm_mAP: 0.4324, segm_mAP_50: 0.7759, segm_mAP_75: 0.4367, segm_mAP_s: 0.3167, segm_mAP_m: 0.5155, segm_mAP_l: 0.7401, segm_mAP_copypaste: 0.4324 0.7759 0.4367 0.3167 0.5155 0.7401
2023-07-14 16:53:07,235 - mmdet - INFO - Epoch [11][20/56]	lr: 5.471e-03, eta: 0:14:30, time: 1.890, data_time: 0.190, memory: 41053, loss_rpn_cls0_w0.5: 0.0121, loss_rpn_bbox0_w0.5: 0.0131, loss_rpn_cls1: 0.0221, loss_rpn_bbox1: 0.0218, s0.loss_cls0_w0.5: 0.0905, s0.acc0: 46.2492, s0.loss_bbox0_w0.5: 0.1845, s0.loss_mask0_w0.5: 0.1311, s1.loss_cls0_w0.5: 0.0458, s1.acc0: 46.1449, s1.loss_bbox0_w0.5: 0.0848, s1.loss_mask0_w0.5: 0.0632, s2.loss_cls0_w0.5: 0.0226, s2.acc0: 45.9780, s2.loss_bbox0_w0.5: 0.0286, s2.loss_mask0_w0.5: 0.0297, s0.loss_cls1: 0.1752, s0.acc1: 92.7165, s0.loss_bbox1: 0.3550, s0.loss_mask1: 0.2559, s1.loss_cls1: 0.0896, s1.acc1: 92.5077, s1.loss_bbox1: 0.1671, s1.loss_mask1: 0.1237, s2.loss_cls1: 0.0449, s2.acc1: 92.2492, s2.loss_bbox1: 0.0577, s2.loss_mask1: 0.0584, loss: 2.0774, grad_norm: 2.6971
2023-07-14 16:53:43,239 - mmdet - INFO - Epoch [11][40/56]	lr: 5.217e-03, eta: 0:14:14, time: 1.800, data_time: 0.051, memory: 41053, loss_rpn_cls0_w0.5: 0.0115, loss_rpn_bbox0_w0.5: 0.0149, loss_rpn_cls1: 0.0187, loss_rpn_bbox1: 0.0258, s0.loss_cls0_w0.5: 0.1007, s0.acc0: 45.8252, s0.loss_bbox0_w0.5: 0.1995, s0.loss_mask0_w0.5: 0.1303, s1.loss_cls0_w0.5: 0.0512, s1.acc0: 45.7025, s1.loss_bbox0_w0.5: 0.0910, s1.loss_mask0_w0.5: 0.0629, s2.loss_cls0_w0.5: 0.0254, s2.acc0: 45.4949, s2.loss_bbox0_w0.5: 0.0318, s2.loss_mask0_w0.5: 0.0295, s0.loss_cls1: 0.1868, s0.acc1: 92.4658, s0.loss_bbox1: 0.3779, s0.loss_mask1: 0.2522, s1.loss_cls1: 0.0971, s1.acc1: 91.9302, s1.loss_bbox1: 0.1766, s1.loss_mask1: 0.1229, s2.loss_cls1: 0.0496, s2.acc1: 91.2952, s2.loss_bbox1: 0.0638, s2.loss_mask1: 0.0585, loss: 2.1785, grad_norm: 2.3961
2023-07-14 16:54:33,311 - mmdet - INFO - Evaluating segm...
2023-07-14 16:54:34,315 - mmdet - INFO - 
 Average Precision  (AP) @[ IoU=0.50:0.95 | area=   all | maxDets=100 ] = 0.434
 Average Precision  (AP) @[ IoU=0.50      | area=   all | maxDets=1000 ] = 0.785
 Average Precision  (AP) @[ IoU=0.75      | area=   all | maxDets=1000 ] = 0.427
 Average Precision  (AP) @[ IoU=0.50:0.95 | area= small | maxDets=1000 ] = 0.315
 Average Precision  (AP) @[ IoU=0.50:0.95 | area=medium | maxDets=1000 ] = 0.520
 Average Precision  (AP) @[ IoU=0.50:0.95 | area= large | maxDets=1000 ] = 0.732
 Average Recall     (AR) @[ IoU=0.50:0.95 | area=   all | maxDets=100 ] = 0.580
 Average Recall     (AR) @[ IoU=0.50:0.95 | area=   all | maxDets=300 ] = 0.580
 Average Recall     (AR) @[ IoU=0.50:0.95 | area=   all | maxDets=1000 ] = 0.580
 Average Recall     (AR) @[ IoU=0.50:0.95 | area= small | maxDets=1000 ] = 0.497
 Average Recall     (AR) @[ IoU=0.50:0.95 | area=medium | maxDets=1000 ] = 0.645
 Average Recall     (AR) @[ IoU=0.50:0.95 | area= large | maxDets=1000 ] = 0.797

2023-07-14 16:54:34,323 - mmdet - INFO - Exp name: exp1_cbnet_swinb2.py
2023-07-14 16:54:34,323 - mmdet - INFO - Epoch(val) [11][28]	segm_mAP: 0.4336, segm_mAP_50: 0.7852, segm_mAP_75: 0.4266, segm_mAP_s: 0.3149, segm_mAP_m: 0.5197, segm_mAP_l: 0.7324, segm_mAP_copypaste: 0.4336 0.7852 0.4266 0.3149 0.5197 0.7324
2023-07-14 16:55:12,867 - mmdet - INFO - Epoch [12][20/56]	lr: 4.758e-03, eta: 0:13:15, time: 1.927, data_time: 0.203, memory: 41053, loss_rpn_cls0_w0.5: 0.0141, loss_rpn_bbox0_w0.5: 0.0143, loss_rpn_cls1: 0.0217, loss_rpn_bbox1: 0.0247, s0.loss_cls0_w0.5: 0.0984, s0.acc0: 45.8162, s0.loss_bbox0_w0.5: 0.1983, s0.loss_mask0_w0.5: 0.1349, s1.loss_cls0_w0.5: 0.0507, s1.acc0: 45.5727, s1.loss_bbox0_w0.5: 0.0892, s1.loss_mask0_w0.5: 0.0647, s2.loss_cls0_w0.5: 0.0256, s2.acc0: 45.3238, s2.loss_bbox0_w0.5: 0.0301, s2.loss_mask0_w0.5: 0.0304, s0.loss_cls1: 0.1877, s0.acc1: 92.0524, s0.loss_bbox1: 0.3823, s0.loss_mask1: 0.2598, s1.loss_cls1: 0.0969, s1.acc1: 91.6301, s1.loss_bbox1: 0.1776, s1.loss_mask1: 0.1265, s2.loss_cls1: 0.0503, s2.acc1: 90.7315, s2.loss_bbox1: 0.0602, s2.loss_mask1: 0.0593, loss: 2.1976, grad_norm: 2.9665
2023-07-14 16:55:48,686 - mmdet - INFO - Epoch [12][40/56]	lr: 4.504e-03, eta: 0:12:57, time: 1.791, data_time: 0.045, memory: 41053, loss_rpn_cls0_w0.5: 0.0142, loss_rpn_bbox0_w0.5: 0.0151, loss_rpn_cls1: 0.0229, loss_rpn_bbox1: 0.0253, s0.loss_cls0_w0.5: 0.1013, s0.acc0: 45.7023, s0.loss_bbox0_w0.5: 0.2100, s0.loss_mask0_w0.5: 0.1347, s1.loss_cls0_w0.5: 0.0519, s1.acc0: 45.4555, s1.loss_bbox0_w0.5: 0.0969, s1.loss_mask0_w0.5: 0.0654, s2.loss_cls0_w0.5: 0.0271, s2.acc0: 45.0663, s2.loss_bbox0_w0.5: 0.0323, s2.loss_mask0_w0.5: 0.0310, s0.loss_cls1: 0.1911, s0.acc1: 92.0247, s0.loss_bbox1: 0.4023, s0.loss_mask1: 0.2626, s1.loss_cls1: 0.0991, s1.acc1: 91.4921, s1.loss_bbox1: 0.1899, s1.loss_mask1: 0.1280, s2.loss_cls1: 0.0524, s2.acc1: 90.4083, s2.loss_bbox1: 0.0648, s2.loss_mask1: 0.0611, loss: 2.2791, grad_norm: 2.5774
2023-07-14 16:56:37,861 - mmdet - INFO - Evaluating segm...
2023-07-14 16:56:38,949 - mmdet - INFO - 
 Average Precision  (AP) @[ IoU=0.50:0.95 | area=   all | maxDets=100 ] = 0.431
 Average Precision  (AP) @[ IoU=0.50      | area=   all | maxDets=1000 ] = 0.781
 Average Precision  (AP) @[ IoU=0.75      | area=   all | maxDets=1000 ] = 0.426
 Average Precision  (AP) @[ IoU=0.50:0.95 | area= small | maxDets=1000 ] = 0.320
 Average Precision  (AP) @[ IoU=0.50:0.95 | area=medium | maxDets=1000 ] = 0.511
 Average Precision  (AP) @[ IoU=0.50:0.95 | area= large | maxDets=1000 ] = 0.745
 Average Recall     (AR) @[ IoU=0.50:0.95 | area=   all | maxDets=100 ] = 0.586
 Average Recall     (AR) @[ IoU=0.50:0.95 | area=   all | maxDets=300 ] = 0.586
 Average Recall     (AR) @[ IoU=0.50:0.95 | area=   all | maxDets=1000 ] = 0.586
 Average Recall     (AR) @[ IoU=0.50:0.95 | area= small | maxDets=1000 ] = 0.506
 Average Recall     (AR) @[ IoU=0.50:0.95 | area=medium | maxDets=1000 ] = 0.649
 Average Recall     (AR) @[ IoU=0.50:0.95 | area= large | maxDets=1000 ] = 0.803

2023-07-14 16:56:38,958 - mmdet - INFO - Exp name: exp1_cbnet_swinb2.py
2023-07-14 16:56:38,958 - mmdet - INFO - Epoch(val) [12][28]	segm_mAP: 0.4306, segm_mAP_50: 0.7810, segm_mAP_75: 0.4260, segm_mAP_s: 0.3201, segm_mAP_m: 0.5105, segm_mAP_l: 0.7448, segm_mAP_copypaste: 0.4306 0.7810 0.4260 0.3201 0.5105 0.7448
2023-07-14 16:57:16,289 - mmdet - INFO - Epoch [13][20/56]	lr: 4.050e-03, eta: 0:11:59, time: 1.866, data_time: 0.196, memory: 41053, loss_rpn_cls0_w0.5: 0.0108, loss_rpn_bbox0_w0.5: 0.0138, loss_rpn_cls1: 0.0203, loss_rpn_bbox1: 0.0233, s0.loss_cls0_w0.5: 0.0945, s0.acc0: 46.0327, s0.loss_bbox0_w0.5: 0.1926, s0.loss_mask0_w0.5: 0.1300, s1.loss_cls0_w0.5: 0.0477, s1.acc0: 45.9070, s1.loss_bbox0_w0.5: 0.0899, s1.loss_mask0_w0.5: 0.0631, s2.loss_cls0_w0.5: 0.0243, s2.acc0: 45.7137, s2.loss_bbox0_w0.5: 0.0311, s2.loss_mask0_w0.5: 0.0301, s0.loss_cls1: 0.1806, s0.acc1: 92.4675, s0.loss_bbox1: 0.3681, s0.loss_mask1: 0.2531, s1.loss_cls1: 0.0930, s1.acc1: 92.0128, s1.loss_bbox1: 0.1773, s1.loss_mask1: 0.1235, s2.loss_cls1: 0.0480, s2.acc1: 91.1873, s2.loss_bbox1: 0.0624, s2.loss_mask1: 0.0588, loss: 2.1363, grad_norm: 2.5767
2023-07-14 16:57:51,293 - mmdet - INFO - Epoch [13][40/56]	lr: 3.801e-03, eta: 0:11:39, time: 1.750, data_time: 0.064, memory: 41053, loss_rpn_cls0_w0.5: 0.0145, loss_rpn_bbox0_w0.5: 0.0130, loss_rpn_cls1: 0.0229, loss_rpn_bbox1: 0.0224, s0.loss_cls0_w0.5: 0.0926, s0.acc0: 46.1906, s0.loss_bbox0_w0.5: 0.1835, s0.loss_mask0_w0.5: 0.1306, s1.loss_cls0_w0.5: 0.0476, s1.acc0: 45.9875, s1.loss_bbox0_w0.5: 0.0848, s1.loss_mask0_w0.5: 0.0622, s2.loss_cls0_w0.5: 0.0244, s2.acc0: 45.6992, s2.loss_bbox0_w0.5: 0.0297, s2.loss_mask0_w0.5: 0.0300, s0.loss_cls1: 0.1769, s0.acc1: 92.7946, s0.loss_bbox1: 0.3476, s0.loss_mask1: 0.2508, s1.loss_cls1: 0.0911, s1.acc1: 92.5088, s1.loss_bbox1: 0.1649, s1.loss_mask1: 0.1211, s2.loss_cls1: 0.0472, s2.acc1: 91.5914, s2.loss_bbox1: 0.0597, s2.loss_mask1: 0.0585, loss: 2.0762, grad_norm: 2.6728
2023-07-14 16:58:40,697 - mmdet - INFO - Evaluating segm...
2023-07-14 16:58:41,699 - mmdet - INFO - 
 Average Precision  (AP) @[ IoU=0.50:0.95 | area=   all | maxDets=100 ] = 0.433
 Average Precision  (AP) @[ IoU=0.50      | area=   all | maxDets=1000 ] = 0.787
 Average Precision  (AP) @[ IoU=0.75      | area=   all | maxDets=1000 ] = 0.437
 Average Precision  (AP) @[ IoU=0.50:0.95 | area= small | maxDets=1000 ] = 0.324
 Average Precision  (AP) @[ IoU=0.50:0.95 | area=medium | maxDets=1000 ] = 0.513
 Average Precision  (AP) @[ IoU=0.50:0.95 | area= large | maxDets=1000 ] = 0.742
 Average Recall     (AR) @[ IoU=0.50:0.95 | area=   all | maxDets=100 ] = 0.584
 Average Recall     (AR) @[ IoU=0.50:0.95 | area=   all | maxDets=300 ] = 0.584
 Average Recall     (AR) @[ IoU=0.50:0.95 | area=   all | maxDets=1000 ] = 0.584
 Average Recall     (AR) @[ IoU=0.50:0.95 | area= small | maxDets=1000 ] = 0.504
 Average Recall     (AR) @[ IoU=0.50:0.95 | area=medium | maxDets=1000 ] = 0.646
 Average Recall     (AR) @[ IoU=0.50:0.95 | area= large | maxDets=1000 ] = 0.807

2023-07-14 16:58:41,708 - mmdet - INFO - Exp name: exp1_cbnet_swinb2.py
2023-07-14 16:58:41,708 - mmdet - INFO - Epoch(val) [13][28]	segm_mAP: 0.4331, segm_mAP_50: 0.7865, segm_mAP_75: 0.4372, segm_mAP_s: 0.3244, segm_mAP_m: 0.5130, segm_mAP_l: 0.7422, segm_mAP_copypaste: 0.4331 0.7865 0.4372 0.3244 0.5130 0.7422
2023-07-14 16:59:19,362 - mmdet - INFO - Epoch [14][20/56]	lr: 3.361e-03, eta: 0:10:43, time: 1.882, data_time: 0.186, memory: 41053, loss_rpn_cls0_w0.5: 0.0109, loss_rpn_bbox0_w0.5: 0.0136, loss_rpn_cls1: 0.0168, loss_rpn_bbox1: 0.0232, s0.loss_cls0_w0.5: 0.0919, s0.acc0: 46.2126, s0.loss_bbox0_w0.5: 0.1835, s0.loss_mask0_w0.5: 0.1247, s1.loss_cls0_w0.5: 0.0466, s1.acc0: 46.1057, s1.loss_bbox0_w0.5: 0.0857, s1.loss_mask0_w0.5: 0.0610, s2.loss_cls0_w0.5: 0.0241, s2.acc0: 45.8741, s2.loss_bbox0_w0.5: 0.0299, s2.loss_mask0_w0.5: 0.0292, s0.loss_cls1: 0.1763, s0.acc1: 92.8109, s0.loss_bbox1: 0.3484, s0.loss_mask1: 0.2418, s1.loss_cls1: 0.0910, s1.acc1: 92.4791, s1.loss_bbox1: 0.1674, s1.loss_mask1: 0.1187, s2.loss_cls1: 0.0475, s2.acc1: 91.6152, s2.loss_bbox1: 0.0592, s2.loss_mask1: 0.0574, loss: 2.0488, grad_norm: 2.5902
2023-07-14 16:59:54,746 - mmdet - INFO - Epoch [14][40/56]	lr: 3.122e-03, eta: 0:10:22, time: 1.769, data_time: 0.065, memory: 41053, loss_rpn_cls0_w0.5: 0.0125, loss_rpn_bbox0_w0.5: 0.0148, loss_rpn_cls1: 0.0217, loss_rpn_bbox1: 0.0255, s0.loss_cls0_w0.5: 0.0949, s0.acc0: 45.9993, s0.loss_bbox0_w0.5: 0.1917, s0.loss_mask0_w0.5: 0.1285, s1.loss_cls0_w0.5: 0.0498, s1.acc0: 45.6438, s1.loss_bbox0_w0.5: 0.0904, s1.loss_mask0_w0.5: 0.0617, s2.loss_cls0_w0.5: 0.0251, s2.acc0: 45.4542, s2.loss_bbox0_w0.5: 0.0316, s2.loss_mask0_w0.5: 0.0294, s0.loss_cls1: 0.1817, s0.acc1: 92.3926, s0.loss_bbox1: 0.3673, s0.loss_mask1: 0.2478, s1.loss_cls1: 0.0948, s1.acc1: 91.9652, s1.loss_bbox1: 0.1755, s1.loss_mask1: 0.1207, s2.loss_cls1: 0.0490, s2.acc1: 91.3713, s2.loss_bbox1: 0.0627, s2.loss_mask1: 0.0577, loss: 2.1348, grad_norm: 2.5516
2023-07-14 17:00:44,612 - mmdet - INFO - Evaluating segm...
2023-07-14 17:00:45,623 - mmdet - INFO - 
 Average Precision  (AP) @[ IoU=0.50:0.95 | area=   all | maxDets=100 ] = 0.435
 Average Precision  (AP) @[ IoU=0.50      | area=   all | maxDets=1000 ] = 0.791
 Average Precision  (AP) @[ IoU=0.75      | area=   all | maxDets=1000 ] = 0.434
 Average Precision  (AP) @[ IoU=0.50:0.95 | area= small | maxDets=1000 ] = 0.327
 Average Precision  (AP) @[ IoU=0.50:0.95 | area=medium | maxDets=1000 ] = 0.517
 Average Precision  (AP) @[ IoU=0.50:0.95 | area= large | maxDets=1000 ] = 0.731
 Average Recall     (AR) @[ IoU=0.50:0.95 | area=   all | maxDets=100 ] = 0.590
 Average Recall     (AR) @[ IoU=0.50:0.95 | area=   all | maxDets=300 ] = 0.590
 Average Recall     (AR) @[ IoU=0.50:0.95 | area=   all | maxDets=1000 ] = 0.590
 Average Recall     (AR) @[ IoU=0.50:0.95 | area= small | maxDets=1000 ] = 0.513
 Average Recall     (AR) @[ IoU=0.50:0.95 | area=medium | maxDets=1000 ] = 0.649
 Average Recall     (AR) @[ IoU=0.50:0.95 | area= large | maxDets=1000 ] = 0.797

2023-07-14 17:00:45,744 - mmdet - INFO - The previous best checkpoint /home/nischay/hubmap/try_mm/mmdetection/cbnet/work_dirs/hubmap/exp1_withpret_cbbase_1600_morepretep/fold5/best_segm_mAP_epoch_9.pth was removed
2023-07-14 17:00:48,081 - mmdet - INFO - Now best checkpoint is saved as best_segm_mAP_epoch_14.pth.
2023-07-14 17:00:48,081 - mmdet - INFO - Best segm_mAP is 0.4354 at 14 epoch.
2023-07-14 17:00:48,081 - mmdet - INFO - Exp name: exp1_cbnet_swinb2.py
2023-07-14 17:00:48,081 - mmdet - INFO - Epoch(val) [14][28]	segm_mAP: 0.4354, segm_mAP_50: 0.7913, segm_mAP_75: 0.4341, segm_mAP_s: 0.3275, segm_mAP_m: 0.5167, segm_mAP_l: 0.7315, segm_mAP_copypaste: 0.4354 0.7913 0.4341 0.3275 0.5167 0.7315
2023-07-14 17:01:26,024 - mmdet - INFO - Epoch [15][20/56]	lr: 2.705e-03, eta: 0:09:28, time: 1.897, data_time: 0.189, memory: 41054, loss_rpn_cls0_w0.5: 0.0088, loss_rpn_bbox0_w0.5: 0.0123, loss_rpn_cls1: 0.0169, loss_rpn_bbox1: 0.0205, s0.loss_cls0_w0.5: 0.0917, s0.acc0: 46.1418, s0.loss_bbox0_w0.5: 0.1991, s0.loss_mask0_w0.5: 0.1252, s1.loss_cls0_w0.5: 0.0462, s1.acc0: 45.9798, s1.loss_bbox0_w0.5: 0.0962, s1.loss_mask0_w0.5: 0.0611, s2.loss_cls0_w0.5: 0.0242, s2.acc0: 45.5866, s2.loss_bbox0_w0.5: 0.0346, s2.loss_mask0_w0.5: 0.0292, s0.loss_cls1: 0.1724, s0.acc1: 92.7979, s0.loss_bbox1: 0.3777, s0.loss_mask1: 0.2425, s1.loss_cls1: 0.0870, s1.acc1: 92.6627, s1.loss_bbox1: 0.1866, s1.loss_mask1: 0.1199, s2.loss_cls1: 0.0461, s2.acc1: 91.7530, s2.loss_bbox1: 0.0686, s2.loss_mask1: 0.0575, loss: 2.1243, grad_norm: 2.4835
2023-07-14 17:02:02,266 - mmdet - INFO - Epoch [15][40/56]	lr: 2.482e-03, eta: 0:09:06, time: 1.812, data_time: 0.072, memory: 41054, loss_rpn_cls0_w0.5: 0.0145, loss_rpn_bbox0_w0.5: 0.0153, loss_rpn_cls1: 0.0257, loss_rpn_bbox1: 0.0262, s0.loss_cls0_w0.5: 0.0960, s0.acc0: 46.0563, s0.loss_bbox0_w0.5: 0.1900, s0.loss_mask0_w0.5: 0.1298, s1.loss_cls0_w0.5: 0.0487, s1.acc0: 46.0401, s1.loss_bbox0_w0.5: 0.0904, s1.loss_mask0_w0.5: 0.0631, s2.loss_cls0_w0.5: 0.0250, s2.acc0: 45.8345, s2.loss_bbox0_w0.5: 0.0311, s2.loss_mask0_w0.5: 0.0299, s0.loss_cls1: 0.1847, s0.acc1: 92.5439, s0.loss_bbox1: 0.3640, s0.loss_mask1: 0.2503, s1.loss_cls1: 0.0936, s1.acc1: 92.4672, s1.loss_bbox1: 0.1773, s1.loss_mask1: 0.1230, s2.loss_cls1: 0.0495, s2.acc1: 91.5504, s2.loss_bbox1: 0.0611, s2.loss_mask1: 0.0587, loss: 2.1477, grad_norm: 2.5450
2023-07-14 17:02:51,538 - mmdet - INFO - Evaluating segm...
2023-07-14 17:02:52,540 - mmdet - INFO - 
 Average Precision  (AP) @[ IoU=0.50:0.95 | area=   all | maxDets=100 ] = 0.433
 Average Precision  (AP) @[ IoU=0.50      | area=   all | maxDets=1000 ] = 0.786
 Average Precision  (AP) @[ IoU=0.75      | area=   all | maxDets=1000 ] = 0.427
 Average Precision  (AP) @[ IoU=0.50:0.95 | area= small | maxDets=1000 ] = 0.322
 Average Precision  (AP) @[ IoU=0.50:0.95 | area=medium | maxDets=1000 ] = 0.512
 Average Precision  (AP) @[ IoU=0.50:0.95 | area= large | maxDets=1000 ] = 0.750
 Average Recall     (AR) @[ IoU=0.50:0.95 | area=   all | maxDets=100 ] = 0.584
 Average Recall     (AR) @[ IoU=0.50:0.95 | area=   all | maxDets=300 ] = 0.584
 Average Recall     (AR) @[ IoU=0.50:0.95 | area=   all | maxDets=1000 ] = 0.584
 Average Recall     (AR) @[ IoU=0.50:0.95 | area= small | maxDets=1000 ] = 0.501
 Average Recall     (AR) @[ IoU=0.50:0.95 | area=medium | maxDets=1000 ] = 0.647
 Average Recall     (AR) @[ IoU=0.50:0.95 | area= large | maxDets=1000 ] = 0.810

2023-07-14 17:02:52,548 - mmdet - INFO - Exp name: exp1_cbnet_swinb2.py
2023-07-14 17:02:52,548 - mmdet - INFO - Epoch(val) [15][28]	segm_mAP: 0.4335, segm_mAP_50: 0.7859, segm_mAP_75: 0.4269, segm_mAP_s: 0.3221, segm_mAP_m: 0.5125, segm_mAP_l: 0.7503, segm_mAP_copypaste: 0.4335 0.7859 0.4269 0.3221 0.5125 0.7503
2023-07-14 17:03:31,037 - mmdet - INFO - Epoch [16][20/56]	lr: 2.096e-03, eta: 0:08:14, time: 1.924, data_time: 0.190, memory: 41054, loss_rpn_cls0_w0.5: 0.0113, loss_rpn_bbox0_w0.5: 0.0134, loss_rpn_cls1: 0.0175, loss_rpn_bbox1: 0.0220, s0.loss_cls0_w0.5: 0.0930, s0.acc0: 46.1182, s0.loss_bbox0_w0.5: 0.1913, s0.loss_mask0_w0.5: 0.1274, s1.loss_cls0_w0.5: 0.0465, s1.acc0: 46.0738, s1.loss_bbox0_w0.5: 0.0897, s1.loss_mask0_w0.5: 0.0624, s2.loss_cls0_w0.5: 0.0242, s2.acc0: 45.8714, s2.loss_bbox0_w0.5: 0.0328, s2.loss_mask0_w0.5: 0.0297, s0.loss_cls1: 0.1777, s0.acc1: 92.6758, s0.loss_bbox1: 0.3656, s0.loss_mask1: 0.2485, s1.loss_cls1: 0.0898, s1.acc1: 92.5699, s1.loss_bbox1: 0.1758, s1.loss_mask1: 0.1228, s2.loss_cls1: 0.0477, s2.acc1: 91.8510, s2.loss_bbox1: 0.0667, s2.loss_mask1: 0.0590, loss: 2.1148, grad_norm: 2.5794
2023-07-14 17:04:06,914 - mmdet - INFO - Epoch [16][40/56]	lr: 1.893e-03, eta: 0:07:51, time: 1.794, data_time: 0.050, memory: 41054, loss_rpn_cls0_w0.5: 0.0114, loss_rpn_bbox0_w0.5: 0.0146, loss_rpn_cls1: 0.0170, loss_rpn_bbox1: 0.0250, s0.loss_cls0_w0.5: 0.0977, s0.acc0: 45.9530, s0.loss_bbox0_w0.5: 0.1939, s0.loss_mask0_w0.5: 0.1294, s1.loss_cls0_w0.5: 0.0498, s1.acc0: 45.8037, s1.loss_bbox0_w0.5: 0.0885, s1.loss_mask0_w0.5: 0.0632, s2.loss_cls0_w0.5: 0.0247, s2.acc0: 45.6883, s2.loss_bbox0_w0.5: 0.0309, s2.loss_mask0_w0.5: 0.0301, s0.loss_cls1: 0.1865, s0.acc1: 92.2217, s0.loss_bbox1: 0.3717, s0.loss_mask1: 0.2495, s1.loss_cls1: 0.0964, s1.acc1: 91.9769, s1.loss_bbox1: 0.1746, s1.loss_mask1: 0.1225, s2.loss_cls1: 0.0485, s2.acc1: 91.7225, s2.loss_bbox1: 0.0618, s2.loss_mask1: 0.0588, loss: 2.1466, grad_norm: 2.5981
2023-07-14 17:04:56,047 - mmdet - INFO - Evaluating segm...
2023-07-14 17:04:57,045 - mmdet - INFO - 
 Average Precision  (AP) @[ IoU=0.50:0.95 | area=   all | maxDets=100 ] = 0.436
 Average Precision  (AP) @[ IoU=0.50      | area=   all | maxDets=1000 ] = 0.786
 Average Precision  (AP) @[ IoU=0.75      | area=   all | maxDets=1000 ] = 0.441
 Average Precision  (AP) @[ IoU=0.50:0.95 | area= small | maxDets=1000 ] = 0.322
 Average Precision  (AP) @[ IoU=0.50:0.95 | area=medium | maxDets=1000 ] = 0.518
 Average Precision  (AP) @[ IoU=0.50:0.95 | area= large | maxDets=1000 ] = 0.758
 Average Recall     (AR) @[ IoU=0.50:0.95 | area=   all | maxDets=100 ] = 0.586
 Average Recall     (AR) @[ IoU=0.50:0.95 | area=   all | maxDets=300 ] = 0.586
 Average Recall     (AR) @[ IoU=0.50:0.95 | area=   all | maxDets=1000 ] = 0.586
 Average Recall     (AR) @[ IoU=0.50:0.95 | area= small | maxDets=1000 ] = 0.502
 Average Recall     (AR) @[ IoU=0.50:0.95 | area=medium | maxDets=1000 ] = 0.651
 Average Recall     (AR) @[ IoU=0.50:0.95 | area= large | maxDets=1000 ] = 0.810

2023-07-14 17:04:57,167 - mmdet - INFO - The previous best checkpoint /home/nischay/hubmap/try_mm/mmdetection/cbnet/work_dirs/hubmap/exp1_withpret_cbbase_1600_morepretep/fold5/best_segm_mAP_epoch_14.pth was removed
2023-07-14 17:04:59,475 - mmdet - INFO - Now best checkpoint is saved as best_segm_mAP_epoch_16.pth.
2023-07-14 17:04:59,476 - mmdet - INFO - Best segm_mAP is 0.4364 at 16 epoch.
2023-07-14 17:04:59,476 - mmdet - INFO - Exp name: exp1_cbnet_swinb2.py
2023-07-14 17:04:59,476 - mmdet - INFO - Epoch(val) [16][28]	segm_mAP: 0.4364, segm_mAP_50: 0.7855, segm_mAP_75: 0.4414, segm_mAP_s: 0.3216, segm_mAP_m: 0.5176, segm_mAP_l: 0.7575, segm_mAP_copypaste: 0.4364 0.7855 0.4414 0.3216 0.5176 0.7575
2023-07-14 17:05:36,890 - mmdet - INFO - Epoch [17][20/56]	lr: 1.547e-03, eta: 0:06:59, time: 1.870, data_time: 0.179, memory: 41054, loss_rpn_cls0_w0.5: 0.0092, loss_rpn_bbox0_w0.5: 0.0123, loss_rpn_cls1: 0.0149, loss_rpn_bbox1: 0.0212, s0.loss_cls0_w0.5: 0.0882, s0.acc0: 46.3013, s0.loss_bbox0_w0.5: 0.1830, s0.loss_mask0_w0.5: 0.1266, s1.loss_cls0_w0.5: 0.0450, s1.acc0: 46.2715, s1.loss_bbox0_w0.5: 0.0877, s1.loss_mask0_w0.5: 0.0612, s2.loss_cls0_w0.5: 0.0237, s2.acc0: 45.9816, s2.loss_bbox0_w0.5: 0.0309, s2.loss_mask0_w0.5: 0.0292, s0.loss_cls1: 0.1656, s0.acc1: 93.0566, s0.loss_bbox1: 0.3510, s0.loss_mask1: 0.2467, s1.loss_cls1: 0.0864, s1.acc1: 92.7831, s1.loss_bbox1: 0.1732, s1.loss_mask1: 0.1200, s2.loss_cls1: 0.0462, s2.acc1: 91.8719, s2.loss_bbox1: 0.0614, s2.loss_mask1: 0.0573, loss: 2.0407, grad_norm: 2.5887
2023-07-14 17:06:11,829 - mmdet - INFO - Epoch [17][40/56]	lr: 1.367e-03, eta: 0:06:35, time: 1.747, data_time: 0.046, memory: 41054, loss_rpn_cls0_w0.5: 0.0111, loss_rpn_bbox0_w0.5: 0.0130, loss_rpn_cls1: 0.0169, loss_rpn_bbox1: 0.0225, s0.loss_cls0_w0.5: 0.0886, s0.acc0: 46.3200, s0.loss_bbox0_w0.5: 0.1826, s0.loss_mask0_w0.5: 0.1264, s1.loss_cls0_w0.5: 0.0461, s1.acc0: 46.0329, s1.loss_bbox0_w0.5: 0.0847, s1.loss_mask0_w0.5: 0.0610, s2.loss_cls0_w0.5: 0.0233, s2.acc0: 45.7551, s2.loss_bbox0_w0.5: 0.0292, s2.loss_mask0_w0.5: 0.0293, s0.loss_cls1: 0.1727, s0.acc1: 92.8532, s0.loss_bbox1: 0.3518, s0.loss_mask1: 0.2432, s1.loss_cls1: 0.0891, s1.acc1: 92.6567, s1.loss_bbox1: 0.1659, s1.loss_mask1: 0.1182, s2.loss_cls1: 0.0458, s2.acc1: 91.9735, s2.loss_bbox1: 0.0590, s2.loss_mask1: 0.0568, loss: 2.0374, grad_norm: 2.4837
2023-07-14 17:07:01,434 - mmdet - INFO - Evaluating segm...
2023-07-14 17:07:02,443 - mmdet - INFO - 
 Average Precision  (AP) @[ IoU=0.50:0.95 | area=   all | maxDets=100 ] = 0.434
 Average Precision  (AP) @[ IoU=0.50      | area=   all | maxDets=1000 ] = 0.787
 Average Precision  (AP) @[ IoU=0.75      | area=   all | maxDets=1000 ] = 0.432
 Average Precision  (AP) @[ IoU=0.50:0.95 | area= small | maxDets=1000 ] = 0.322
 Average Precision  (AP) @[ IoU=0.50:0.95 | area=medium | maxDets=1000 ] = 0.512
 Average Precision  (AP) @[ IoU=0.50:0.95 | area= large | maxDets=1000 ] = 0.750
 Average Recall     (AR) @[ IoU=0.50:0.95 | area=   all | maxDets=100 ] = 0.585
 Average Recall     (AR) @[ IoU=0.50:0.95 | area=   all | maxDets=300 ] = 0.585
 Average Recall     (AR) @[ IoU=0.50:0.95 | area=   all | maxDets=1000 ] = 0.585
 Average Recall     (AR) @[ IoU=0.50:0.95 | area= small | maxDets=1000 ] = 0.505
 Average Recall     (AR) @[ IoU=0.50:0.95 | area=medium | maxDets=1000 ] = 0.646
 Average Recall     (AR) @[ IoU=0.50:0.95 | area= large | maxDets=1000 ] = 0.807

2023-07-14 17:07:02,451 - mmdet - INFO - Exp name: exp1_cbnet_swinb2.py
2023-07-14 17:07:02,451 - mmdet - INFO - Epoch(val) [17][28]	segm_mAP: 0.4343, segm_mAP_50: 0.7867, segm_mAP_75: 0.4322, segm_mAP_s: 0.3219, segm_mAP_m: 0.5120, segm_mAP_l: 0.7496, segm_mAP_copypaste: 0.4343 0.7867 0.4322 0.3219 0.5120 0.7496
2023-07-14 17:07:40,546 - mmdet - INFO - Epoch [18][20/56]	lr: 1.067e-03, eta: 0:05:44, time: 1.904, data_time: 0.190, memory: 41054, loss_rpn_cls0_w0.5: 0.0112, loss_rpn_bbox0_w0.5: 0.0137, loss_rpn_cls1: 0.0187, loss_rpn_bbox1: 0.0228, s0.loss_cls0_w0.5: 0.0943, s0.acc0: 46.0059, s0.loss_bbox0_w0.5: 0.1882, s0.loss_mask0_w0.5: 0.1284, s1.loss_cls0_w0.5: 0.0478, s1.acc0: 45.9594, s1.loss_bbox0_w0.5: 0.0884, s1.loss_mask0_w0.5: 0.0625, s2.loss_cls0_w0.5: 0.0248, s2.acc0: 45.5916, s2.loss_bbox0_w0.5: 0.0301, s2.loss_mask0_w0.5: 0.0297, s0.loss_cls1: 0.1793, s0.acc1: 92.4528, s0.loss_bbox1: 0.3592, s0.loss_mask1: 0.2496, s1.loss_cls1: 0.0940, s1.acc1: 91.9768, s1.loss_bbox1: 0.1708, s1.loss_mask1: 0.1214, s2.loss_cls1: 0.0487, s2.acc1: 91.3469, s2.loss_bbox1: 0.0579, s2.loss_mask1: 0.0580, loss: 2.0995, grad_norm: 2.4515
2023-07-14 17:08:15,539 - mmdet - INFO - Epoch [18][40/56]	lr: 9.148e-04, eta: 0:05:20, time: 1.750, data_time: 0.048, memory: 41054, loss_rpn_cls0_w0.5: 0.0117, loss_rpn_bbox0_w0.5: 0.0133, loss_rpn_cls1: 0.0193, loss_rpn_bbox1: 0.0213, s0.loss_cls0_w0.5: 0.0915, s0.acc0: 46.2256, s0.loss_bbox0_w0.5: 0.1857, s0.loss_mask0_w0.5: 0.1274, s1.loss_cls0_w0.5: 0.0445, s1.acc0: 46.3518, s1.loss_bbox0_w0.5: 0.0870, s1.loss_mask0_w0.5: 0.0611, s2.loss_cls0_w0.5: 0.0227, s2.acc0: 46.1930, s2.loss_bbox0_w0.5: 0.0319, s2.loss_mask0_w0.5: 0.0291, s0.loss_cls1: 0.1692, s0.acc1: 93.2715, s0.loss_bbox1: 0.3524, s0.loss_mask1: 0.2479, s1.loss_cls1: 0.0831, s1.acc1: 93.3355, s1.loss_bbox1: 0.1702, s1.loss_mask1: 0.1214, s2.loss_cls1: 0.0437, s2.acc1: 92.7314, s2.loss_bbox1: 0.0623, s2.loss_mask1: 0.0572, loss: 2.0540, grad_norm: 2.7522
2023-07-14 17:09:05,101 - mmdet - INFO - Evaluating segm...
2023-07-14 17:09:06,097 - mmdet - INFO - 
 Average Precision  (AP) @[ IoU=0.50:0.95 | area=   all | maxDets=100 ] = 0.435
 Average Precision  (AP) @[ IoU=0.50      | area=   all | maxDets=1000 ] = 0.787
 Average Precision  (AP) @[ IoU=0.75      | area=   all | maxDets=1000 ] = 0.436
 Average Precision  (AP) @[ IoU=0.50:0.95 | area= small | maxDets=1000 ] = 0.319
 Average Precision  (AP) @[ IoU=0.50:0.95 | area=medium | maxDets=1000 ] = 0.518
 Average Precision  (AP) @[ IoU=0.50:0.95 | area= large | maxDets=1000 ] = 0.750
 Average Recall     (AR) @[ IoU=0.50:0.95 | area=   all | maxDets=100 ] = 0.586
 Average Recall     (AR) @[ IoU=0.50:0.95 | area=   all | maxDets=300 ] = 0.586
 Average Recall     (AR) @[ IoU=0.50:0.95 | area=   all | maxDets=1000 ] = 0.586
 Average Recall     (AR) @[ IoU=0.50:0.95 | area= small | maxDets=1000 ] = 0.501
 Average Recall     (AR) @[ IoU=0.50:0.95 | area=medium | maxDets=1000 ] = 0.652
 Average Recall     (AR) @[ IoU=0.50:0.95 | area= large | maxDets=1000 ] = 0.814

2023-07-14 17:09:06,106 - mmdet - INFO - Exp name: exp1_cbnet_swinb2.py
2023-07-14 17:09:06,106 - mmdet - INFO - Epoch(val) [18][28]	segm_mAP: 0.4347, segm_mAP_50: 0.7874, segm_mAP_75: 0.4356, segm_mAP_s: 0.3187, segm_mAP_m: 0.5181, segm_mAP_l: 0.7495, segm_mAP_copypaste: 0.4347 0.7874 0.4356 0.3187 0.5181 0.7495
2023-07-14 17:09:44,650 - mmdet - INFO - Epoch [19][20/56]	lr: 6.678e-04, eta: 0:04:30, time: 1.927, data_time: 0.181, memory: 41054, loss_rpn_cls0_w0.5: 0.0130, loss_rpn_bbox0_w0.5: 0.0141, loss_rpn_cls1: 0.0204, loss_rpn_bbox1: 0.0237, s0.loss_cls0_w0.5: 0.0986, s0.acc0: 45.8521, s0.loss_bbox0_w0.5: 0.2008, s0.loss_mask0_w0.5: 0.1310, s1.loss_cls0_w0.5: 0.0496, s1.acc0: 45.7526, s1.loss_bbox0_w0.5: 0.0952, s1.loss_mask0_w0.5: 0.0637, s2.loss_cls0_w0.5: 0.0256, s2.acc0: 45.4084, s2.loss_bbox0_w0.5: 0.0332, s2.loss_mask0_w0.5: 0.0304, s0.loss_cls1: 0.1824, s0.acc1: 92.3031, s0.loss_bbox1: 0.3839, s0.loss_mask1: 0.2519, s1.loss_cls1: 0.0939, s1.acc1: 92.0577, s1.loss_bbox1: 0.1860, s1.loss_mask1: 0.1232, s2.loss_cls1: 0.0497, s2.acc1: 91.0070, s2.loss_bbox1: 0.0659, s2.loss_mask1: 0.0592, loss: 2.1954, grad_norm: 2.5551
2023-07-14 17:10:19,725 - mmdet - INFO - Epoch [19][40/56]	lr: 5.461e-04, eta: 0:04:05, time: 1.754, data_time: 0.043, memory: 41054, loss_rpn_cls0_w0.5: 0.0106, loss_rpn_bbox0_w0.5: 0.0121, loss_rpn_cls1: 0.0176, loss_rpn_bbox1: 0.0213, s0.loss_cls0_w0.5: 0.0854, s0.acc0: 46.5470, s0.loss_bbox0_w0.5: 0.1784, s0.loss_mask0_w0.5: 0.1229, s1.loss_cls0_w0.5: 0.0444, s1.acc0: 46.3700, s1.loss_bbox0_w0.5: 0.0843, s1.loss_mask0_w0.5: 0.0600, s2.loss_cls0_w0.5: 0.0231, s2.acc0: 45.9177, s2.loss_bbox0_w0.5: 0.0303, s2.loss_mask0_w0.5: 0.0289, s0.loss_cls1: 0.1642, s0.acc1: 93.2747, s0.loss_bbox1: 0.3410, s0.loss_mask1: 0.2402, s1.loss_cls1: 0.0849, s1.acc1: 92.9198, s1.loss_bbox1: 0.1659, s1.loss_mask1: 0.1172, s2.loss_cls1: 0.0450, s2.acc1: 92.0103, s2.loss_bbox1: 0.0603, s2.loss_mask1: 0.0567, loss: 1.9948, grad_norm: 2.4541
2023-07-14 17:11:08,758 - mmdet - INFO - Evaluating segm...
2023-07-14 17:11:09,868 - mmdet - INFO - 
 Average Precision  (AP) @[ IoU=0.50:0.95 | area=   all | maxDets=100 ] = 0.435
 Average Precision  (AP) @[ IoU=0.50      | area=   all | maxDets=1000 ] = 0.785
 Average Precision  (AP) @[ IoU=0.75      | area=   all | maxDets=1000 ] = 0.441
 Average Precision  (AP) @[ IoU=0.50:0.95 | area= small | maxDets=1000 ] = 0.319
 Average Precision  (AP) @[ IoU=0.50:0.95 | area=medium | maxDets=1000 ] = 0.515
 Average Precision  (AP) @[ IoU=0.50:0.95 | area= large | maxDets=1000 ] = 0.755
 Average Recall     (AR) @[ IoU=0.50:0.95 | area=   all | maxDets=100 ] = 0.586
 Average Recall     (AR) @[ IoU=0.50:0.95 | area=   all | maxDets=300 ] = 0.586
 Average Recall     (AR) @[ IoU=0.50:0.95 | area=   all | maxDets=1000 ] = 0.586
 Average Recall     (AR) @[ IoU=0.50:0.95 | area= small | maxDets=1000 ] = 0.507
 Average Recall     (AR) @[ IoU=0.50:0.95 | area=medium | maxDets=1000 ] = 0.647
 Average Recall     (AR) @[ IoU=0.50:0.95 | area= large | maxDets=1000 ] = 0.810

2023-07-14 17:11:09,876 - mmdet - INFO - Exp name: exp1_cbnet_swinb2.py
2023-07-14 17:11:09,876 - mmdet - INFO - Epoch(val) [19][28]	segm_mAP: 0.4345, segm_mAP_50: 0.7849, segm_mAP_75: 0.4408, segm_mAP_s: 0.3192, segm_mAP_m: 0.5151, segm_mAP_l: 0.7549, segm_mAP_copypaste: 0.4345 0.7849 0.4408 0.3192 0.5151 0.7549
2023-07-14 17:11:47,401 - mmdet - INFO - Epoch [20][20/56]	lr: 3.566e-04, eta: 0:03:15, time: 1.876, data_time: 0.174, memory: 41054, loss_rpn_cls0_w0.5: 0.0118, loss_rpn_bbox0_w0.5: 0.0118, loss_rpn_cls1: 0.0194, loss_rpn_bbox1: 0.0204, s0.loss_cls0_w0.5: 0.0866, s0.acc0: 46.4144, s0.loss_bbox0_w0.5: 0.1782, s0.loss_mask0_w0.5: 0.1198, s1.loss_cls0_w0.5: 0.0430, s1.acc0: 46.4484, s1.loss_bbox0_w0.5: 0.0871, s1.loss_mask0_w0.5: 0.0582, s2.loss_cls0_w0.5: 0.0227, s2.acc0: 45.9646, s2.loss_bbox0_w0.5: 0.0328, s2.loss_mask0_w0.5: 0.0278, s0.loss_cls1: 0.1631, s0.acc1: 93.3594, s0.loss_bbox1: 0.3417, s0.loss_mask1: 0.2326, s1.loss_cls1: 0.0825, s1.acc1: 93.2239, s1.loss_bbox1: 0.1701, s1.loss_mask1: 0.1133, s2.loss_cls1: 0.0441, s2.acc1: 92.4305, s2.loss_bbox1: 0.0642, s2.loss_mask1: 0.0541, loss: 1.9854, grad_norm: 2.6236
2023-07-14 17:12:22,872 - mmdet - INFO - Epoch [20][40/56]	lr: 2.681e-04, eta: 0:02:50, time: 1.774, data_time: 0.068, memory: 41054, loss_rpn_cls0_w0.5: 0.0113, loss_rpn_bbox0_w0.5: 0.0131, loss_rpn_cls1: 0.0188, loss_rpn_bbox1: 0.0213, s0.loss_cls0_w0.5: 0.0917, s0.acc0: 46.1711, s0.loss_bbox0_w0.5: 0.1920, s0.loss_mask0_w0.5: 0.1276, s1.loss_cls0_w0.5: 0.0470, s1.acc0: 46.0602, s1.loss_bbox0_w0.5: 0.0899, s1.loss_mask0_w0.5: 0.0623, s2.loss_cls0_w0.5: 0.0247, s2.acc0: 45.4600, s2.loss_bbox0_w0.5: 0.0321, s2.loss_mask0_w0.5: 0.0296, s0.loss_cls1: 0.1697, s0.acc1: 93.0225, s0.loss_bbox1: 0.3616, s0.loss_mask1: 0.2504, s1.loss_cls1: 0.0880, s1.acc1: 92.7174, s1.loss_bbox1: 0.1735, s1.loss_mask1: 0.1230, s2.loss_cls1: 0.0467, s2.acc1: 91.9370, s2.loss_bbox1: 0.0633, s2.loss_mask1: 0.0586, loss: 2.0962, grad_norm: 2.4050
2023-07-14 17:13:12,535 - mmdet - INFO - Evaluating segm...
2023-07-14 17:13:13,543 - mmdet - INFO - 
 Average Precision  (AP) @[ IoU=0.50:0.95 | area=   all | maxDets=100 ] = 0.434
 Average Precision  (AP) @[ IoU=0.50      | area=   all | maxDets=1000 ] = 0.787
 Average Precision  (AP) @[ IoU=0.75      | area=   all | maxDets=1000 ] = 0.435
 Average Precision  (AP) @[ IoU=0.50:0.95 | area= small | maxDets=1000 ] = 0.318
 Average Precision  (AP) @[ IoU=0.50:0.95 | area=medium | maxDets=1000 ] = 0.514
 Average Precision  (AP) @[ IoU=0.50:0.95 | area= large | maxDets=1000 ] = 0.752
 Average Recall     (AR) @[ IoU=0.50:0.95 | area=   all | maxDets=100 ] = 0.584
 Average Recall     (AR) @[ IoU=0.50:0.95 | area=   all | maxDets=300 ] = 0.584
 Average Recall     (AR) @[ IoU=0.50:0.95 | area=   all | maxDets=1000 ] = 0.584
 Average Recall     (AR) @[ IoU=0.50:0.95 | area= small | maxDets=1000 ] = 0.504
 Average Recall     (AR) @[ IoU=0.50:0.95 | area=medium | maxDets=1000 ] = 0.645
 Average Recall     (AR) @[ IoU=0.50:0.95 | area= large | maxDets=1000 ] = 0.807

2023-07-14 17:13:13,551 - mmdet - INFO - Exp name: exp1_cbnet_swinb2.py
2023-07-14 17:13:13,551 - mmdet - INFO - Epoch(val) [20][28]	segm_mAP: 0.4341, segm_mAP_50: 0.7869, segm_mAP_75: 0.4350, segm_mAP_s: 0.3183, segm_mAP_m: 0.5145, segm_mAP_l: 0.7516, segm_mAP_copypaste: 0.4341 0.7869 0.4350 0.3183 0.5145 0.7516
2023-07-14 17:13:52,125 - mmdet - INFO - Epoch [21][20/56]	lr: 1.400e-04, eta: 0:02:01, time: 1.928, data_time: 0.185, memory: 41054, loss_rpn_cls0_w0.5: 0.0125, loss_rpn_bbox0_w0.5: 0.0139, loss_rpn_cls1: 0.0213, loss_rpn_bbox1: 0.0227, s0.loss_cls0_w0.5: 0.0983, s0.acc0: 45.7568, s0.loss_bbox0_w0.5: 0.1969, s0.loss_mask0_w0.5: 0.1326, s1.loss_cls0_w0.5: 0.0504, s1.acc0: 45.7299, s1.loss_bbox0_w0.5: 0.0940, s1.loss_mask0_w0.5: 0.0645, s2.loss_cls0_w0.5: 0.0256, s2.acc0: 45.5649, s2.loss_bbox0_w0.5: 0.0332, s2.loss_mask0_w0.5: 0.0308, s0.loss_cls1: 0.1842, s0.acc1: 91.9824, s0.loss_bbox1: 0.3782, s0.loss_mask1: 0.2590, s1.loss_cls1: 0.0959, s1.acc1: 91.6048, s1.loss_bbox1: 0.1824, s1.loss_mask1: 0.1268, s2.loss_cls1: 0.0503, s2.acc1: 91.0591, s2.loss_bbox1: 0.0652, s2.loss_mask1: 0.0609, loss: 2.1997, grad_norm: 2.9606
2023-07-14 17:14:27,190 - mmdet - INFO - Epoch [21][40/56]	lr: 8.639e-05, eta: 0:01:35, time: 1.753, data_time: 0.042, memory: 41054, loss_rpn_cls0_w0.5: 0.0102, loss_rpn_bbox0_w0.5: 0.0108, loss_rpn_cls1: 0.0189, loss_rpn_bbox1: 0.0182, s0.loss_cls0_w0.5: 0.0833, s0.acc0: 46.6284, s0.loss_bbox0_w0.5: 0.1779, s0.loss_mask0_w0.5: 0.1186, s1.loss_cls0_w0.5: 0.0416, s1.acc0: 46.6267, s1.loss_bbox0_w0.5: 0.0850, s1.loss_mask0_w0.5: 0.0578, s2.loss_cls0_w0.5: 0.0219, s2.acc0: 46.2358, s2.loss_bbox0_w0.5: 0.0307, s2.loss_mask0_w0.5: 0.0275, s0.loss_cls1: 0.1614, s0.acc1: 93.6019, s0.loss_bbox1: 0.3392, s0.loss_mask1: 0.2292, s1.loss_cls1: 0.0804, s1.acc1: 93.4980, s1.loss_bbox1: 0.1658, s1.loss_mask1: 0.1122, s2.loss_cls1: 0.0421, s2.acc1: 92.9651, s2.loss_bbox1: 0.0614, s2.loss_mask1: 0.0539, loss: 1.9476, grad_norm: 2.4192
2023-07-14 17:15:16,795 - mmdet - INFO - Evaluating segm...
2023-07-14 17:15:17,791 - mmdet - INFO - 
 Average Precision  (AP) @[ IoU=0.50:0.95 | area=   all | maxDets=100 ] = 0.437
 Average Precision  (AP) @[ IoU=0.50      | area=   all | maxDets=1000 ] = 0.786
 Average Precision  (AP) @[ IoU=0.75      | area=   all | maxDets=1000 ] = 0.442
 Average Precision  (AP) @[ IoU=0.50:0.95 | area= small | maxDets=1000 ] = 0.320
 Average Precision  (AP) @[ IoU=0.50:0.95 | area=medium | maxDets=1000 ] = 0.519
 Average Precision  (AP) @[ IoU=0.50:0.95 | area= large | maxDets=1000 ] = 0.751
 Average Recall     (AR) @[ IoU=0.50:0.95 | area=   all | maxDets=100 ] = 0.589
 Average Recall     (AR) @[ IoU=0.50:0.95 | area=   all | maxDets=300 ] = 0.589
 Average Recall     (AR) @[ IoU=0.50:0.95 | area=   all | maxDets=1000 ] = 0.589
 Average Recall     (AR) @[ IoU=0.50:0.95 | area= small | maxDets=1000 ] = 0.508
 Average Recall     (AR) @[ IoU=0.50:0.95 | area=medium | maxDets=1000 ] = 0.652
 Average Recall     (AR) @[ IoU=0.50:0.95 | area= large | maxDets=1000 ] = 0.807

2023-07-14 17:15:17,914 - mmdet - INFO - The previous best checkpoint /home/nischay/hubmap/try_mm/mmdetection/cbnet/work_dirs/hubmap/exp1_withpret_cbbase_1600_morepretep/fold5/best_segm_mAP_epoch_16.pth was removed
2023-07-14 17:15:20,277 - mmdet - INFO - Now best checkpoint is saved as best_segm_mAP_epoch_21.pth.
2023-07-14 17:15:20,277 - mmdet - INFO - Best segm_mAP is 0.4366 at 21 epoch.
2023-07-14 17:15:20,277 - mmdet - INFO - Exp name: exp1_cbnet_swinb2.py
2023-07-14 17:15:20,277 - mmdet - INFO - Epoch(val) [21][28]	segm_mAP: 0.4366, segm_mAP_50: 0.7856, segm_mAP_75: 0.4422, segm_mAP_s: 0.3196, segm_mAP_m: 0.5195, segm_mAP_l: 0.7506, segm_mAP_copypaste: 0.4366 0.7856 0.4422 0.3196 0.5195 0.7506
2023-07-14 17:15:57,881 - mmdet - INFO - Epoch [22][20/56]	lr: 2.225e-05, eta: 0:00:47, time: 1.879, data_time: 0.184, memory: 41054, loss_rpn_cls0_w0.5: 0.0101, loss_rpn_bbox0_w0.5: 0.0117, loss_rpn_cls1: 0.0160, loss_rpn_bbox1: 0.0205, s0.loss_cls0_w0.5: 0.0874, s0.acc0: 46.3281, s0.loss_bbox0_w0.5: 0.1821, s0.loss_mask0_w0.5: 0.1265, s1.loss_cls0_w0.5: 0.0444, s1.acc0: 46.2166, s1.loss_bbox0_w0.5: 0.0863, s1.loss_mask0_w0.5: 0.0619, s2.loss_cls0_w0.5: 0.0223, s2.acc0: 46.1859, s2.loss_bbox0_w0.5: 0.0309, s2.loss_mask0_w0.5: 0.0296, s0.loss_cls1: 0.1658, s0.acc1: 93.1315, s0.loss_bbox1: 0.3477, s0.loss_mask1: 0.2452, s1.loss_cls1: 0.0839, s1.acc1: 92.9098, s1.loss_bbox1: 0.1685, s1.loss_mask1: 0.1205, s2.loss_cls1: 0.0437, s2.acc1: 92.4178, s2.loss_bbox1: 0.0621, s2.loss_mask1: 0.0573, loss: 2.0243, grad_norm: 2.4688
2023-07-14 17:16:33,284 - mmdet - INFO - Epoch [22][40/56]	lr: 4.707e-06, eta: 0:00:21, time: 1.770, data_time: 0.060, memory: 41054, loss_rpn_cls0_w0.5: 0.0108, loss_rpn_bbox0_w0.5: 0.0119, loss_rpn_cls1: 0.0166, loss_rpn_bbox1: 0.0197, s0.loss_cls0_w0.5: 0.0897, s0.acc0: 46.3330, s0.loss_bbox0_w0.5: 0.1886, s0.loss_mask0_w0.5: 0.1267, s1.loss_cls0_w0.5: 0.0461, s1.acc0: 46.1262, s1.loss_bbox0_w0.5: 0.0871, s1.loss_mask0_w0.5: 0.0610, s2.loss_cls0_w0.5: 0.0236, s2.acc0: 45.7094, s2.loss_bbox0_w0.5: 0.0312, s2.loss_mask0_w0.5: 0.0292, s0.loss_cls1: 0.1717, s0.acc1: 93.0273, s0.loss_bbox1: 0.3609, s0.loss_mask1: 0.2457, s1.loss_cls1: 0.0890, s1.acc1: 92.5406, s1.loss_bbox1: 0.1711, s1.loss_mask1: 0.1189, s2.loss_cls1: 0.0465, s2.acc1: 91.6150, s2.loss_bbox1: 0.0623, s2.loss_mask1: 0.0570, loss: 2.0651, grad_norm: 2.5716
2023-07-14 17:17:01,779 - mmdet - INFO - Saving checkpoint at 22 epochs
2023-07-14 17:17:24,964 - mmdet - INFO - Evaluating segm...
2023-07-14 17:17:25,962 - mmdet - INFO - 
 Average Precision  (AP) @[ IoU=0.50:0.95 | area=   all | maxDets=100 ] = 0.435
 Average Precision  (AP) @[ IoU=0.50      | area=   all | maxDets=1000 ] = 0.785
 Average Precision  (AP) @[ IoU=0.75      | area=   all | maxDets=1000 ] = 0.438
 Average Precision  (AP) @[ IoU=0.50:0.95 | area= small | maxDets=1000 ] = 0.319
 Average Precision  (AP) @[ IoU=0.50:0.95 | area=medium | maxDets=1000 ] = 0.517
 Average Precision  (AP) @[ IoU=0.50:0.95 | area= large | maxDets=1000 ] = 0.750
 Average Recall     (AR) @[ IoU=0.50:0.95 | area=   all | maxDets=100 ] = 0.587
 Average Recall     (AR) @[ IoU=0.50:0.95 | area=   all | maxDets=300 ] = 0.587
 Average Recall     (AR) @[ IoU=0.50:0.95 | area=   all | maxDets=1000 ] = 0.587
 Average Recall     (AR) @[ IoU=0.50:0.95 | area= small | maxDets=1000 ] = 0.506
 Average Recall     (AR) @[ IoU=0.50:0.95 | area=medium | maxDets=1000 ] = 0.649
 Average Recall     (AR) @[ IoU=0.50:0.95 | area= large | maxDets=1000 ] = 0.807

2023-07-14 17:17:25,970 - mmdet - INFO - Exp name: exp1_cbnet_swinb2.py
2023-07-14 17:17:25,970 - mmdet - INFO - Epoch(val) [22][28]	segm_mAP: 0.4352, segm_mAP_50: 0.7855, segm_mAP_75: 0.4379, segm_mAP_s: 0.3193, segm_mAP_m: 0.5170, segm_mAP_l: 0.7505, segm_mAP_copypaste: 0.4352 0.7855 0.4379 0.3193 0.5170 0.7505
